<?xml version="1.0" encoding="UTF-8"?>
<!-- Generated by org.testng.reporters.JUnitReportReporter -->
<testsuite hostname="Khosuzs-MBP.lan" failures="0" tests="6" name="com.pageTest.Component_3_Test" time="1.842" errors="1" timestamp="2021-04-17T00:09:00 EDT" skipped="5">
  <testcase classname="com.pageTest.Component_3_Test" name="firstRowDataTest" time="0.000">
    <skipped/>
  </testcase> <!-- firstRowDataTest -->
  <system-out/>
  <testcase classname="com.pageTest.Component_3_Test" name="getFirstColumnDataTest" time="0.000">
    <skipped/>
  </testcase> <!-- getFirstColumnDataTest -->
  <system-out/>
  <testcase classname="com.pageTest.Component_3_Test" name="availableDataTest" time="0.000">
    <skipped/>
  </testcase> <!-- availableDataTest -->
  <system-out/>
  <testcase classname="com.pageTest.Component_3_Test" name="totalRowsAndColumnTest" time="0.000">
    <skipped/>
  </testcase> <!-- totalRowsAndColumnTest -->
  <system-out/>
  <testcase classname="com.pageTest.Component_3_Test" name="setUp" time="1.842">
    <error message="session not created: This version of ChromeDriver only supports Chrome version 86
Current browser version is 89.0.4389.128 with binary path /Applications/Google Chrome.app/Contents/MacOS/Google Chrome
Build info: version: &#039;3.141.59&#039;, revision: &#039;e82be7d358&#039;, time: &#039;2018-11-14T08:17:03&#039;
System info: host: &#039;Khosuzs-MBP.lan&#039;, ip: &#039;2603:7000:ac41:dd19:0:0:0:1bbe%en0&#039;, os.name: &#039;Mac OS X&#039;, os.arch: &#039;x86_64&#039;, os.version: &#039;10.16&#039;, java.version: &#039;15.0.1&#039;
Driver info: driver.version: ChromeDriver
remote stacktrace: 0   chromedriver                        0x0000000104184c29 chromedriver + 2464809
1   chromedriver                        0x00000001047bf6f3 chromedriver + 8996595
2   chromedriver                        0x0000000103fc9d56 chromedriver + 650582
3   chromedriver                        0x0000000103f43f9a chromedriver + 102298
4   chromedriver                        0x0000000103f40177 chromedriver + 86391
5   chromedriver                        0x0000000103f3d430 chromedriver + 74800
6   chromedriver                        0x0000000103f6f326 chromedriver + 279334
7   chromedriver                        0x0000000103f6c3f3 chromedriver + 267251
8   chromedriver                        0x0000000103f46230 chromedriver + 111152
9   chromedriver                        0x0000000103f471a7 chromedriver + 115111
10  chromedriver                        0x0000000104157830 chromedriver + 2279472
11  chromedriver                        0x000000010416283a chromedriver + 2324538
12  chromedriver                        0x00000001041624a7 chromedriver + 2323623
13  chromedriver                        0x000000010413e945 chromedriver + 2177349
14  chromedriver                        0x0000000104162d41 chromedriver + 2325825
15  chromedriver                        0x000000010414cbda chromedriver + 2235354
16  chromedriver                        0x0000000104177c4a chromedriver + 2411594
17  chromedriver                        0x0000000104189987 chromedriver + 2484615
18  libsystem_pthread.dylib             0x00007fff204ba950 _pthread_start + 224
19  libsystem_pthread.dylib             0x00007fff204b647b thread_start + 15
" type="org.openqa.selenium.SessionNotCreatedException">
      <![CDATA[org.openqa.selenium.SessionNotCreatedException: session not created: This version of ChromeDriver only supports Chrome version 86
Current browser version is 89.0.4389.128 with binary path /Applications/Google Chrome.app/Contents/MacOS/Google Chrome
Build info: version: '3.141.59', revision: 'e82be7d358', time: '2018-11-14T08:17:03'
System info: host: 'Khosuzs-MBP.lan', ip: '2603:7000:ac41:dd19:0:0:0:1bbe%en0', os.name: 'Mac OS X', os.arch: 'x86_64', os.version: '10.16', java.version: '15.0.1'
Driver info: driver.version: ChromeDriver
remote stacktrace: 0   chromedriver                        0x0000000104184c29 chromedriver + 2464809
1   chromedriver                        0x00000001047bf6f3 chromedriver + 8996595
2   chromedriver                        0x0000000103fc9d56 chromedriver + 650582
3   chromedriver                        0x0000000103f43f9a chromedriver + 102298
4   chromedriver                        0x0000000103f40177 chromedriver + 86391
5   chromedriver                        0x0000000103f3d430 chromedriver + 74800
6   chromedriver                        0x0000000103f6f326 chromedriver + 279334
7   chromedriver                        0x0000000103f6c3f3 chromedriver + 267251
8   chromedriver                        0x0000000103f46230 chromedriver + 111152
9   chromedriver                        0x0000000103f471a7 chromedriver + 115111
10  chromedriver                        0x0000000104157830 chromedriver + 2279472
11  chromedriver                        0x000000010416283a chromedriver + 2324538
12  chromedriver                        0x00000001041624a7 chromedriver + 2323623
13  chromedriver                        0x000000010413e945 chromedriver + 2177349
14  chromedriver                        0x0000000104162d41 chromedriver + 2325825
15  chromedriver                        0x000000010414cbda chromedriver + 2235354
16  chromedriver                        0x0000000104177c4a chromedriver + 2411594
17  chromedriver                        0x0000000104189987 chromedriver + 2484615
18  libsystem_pthread.dylib             0x00007fff204ba950 _pthread_start + 224
19  libsystem_pthread.dylib             0x00007fff204b647b thread_start + 15

at java.base/jdk.internal.reflect.NativeConstructorAccessorImpl.newInstance0(Native Method)
at java.base/jdk.internal.reflect.NativeConstructorAccessorImpl.newInstance(NativeConstructorAccessorImpl.java:64)
at java.base/jdk.internal.reflect.DelegatingConstructorAccessorImpl.newInstance(DelegatingConstructorAccessorImpl.java:45)
at java.base/java.lang.reflect.Constructor.newInstanceWithCaller(Constructor.java:500)
at java.base/java.lang.reflect.Constructor.newInstance(Constructor.java:481)
at org.openqa.selenium.remote.W3CHandshakeResponse.lambda$errorHandler$0(W3CHandshakeResponse.java:62)
at org.openqa.selenium.remote.HandshakeResponse.lambda$getResponseFunction$0(HandshakeResponse.java:30)
at org.openqa.selenium.remote.ProtocolHandshake.lambda$createSession$0(ProtocolHandshake.java:126)
at java.base/java.util.stream.ReferencePipeline$3$1.accept(ReferencePipeline.java:195)
at java.base/java.util.Spliterators$ArraySpliterator.tryAdvance(Spliterators.java:958)
at java.base/java.util.stream.ReferencePipeline.forEachWithCancel(ReferencePipeline.java:127)
at java.base/java.util.stream.AbstractPipeline.copyIntoWithCancel(AbstractPipeline.java:502)
at java.base/java.util.stream.AbstractPipeline.copyInto(AbstractPipeline.java:488)
at java.base/java.util.stream.AbstractPipeline.wrapAndCopyInto(AbstractPipeline.java:474)
at java.base/java.util.stream.FindOps$FindOp.evaluateSequential(FindOps.java:150)
at java.base/java.util.stream.AbstractPipeline.evaluate(AbstractPipeline.java:234)
at java.base/java.util.stream.ReferencePipeline.findFirst(ReferencePipeline.java:543)
at org.openqa.selenium.remote.ProtocolHandshake.createSession(ProtocolHandshake.java:128)
at org.openqa.selenium.remote.ProtocolHandshake.createSession(ProtocolHandshake.java:74)
at org.openqa.selenium.remote.HttpCommandExecutor.execute(HttpCommandExecutor.java:136)
at org.openqa.selenium.remote.service.DriverCommandExecutor.execute(DriverCommandExecutor.java:83)
at org.openqa.selenium.remote.RemoteWebDriver.execute(RemoteWebDriver.java:552)
at org.openqa.selenium.remote.RemoteWebDriver.startSession(RemoteWebDriver.java:213)
at org.openqa.selenium.remote.RemoteWebDriver.<init>(RemoteWebDriver.java:131)
at org.openqa.selenium.chrome.ChromeDriver.<init>(ChromeDriver.java:181)
at org.openqa.selenium.chrome.ChromeDriver.<init>(ChromeDriver.java:168)
at org.openqa.selenium.chrome.ChromeDriver.<init>(ChromeDriver.java:123)
at com.base.TestBase.initialization(TestBase.java:45)
at com.pageTest.Component_3_Test.setUp(Component_3_Test.java:21)
at java.base/jdk.internal.reflect.NativeMethodAccessorImpl.invoke0(Native Method)
at java.base/jdk.internal.reflect.NativeMethodAccessorImpl.invoke(NativeMethodAccessorImpl.java:64)
at java.base/jdk.internal.reflect.DelegatingMethodAccessorImpl.invoke(DelegatingMethodAccessorImpl.java:43)
at java.base/java.lang.reflect.Method.invoke(Method.java:564)
at org.testng.internal.MethodInvocationHelper.invokeMethod(MethodInvocationHelper.java:132)
at org.testng.internal.MethodInvocationHelper.invokeMethodConsideringTimeout(MethodInvocationHelper.java:61)
at org.testng.internal.ConfigInvoker.invokeConfigurationMethod(ConfigInvoker.java:366)
at org.testng.internal.ConfigInvoker.invokeConfigurations(ConfigInvoker.java:320)
at org.testng.internal.TestInvoker.runConfigMethods(TestInvoker.java:701)
at org.testng.internal.TestInvoker.invokeMethod(TestInvoker.java:527)
at org.testng.internal.TestInvoker.invokeTestMethod(TestInvoker.java:174)
at org.testng.internal.MethodRunner.runInSequence(MethodRunner.java:46)
at org.testng.internal.TestInvoker$MethodInvocationAgent.invoke(TestInvoker.java:822)
at org.testng.internal.TestInvoker.invokeTestMethods(TestInvoker.java:147)
at org.testng.internal.TestMethodWorker.invokeTestMethods(TestMethodWorker.java:146)
at org.testng.internal.TestMethodWorker.run(TestMethodWorker.java:128)
at java.base/java.util.ArrayList.forEach(ArrayList.java:1511)
at org.testng.TestRunner.privateRun(TestRunner.java:764)
at org.testng.TestRunner.run(TestRunner.java:585)
at org.testng.SuiteRunner.runTest(SuiteRunner.java:384)
at org.testng.SuiteRunner.runSequentially(SuiteRunner.java:378)
at org.testng.SuiteRunner.privateRun(SuiteRunner.java:337)
at org.testng.SuiteRunner.run(SuiteRunner.java:286)
at org.testng.SuiteRunnerWorker.runSuite(SuiteRunnerWorker.java:53)
at org.testng.SuiteRunnerWorker.run(SuiteRunnerWorker.java:96)
at org.testng.TestNG.runSuitesSequentially(TestNG.java:1218)
at org.testng.TestNG.runSuitesLocally(TestNG.java:1140)
at org.testng.TestNG.runSuites(TestNG.java:1069)
at org.testng.TestNG.run(TestNG.java:1037)
at org.apache.maven.surefire.testng.TestNGExecutor.run(TestNGExecutor.java:77)
at org.apache.maven.surefire.testng.TestNGDirectoryTestSuite.executeMulti(TestNGDirectoryTestSuite.java:159)
at org.apache.maven.surefire.testng.TestNGDirectoryTestSuite.execute(TestNGDirectoryTestSuite.java:99)
at org.apache.maven.surefire.testng.TestNGProvider.invoke(TestNGProvider.java:106)
at java.base/jdk.internal.reflect.NativeMethodAccessorImpl.invoke0(Native Method)
at java.base/jdk.internal.reflect.NativeMethodAccessorImpl.invoke(NativeMethodAccessorImpl.java:64)
at java.base/jdk.internal.reflect.DelegatingMethodAccessorImpl.invoke(DelegatingMethodAccessorImpl.java:43)
at java.base/java.lang.reflect.Method.invoke(Method.java:564)
at org.apache.maven.surefire.util.ReflectionUtils.invokeMethodWithArray(ReflectionUtils.java:189)
at org.apache.maven.surefire.booter.ProviderFactory$ProviderProxy.invoke(ProviderFactory.java:165)
at org.apache.maven.surefire.booter.ProviderFactory.invokeProvider(ProviderFactory.java:85)
at org.apache.maven.surefire.booter.ForkedBooter.runSuitesInProcess(ForkedBooter.java:115)
at org.apache.maven.surefire.booter.ForkedBooter.main(ForkedBooter.java:75)
]]>
    </error>
  </testcase> <!-- setUp -->
  <system-out/>
  <testcase classname="com.pageTest.Component_3_Test" name="pageTitleTest" time="0.000">
    <skipped/>
  </testcase> <!-- pageTitleTest -->
  <system-out/>
</testsuite> <!-- com.pageTest.Component_3_Test -->
