<?xml version="1.0" encoding="UTF-8"?>
<!-- Generated by org.testng.reporters.JUnitXMLReporter -->
<testsuite ignored="0" hostname="Khosuzs-MBP.lan" failures="1" tests="5" name="Default test" time="11.467" errors="0" timestamp="2021-01-11T13:38:16 EST">
  <testcase classname="com.stepDefinitions.Component1" name="i_am_able_to_see_Entered_value_displayed_on_RIGHT_side_of_the_title_TAG" time="0.394"/>
  <testcase classname="com.stepDefinitions.Component1" name="i_am_on_Index_Home" time="0.016">
    <failure type="java.lang.AssertionError" message="React App expected:&amp;lt;React App&amp;gt; but was:&amp;lt;Page Title Doesnt match&amp;gt;">
      <![CDATA[java.lang.AssertionError: React App expected:<React App> but was:<Page Title Doesnt match>
at org.testng.AssertJUnit.assertEquals(AssertJUnit.java:115)
at com.stepDefinitions.Component1.i_am_on_Index_Home(Component1.java:42)
at java.base/jdk.internal.reflect.NativeMethodAccessorImpl.invoke0(Native Method)
at java.base/jdk.internal.reflect.NativeMethodAccessorImpl.invoke(NativeMethodAccessorImpl.java:64)
at java.base/jdk.internal.reflect.DelegatingMethodAccessorImpl.invoke(DelegatingMethodAccessorImpl.java:43)
at java.base/java.lang.reflect.Method.invoke(Method.java:564)
at org.testng.internal.MethodInvocationHelper.invokeMethod(MethodInvocationHelper.java:132)
at org.testng.internal.TestInvoker.invokeMethod(TestInvoker.java:599)
at org.testng.internal.TestInvoker.invokeTestMethod(TestInvoker.java:174)
at org.testng.internal.MethodRunner.runInSequence(MethodRunner.java:46)
at org.testng.internal.TestInvoker$MethodInvocationAgent.invoke(TestInvoker.java:822)
at org.testng.internal.TestInvoker.invokeTestMethods(TestInvoker.java:147)
at org.testng.internal.TestMethodWorker.invokeTestMethods(TestMethodWorker.java:146)
at org.testng.internal.TestMethodWorker.run(TestMethodWorker.java:128)
at java.base/java.util.ArrayList.forEach(ArrayList.java:1511)
at org.testng.TestRunner.privateRun(TestRunner.java:764)
at org.testng.TestRunner.run(TestRunner.java:585)
at org.testng.SuiteRunner.runTest(SuiteRunner.java:384)
at org.testng.SuiteRunner.runSequentially(SuiteRunner.java:378)
at org.testng.SuiteRunner.privateRun(SuiteRunner.java:337)
at org.testng.SuiteRunner.run(SuiteRunner.java:286)
at org.testng.SuiteRunnerWorker.runSuite(SuiteRunnerWorker.java:53)
at org.testng.SuiteRunnerWorker.run(SuiteRunnerWorker.java:96)
at org.testng.TestNG.runSuitesSequentially(TestNG.java:1218)
at org.testng.TestNG.runSuitesLocally(TestNG.java:1140)
at org.testng.TestNG.runSuites(TestNG.java:1069)
at org.testng.TestNG.run(TestNG.java:1037)
at org.testng.remote.AbstractRemoteTestNG.run(AbstractRemoteTestNG.java:115)
at org.testng.remote.RemoteTestNG.initAndRun(RemoteTestNG.java:251)
at org.testng.remote.RemoteTestNG.main(RemoteTestNG.java:77)
]]>
    </failure>
  </testcase> <!-- i_am_on_Index_Home -->
  <testcase classname="com.stepDefinitions.Component1" name="i_clear_the_set_title_Box" time="0.064"/>
  <testcase classname="com.stepDefinitions.Component1" name="i_click_on_SEt_Title_Button" time="0.076"/>
  <testcase classname="com.stepDefinitions.Component1" name="i_write_a_message_or_can_put_any_value" time="0.208"/>
</testsuite> <!-- Default test -->
