<?xml version="1.0" encoding="UTF-8"?>
<testng-results ignored="0" total="5" passed="4" failed="1" skipped="0">
  <reporter-output>
  </reporter-output>
  <suite started-at="2021-01-11T13:38:04 EST" name="Default suite" finished-at="2021-01-11T13:38:15 EST" duration-ms="11467">
    <groups>
    </groups>
    <test started-at="2021-01-11T13:38:04 EST" name="Default test" finished-at="2021-01-11T13:38:15 EST" duration-ms="11467">
      <class name="com.stepDefinitions.Component1">
        <test-method is-config="true" signature="setUp()[pri:0, instance:com.stepDefinitions.Component1@61dd025]" started-at="2021-01-11T13:38:04 EST" name="setUp" finished-at="2021-01-11T13:38:07 EST" duration-ms="2887" status="PASS">
          <reporter-output>
          </reporter-output>
        </test-method> <!-- setUp -->
        <test-method signature="i_am_able_to_see_Entered_value_displayed_on_RIGHT_side_of_the_title_TAG()[pri:0, instance:com.stepDefinitions.Component1@61dd025]" started-at="2021-01-11T13:38:07 EST" name="i_am_able_to_see_Entered_value_displayed_on_RIGHT_side_of_the_title_TAG" finished-at="2021-01-11T13:38:07 EST" duration-ms="394" status="PASS">
          <reporter-output>
          </reporter-output>
        </test-method> <!-- i_am_able_to_see_Entered_value_displayed_on_RIGHT_side_of_the_title_TAG -->
        <test-method is-config="true" signature="i_can_close_the_browser()[pri:0, instance:com.stepDefinitions.Component1@61dd025]" started-at="2021-01-11T13:38:07 EST" name="i_can_close_the_browser" finished-at="2021-01-11T13:38:07 EST" duration-ms="154" status="PASS">
          <reporter-output>
          </reporter-output>
        </test-method> <!-- i_can_close_the_browser -->
        <test-method is-config="true" signature="setUp()[pri:0, instance:com.stepDefinitions.Component1@61dd025]" started-at="2021-01-11T13:38:07 EST" name="setUp" finished-at="2021-01-11T13:38:09 EST" duration-ms="1689" status="PASS">
          <reporter-output>
          </reporter-output>
        </test-method> <!-- setUp -->
        <test-method signature="i_am_on_Index_Home()[pri:0, instance:com.stepDefinitions.Component1@61dd025]" started-at="2021-01-11T13:38:09 EST" name="i_am_on_Index_Home" finished-at="2021-01-11T13:38:09 EST" duration-ms="16" status="FAIL">
          <exception class="java.lang.AssertionError">
            <message>
              <![CDATA[React App expected:<React App> but was:<Page Title Doesnt match>]]>
            </message>
            <full-stacktrace>
              <![CDATA[java.lang.AssertionError: React App expected:<React App> but was:<Page Title Doesnt match>
at org.testng.AssertJUnit.assertEquals(AssertJUnit.java:115)
at com.stepDefinitions.Component1.i_am_on_Index_Home(Component1.java:42)
at java.base/jdk.internal.reflect.NativeMethodAccessorImpl.invoke0(Native Method)
at java.base/jdk.internal.reflect.NativeMethodAccessorImpl.invoke(NativeMethodAccessorImpl.java:64)
at java.base/jdk.internal.reflect.DelegatingMethodAccessorImpl.invoke(DelegatingMethodAccessorImpl.java:43)
at java.base/java.lang.reflect.Method.invoke(Method.java:564)
at org.testng.internal.MethodInvocationHelper.invokeMethod(MethodInvocationHelper.java:132)
at org.testng.internal.TestInvoker.invokeMethod(TestInvoker.java:599)
at org.testng.internal.TestInvoker.invokeTestMethod(TestInvoker.java:174)
at org.testng.internal.MethodRunner.runInSequence(MethodRunner.java:46)
at org.testng.internal.TestInvoker$MethodInvocationAgent.invoke(TestInvoker.java:822)
at org.testng.internal.TestInvoker.invokeTestMethods(TestInvoker.java:147)
at org.testng.internal.TestMethodWorker.invokeTestMethods(TestMethodWorker.java:146)
at org.testng.internal.TestMethodWorker.run(TestMethodWorker.java:128)
at java.base/java.util.ArrayList.forEach(ArrayList.java:1511)
at org.testng.TestRunner.privateRun(TestRunner.java:764)
at org.testng.TestRunner.run(TestRunner.java:585)
at org.testng.SuiteRunner.runTest(SuiteRunner.java:384)
at org.testng.SuiteRunner.runSequentially(SuiteRunner.java:378)
at org.testng.SuiteRunner.privateRun(SuiteRunner.java:337)
at org.testng.SuiteRunner.run(SuiteRunner.java:286)
at org.testng.SuiteRunnerWorker.runSuite(SuiteRunnerWorker.java:53)
at org.testng.SuiteRunnerWorker.run(SuiteRunnerWorker.java:96)
at org.testng.TestNG.runSuitesSequentially(TestNG.java:1218)
at org.testng.TestNG.runSuitesLocally(TestNG.java:1140)
at org.testng.TestNG.runSuites(TestNG.java:1069)
at org.testng.TestNG.run(TestNG.java:1037)
at org.testng.remote.AbstractRemoteTestNG.run(AbstractRemoteTestNG.java:115)
at org.testng.remote.RemoteTestNG.initAndRun(RemoteTestNG.java:251)
at org.testng.remote.RemoteTestNG.main(RemoteTestNG.java:77)
]]>
            </full-stacktrace>
          </exception> <!-- java.lang.AssertionError -->
          <reporter-output>
          </reporter-output>
        </test-method> <!-- i_am_on_Index_Home -->
        <test-method is-config="true" signature="i_can_close_the_browser()[pri:0, instance:com.stepDefinitions.Component1@61dd025]" started-at="2021-01-11T13:38:09 EST" name="i_can_close_the_browser" finished-at="2021-01-11T13:38:09 EST" duration-ms="125" status="PASS">
          <reporter-output>
          </reporter-output>
        </test-method> <!-- i_can_close_the_browser -->
        <test-method is-config="true" signature="setUp()[pri:0, instance:com.stepDefinitions.Component1@61dd025]" started-at="2021-01-11T13:38:09 EST" name="setUp" finished-at="2021-01-11T13:38:11 EST" duration-ms="1854" status="PASS">
          <reporter-output>
          </reporter-output>
        </test-method> <!-- setUp -->
        <test-method signature="i_clear_the_set_title_Box()[pri:0, instance:com.stepDefinitions.Component1@61dd025]" started-at="2021-01-11T13:38:11 EST" name="i_clear_the_set_title_Box" finished-at="2021-01-11T13:38:11 EST" duration-ms="64" status="PASS">
          <reporter-output>
          </reporter-output>
        </test-method> <!-- i_clear_the_set_title_Box -->
        <test-method is-config="true" signature="i_can_close_the_browser()[pri:0, instance:com.stepDefinitions.Component1@61dd025]" started-at="2021-01-11T13:38:11 EST" name="i_can_close_the_browser" finished-at="2021-01-11T13:38:11 EST" duration-ms="110" status="PASS">
          <reporter-output>
          </reporter-output>
        </test-method> <!-- i_can_close_the_browser -->
        <test-method is-config="true" signature="setUp()[pri:0, instance:com.stepDefinitions.Component1@61dd025]" started-at="2021-01-11T13:38:11 EST" name="setUp" finished-at="2021-01-11T13:38:13 EST" duration-ms="1799" status="PASS">
          <reporter-output>
          </reporter-output>
        </test-method> <!-- setUp -->
        <test-method signature="i_click_on_SEt_Title_Button()[pri:0, instance:com.stepDefinitions.Component1@61dd025]" started-at="2021-01-11T13:38:13 EST" name="i_click_on_SEt_Title_Button" finished-at="2021-01-11T13:38:13 EST" duration-ms="76" status="PASS">
          <reporter-output>
          </reporter-output>
        </test-method> <!-- i_click_on_SEt_Title_Button -->
        <test-method is-config="true" signature="i_can_close_the_browser()[pri:0, instance:com.stepDefinitions.Component1@61dd025]" started-at="2021-01-11T13:38:13 EST" name="i_can_close_the_browser" finished-at="2021-01-11T13:38:13 EST" duration-ms="141" status="PASS">
          <reporter-output>
          </reporter-output>
        </test-method> <!-- i_can_close_the_browser -->
        <test-method is-config="true" signature="setUp()[pri:0, instance:com.stepDefinitions.Component1@61dd025]" started-at="2021-01-11T13:38:13 EST" name="setUp" finished-at="2021-01-11T13:38:15 EST" duration-ms="1813" status="PASS">
          <reporter-output>
          </reporter-output>
        </test-method> <!-- setUp -->
        <test-method signature="i_write_a_message_or_can_put_any_value()[pri:0, instance:com.stepDefinitions.Component1@61dd025]" started-at="2021-01-11T13:38:15 EST" name="i_write_a_message_or_can_put_any_value" finished-at="2021-01-11T13:38:15 EST" duration-ms="208" status="PASS">
          <reporter-output>
          </reporter-output>
        </test-method> <!-- i_write_a_message_or_can_put_any_value -->
        <test-method is-config="true" signature="i_can_close_the_browser()[pri:0, instance:com.stepDefinitions.Component1@61dd025]" started-at="2021-01-11T13:38:15 EST" name="i_can_close_the_browser" finished-at="2021-01-11T13:38:15 EST" duration-ms="95" status="PASS">
          <reporter-output>
          </reporter-output>
        </test-method> <!-- i_can_close_the_browser -->
      </class> <!-- com.stepDefinitions.Component1 -->
    </test> <!-- Default test -->
  </suite> <!-- Default suite -->
</testng-results>
