<!DOCTYPE html PUBLIC "-//W3C//DTD XHTML 1.1//EN" "https://www.w3.org/TR/xhtml11/DTD/xhtml11.dtd">
<html xmlns="https://www.w3.org/1999/xhtml">
<head>
<meta http-equiv="content-type" content="text/html; charset=UTF-8"/>
<title>TestNG Report</title>
<style type="text/css">table {margin-bottom:10px;border-collapse:collapse;empty-cells:show}th,td {border:1px solid #009;padding:.25em .5em}th {vertical-align:bottom}td {vertical-align:top}table a {font-weight:bold}.stripe td {background-color: #E6EBF9}.num {text-align:right}.passedodd td {background-color: #3F3}.passedeven td {background-color: #0A0}.skippedodd td {background-color: #DDD}.skippedeven td {background-color: #CCC}.failedodd td,.attn {background-color: #F33}.failedeven td,.stripe .attn {background-color: #D00}.stacktrace {white-space:pre;font-family:monospace}.totop {font-size:85%;text-align:center;border-bottom:2px solid #000}.invisible {display:none}</style>
</head>
<body>
<table>
<tr><th>Test</th><th># Passed</th><th># Skipped</th><th># Retried</th><th># Failed</th><th>Time (ms)</th><th>Included Groups</th><th>Excluded Groups</th></tr>
<tr><th colspan="8">Command line suite</th></tr>
<tr><td><a href="#t0">Command line test</a></td><td class="num">0</td><td class="num attn">27</td><td class="num">0</td><td class="num">0</td><td class="num">8,584</td><td></td><td></td></tr>
</table>
<table id='summary'><thead><tr><th>Class</th><th>Method</th><th>Start</th><th>Time (ms)</th></tr></thead><tbody><tr><th colspan="4">Command line suite</th></tr></tbody><tbody id="t0"><tr><th colspan="4">Command line test &#8212; failed (configuration methods)</th></tr><tr class="failedeven"><td rowspan="1">com.pageTest.Component_1_Test</td><td><a href="#m0">setUp</a></td><td rowspan="1">1618632535029</td><td rowspan="1">2285</td></tr><tr class="failedodd"><td rowspan="1">com.pageTest.Component_2_Test</td><td><a href="#m1">setUp</a></td><td rowspan="1">1618632531365</td><td rowspan="1">3640</td></tr><tr class="failedeven"><td rowspan="1">com.pageTest.Component_3_Test</td><td><a href="#m2">setUp</a></td><td rowspan="1">1618632538038</td><td rowspan="1">1842</td></tr><tr><th colspan="4">Command line test &#8212; skipped (configuration methods)</th></tr><tr class="skippedeven"><td rowspan="31">com.pageTest.Component_1_Test</td><td><a href="#m3">setUp</a></td><td rowspan="15">1618632538035</td><td rowspan="15">-1618632538035</td></tr><tr class="skippedeven"><td><a href="#m4">setUp</a></td></tr><tr class="skippedeven"><td><a href="#m5">setUp</a></td></tr><tr class="skippedeven"><td><a href="#m6">setUp</a></td></tr><tr class="skippedeven"><td><a href="#m7">setUp</a></td></tr><tr class="skippedeven"><td><a href="#m8">setUp</a></td></tr><tr class="skippedeven"><td><a href="#m9">setUp</a></td></tr><tr class="skippedeven"><td><a href="#m10">setUp</a></td></tr><tr class="skippedeven"><td><a href="#m11">setUp</a></td></tr><tr class="skippedeven"><td><a href="#m12">setUp</a></td></tr><tr class="skippedeven"><td><a href="#m13">setUp</a></td></tr><tr class="skippedeven"><td><a href="#m14">setUp</a></td></tr><tr class="skippedeven"><td><a href="#m15">setUp</a></td></tr><tr class="skippedeven"><td><a href="#m16">setUp</a></td></tr><tr class="skippedeven"><td><a href="#m17">setUp</a></td></tr><tr class="skippedeven"><td><a href="#m18">tearDown</a></td><td rowspan="16">1618632537991</td><td rowspan="16">-1618632537991</td></tr><tr class="skippedeven"><td><a href="#m19">tearDown</a></td></tr><tr class="skippedeven"><td><a href="#m20">tearDown</a></td></tr><tr class="skippedeven"><td><a href="#m21">tearDown</a></td></tr><tr class="skippedeven"><td><a href="#m22">tearDown</a></td></tr><tr class="skippedeven"><td><a href="#m23">tearDown</a></td></tr><tr class="skippedeven"><td><a href="#m24">tearDown</a></td></tr><tr class="skippedeven"><td><a href="#m25">tearDown</a></td></tr><tr class="skippedeven"><td><a href="#m26">tearDown</a></td></tr><tr class="skippedeven"><td><a href="#m27">tearDown</a></td></tr><tr class="skippedeven"><td><a href="#m28">tearDown</a></td></tr><tr class="skippedeven"><td><a href="#m29">tearDown</a></td></tr><tr class="skippedeven"><td><a href="#m30">tearDown</a></td></tr><tr class="skippedeven"><td><a href="#m31">tearDown</a></td></tr><tr class="skippedeven"><td><a href="#m32">tearDown</a></td></tr><tr class="skippedeven"><td><a href="#m33">tearDown</a></td></tr><tr class="skippedodd"><td rowspan="11">com.pageTest.Component_2_Test</td><td><a href="#m34">setUp</a></td><td rowspan="5">1618632535025</td><td rowspan="5">-1618632535025</td></tr><tr class="skippedodd"><td><a href="#m35">setUp</a></td></tr><tr class="skippedodd"><td><a href="#m36">setUp</a></td></tr><tr class="skippedodd"><td><a href="#m37">setUp</a></td></tr><tr class="skippedodd"><td><a href="#m38">setUp</a></td></tr><tr class="skippedodd"><td><a href="#m39">tearDown</a></td><td rowspan="6">1618632535016</td><td rowspan="6">-1618632535016</td></tr><tr class="skippedodd"><td><a href="#m40">tearDown</a></td></tr><tr class="skippedodd"><td><a href="#m41">tearDown</a></td></tr><tr class="skippedodd"><td><a href="#m42">tearDown</a></td></tr><tr class="skippedodd"><td><a href="#m43">tearDown</a></td></tr><tr class="skippedodd"><td><a href="#m44">tearDown</a></td></tr><tr class="skippedeven"><td rowspan="9">com.pageTest.Component_3_Test</td><td><a href="#m45">setUp</a></td><td rowspan="4">1618632539884</td><td rowspan="4">-1618632539884</td></tr><tr class="skippedeven"><td><a href="#m46">setUp</a></td></tr><tr class="skippedeven"><td><a href="#m47">setUp</a></td></tr><tr class="skippedeven"><td><a href="#m48">setUp</a></td></tr><tr class="skippedeven"><td><a href="#m49">tearDown</a></td><td rowspan="5">1618632539888</td><td rowspan="5">-1618632539888</td></tr><tr class="skippedeven"><td><a href="#m50">tearDown</a></td></tr><tr class="skippedeven"><td><a href="#m51">tearDown</a></td></tr><tr class="skippedeven"><td><a href="#m52">tearDown</a></td></tr><tr class="skippedeven"><td><a href="#m53">tearDown</a></td></tr><tr><th colspan="4">Command line test &#8212; skipped</th></tr><tr class="skippedeven"><td rowspan="16">com.pageTest.Component_1_Test</td><td><a href="#m54">clearTheBoxTest</a></td><td rowspan="1">1618632537319</td><td rowspan="1">0</td></tr><tr class="skippedeven"><td><a href="#m55">displayTitleDataTest</a></td><td rowspan="7">1618632538037</td><td rowspan="7">0</td></tr><tr class="skippedeven"><td><a href="#m56">displayTitleDataTest</a></td></tr><tr class="skippedeven"><td><a href="#m57">displayTitleDataTest</a></td></tr><tr class="skippedeven"><td><a href="#m58">displayTitleDataTest</a></td></tr><tr class="skippedeven"><td><a href="#m59">displayTitleDataTest</a></td></tr><tr class="skippedeven"><td><a href="#m60">displayTitleDataTest</a></td></tr><tr class="skippedeven"><td><a href="#m61">displayTitleDataTest</a></td></tr><tr class="skippedeven"><td><a href="#m62">pageTitleTest</a></td><td rowspan="1">1618632537317</td><td rowspan="1">0</td></tr><tr class="skippedeven"><td><a href="#m63">setNewValueTest</a></td><td rowspan="7">1618632537989</td><td rowspan="7">0</td></tr><tr class="skippedeven"><td><a href="#m64">setNewValueTest</a></td></tr><tr class="skippedeven"><td><a href="#m65">setNewValueTest</a></td></tr><tr class="skippedeven"><td><a href="#m66">setNewValueTest</a></td></tr><tr class="skippedeven"><td><a href="#m67">setNewValueTest</a></td></tr><tr class="skippedeven"><td><a href="#m68">setNewValueTest</a></td></tr><tr class="skippedeven"><td><a href="#m69">setNewValueTest</a></td></tr><tr class="skippedodd"><td rowspan="6">com.pageTest.Component_2_Test</td><td><a href="#m70">clicToRemoveButtonTest</a></td><td rowspan="1">1618632535013</td><td rowspan="1">0</td></tr><tr class="skippedodd"><td><a href="#m71">clickToAddButtonTest</a></td><td rowspan="1">1618632535027</td><td rowspan="1">0</td></tr><tr class="skippedodd"><td><a href="#m72">displayItemsTest</a></td><td rowspan="1">1618632535019</td><td rowspan="1">0</td></tr><tr class="skippedodd"><td><a href="#m73">pageTitleTest</a></td><td rowspan="1">1618632535025</td><td rowspan="1">0</td></tr><tr class="skippedodd"><td><a href="#m74">selectLisItemtInVisiblilityTest</a></td><td rowspan="1">1618632535022</td><td rowspan="1">0</td></tr><tr class="skippedodd"><td><a href="#m75">selectListVisiblilityTest</a></td><td rowspan="1">1618632535024</td><td rowspan="1">0</td></tr><tr class="skippedeven"><td rowspan="5">com.pageTest.Component_3_Test</td><td><a href="#m76">availableDataTest</a></td><td rowspan="1">1618632539883</td><td rowspan="1">0</td></tr><tr class="skippedeven"><td><a href="#m77">firstRowDataTest</a></td><td rowspan="1">1618632539885</td><td rowspan="1">0</td></tr><tr class="skippedeven"><td><a href="#m78">getFirstColumnDataTest</a></td><td rowspan="1">1618632539886</td><td rowspan="1">0</td></tr><tr class="skippedeven"><td><a href="#m79">pageTitleTest</a></td><td rowspan="1">1618632539887</td><td rowspan="1">0</td></tr><tr class="skippedeven"><td><a href="#m80">totalRowsAndColumnTest</a></td><td rowspan="1">1618632539887</td><td rowspan="1">0</td></tr></tbody>
</table>
<h2>Command line test</h2><h3 id="m0">com.pageTest.Component_1_Test#setUp</h3><table class="result"><tr><th>Exception</th></tr><tr><td><div class="stacktrace">org.openqa.selenium.SessionNotCreatedException: session not created: This version of ChromeDriver only supports Chrome version 86
Current browser version is 89.0.4389.128 with binary path /Applications/Google Chrome.app/Contents/MacOS/Google Chrome
Build info: version: &apos;3.141.59&apos;, revision: &apos;e82be7d358&apos;, time: &apos;2018-11-14T08:17:03&apos;
System info: host: &apos;Khosuzs-MBP.lan&apos;, ip: &apos;2603:7000:ac41:dd19:0:0:0:1bbe%en0&apos;, os.name: &apos;Mac OS X&apos;, os.arch: &apos;x86_64&apos;, os.version: &apos;10.16&apos;, java.version: &apos;15.0.1&apos;
Driver info: driver.version: ChromeDriver
remote stacktrace: 0   chromedriver                        0x000000010ae91c29 chromedriver + 2464809
1   chromedriver                        0x000000010b4cc6f3 chromedriver + 8996595
2   chromedriver                        0x000000010acd6d56 chromedriver + 650582
3   chromedriver                        0x000000010ac50f9a chromedriver + 102298
4   chromedriver                        0x000000010ac4d177 chromedriver + 86391
5   chromedriver                        0x000000010ac4a430 chromedriver + 74800
6   chromedriver                        0x000000010ac7c326 chromedriver + 279334
7   chromedriver                        0x000000010ac793f3 chromedriver + 267251
8   chromedriver                        0x000000010ac53230 chromedriver + 111152
9   chromedriver                        0x000000010ac541a7 chromedriver + 115111
10  chromedriver                        0x000000010ae64830 chromedriver + 2279472
11  chromedriver                        0x000000010ae6f83a chromedriver + 2324538
12  chromedriver                        0x000000010ae6f4a7 chromedriver + 2323623
13  chromedriver                        0x000000010ae4b945 chromedriver + 2177349
14  chromedriver                        0x000000010ae6fd41 chromedriver + 2325825
15  chromedriver                        0x000000010ae59bda chromedriver + 2235354
16  chromedriver                        0x000000010ae84c4a chromedriver + 2411594
17  chromedriver                        0x000000010ae96987 chromedriver + 2484615
18  libsystem_pthread.dylib             0x00007fff204ba950 _pthread_start + 224
19  libsystem_pthread.dylib             0x00007fff204b647b thread_start + 15

	at org.openqa.selenium.remote.W3CHandshakeResponse.lambda$errorHandler$0(W3CHandshakeResponse.java:62)
	at org.openqa.selenium.remote.HandshakeResponse.lambda$getResponseFunction$0(HandshakeResponse.java:30)
	at org.openqa.selenium.remote.ProtocolHandshake.lambda$createSession$0(ProtocolHandshake.java:126)
	at java.base/java.util.stream.ReferencePipeline$3$1.accept(ReferencePipeline.java:195)
	at java.base/java.util.Spliterators$ArraySpliterator.tryAdvance(Spliterators.java:958)
	at java.base/java.util.stream.ReferencePipeline.forEachWithCancel(ReferencePipeline.java:127)
	at java.base/java.util.stream.AbstractPipeline.copyIntoWithCancel(AbstractPipeline.java:502)
	at java.base/java.util.stream.AbstractPipeline.copyInto(AbstractPipeline.java:488)
	at java.base/java.util.stream.AbstractPipeline.wrapAndCopyInto(AbstractPipeline.java:474)
	at java.base/java.util.stream.FindOps$FindOp.evaluateSequential(FindOps.java:150)
	at java.base/java.util.stream.AbstractPipeline.evaluate(AbstractPipeline.java:234)
	at java.base/java.util.stream.ReferencePipeline.findFirst(ReferencePipeline.java:543)
	at org.openqa.selenium.remote.ProtocolHandshake.createSession(ProtocolHandshake.java:128)
	at org.openqa.selenium.remote.ProtocolHandshake.createSession(ProtocolHandshake.java:74)
	at org.openqa.selenium.remote.HttpCommandExecutor.execute(HttpCommandExecutor.java:136)
	at org.openqa.selenium.remote.service.DriverCommandExecutor.execute(DriverCommandExecutor.java:83)
	at org.openqa.selenium.remote.RemoteWebDriver.execute(RemoteWebDriver.java:552)
	at org.openqa.selenium.remote.RemoteWebDriver.startSession(RemoteWebDriver.java:213)
	at org.openqa.selenium.remote.RemoteWebDriver.&lt;init&gt;(RemoteWebDriver.java:131)
	at org.openqa.selenium.chrome.ChromeDriver.&lt;init&gt;(ChromeDriver.java:181)
	at org.openqa.selenium.chrome.ChromeDriver.&lt;init&gt;(ChromeDriver.java:168)
	at org.openqa.selenium.chrome.ChromeDriver.&lt;init&gt;(ChromeDriver.java:123)
	at com.base.TestBase.initialization(TestBase.java:45)
	at com.pageTest.Component_1_Test.setUp(Component_1_Test.java:30)
	at java.base/java.util.ArrayList.forEach(ArrayList.java:1511)
... Removed 46 stack frames</div></td></tr></table><p class="totop"><a href="#summary">back to summary</a></p>
<h3 id="m1">com.pageTest.Component_2_Test#setUp</h3><table class="result"><tr><th>Exception</th></tr><tr><td><div class="stacktrace">org.openqa.selenium.SessionNotCreatedException: session not created: This version of ChromeDriver only supports Chrome version 86
Current browser version is 89.0.4389.128 with binary path /Applications/Google Chrome.app/Contents/MacOS/Google Chrome
Build info: version: &apos;3.141.59&apos;, revision: &apos;e82be7d358&apos;, time: &apos;2018-11-14T08:17:03&apos;
System info: host: &apos;Khosuzs-MBP.lan&apos;, ip: &apos;2603:7000:ac41:dd19:0:0:0:1bbe%en0&apos;, os.name: &apos;Mac OS X&apos;, os.arch: &apos;x86_64&apos;, os.version: &apos;10.16&apos;, java.version: &apos;15.0.1&apos;
Driver info: driver.version: ChromeDriver
remote stacktrace: 0   chromedriver                        0x000000010bebdc29 chromedriver + 2464809
1   chromedriver                        0x000000010c4f86f3 chromedriver + 8996595
2   chromedriver                        0x000000010bd02d56 chromedriver + 650582
3   chromedriver                        0x000000010bc7cf9a chromedriver + 102298
4   chromedriver                        0x000000010bc79177 chromedriver + 86391
5   chromedriver                        0x000000010bc76430 chromedriver + 74800
6   chromedriver                        0x000000010bca8326 chromedriver + 279334
7   chromedriver                        0x000000010bca53f3 chromedriver + 267251
8   chromedriver                        0x000000010bc7f230 chromedriver + 111152
9   chromedriver                        0x000000010bc801a7 chromedriver + 115111
10  chromedriver                        0x000000010be90830 chromedriver + 2279472
11  chromedriver                        0x000000010be9b83a chromedriver + 2324538
12  chromedriver                        0x000000010be9b4a7 chromedriver + 2323623
13  chromedriver                        0x000000010be77945 chromedriver + 2177349
14  chromedriver                        0x000000010be9bd41 chromedriver + 2325825
15  chromedriver                        0x000000010be85bda chromedriver + 2235354
16  chromedriver                        0x000000010beb0c4a chromedriver + 2411594
17  chromedriver                        0x000000010bec2987 chromedriver + 2484615
18  libsystem_pthread.dylib             0x00007fff204ba950 _pthread_start + 224
19  libsystem_pthread.dylib             0x00007fff204b647b thread_start + 15

	at org.openqa.selenium.remote.W3CHandshakeResponse.lambda$errorHandler$0(W3CHandshakeResponse.java:62)
	at org.openqa.selenium.remote.HandshakeResponse.lambda$getResponseFunction$0(HandshakeResponse.java:30)
	at org.openqa.selenium.remote.ProtocolHandshake.lambda$createSession$0(ProtocolHandshake.java:126)
	at java.base/java.util.stream.ReferencePipeline$3$1.accept(ReferencePipeline.java:195)
	at java.base/java.util.Spliterators$ArraySpliterator.tryAdvance(Spliterators.java:958)
	at java.base/java.util.stream.ReferencePipeline.forEachWithCancel(ReferencePipeline.java:127)
	at java.base/java.util.stream.AbstractPipeline.copyIntoWithCancel(AbstractPipeline.java:502)
	at java.base/java.util.stream.AbstractPipeline.copyInto(AbstractPipeline.java:488)
	at java.base/java.util.stream.AbstractPipeline.wrapAndCopyInto(AbstractPipeline.java:474)
	at java.base/java.util.stream.FindOps$FindOp.evaluateSequential(FindOps.java:150)
	at java.base/java.util.stream.AbstractPipeline.evaluate(AbstractPipeline.java:234)
	at java.base/java.util.stream.ReferencePipeline.findFirst(ReferencePipeline.java:543)
	at org.openqa.selenium.remote.ProtocolHandshake.createSession(ProtocolHandshake.java:128)
	at org.openqa.selenium.remote.ProtocolHandshake.createSession(ProtocolHandshake.java:74)
	at org.openqa.selenium.remote.HttpCommandExecutor.execute(HttpCommandExecutor.java:136)
	at org.openqa.selenium.remote.service.DriverCommandExecutor.execute(DriverCommandExecutor.java:83)
	at org.openqa.selenium.remote.RemoteWebDriver.execute(RemoteWebDriver.java:552)
	at org.openqa.selenium.remote.RemoteWebDriver.startSession(RemoteWebDriver.java:213)
	at org.openqa.selenium.remote.RemoteWebDriver.&lt;init&gt;(RemoteWebDriver.java:131)
	at org.openqa.selenium.chrome.ChromeDriver.&lt;init&gt;(ChromeDriver.java:181)
	at org.openqa.selenium.chrome.ChromeDriver.&lt;init&gt;(ChromeDriver.java:168)
	at org.openqa.selenium.chrome.ChromeDriver.&lt;init&gt;(ChromeDriver.java:123)
	at com.base.TestBase.initialization(TestBase.java:45)
	at com.pageTest.Component_2_Test.setUp(Component_2_Test.java:29)
	at java.base/java.util.ArrayList.forEach(ArrayList.java:1511)
... Removed 46 stack frames</div></td></tr></table><p class="totop"><a href="#summary">back to summary</a></p>
<h3 id="m2">com.pageTest.Component_3_Test#setUp</h3><table class="result"><tr><th>Exception</th></tr><tr><td><div class="stacktrace">org.openqa.selenium.SessionNotCreatedException: session not created: This version of ChromeDriver only supports Chrome version 86
Current browser version is 89.0.4389.128 with binary path /Applications/Google Chrome.app/Contents/MacOS/Google Chrome
Build info: version: &apos;3.141.59&apos;, revision: &apos;e82be7d358&apos;, time: &apos;2018-11-14T08:17:03&apos;
System info: host: &apos;Khosuzs-MBP.lan&apos;, ip: &apos;2603:7000:ac41:dd19:0:0:0:1bbe%en0&apos;, os.name: &apos;Mac OS X&apos;, os.arch: &apos;x86_64&apos;, os.version: &apos;10.16&apos;, java.version: &apos;15.0.1&apos;
Driver info: driver.version: ChromeDriver
remote stacktrace: 0   chromedriver                        0x0000000104184c29 chromedriver + 2464809
1   chromedriver                        0x00000001047bf6f3 chromedriver + 8996595
2   chromedriver                        0x0000000103fc9d56 chromedriver + 650582
3   chromedriver                        0x0000000103f43f9a chromedriver + 102298
4   chromedriver                        0x0000000103f40177 chromedriver + 86391
5   chromedriver                        0x0000000103f3d430 chromedriver + 74800
6   chromedriver                        0x0000000103f6f326 chromedriver + 279334
7   chromedriver                        0x0000000103f6c3f3 chromedriver + 267251
8   chromedriver                        0x0000000103f46230 chromedriver + 111152
9   chromedriver                        0x0000000103f471a7 chromedriver + 115111
10  chromedriver                        0x0000000104157830 chromedriver + 2279472
11  chromedriver                        0x000000010416283a chromedriver + 2324538
12  chromedriver                        0x00000001041624a7 chromedriver + 2323623
13  chromedriver                        0x000000010413e945 chromedriver + 2177349
14  chromedriver                        0x0000000104162d41 chromedriver + 2325825
15  chromedriver                        0x000000010414cbda chromedriver + 2235354
16  chromedriver                        0x0000000104177c4a chromedriver + 2411594
17  chromedriver                        0x0000000104189987 chromedriver + 2484615
18  libsystem_pthread.dylib             0x00007fff204ba950 _pthread_start + 224
19  libsystem_pthread.dylib             0x00007fff204b647b thread_start + 15

	at org.openqa.selenium.remote.W3CHandshakeResponse.lambda$errorHandler$0(W3CHandshakeResponse.java:62)
	at org.openqa.selenium.remote.HandshakeResponse.lambda$getResponseFunction$0(HandshakeResponse.java:30)
	at org.openqa.selenium.remote.ProtocolHandshake.lambda$createSession$0(ProtocolHandshake.java:126)
	at java.base/java.util.stream.ReferencePipeline$3$1.accept(ReferencePipeline.java:195)
	at java.base/java.util.Spliterators$ArraySpliterator.tryAdvance(Spliterators.java:958)
	at java.base/java.util.stream.ReferencePipeline.forEachWithCancel(ReferencePipeline.java:127)
	at java.base/java.util.stream.AbstractPipeline.copyIntoWithCancel(AbstractPipeline.java:502)
	at java.base/java.util.stream.AbstractPipeline.copyInto(AbstractPipeline.java:488)
	at java.base/java.util.stream.AbstractPipeline.wrapAndCopyInto(AbstractPipeline.java:474)
	at java.base/java.util.stream.FindOps$FindOp.evaluateSequential(FindOps.java:150)
	at java.base/java.util.stream.AbstractPipeline.evaluate(AbstractPipeline.java:234)
	at java.base/java.util.stream.ReferencePipeline.findFirst(ReferencePipeline.java:543)
	at org.openqa.selenium.remote.ProtocolHandshake.createSession(ProtocolHandshake.java:128)
	at org.openqa.selenium.remote.ProtocolHandshake.createSession(ProtocolHandshake.java:74)
	at org.openqa.selenium.remote.HttpCommandExecutor.execute(HttpCommandExecutor.java:136)
	at org.openqa.selenium.remote.service.DriverCommandExecutor.execute(DriverCommandExecutor.java:83)
	at org.openqa.selenium.remote.RemoteWebDriver.execute(RemoteWebDriver.java:552)
	at org.openqa.selenium.remote.RemoteWebDriver.startSession(RemoteWebDriver.java:213)
	at org.openqa.selenium.remote.RemoteWebDriver.&lt;init&gt;(RemoteWebDriver.java:131)
	at org.openqa.selenium.chrome.ChromeDriver.&lt;init&gt;(ChromeDriver.java:181)
	at org.openqa.selenium.chrome.ChromeDriver.&lt;init&gt;(ChromeDriver.java:168)
	at org.openqa.selenium.chrome.ChromeDriver.&lt;init&gt;(ChromeDriver.java:123)
	at com.base.TestBase.initialization(TestBase.java:45)
	at com.pageTest.Component_3_Test.setUp(Component_3_Test.java:21)
	at java.base/java.util.ArrayList.forEach(ArrayList.java:1511)
... Removed 46 stack frames</div></td></tr></table><p class="totop"><a href="#summary">back to summary</a></p>
<h3 id="m3">com.pageTest.Component_1_Test#setUp</h3><table class="result"><tr><th class="invisible"/></tr></table><p class="totop"><a href="#summary">back to summary</a></p>
<h3 id="m4">com.pageTest.Component_1_Test#setUp</h3><table class="result"><tr><th class="invisible"/></tr></table><p class="totop"><a href="#summary">back to summary</a></p>
<h3 id="m5">com.pageTest.Component_1_Test#setUp</h3><table class="result"><tr><th class="invisible"/></tr></table><p class="totop"><a href="#summary">back to summary</a></p>
<h3 id="m6">com.pageTest.Component_1_Test#setUp</h3><table class="result"><tr><th class="invisible"/></tr></table><p class="totop"><a href="#summary">back to summary</a></p>
<h3 id="m7">com.pageTest.Component_1_Test#setUp</h3><table class="result"><tr><th class="invisible"/></tr></table><p class="totop"><a href="#summary">back to summary</a></p>
<h3 id="m8">com.pageTest.Component_1_Test#setUp</h3><table class="result"><tr><th class="invisible"/></tr></table><p class="totop"><a href="#summary">back to summary</a></p>
<h3 id="m9">com.pageTest.Component_1_Test#setUp</h3><table class="result"><tr><th class="invisible"/></tr></table><p class="totop"><a href="#summary">back to summary</a></p>
<h3 id="m10">com.pageTest.Component_1_Test#setUp</h3><table class="result"><tr><th class="invisible"/></tr></table><p class="totop"><a href="#summary">back to summary</a></p>
<h3 id="m11">com.pageTest.Component_1_Test#setUp</h3><table class="result"><tr><th class="invisible"/></tr></table><p class="totop"><a href="#summary">back to summary</a></p>
<h3 id="m12">com.pageTest.Component_1_Test#setUp</h3><table class="result"><tr><th class="invisible"/></tr></table><p class="totop"><a href="#summary">back to summary</a></p>
<h3 id="m13">com.pageTest.Component_1_Test#setUp</h3><table class="result"><tr><th class="invisible"/></tr></table><p class="totop"><a href="#summary">back to summary</a></p>
<h3 id="m14">com.pageTest.Component_1_Test#setUp</h3><table class="result"><tr><th class="invisible"/></tr></table><p class="totop"><a href="#summary">back to summary</a></p>
<h3 id="m15">com.pageTest.Component_1_Test#setUp</h3><table class="result"><tr><th class="invisible"/></tr></table><p class="totop"><a href="#summary">back to summary</a></p>
<h3 id="m16">com.pageTest.Component_1_Test#setUp</h3><table class="result"><tr><th class="invisible"/></tr></table><p class="totop"><a href="#summary">back to summary</a></p>
<h3 id="m17">com.pageTest.Component_1_Test#setUp</h3><table class="result"><tr><th class="invisible"/></tr></table><p class="totop"><a href="#summary">back to summary</a></p>
<h3 id="m18">com.pageTest.Component_1_Test#tearDown</h3><table class="result"><tr><th class="invisible"/></tr></table><p class="totop"><a href="#summary">back to summary</a></p>
<h3 id="m19">com.pageTest.Component_1_Test#tearDown</h3><table class="result"><tr><th class="invisible"/></tr></table><p class="totop"><a href="#summary">back to summary</a></p>
<h3 id="m20">com.pageTest.Component_1_Test#tearDown</h3><table class="result"><tr><th class="invisible"/></tr></table><p class="totop"><a href="#summary">back to summary</a></p>
<h3 id="m21">com.pageTest.Component_1_Test#tearDown</h3><table class="result"><tr><th class="invisible"/></tr></table><p class="totop"><a href="#summary">back to summary</a></p>
<h3 id="m22">com.pageTest.Component_1_Test#tearDown</h3><table class="result"><tr><th class="invisible"/></tr></table><p class="totop"><a href="#summary">back to summary</a></p>
<h3 id="m23">com.pageTest.Component_1_Test#tearDown</h3><table class="result"><tr><th class="invisible"/></tr></table><p class="totop"><a href="#summary">back to summary</a></p>
<h3 id="m24">com.pageTest.Component_1_Test#tearDown</h3><table class="result"><tr><th class="invisible"/></tr></table><p class="totop"><a href="#summary">back to summary</a></p>
<h3 id="m25">com.pageTest.Component_1_Test#tearDown</h3><table class="result"><tr><th class="invisible"/></tr></table><p class="totop"><a href="#summary">back to summary</a></p>
<h3 id="m26">com.pageTest.Component_1_Test#tearDown</h3><table class="result"><tr><th class="invisible"/></tr></table><p class="totop"><a href="#summary">back to summary</a></p>
<h3 id="m27">com.pageTest.Component_1_Test#tearDown</h3><table class="result"><tr><th class="invisible"/></tr></table><p class="totop"><a href="#summary">back to summary</a></p>
<h3 id="m28">com.pageTest.Component_1_Test#tearDown</h3><table class="result"><tr><th class="invisible"/></tr></table><p class="totop"><a href="#summary">back to summary</a></p>
<h3 id="m29">com.pageTest.Component_1_Test#tearDown</h3><table class="result"><tr><th class="invisible"/></tr></table><p class="totop"><a href="#summary">back to summary</a></p>
<h3 id="m30">com.pageTest.Component_1_Test#tearDown</h3><table class="result"><tr><th class="invisible"/></tr></table><p class="totop"><a href="#summary">back to summary</a></p>
<h3 id="m31">com.pageTest.Component_1_Test#tearDown</h3><table class="result"><tr><th class="invisible"/></tr></table><p class="totop"><a href="#summary">back to summary</a></p>
<h3 id="m32">com.pageTest.Component_1_Test#tearDown</h3><table class="result"><tr><th class="invisible"/></tr></table><p class="totop"><a href="#summary">back to summary</a></p>
<h3 id="m33">com.pageTest.Component_1_Test#tearDown</h3><table class="result"><tr><th class="invisible"/></tr></table><p class="totop"><a href="#summary">back to summary</a></p>
<h3 id="m34">com.pageTest.Component_2_Test#setUp</h3><table class="result"><tr><th class="invisible"/></tr></table><p class="totop"><a href="#summary">back to summary</a></p>
<h3 id="m35">com.pageTest.Component_2_Test#setUp</h3><table class="result"><tr><th class="invisible"/></tr></table><p class="totop"><a href="#summary">back to summary</a></p>
<h3 id="m36">com.pageTest.Component_2_Test#setUp</h3><table class="result"><tr><th class="invisible"/></tr></table><p class="totop"><a href="#summary">back to summary</a></p>
<h3 id="m37">com.pageTest.Component_2_Test#setUp</h3><table class="result"><tr><th class="invisible"/></tr></table><p class="totop"><a href="#summary">back to summary</a></p>
<h3 id="m38">com.pageTest.Component_2_Test#setUp</h3><table class="result"><tr><th class="invisible"/></tr></table><p class="totop"><a href="#summary">back to summary</a></p>
<h3 id="m39">com.pageTest.Component_2_Test#tearDown</h3><table class="result"><tr><th class="invisible"/></tr></table><p class="totop"><a href="#summary">back to summary</a></p>
<h3 id="m40">com.pageTest.Component_2_Test#tearDown</h3><table class="result"><tr><th class="invisible"/></tr></table><p class="totop"><a href="#summary">back to summary</a></p>
<h3 id="m41">com.pageTest.Component_2_Test#tearDown</h3><table class="result"><tr><th class="invisible"/></tr></table><p class="totop"><a href="#summary">back to summary</a></p>
<h3 id="m42">com.pageTest.Component_2_Test#tearDown</h3><table class="result"><tr><th class="invisible"/></tr></table><p class="totop"><a href="#summary">back to summary</a></p>
<h3 id="m43">com.pageTest.Component_2_Test#tearDown</h3><table class="result"><tr><th class="invisible"/></tr></table><p class="totop"><a href="#summary">back to summary</a></p>
<h3 id="m44">com.pageTest.Component_2_Test#tearDown</h3><table class="result"><tr><th class="invisible"/></tr></table><p class="totop"><a href="#summary">back to summary</a></p>
<h3 id="m45">com.pageTest.Component_3_Test#setUp</h3><table class="result"><tr><th class="invisible"/></tr></table><p class="totop"><a href="#summary">back to summary</a></p>
<h3 id="m46">com.pageTest.Component_3_Test#setUp</h3><table class="result"><tr><th class="invisible"/></tr></table><p class="totop"><a href="#summary">back to summary</a></p>
<h3 id="m47">com.pageTest.Component_3_Test#setUp</h3><table class="result"><tr><th class="invisible"/></tr></table><p class="totop"><a href="#summary">back to summary</a></p>
<h3 id="m48">com.pageTest.Component_3_Test#setUp</h3><table class="result"><tr><th class="invisible"/></tr></table><p class="totop"><a href="#summary">back to summary</a></p>
<h3 id="m49">com.pageTest.Component_3_Test#tearDown</h3><table class="result"><tr><th class="invisible"/></tr></table><p class="totop"><a href="#summary">back to summary</a></p>
<h3 id="m50">com.pageTest.Component_3_Test#tearDown</h3><table class="result"><tr><th class="invisible"/></tr></table><p class="totop"><a href="#summary">back to summary</a></p>
<h3 id="m51">com.pageTest.Component_3_Test#tearDown</h3><table class="result"><tr><th class="invisible"/></tr></table><p class="totop"><a href="#summary">back to summary</a></p>
<h3 id="m52">com.pageTest.Component_3_Test#tearDown</h3><table class="result"><tr><th class="invisible"/></tr></table><p class="totop"><a href="#summary">back to summary</a></p>
<h3 id="m53">com.pageTest.Component_3_Test#tearDown</h3><table class="result"><tr><th class="invisible"/></tr></table><p class="totop"><a href="#summary">back to summary</a></p>
<h3 id="m54">com.pageTest.Component_1_Test#clearTheBoxTest</h3><table class="result"><tr><th>Exception</th></tr><tr><td><div class="stacktrace">org.openqa.selenium.SessionNotCreatedException: session not created: This version of ChromeDriver only supports Chrome version 86
Current browser version is 89.0.4389.128 with binary path /Applications/Google Chrome.app/Contents/MacOS/Google Chrome
Build info: version: &apos;3.141.59&apos;, revision: &apos;e82be7d358&apos;, time: &apos;2018-11-14T08:17:03&apos;
System info: host: &apos;Khosuzs-MBP.lan&apos;, ip: &apos;2603:7000:ac41:dd19:0:0:0:1bbe%en0&apos;, os.name: &apos;Mac OS X&apos;, os.arch: &apos;x86_64&apos;, os.version: &apos;10.16&apos;, java.version: &apos;15.0.1&apos;
Driver info: driver.version: ChromeDriver
remote stacktrace: 0   chromedriver                        0x000000010ae91c29 chromedriver + 2464809
1   chromedriver                        0x000000010b4cc6f3 chromedriver + 8996595
2   chromedriver                        0x000000010acd6d56 chromedriver + 650582
3   chromedriver                        0x000000010ac50f9a chromedriver + 102298
4   chromedriver                        0x000000010ac4d177 chromedriver + 86391
5   chromedriver                        0x000000010ac4a430 chromedriver + 74800
6   chromedriver                        0x000000010ac7c326 chromedriver + 279334
7   chromedriver                        0x000000010ac793f3 chromedriver + 267251
8   chromedriver                        0x000000010ac53230 chromedriver + 111152
9   chromedriver                        0x000000010ac541a7 chromedriver + 115111
10  chromedriver                        0x000000010ae64830 chromedriver + 2279472
11  chromedriver                        0x000000010ae6f83a chromedriver + 2324538
12  chromedriver                        0x000000010ae6f4a7 chromedriver + 2323623
13  chromedriver                        0x000000010ae4b945 chromedriver + 2177349
14  chromedriver                        0x000000010ae6fd41 chromedriver + 2325825
15  chromedriver                        0x000000010ae59bda chromedriver + 2235354
16  chromedriver                        0x000000010ae84c4a chromedriver + 2411594
17  chromedriver                        0x000000010ae96987 chromedriver + 2484615
18  libsystem_pthread.dylib             0x00007fff204ba950 _pthread_start + 224
19  libsystem_pthread.dylib             0x00007fff204b647b thread_start + 15

	at org.openqa.selenium.remote.W3CHandshakeResponse.lambda$errorHandler$0(W3CHandshakeResponse.java:62)
	at org.openqa.selenium.remote.HandshakeResponse.lambda$getResponseFunction$0(HandshakeResponse.java:30)
	at org.openqa.selenium.remote.ProtocolHandshake.lambda$createSession$0(ProtocolHandshake.java:126)
	at java.base/java.util.stream.ReferencePipeline$3$1.accept(ReferencePipeline.java:195)
	at java.base/java.util.Spliterators$ArraySpliterator.tryAdvance(Spliterators.java:958)
	at java.base/java.util.stream.ReferencePipeline.forEachWithCancel(ReferencePipeline.java:127)
	at java.base/java.util.stream.AbstractPipeline.copyIntoWithCancel(AbstractPipeline.java:502)
	at java.base/java.util.stream.AbstractPipeline.copyInto(AbstractPipeline.java:488)
	at java.base/java.util.stream.AbstractPipeline.wrapAndCopyInto(AbstractPipeline.java:474)
	at java.base/java.util.stream.FindOps$FindOp.evaluateSequential(FindOps.java:150)
	at java.base/java.util.stream.AbstractPipeline.evaluate(AbstractPipeline.java:234)
	at java.base/java.util.stream.ReferencePipeline.findFirst(ReferencePipeline.java:543)
	at org.openqa.selenium.remote.ProtocolHandshake.createSession(ProtocolHandshake.java:128)
	at org.openqa.selenium.remote.ProtocolHandshake.createSession(ProtocolHandshake.java:74)
	at org.openqa.selenium.remote.HttpCommandExecutor.execute(HttpCommandExecutor.java:136)
	at org.openqa.selenium.remote.service.DriverCommandExecutor.execute(DriverCommandExecutor.java:83)
	at org.openqa.selenium.remote.RemoteWebDriver.execute(RemoteWebDriver.java:552)
	at org.openqa.selenium.remote.RemoteWebDriver.startSession(RemoteWebDriver.java:213)
	at org.openqa.selenium.remote.RemoteWebDriver.&lt;init&gt;(RemoteWebDriver.java:131)
	at org.openqa.selenium.chrome.ChromeDriver.&lt;init&gt;(ChromeDriver.java:181)
	at org.openqa.selenium.chrome.ChromeDriver.&lt;init&gt;(ChromeDriver.java:168)
	at org.openqa.selenium.chrome.ChromeDriver.&lt;init&gt;(ChromeDriver.java:123)
	at com.base.TestBase.initialization(TestBase.java:45)
	at com.pageTest.Component_1_Test.setUp(Component_1_Test.java:30)
	at java.base/java.util.ArrayList.forEach(ArrayList.java:1511)
... Removed 46 stack frames</div></td></tr></table><p class="totop"><a href="#summary">back to summary</a></p>
<h3 id="m55">com.pageTest.Component_1_Test#displayTitleDataTest</h3><table class="result"><tr class="param"><th>Parameter #1</th></tr><tr class="param stripe"><td>I love to be honest with everyone</td></tr><tr><th>Exception</th></tr><tr><td><div class="stacktrace">org.openqa.selenium.SessionNotCreatedException: session not created: This version of ChromeDriver only supports Chrome version 86
Current browser version is 89.0.4389.128 with binary path /Applications/Google Chrome.app/Contents/MacOS/Google Chrome
Build info: version: &apos;3.141.59&apos;, revision: &apos;e82be7d358&apos;, time: &apos;2018-11-14T08:17:03&apos;
System info: host: &apos;Khosuzs-MBP.lan&apos;, ip: &apos;2603:7000:ac41:dd19:0:0:0:1bbe%en0&apos;, os.name: &apos;Mac OS X&apos;, os.arch: &apos;x86_64&apos;, os.version: &apos;10.16&apos;, java.version: &apos;15.0.1&apos;
Driver info: driver.version: ChromeDriver
remote stacktrace: 0   chromedriver                        0x000000010ae91c29 chromedriver + 2464809
1   chromedriver                        0x000000010b4cc6f3 chromedriver + 8996595
2   chromedriver                        0x000000010acd6d56 chromedriver + 650582
3   chromedriver                        0x000000010ac50f9a chromedriver + 102298
4   chromedriver                        0x000000010ac4d177 chromedriver + 86391
5   chromedriver                        0x000000010ac4a430 chromedriver + 74800
6   chromedriver                        0x000000010ac7c326 chromedriver + 279334
7   chromedriver                        0x000000010ac793f3 chromedriver + 267251
8   chromedriver                        0x000000010ac53230 chromedriver + 111152
9   chromedriver                        0x000000010ac541a7 chromedriver + 115111
10  chromedriver                        0x000000010ae64830 chromedriver + 2279472
11  chromedriver                        0x000000010ae6f83a chromedriver + 2324538
12  chromedriver                        0x000000010ae6f4a7 chromedriver + 2323623
13  chromedriver                        0x000000010ae4b945 chromedriver + 2177349
14  chromedriver                        0x000000010ae6fd41 chromedriver + 2325825
15  chromedriver                        0x000000010ae59bda chromedriver + 2235354
16  chromedriver                        0x000000010ae84c4a chromedriver + 2411594
17  chromedriver                        0x000000010ae96987 chromedriver + 2484615
18  libsystem_pthread.dylib             0x00007fff204ba950 _pthread_start + 224
19  libsystem_pthread.dylib             0x00007fff204b647b thread_start + 15

	at org.openqa.selenium.remote.W3CHandshakeResponse.lambda$errorHandler$0(W3CHandshakeResponse.java:62)
	at org.openqa.selenium.remote.HandshakeResponse.lambda$getResponseFunction$0(HandshakeResponse.java:30)
	at org.openqa.selenium.remote.ProtocolHandshake.lambda$createSession$0(ProtocolHandshake.java:126)
	at java.base/java.util.stream.ReferencePipeline$3$1.accept(ReferencePipeline.java:195)
	at java.base/java.util.Spliterators$ArraySpliterator.tryAdvance(Spliterators.java:958)
	at java.base/java.util.stream.ReferencePipeline.forEachWithCancel(ReferencePipeline.java:127)
	at java.base/java.util.stream.AbstractPipeline.copyIntoWithCancel(AbstractPipeline.java:502)
	at java.base/java.util.stream.AbstractPipeline.copyInto(AbstractPipeline.java:488)
	at java.base/java.util.stream.AbstractPipeline.wrapAndCopyInto(AbstractPipeline.java:474)
	at java.base/java.util.stream.FindOps$FindOp.evaluateSequential(FindOps.java:150)
	at java.base/java.util.stream.AbstractPipeline.evaluate(AbstractPipeline.java:234)
	at java.base/java.util.stream.ReferencePipeline.findFirst(ReferencePipeline.java:543)
	at org.openqa.selenium.remote.ProtocolHandshake.createSession(ProtocolHandshake.java:128)
	at org.openqa.selenium.remote.ProtocolHandshake.createSession(ProtocolHandshake.java:74)
	at org.openqa.selenium.remote.HttpCommandExecutor.execute(HttpCommandExecutor.java:136)
	at org.openqa.selenium.remote.service.DriverCommandExecutor.execute(DriverCommandExecutor.java:83)
	at org.openqa.selenium.remote.RemoteWebDriver.execute(RemoteWebDriver.java:552)
	at org.openqa.selenium.remote.RemoteWebDriver.startSession(RemoteWebDriver.java:213)
	at org.openqa.selenium.remote.RemoteWebDriver.&lt;init&gt;(RemoteWebDriver.java:131)
	at org.openqa.selenium.chrome.ChromeDriver.&lt;init&gt;(ChromeDriver.java:181)
	at org.openqa.selenium.chrome.ChromeDriver.&lt;init&gt;(ChromeDriver.java:168)
	at org.openqa.selenium.chrome.ChromeDriver.&lt;init&gt;(ChromeDriver.java:123)
	at com.base.TestBase.initialization(TestBase.java:45)
	at com.pageTest.Component_1_Test.setUp(Component_1_Test.java:30)
	at java.base/java.util.ArrayList.forEach(ArrayList.java:1511)
... Removed 46 stack frames</div></td></tr></table><p class="totop"><a href="#summary">back to summary</a></p>
<h3 id="m56">com.pageTest.Component_1_Test#displayTitleDataTest</h3><table class="result"><tr class="param"><th>Parameter #1</th></tr><tr class="param stripe"><td>I am Developepr</td></tr><tr><th>Exception</th></tr><tr><td><div class="stacktrace">org.openqa.selenium.SessionNotCreatedException: session not created: This version of ChromeDriver only supports Chrome version 86
Current browser version is 89.0.4389.128 with binary path /Applications/Google Chrome.app/Contents/MacOS/Google Chrome
Build info: version: &apos;3.141.59&apos;, revision: &apos;e82be7d358&apos;, time: &apos;2018-11-14T08:17:03&apos;
System info: host: &apos;Khosuzs-MBP.lan&apos;, ip: &apos;2603:7000:ac41:dd19:0:0:0:1bbe%en0&apos;, os.name: &apos;Mac OS X&apos;, os.arch: &apos;x86_64&apos;, os.version: &apos;10.16&apos;, java.version: &apos;15.0.1&apos;
Driver info: driver.version: ChromeDriver
remote stacktrace: 0   chromedriver                        0x000000010ae91c29 chromedriver + 2464809
1   chromedriver                        0x000000010b4cc6f3 chromedriver + 8996595
2   chromedriver                        0x000000010acd6d56 chromedriver + 650582
3   chromedriver                        0x000000010ac50f9a chromedriver + 102298
4   chromedriver                        0x000000010ac4d177 chromedriver + 86391
5   chromedriver                        0x000000010ac4a430 chromedriver + 74800
6   chromedriver                        0x000000010ac7c326 chromedriver + 279334
7   chromedriver                        0x000000010ac793f3 chromedriver + 267251
8   chromedriver                        0x000000010ac53230 chromedriver + 111152
9   chromedriver                        0x000000010ac541a7 chromedriver + 115111
10  chromedriver                        0x000000010ae64830 chromedriver + 2279472
11  chromedriver                        0x000000010ae6f83a chromedriver + 2324538
12  chromedriver                        0x000000010ae6f4a7 chromedriver + 2323623
13  chromedriver                        0x000000010ae4b945 chromedriver + 2177349
14  chromedriver                        0x000000010ae6fd41 chromedriver + 2325825
15  chromedriver                        0x000000010ae59bda chromedriver + 2235354
16  chromedriver                        0x000000010ae84c4a chromedriver + 2411594
17  chromedriver                        0x000000010ae96987 chromedriver + 2484615
18  libsystem_pthread.dylib             0x00007fff204ba950 _pthread_start + 224
19  libsystem_pthread.dylib             0x00007fff204b647b thread_start + 15

	at org.openqa.selenium.remote.W3CHandshakeResponse.lambda$errorHandler$0(W3CHandshakeResponse.java:62)
	at org.openqa.selenium.remote.HandshakeResponse.lambda$getResponseFunction$0(HandshakeResponse.java:30)
	at org.openqa.selenium.remote.ProtocolHandshake.lambda$createSession$0(ProtocolHandshake.java:126)
	at java.base/java.util.stream.ReferencePipeline$3$1.accept(ReferencePipeline.java:195)
	at java.base/java.util.Spliterators$ArraySpliterator.tryAdvance(Spliterators.java:958)
	at java.base/java.util.stream.ReferencePipeline.forEachWithCancel(ReferencePipeline.java:127)
	at java.base/java.util.stream.AbstractPipeline.copyIntoWithCancel(AbstractPipeline.java:502)
	at java.base/java.util.stream.AbstractPipeline.copyInto(AbstractPipeline.java:488)
	at java.base/java.util.stream.AbstractPipeline.wrapAndCopyInto(AbstractPipeline.java:474)
	at java.base/java.util.stream.FindOps$FindOp.evaluateSequential(FindOps.java:150)
	at java.base/java.util.stream.AbstractPipeline.evaluate(AbstractPipeline.java:234)
	at java.base/java.util.stream.ReferencePipeline.findFirst(ReferencePipeline.java:543)
	at org.openqa.selenium.remote.ProtocolHandshake.createSession(ProtocolHandshake.java:128)
	at org.openqa.selenium.remote.ProtocolHandshake.createSession(ProtocolHandshake.java:74)
	at org.openqa.selenium.remote.HttpCommandExecutor.execute(HttpCommandExecutor.java:136)
	at org.openqa.selenium.remote.service.DriverCommandExecutor.execute(DriverCommandExecutor.java:83)
	at org.openqa.selenium.remote.RemoteWebDriver.execute(RemoteWebDriver.java:552)
	at org.openqa.selenium.remote.RemoteWebDriver.startSession(RemoteWebDriver.java:213)
	at org.openqa.selenium.remote.RemoteWebDriver.&lt;init&gt;(RemoteWebDriver.java:131)
	at org.openqa.selenium.chrome.ChromeDriver.&lt;init&gt;(ChromeDriver.java:181)
	at org.openqa.selenium.chrome.ChromeDriver.&lt;init&gt;(ChromeDriver.java:168)
	at org.openqa.selenium.chrome.ChromeDriver.&lt;init&gt;(ChromeDriver.java:123)
	at com.base.TestBase.initialization(TestBase.java:45)
	at com.pageTest.Component_1_Test.setUp(Component_1_Test.java:30)
	at java.base/java.util.ArrayList.forEach(ArrayList.java:1511)
... Removed 46 stack frames</div></td></tr></table><p class="totop"><a href="#summary">back to summary</a></p>
<h3 id="m57">com.pageTest.Component_1_Test#displayTitleDataTest</h3><table class="result"><tr class="param"><th>Parameter #1</th></tr><tr class="param stripe"><td>I able to work</td></tr><tr><th>Exception</th></tr><tr><td><div class="stacktrace">org.openqa.selenium.SessionNotCreatedException: session not created: This version of ChromeDriver only supports Chrome version 86
Current browser version is 89.0.4389.128 with binary path /Applications/Google Chrome.app/Contents/MacOS/Google Chrome
Build info: version: &apos;3.141.59&apos;, revision: &apos;e82be7d358&apos;, time: &apos;2018-11-14T08:17:03&apos;
System info: host: &apos;Khosuzs-MBP.lan&apos;, ip: &apos;2603:7000:ac41:dd19:0:0:0:1bbe%en0&apos;, os.name: &apos;Mac OS X&apos;, os.arch: &apos;x86_64&apos;, os.version: &apos;10.16&apos;, java.version: &apos;15.0.1&apos;
Driver info: driver.version: ChromeDriver
remote stacktrace: 0   chromedriver                        0x000000010ae91c29 chromedriver + 2464809
1   chromedriver                        0x000000010b4cc6f3 chromedriver + 8996595
2   chromedriver                        0x000000010acd6d56 chromedriver + 650582
3   chromedriver                        0x000000010ac50f9a chromedriver + 102298
4   chromedriver                        0x000000010ac4d177 chromedriver + 86391
5   chromedriver                        0x000000010ac4a430 chromedriver + 74800
6   chromedriver                        0x000000010ac7c326 chromedriver + 279334
7   chromedriver                        0x000000010ac793f3 chromedriver + 267251
8   chromedriver                        0x000000010ac53230 chromedriver + 111152
9   chromedriver                        0x000000010ac541a7 chromedriver + 115111
10  chromedriver                        0x000000010ae64830 chromedriver + 2279472
11  chromedriver                        0x000000010ae6f83a chromedriver + 2324538
12  chromedriver                        0x000000010ae6f4a7 chromedriver + 2323623
13  chromedriver                        0x000000010ae4b945 chromedriver + 2177349
14  chromedriver                        0x000000010ae6fd41 chromedriver + 2325825
15  chromedriver                        0x000000010ae59bda chromedriver + 2235354
16  chromedriver                        0x000000010ae84c4a chromedriver + 2411594
17  chromedriver                        0x000000010ae96987 chromedriver + 2484615
18  libsystem_pthread.dylib             0x00007fff204ba950 _pthread_start + 224
19  libsystem_pthread.dylib             0x00007fff204b647b thread_start + 15

	at org.openqa.selenium.remote.W3CHandshakeResponse.lambda$errorHandler$0(W3CHandshakeResponse.java:62)
	at org.openqa.selenium.remote.HandshakeResponse.lambda$getResponseFunction$0(HandshakeResponse.java:30)
	at org.openqa.selenium.remote.ProtocolHandshake.lambda$createSession$0(ProtocolHandshake.java:126)
	at java.base/java.util.stream.ReferencePipeline$3$1.accept(ReferencePipeline.java:195)
	at java.base/java.util.Spliterators$ArraySpliterator.tryAdvance(Spliterators.java:958)
	at java.base/java.util.stream.ReferencePipeline.forEachWithCancel(ReferencePipeline.java:127)
	at java.base/java.util.stream.AbstractPipeline.copyIntoWithCancel(AbstractPipeline.java:502)
	at java.base/java.util.stream.AbstractPipeline.copyInto(AbstractPipeline.java:488)
	at java.base/java.util.stream.AbstractPipeline.wrapAndCopyInto(AbstractPipeline.java:474)
	at java.base/java.util.stream.FindOps$FindOp.evaluateSequential(FindOps.java:150)
	at java.base/java.util.stream.AbstractPipeline.evaluate(AbstractPipeline.java:234)
	at java.base/java.util.stream.ReferencePipeline.findFirst(ReferencePipeline.java:543)
	at org.openqa.selenium.remote.ProtocolHandshake.createSession(ProtocolHandshake.java:128)
	at org.openqa.selenium.remote.ProtocolHandshake.createSession(ProtocolHandshake.java:74)
	at org.openqa.selenium.remote.HttpCommandExecutor.execute(HttpCommandExecutor.java:136)
	at org.openqa.selenium.remote.service.DriverCommandExecutor.execute(DriverCommandExecutor.java:83)
	at org.openqa.selenium.remote.RemoteWebDriver.execute(RemoteWebDriver.java:552)
	at org.openqa.selenium.remote.RemoteWebDriver.startSession(RemoteWebDriver.java:213)
	at org.openqa.selenium.remote.RemoteWebDriver.&lt;init&gt;(RemoteWebDriver.java:131)
	at org.openqa.selenium.chrome.ChromeDriver.&lt;init&gt;(ChromeDriver.java:181)
	at org.openqa.selenium.chrome.ChromeDriver.&lt;init&gt;(ChromeDriver.java:168)
	at org.openqa.selenium.chrome.ChromeDriver.&lt;init&gt;(ChromeDriver.java:123)
	at com.base.TestBase.initialization(TestBase.java:45)
	at com.pageTest.Component_1_Test.setUp(Component_1_Test.java:30)
	at java.base/java.util.ArrayList.forEach(ArrayList.java:1511)
... Removed 46 stack frames</div></td></tr></table><p class="totop"><a href="#summary">back to summary</a></p>
<h3 id="m58">com.pageTest.Component_1_Test#displayTitleDataTest</h3><table class="result"><tr class="param"><th>Parameter #1</th></tr><tr class="param stripe"><td>I am a Automation Test Engineer</td></tr><tr><th>Exception</th></tr><tr><td><div class="stacktrace">org.openqa.selenium.SessionNotCreatedException: session not created: This version of ChromeDriver only supports Chrome version 86
Current browser version is 89.0.4389.128 with binary path /Applications/Google Chrome.app/Contents/MacOS/Google Chrome
Build info: version: &apos;3.141.59&apos;, revision: &apos;e82be7d358&apos;, time: &apos;2018-11-14T08:17:03&apos;
System info: host: &apos;Khosuzs-MBP.lan&apos;, ip: &apos;2603:7000:ac41:dd19:0:0:0:1bbe%en0&apos;, os.name: &apos;Mac OS X&apos;, os.arch: &apos;x86_64&apos;, os.version: &apos;10.16&apos;, java.version: &apos;15.0.1&apos;
Driver info: driver.version: ChromeDriver
remote stacktrace: 0   chromedriver                        0x000000010ae91c29 chromedriver + 2464809
1   chromedriver                        0x000000010b4cc6f3 chromedriver + 8996595
2   chromedriver                        0x000000010acd6d56 chromedriver + 650582
3   chromedriver                        0x000000010ac50f9a chromedriver + 102298
4   chromedriver                        0x000000010ac4d177 chromedriver + 86391
5   chromedriver                        0x000000010ac4a430 chromedriver + 74800
6   chromedriver                        0x000000010ac7c326 chromedriver + 279334
7   chromedriver                        0x000000010ac793f3 chromedriver + 267251
8   chromedriver                        0x000000010ac53230 chromedriver + 111152
9   chromedriver                        0x000000010ac541a7 chromedriver + 115111
10  chromedriver                        0x000000010ae64830 chromedriver + 2279472
11  chromedriver                        0x000000010ae6f83a chromedriver + 2324538
12  chromedriver                        0x000000010ae6f4a7 chromedriver + 2323623
13  chromedriver                        0x000000010ae4b945 chromedriver + 2177349
14  chromedriver                        0x000000010ae6fd41 chromedriver + 2325825
15  chromedriver                        0x000000010ae59bda chromedriver + 2235354
16  chromedriver                        0x000000010ae84c4a chromedriver + 2411594
17  chromedriver                        0x000000010ae96987 chromedriver + 2484615
18  libsystem_pthread.dylib             0x00007fff204ba950 _pthread_start + 224
19  libsystem_pthread.dylib             0x00007fff204b647b thread_start + 15

	at org.openqa.selenium.remote.W3CHandshakeResponse.lambda$errorHandler$0(W3CHandshakeResponse.java:62)
	at org.openqa.selenium.remote.HandshakeResponse.lambda$getResponseFunction$0(HandshakeResponse.java:30)
	at org.openqa.selenium.remote.ProtocolHandshake.lambda$createSession$0(ProtocolHandshake.java:126)
	at java.base/java.util.stream.ReferencePipeline$3$1.accept(ReferencePipeline.java:195)
	at java.base/java.util.Spliterators$ArraySpliterator.tryAdvance(Spliterators.java:958)
	at java.base/java.util.stream.ReferencePipeline.forEachWithCancel(ReferencePipeline.java:127)
	at java.base/java.util.stream.AbstractPipeline.copyIntoWithCancel(AbstractPipeline.java:502)
	at java.base/java.util.stream.AbstractPipeline.copyInto(AbstractPipeline.java:488)
	at java.base/java.util.stream.AbstractPipeline.wrapAndCopyInto(AbstractPipeline.java:474)
	at java.base/java.util.stream.FindOps$FindOp.evaluateSequential(FindOps.java:150)
	at java.base/java.util.stream.AbstractPipeline.evaluate(AbstractPipeline.java:234)
	at java.base/java.util.stream.ReferencePipeline.findFirst(ReferencePipeline.java:543)
	at org.openqa.selenium.remote.ProtocolHandshake.createSession(ProtocolHandshake.java:128)
	at org.openqa.selenium.remote.ProtocolHandshake.createSession(ProtocolHandshake.java:74)
	at org.openqa.selenium.remote.HttpCommandExecutor.execute(HttpCommandExecutor.java:136)
	at org.openqa.selenium.remote.service.DriverCommandExecutor.execute(DriverCommandExecutor.java:83)
	at org.openqa.selenium.remote.RemoteWebDriver.execute(RemoteWebDriver.java:552)
	at org.openqa.selenium.remote.RemoteWebDriver.startSession(RemoteWebDriver.java:213)
	at org.openqa.selenium.remote.RemoteWebDriver.&lt;init&gt;(RemoteWebDriver.java:131)
	at org.openqa.selenium.chrome.ChromeDriver.&lt;init&gt;(ChromeDriver.java:181)
	at org.openqa.selenium.chrome.ChromeDriver.&lt;init&gt;(ChromeDriver.java:168)
	at org.openqa.selenium.chrome.ChromeDriver.&lt;init&gt;(ChromeDriver.java:123)
	at com.base.TestBase.initialization(TestBase.java:45)
	at com.pageTest.Component_1_Test.setUp(Component_1_Test.java:30)
	at java.base/java.util.ArrayList.forEach(ArrayList.java:1511)
... Removed 46 stack frames</div></td></tr></table><p class="totop"><a href="#summary">back to summary</a></p>
<h3 id="m59">com.pageTest.Component_1_Test#displayTitleDataTest</h3><table class="result"><tr class="param"><th>Parameter #1</th></tr><tr class="param stripe"><td>I want to be a good person</td></tr><tr><th>Exception</th></tr><tr><td><div class="stacktrace">org.openqa.selenium.SessionNotCreatedException: session not created: This version of ChromeDriver only supports Chrome version 86
Current browser version is 89.0.4389.128 with binary path /Applications/Google Chrome.app/Contents/MacOS/Google Chrome
Build info: version: &apos;3.141.59&apos;, revision: &apos;e82be7d358&apos;, time: &apos;2018-11-14T08:17:03&apos;
System info: host: &apos;Khosuzs-MBP.lan&apos;, ip: &apos;2603:7000:ac41:dd19:0:0:0:1bbe%en0&apos;, os.name: &apos;Mac OS X&apos;, os.arch: &apos;x86_64&apos;, os.version: &apos;10.16&apos;, java.version: &apos;15.0.1&apos;
Driver info: driver.version: ChromeDriver
remote stacktrace: 0   chromedriver                        0x000000010ae91c29 chromedriver + 2464809
1   chromedriver                        0x000000010b4cc6f3 chromedriver + 8996595
2   chromedriver                        0x000000010acd6d56 chromedriver + 650582
3   chromedriver                        0x000000010ac50f9a chromedriver + 102298
4   chromedriver                        0x000000010ac4d177 chromedriver + 86391
5   chromedriver                        0x000000010ac4a430 chromedriver + 74800
6   chromedriver                        0x000000010ac7c326 chromedriver + 279334
7   chromedriver                        0x000000010ac793f3 chromedriver + 267251
8   chromedriver                        0x000000010ac53230 chromedriver + 111152
9   chromedriver                        0x000000010ac541a7 chromedriver + 115111
10  chromedriver                        0x000000010ae64830 chromedriver + 2279472
11  chromedriver                        0x000000010ae6f83a chromedriver + 2324538
12  chromedriver                        0x000000010ae6f4a7 chromedriver + 2323623
13  chromedriver                        0x000000010ae4b945 chromedriver + 2177349
14  chromedriver                        0x000000010ae6fd41 chromedriver + 2325825
15  chromedriver                        0x000000010ae59bda chromedriver + 2235354
16  chromedriver                        0x000000010ae84c4a chromedriver + 2411594
17  chromedriver                        0x000000010ae96987 chromedriver + 2484615
18  libsystem_pthread.dylib             0x00007fff204ba950 _pthread_start + 224
19  libsystem_pthread.dylib             0x00007fff204b647b thread_start + 15

	at org.openqa.selenium.remote.W3CHandshakeResponse.lambda$errorHandler$0(W3CHandshakeResponse.java:62)
	at org.openqa.selenium.remote.HandshakeResponse.lambda$getResponseFunction$0(HandshakeResponse.java:30)
	at org.openqa.selenium.remote.ProtocolHandshake.lambda$createSession$0(ProtocolHandshake.java:126)
	at java.base/java.util.stream.ReferencePipeline$3$1.accept(ReferencePipeline.java:195)
	at java.base/java.util.Spliterators$ArraySpliterator.tryAdvance(Spliterators.java:958)
	at java.base/java.util.stream.ReferencePipeline.forEachWithCancel(ReferencePipeline.java:127)
	at java.base/java.util.stream.AbstractPipeline.copyIntoWithCancel(AbstractPipeline.java:502)
	at java.base/java.util.stream.AbstractPipeline.copyInto(AbstractPipeline.java:488)
	at java.base/java.util.stream.AbstractPipeline.wrapAndCopyInto(AbstractPipeline.java:474)
	at java.base/java.util.stream.FindOps$FindOp.evaluateSequential(FindOps.java:150)
	at java.base/java.util.stream.AbstractPipeline.evaluate(AbstractPipeline.java:234)
	at java.base/java.util.stream.ReferencePipeline.findFirst(ReferencePipeline.java:543)
	at org.openqa.selenium.remote.ProtocolHandshake.createSession(ProtocolHandshake.java:128)
	at org.openqa.selenium.remote.ProtocolHandshake.createSession(ProtocolHandshake.java:74)
	at org.openqa.selenium.remote.HttpCommandExecutor.execute(HttpCommandExecutor.java:136)
	at org.openqa.selenium.remote.service.DriverCommandExecutor.execute(DriverCommandExecutor.java:83)
	at org.openqa.selenium.remote.RemoteWebDriver.execute(RemoteWebDriver.java:552)
	at org.openqa.selenium.remote.RemoteWebDriver.startSession(RemoteWebDriver.java:213)
	at org.openqa.selenium.remote.RemoteWebDriver.&lt;init&gt;(RemoteWebDriver.java:131)
	at org.openqa.selenium.chrome.ChromeDriver.&lt;init&gt;(ChromeDriver.java:181)
	at org.openqa.selenium.chrome.ChromeDriver.&lt;init&gt;(ChromeDriver.java:168)
	at org.openqa.selenium.chrome.ChromeDriver.&lt;init&gt;(ChromeDriver.java:123)
	at com.base.TestBase.initialization(TestBase.java:45)
	at com.pageTest.Component_1_Test.setUp(Component_1_Test.java:30)
	at java.base/java.util.ArrayList.forEach(ArrayList.java:1511)
... Removed 46 stack frames</div></td></tr></table><p class="totop"><a href="#summary">back to summary</a></p>
<h3 id="m60">com.pageTest.Component_1_Test#displayTitleDataTest</h3><table class="result"><tr class="param"><th>Parameter #1</th></tr><tr class="param stripe"><td>I am fine with this process</td></tr><tr><th>Exception</th></tr><tr><td><div class="stacktrace">org.openqa.selenium.SessionNotCreatedException: session not created: This version of ChromeDriver only supports Chrome version 86
Current browser version is 89.0.4389.128 with binary path /Applications/Google Chrome.app/Contents/MacOS/Google Chrome
Build info: version: &apos;3.141.59&apos;, revision: &apos;e82be7d358&apos;, time: &apos;2018-11-14T08:17:03&apos;
System info: host: &apos;Khosuzs-MBP.lan&apos;, ip: &apos;2603:7000:ac41:dd19:0:0:0:1bbe%en0&apos;, os.name: &apos;Mac OS X&apos;, os.arch: &apos;x86_64&apos;, os.version: &apos;10.16&apos;, java.version: &apos;15.0.1&apos;
Driver info: driver.version: ChromeDriver
remote stacktrace: 0   chromedriver                        0x000000010ae91c29 chromedriver + 2464809
1   chromedriver                        0x000000010b4cc6f3 chromedriver + 8996595
2   chromedriver                        0x000000010acd6d56 chromedriver + 650582
3   chromedriver                        0x000000010ac50f9a chromedriver + 102298
4   chromedriver                        0x000000010ac4d177 chromedriver + 86391
5   chromedriver                        0x000000010ac4a430 chromedriver + 74800
6   chromedriver                        0x000000010ac7c326 chromedriver + 279334
7   chromedriver                        0x000000010ac793f3 chromedriver + 267251
8   chromedriver                        0x000000010ac53230 chromedriver + 111152
9   chromedriver                        0x000000010ac541a7 chromedriver + 115111
10  chromedriver                        0x000000010ae64830 chromedriver + 2279472
11  chromedriver                        0x000000010ae6f83a chromedriver + 2324538
12  chromedriver                        0x000000010ae6f4a7 chromedriver + 2323623
13  chromedriver                        0x000000010ae4b945 chromedriver + 2177349
14  chromedriver                        0x000000010ae6fd41 chromedriver + 2325825
15  chromedriver                        0x000000010ae59bda chromedriver + 2235354
16  chromedriver                        0x000000010ae84c4a chromedriver + 2411594
17  chromedriver                        0x000000010ae96987 chromedriver + 2484615
18  libsystem_pthread.dylib             0x00007fff204ba950 _pthread_start + 224
19  libsystem_pthread.dylib             0x00007fff204b647b thread_start + 15

	at org.openqa.selenium.remote.W3CHandshakeResponse.lambda$errorHandler$0(W3CHandshakeResponse.java:62)
	at org.openqa.selenium.remote.HandshakeResponse.lambda$getResponseFunction$0(HandshakeResponse.java:30)
	at org.openqa.selenium.remote.ProtocolHandshake.lambda$createSession$0(ProtocolHandshake.java:126)
	at java.base/java.util.stream.ReferencePipeline$3$1.accept(ReferencePipeline.java:195)
	at java.base/java.util.Spliterators$ArraySpliterator.tryAdvance(Spliterators.java:958)
	at java.base/java.util.stream.ReferencePipeline.forEachWithCancel(ReferencePipeline.java:127)
	at java.base/java.util.stream.AbstractPipeline.copyIntoWithCancel(AbstractPipeline.java:502)
	at java.base/java.util.stream.AbstractPipeline.copyInto(AbstractPipeline.java:488)
	at java.base/java.util.stream.AbstractPipeline.wrapAndCopyInto(AbstractPipeline.java:474)
	at java.base/java.util.stream.FindOps$FindOp.evaluateSequential(FindOps.java:150)
	at java.base/java.util.stream.AbstractPipeline.evaluate(AbstractPipeline.java:234)
	at java.base/java.util.stream.ReferencePipeline.findFirst(ReferencePipeline.java:543)
	at org.openqa.selenium.remote.ProtocolHandshake.createSession(ProtocolHandshake.java:128)
	at org.openqa.selenium.remote.ProtocolHandshake.createSession(ProtocolHandshake.java:74)
	at org.openqa.selenium.remote.HttpCommandExecutor.execute(HttpCommandExecutor.java:136)
	at org.openqa.selenium.remote.service.DriverCommandExecutor.execute(DriverCommandExecutor.java:83)
	at org.openqa.selenium.remote.RemoteWebDriver.execute(RemoteWebDriver.java:552)
	at org.openqa.selenium.remote.RemoteWebDriver.startSession(RemoteWebDriver.java:213)
	at org.openqa.selenium.remote.RemoteWebDriver.&lt;init&gt;(RemoteWebDriver.java:131)
	at org.openqa.selenium.chrome.ChromeDriver.&lt;init&gt;(ChromeDriver.java:181)
	at org.openqa.selenium.chrome.ChromeDriver.&lt;init&gt;(ChromeDriver.java:168)
	at org.openqa.selenium.chrome.ChromeDriver.&lt;init&gt;(ChromeDriver.java:123)
	at com.base.TestBase.initialization(TestBase.java:45)
	at com.pageTest.Component_1_Test.setUp(Component_1_Test.java:30)
	at java.base/java.util.ArrayList.forEach(ArrayList.java:1511)
... Removed 46 stack frames</div></td></tr></table><p class="totop"><a href="#summary">back to summary</a></p>
<h3 id="m61">com.pageTest.Component_1_Test#displayTitleDataTest</h3><table class="result"><tr class="param"><th>Parameter #1</th></tr><tr class="param stripe"><td>I love my dream</td></tr><tr><th>Exception</th></tr><tr><td><div class="stacktrace">org.openqa.selenium.SessionNotCreatedException: session not created: This version of ChromeDriver only supports Chrome version 86
Current browser version is 89.0.4389.128 with binary path /Applications/Google Chrome.app/Contents/MacOS/Google Chrome
Build info: version: &apos;3.141.59&apos;, revision: &apos;e82be7d358&apos;, time: &apos;2018-11-14T08:17:03&apos;
System info: host: &apos;Khosuzs-MBP.lan&apos;, ip: &apos;2603:7000:ac41:dd19:0:0:0:1bbe%en0&apos;, os.name: &apos;Mac OS X&apos;, os.arch: &apos;x86_64&apos;, os.version: &apos;10.16&apos;, java.version: &apos;15.0.1&apos;
Driver info: driver.version: ChromeDriver
remote stacktrace: 0   chromedriver                        0x000000010ae91c29 chromedriver + 2464809
1   chromedriver                        0x000000010b4cc6f3 chromedriver + 8996595
2   chromedriver                        0x000000010acd6d56 chromedriver + 650582
3   chromedriver                        0x000000010ac50f9a chromedriver + 102298
4   chromedriver                        0x000000010ac4d177 chromedriver + 86391
5   chromedriver                        0x000000010ac4a430 chromedriver + 74800
6   chromedriver                        0x000000010ac7c326 chromedriver + 279334
7   chromedriver                        0x000000010ac793f3 chromedriver + 267251
8   chromedriver                        0x000000010ac53230 chromedriver + 111152
9   chromedriver                        0x000000010ac541a7 chromedriver + 115111
10  chromedriver                        0x000000010ae64830 chromedriver + 2279472
11  chromedriver                        0x000000010ae6f83a chromedriver + 2324538
12  chromedriver                        0x000000010ae6f4a7 chromedriver + 2323623
13  chromedriver                        0x000000010ae4b945 chromedriver + 2177349
14  chromedriver                        0x000000010ae6fd41 chromedriver + 2325825
15  chromedriver                        0x000000010ae59bda chromedriver + 2235354
16  chromedriver                        0x000000010ae84c4a chromedriver + 2411594
17  chromedriver                        0x000000010ae96987 chromedriver + 2484615
18  libsystem_pthread.dylib             0x00007fff204ba950 _pthread_start + 224
19  libsystem_pthread.dylib             0x00007fff204b647b thread_start + 15

	at org.openqa.selenium.remote.W3CHandshakeResponse.lambda$errorHandler$0(W3CHandshakeResponse.java:62)
	at org.openqa.selenium.remote.HandshakeResponse.lambda$getResponseFunction$0(HandshakeResponse.java:30)
	at org.openqa.selenium.remote.ProtocolHandshake.lambda$createSession$0(ProtocolHandshake.java:126)
	at java.base/java.util.stream.ReferencePipeline$3$1.accept(ReferencePipeline.java:195)
	at java.base/java.util.Spliterators$ArraySpliterator.tryAdvance(Spliterators.java:958)
	at java.base/java.util.stream.ReferencePipeline.forEachWithCancel(ReferencePipeline.java:127)
	at java.base/java.util.stream.AbstractPipeline.copyIntoWithCancel(AbstractPipeline.java:502)
	at java.base/java.util.stream.AbstractPipeline.copyInto(AbstractPipeline.java:488)
	at java.base/java.util.stream.AbstractPipeline.wrapAndCopyInto(AbstractPipeline.java:474)
	at java.base/java.util.stream.FindOps$FindOp.evaluateSequential(FindOps.java:150)
	at java.base/java.util.stream.AbstractPipeline.evaluate(AbstractPipeline.java:234)
	at java.base/java.util.stream.ReferencePipeline.findFirst(ReferencePipeline.java:543)
	at org.openqa.selenium.remote.ProtocolHandshake.createSession(ProtocolHandshake.java:128)
	at org.openqa.selenium.remote.ProtocolHandshake.createSession(ProtocolHandshake.java:74)
	at org.openqa.selenium.remote.HttpCommandExecutor.execute(HttpCommandExecutor.java:136)
	at org.openqa.selenium.remote.service.DriverCommandExecutor.execute(DriverCommandExecutor.java:83)
	at org.openqa.selenium.remote.RemoteWebDriver.execute(RemoteWebDriver.java:552)
	at org.openqa.selenium.remote.RemoteWebDriver.startSession(RemoteWebDriver.java:213)
	at org.openqa.selenium.remote.RemoteWebDriver.&lt;init&gt;(RemoteWebDriver.java:131)
	at org.openqa.selenium.chrome.ChromeDriver.&lt;init&gt;(ChromeDriver.java:181)
	at org.openqa.selenium.chrome.ChromeDriver.&lt;init&gt;(ChromeDriver.java:168)
	at org.openqa.selenium.chrome.ChromeDriver.&lt;init&gt;(ChromeDriver.java:123)
	at com.base.TestBase.initialization(TestBase.java:45)
	at com.pageTest.Component_1_Test.setUp(Component_1_Test.java:30)
	at java.base/java.util.ArrayList.forEach(ArrayList.java:1511)
... Removed 46 stack frames</div></td></tr></table><p class="totop"><a href="#summary">back to summary</a></p>
<h3 id="m62">com.pageTest.Component_1_Test#pageTitleTest</h3><table class="result"><tr><th>Exception</th></tr><tr><td><div class="stacktrace">org.openqa.selenium.SessionNotCreatedException: session not created: This version of ChromeDriver only supports Chrome version 86
Current browser version is 89.0.4389.128 with binary path /Applications/Google Chrome.app/Contents/MacOS/Google Chrome
Build info: version: &apos;3.141.59&apos;, revision: &apos;e82be7d358&apos;, time: &apos;2018-11-14T08:17:03&apos;
System info: host: &apos;Khosuzs-MBP.lan&apos;, ip: &apos;2603:7000:ac41:dd19:0:0:0:1bbe%en0&apos;, os.name: &apos;Mac OS X&apos;, os.arch: &apos;x86_64&apos;, os.version: &apos;10.16&apos;, java.version: &apos;15.0.1&apos;
Driver info: driver.version: ChromeDriver
remote stacktrace: 0   chromedriver                        0x000000010ae91c29 chromedriver + 2464809
1   chromedriver                        0x000000010b4cc6f3 chromedriver + 8996595
2   chromedriver                        0x000000010acd6d56 chromedriver + 650582
3   chromedriver                        0x000000010ac50f9a chromedriver + 102298
4   chromedriver                        0x000000010ac4d177 chromedriver + 86391
5   chromedriver                        0x000000010ac4a430 chromedriver + 74800
6   chromedriver                        0x000000010ac7c326 chromedriver + 279334
7   chromedriver                        0x000000010ac793f3 chromedriver + 267251
8   chromedriver                        0x000000010ac53230 chromedriver + 111152
9   chromedriver                        0x000000010ac541a7 chromedriver + 115111
10  chromedriver                        0x000000010ae64830 chromedriver + 2279472
11  chromedriver                        0x000000010ae6f83a chromedriver + 2324538
12  chromedriver                        0x000000010ae6f4a7 chromedriver + 2323623
13  chromedriver                        0x000000010ae4b945 chromedriver + 2177349
14  chromedriver                        0x000000010ae6fd41 chromedriver + 2325825
15  chromedriver                        0x000000010ae59bda chromedriver + 2235354
16  chromedriver                        0x000000010ae84c4a chromedriver + 2411594
17  chromedriver                        0x000000010ae96987 chromedriver + 2484615
18  libsystem_pthread.dylib             0x00007fff204ba950 _pthread_start + 224
19  libsystem_pthread.dylib             0x00007fff204b647b thread_start + 15

	at org.openqa.selenium.remote.W3CHandshakeResponse.lambda$errorHandler$0(W3CHandshakeResponse.java:62)
	at org.openqa.selenium.remote.HandshakeResponse.lambda$getResponseFunction$0(HandshakeResponse.java:30)
	at org.openqa.selenium.remote.ProtocolHandshake.lambda$createSession$0(ProtocolHandshake.java:126)
	at java.base/java.util.stream.ReferencePipeline$3$1.accept(ReferencePipeline.java:195)
	at java.base/java.util.Spliterators$ArraySpliterator.tryAdvance(Spliterators.java:958)
	at java.base/java.util.stream.ReferencePipeline.forEachWithCancel(ReferencePipeline.java:127)
	at java.base/java.util.stream.AbstractPipeline.copyIntoWithCancel(AbstractPipeline.java:502)
	at java.base/java.util.stream.AbstractPipeline.copyInto(AbstractPipeline.java:488)
	at java.base/java.util.stream.AbstractPipeline.wrapAndCopyInto(AbstractPipeline.java:474)
	at java.base/java.util.stream.FindOps$FindOp.evaluateSequential(FindOps.java:150)
	at java.base/java.util.stream.AbstractPipeline.evaluate(AbstractPipeline.java:234)
	at java.base/java.util.stream.ReferencePipeline.findFirst(ReferencePipeline.java:543)
	at org.openqa.selenium.remote.ProtocolHandshake.createSession(ProtocolHandshake.java:128)
	at org.openqa.selenium.remote.ProtocolHandshake.createSession(ProtocolHandshake.java:74)
	at org.openqa.selenium.remote.HttpCommandExecutor.execute(HttpCommandExecutor.java:136)
	at org.openqa.selenium.remote.service.DriverCommandExecutor.execute(DriverCommandExecutor.java:83)
	at org.openqa.selenium.remote.RemoteWebDriver.execute(RemoteWebDriver.java:552)
	at org.openqa.selenium.remote.RemoteWebDriver.startSession(RemoteWebDriver.java:213)
	at org.openqa.selenium.remote.RemoteWebDriver.&lt;init&gt;(RemoteWebDriver.java:131)
	at org.openqa.selenium.chrome.ChromeDriver.&lt;init&gt;(ChromeDriver.java:181)
	at org.openqa.selenium.chrome.ChromeDriver.&lt;init&gt;(ChromeDriver.java:168)
	at org.openqa.selenium.chrome.ChromeDriver.&lt;init&gt;(ChromeDriver.java:123)
	at com.base.TestBase.initialization(TestBase.java:45)
	at com.pageTest.Component_1_Test.setUp(Component_1_Test.java:30)
	at java.base/java.util.ArrayList.forEach(ArrayList.java:1511)
... Removed 46 stack frames</div></td></tr></table><p class="totop"><a href="#summary">back to summary</a></p>
<h3 id="m63">com.pageTest.Component_1_Test#setNewValueTest</h3><table class="result"><tr class="param"><th>Parameter #1</th></tr><tr class="param stripe"><td>I am a Automation Test Engineer</td></tr><tr><th>Exception</th></tr><tr><td><div class="stacktrace">org.openqa.selenium.SessionNotCreatedException: session not created: This version of ChromeDriver only supports Chrome version 86
Current browser version is 89.0.4389.128 with binary path /Applications/Google Chrome.app/Contents/MacOS/Google Chrome
Build info: version: &apos;3.141.59&apos;, revision: &apos;e82be7d358&apos;, time: &apos;2018-11-14T08:17:03&apos;
System info: host: &apos;Khosuzs-MBP.lan&apos;, ip: &apos;2603:7000:ac41:dd19:0:0:0:1bbe%en0&apos;, os.name: &apos;Mac OS X&apos;, os.arch: &apos;x86_64&apos;, os.version: &apos;10.16&apos;, java.version: &apos;15.0.1&apos;
Driver info: driver.version: ChromeDriver
remote stacktrace: 0   chromedriver                        0x000000010ae91c29 chromedriver + 2464809
1   chromedriver                        0x000000010b4cc6f3 chromedriver + 8996595
2   chromedriver                        0x000000010acd6d56 chromedriver + 650582
3   chromedriver                        0x000000010ac50f9a chromedriver + 102298
4   chromedriver                        0x000000010ac4d177 chromedriver + 86391
5   chromedriver                        0x000000010ac4a430 chromedriver + 74800
6   chromedriver                        0x000000010ac7c326 chromedriver + 279334
7   chromedriver                        0x000000010ac793f3 chromedriver + 267251
8   chromedriver                        0x000000010ac53230 chromedriver + 111152
9   chromedriver                        0x000000010ac541a7 chromedriver + 115111
10  chromedriver                        0x000000010ae64830 chromedriver + 2279472
11  chromedriver                        0x000000010ae6f83a chromedriver + 2324538
12  chromedriver                        0x000000010ae6f4a7 chromedriver + 2323623
13  chromedriver                        0x000000010ae4b945 chromedriver + 2177349
14  chromedriver                        0x000000010ae6fd41 chromedriver + 2325825
15  chromedriver                        0x000000010ae59bda chromedriver + 2235354
16  chromedriver                        0x000000010ae84c4a chromedriver + 2411594
17  chromedriver                        0x000000010ae96987 chromedriver + 2484615
18  libsystem_pthread.dylib             0x00007fff204ba950 _pthread_start + 224
19  libsystem_pthread.dylib             0x00007fff204b647b thread_start + 15

	at org.openqa.selenium.remote.W3CHandshakeResponse.lambda$errorHandler$0(W3CHandshakeResponse.java:62)
	at org.openqa.selenium.remote.HandshakeResponse.lambda$getResponseFunction$0(HandshakeResponse.java:30)
	at org.openqa.selenium.remote.ProtocolHandshake.lambda$createSession$0(ProtocolHandshake.java:126)
	at java.base/java.util.stream.ReferencePipeline$3$1.accept(ReferencePipeline.java:195)
	at java.base/java.util.Spliterators$ArraySpliterator.tryAdvance(Spliterators.java:958)
	at java.base/java.util.stream.ReferencePipeline.forEachWithCancel(ReferencePipeline.java:127)
	at java.base/java.util.stream.AbstractPipeline.copyIntoWithCancel(AbstractPipeline.java:502)
	at java.base/java.util.stream.AbstractPipeline.copyInto(AbstractPipeline.java:488)
	at java.base/java.util.stream.AbstractPipeline.wrapAndCopyInto(AbstractPipeline.java:474)
	at java.base/java.util.stream.FindOps$FindOp.evaluateSequential(FindOps.java:150)
	at java.base/java.util.stream.AbstractPipeline.evaluate(AbstractPipeline.java:234)
	at java.base/java.util.stream.ReferencePipeline.findFirst(ReferencePipeline.java:543)
	at org.openqa.selenium.remote.ProtocolHandshake.createSession(ProtocolHandshake.java:128)
	at org.openqa.selenium.remote.ProtocolHandshake.createSession(ProtocolHandshake.java:74)
	at org.openqa.selenium.remote.HttpCommandExecutor.execute(HttpCommandExecutor.java:136)
	at org.openqa.selenium.remote.service.DriverCommandExecutor.execute(DriverCommandExecutor.java:83)
	at org.openqa.selenium.remote.RemoteWebDriver.execute(RemoteWebDriver.java:552)
	at org.openqa.selenium.remote.RemoteWebDriver.startSession(RemoteWebDriver.java:213)
	at org.openqa.selenium.remote.RemoteWebDriver.&lt;init&gt;(RemoteWebDriver.java:131)
	at org.openqa.selenium.chrome.ChromeDriver.&lt;init&gt;(ChromeDriver.java:181)
	at org.openqa.selenium.chrome.ChromeDriver.&lt;init&gt;(ChromeDriver.java:168)
	at org.openqa.selenium.chrome.ChromeDriver.&lt;init&gt;(ChromeDriver.java:123)
	at com.base.TestBase.initialization(TestBase.java:45)
	at com.pageTest.Component_1_Test.setUp(Component_1_Test.java:30)
	at java.base/java.util.ArrayList.forEach(ArrayList.java:1511)
... Removed 46 stack frames</div></td></tr></table><p class="totop"><a href="#summary">back to summary</a></p>
<h3 id="m64">com.pageTest.Component_1_Test#setNewValueTest</h3><table class="result"><tr class="param"><th>Parameter #1</th></tr><tr class="param stripe"><td>I want to be a good person</td></tr><tr><th>Exception</th></tr><tr><td><div class="stacktrace">org.openqa.selenium.SessionNotCreatedException: session not created: This version of ChromeDriver only supports Chrome version 86
Current browser version is 89.0.4389.128 with binary path /Applications/Google Chrome.app/Contents/MacOS/Google Chrome
Build info: version: &apos;3.141.59&apos;, revision: &apos;e82be7d358&apos;, time: &apos;2018-11-14T08:17:03&apos;
System info: host: &apos;Khosuzs-MBP.lan&apos;, ip: &apos;2603:7000:ac41:dd19:0:0:0:1bbe%en0&apos;, os.name: &apos;Mac OS X&apos;, os.arch: &apos;x86_64&apos;, os.version: &apos;10.16&apos;, java.version: &apos;15.0.1&apos;
Driver info: driver.version: ChromeDriver
remote stacktrace: 0   chromedriver                        0x000000010ae91c29 chromedriver + 2464809
1   chromedriver                        0x000000010b4cc6f3 chromedriver + 8996595
2   chromedriver                        0x000000010acd6d56 chromedriver + 650582
3   chromedriver                        0x000000010ac50f9a chromedriver + 102298
4   chromedriver                        0x000000010ac4d177 chromedriver + 86391
5   chromedriver                        0x000000010ac4a430 chromedriver + 74800
6   chromedriver                        0x000000010ac7c326 chromedriver + 279334
7   chromedriver                        0x000000010ac793f3 chromedriver + 267251
8   chromedriver                        0x000000010ac53230 chromedriver + 111152
9   chromedriver                        0x000000010ac541a7 chromedriver + 115111
10  chromedriver                        0x000000010ae64830 chromedriver + 2279472
11  chromedriver                        0x000000010ae6f83a chromedriver + 2324538
12  chromedriver                        0x000000010ae6f4a7 chromedriver + 2323623
13  chromedriver                        0x000000010ae4b945 chromedriver + 2177349
14  chromedriver                        0x000000010ae6fd41 chromedriver + 2325825
15  chromedriver                        0x000000010ae59bda chromedriver + 2235354
16  chromedriver                        0x000000010ae84c4a chromedriver + 2411594
17  chromedriver                        0x000000010ae96987 chromedriver + 2484615
18  libsystem_pthread.dylib             0x00007fff204ba950 _pthread_start + 224
19  libsystem_pthread.dylib             0x00007fff204b647b thread_start + 15

	at org.openqa.selenium.remote.W3CHandshakeResponse.lambda$errorHandler$0(W3CHandshakeResponse.java:62)
	at org.openqa.selenium.remote.HandshakeResponse.lambda$getResponseFunction$0(HandshakeResponse.java:30)
	at org.openqa.selenium.remote.ProtocolHandshake.lambda$createSession$0(ProtocolHandshake.java:126)
	at java.base/java.util.stream.ReferencePipeline$3$1.accept(ReferencePipeline.java:195)
	at java.base/java.util.Spliterators$ArraySpliterator.tryAdvance(Spliterators.java:958)
	at java.base/java.util.stream.ReferencePipeline.forEachWithCancel(ReferencePipeline.java:127)
	at java.base/java.util.stream.AbstractPipeline.copyIntoWithCancel(AbstractPipeline.java:502)
	at java.base/java.util.stream.AbstractPipeline.copyInto(AbstractPipeline.java:488)
	at java.base/java.util.stream.AbstractPipeline.wrapAndCopyInto(AbstractPipeline.java:474)
	at java.base/java.util.stream.FindOps$FindOp.evaluateSequential(FindOps.java:150)
	at java.base/java.util.stream.AbstractPipeline.evaluate(AbstractPipeline.java:234)
	at java.base/java.util.stream.ReferencePipeline.findFirst(ReferencePipeline.java:543)
	at org.openqa.selenium.remote.ProtocolHandshake.createSession(ProtocolHandshake.java:128)
	at org.openqa.selenium.remote.ProtocolHandshake.createSession(ProtocolHandshake.java:74)
	at org.openqa.selenium.remote.HttpCommandExecutor.execute(HttpCommandExecutor.java:136)
	at org.openqa.selenium.remote.service.DriverCommandExecutor.execute(DriverCommandExecutor.java:83)
	at org.openqa.selenium.remote.RemoteWebDriver.execute(RemoteWebDriver.java:552)
	at org.openqa.selenium.remote.RemoteWebDriver.startSession(RemoteWebDriver.java:213)
	at org.openqa.selenium.remote.RemoteWebDriver.&lt;init&gt;(RemoteWebDriver.java:131)
	at org.openqa.selenium.chrome.ChromeDriver.&lt;init&gt;(ChromeDriver.java:181)
	at org.openqa.selenium.chrome.ChromeDriver.&lt;init&gt;(ChromeDriver.java:168)
	at org.openqa.selenium.chrome.ChromeDriver.&lt;init&gt;(ChromeDriver.java:123)
	at com.base.TestBase.initialization(TestBase.java:45)
	at com.pageTest.Component_1_Test.setUp(Component_1_Test.java:30)
	at java.base/java.util.ArrayList.forEach(ArrayList.java:1511)
... Removed 46 stack frames</div></td></tr></table><p class="totop"><a href="#summary">back to summary</a></p>
<h3 id="m65">com.pageTest.Component_1_Test#setNewValueTest</h3><table class="result"><tr class="param"><th>Parameter #1</th></tr><tr class="param stripe"><td>I love to be honest with everyone</td></tr><tr><th>Exception</th></tr><tr><td><div class="stacktrace">org.openqa.selenium.SessionNotCreatedException: session not created: This version of ChromeDriver only supports Chrome version 86
Current browser version is 89.0.4389.128 with binary path /Applications/Google Chrome.app/Contents/MacOS/Google Chrome
Build info: version: &apos;3.141.59&apos;, revision: &apos;e82be7d358&apos;, time: &apos;2018-11-14T08:17:03&apos;
System info: host: &apos;Khosuzs-MBP.lan&apos;, ip: &apos;2603:7000:ac41:dd19:0:0:0:1bbe%en0&apos;, os.name: &apos;Mac OS X&apos;, os.arch: &apos;x86_64&apos;, os.version: &apos;10.16&apos;, java.version: &apos;15.0.1&apos;
Driver info: driver.version: ChromeDriver
remote stacktrace: 0   chromedriver                        0x000000010ae91c29 chromedriver + 2464809
1   chromedriver                        0x000000010b4cc6f3 chromedriver + 8996595
2   chromedriver                        0x000000010acd6d56 chromedriver + 650582
3   chromedriver                        0x000000010ac50f9a chromedriver + 102298
4   chromedriver                        0x000000010ac4d177 chromedriver + 86391
5   chromedriver                        0x000000010ac4a430 chromedriver + 74800
6   chromedriver                        0x000000010ac7c326 chromedriver + 279334
7   chromedriver                        0x000000010ac793f3 chromedriver + 267251
8   chromedriver                        0x000000010ac53230 chromedriver + 111152
9   chromedriver                        0x000000010ac541a7 chromedriver + 115111
10  chromedriver                        0x000000010ae64830 chromedriver + 2279472
11  chromedriver                        0x000000010ae6f83a chromedriver + 2324538
12  chromedriver                        0x000000010ae6f4a7 chromedriver + 2323623
13  chromedriver                        0x000000010ae4b945 chromedriver + 2177349
14  chromedriver                        0x000000010ae6fd41 chromedriver + 2325825
15  chromedriver                        0x000000010ae59bda chromedriver + 2235354
16  chromedriver                        0x000000010ae84c4a chromedriver + 2411594
17  chromedriver                        0x000000010ae96987 chromedriver + 2484615
18  libsystem_pthread.dylib             0x00007fff204ba950 _pthread_start + 224
19  libsystem_pthread.dylib             0x00007fff204b647b thread_start + 15

	at org.openqa.selenium.remote.W3CHandshakeResponse.lambda$errorHandler$0(W3CHandshakeResponse.java:62)
	at org.openqa.selenium.remote.HandshakeResponse.lambda$getResponseFunction$0(HandshakeResponse.java:30)
	at org.openqa.selenium.remote.ProtocolHandshake.lambda$createSession$0(ProtocolHandshake.java:126)
	at java.base/java.util.stream.ReferencePipeline$3$1.accept(ReferencePipeline.java:195)
	at java.base/java.util.Spliterators$ArraySpliterator.tryAdvance(Spliterators.java:958)
	at java.base/java.util.stream.ReferencePipeline.forEachWithCancel(ReferencePipeline.java:127)
	at java.base/java.util.stream.AbstractPipeline.copyIntoWithCancel(AbstractPipeline.java:502)
	at java.base/java.util.stream.AbstractPipeline.copyInto(AbstractPipeline.java:488)
	at java.base/java.util.stream.AbstractPipeline.wrapAndCopyInto(AbstractPipeline.java:474)
	at java.base/java.util.stream.FindOps$FindOp.evaluateSequential(FindOps.java:150)
	at java.base/java.util.stream.AbstractPipeline.evaluate(AbstractPipeline.java:234)
	at java.base/java.util.stream.ReferencePipeline.findFirst(ReferencePipeline.java:543)
	at org.openqa.selenium.remote.ProtocolHandshake.createSession(ProtocolHandshake.java:128)
	at org.openqa.selenium.remote.ProtocolHandshake.createSession(ProtocolHandshake.java:74)
	at org.openqa.selenium.remote.HttpCommandExecutor.execute(HttpCommandExecutor.java:136)
	at org.openqa.selenium.remote.service.DriverCommandExecutor.execute(DriverCommandExecutor.java:83)
	at org.openqa.selenium.remote.RemoteWebDriver.execute(RemoteWebDriver.java:552)
	at org.openqa.selenium.remote.RemoteWebDriver.startSession(RemoteWebDriver.java:213)
	at org.openqa.selenium.remote.RemoteWebDriver.&lt;init&gt;(RemoteWebDriver.java:131)
	at org.openqa.selenium.chrome.ChromeDriver.&lt;init&gt;(ChromeDriver.java:181)
	at org.openqa.selenium.chrome.ChromeDriver.&lt;init&gt;(ChromeDriver.java:168)
	at org.openqa.selenium.chrome.ChromeDriver.&lt;init&gt;(ChromeDriver.java:123)
	at com.base.TestBase.initialization(TestBase.java:45)
	at com.pageTest.Component_1_Test.setUp(Component_1_Test.java:30)
	at java.base/java.util.ArrayList.forEach(ArrayList.java:1511)
... Removed 46 stack frames</div></td></tr></table><p class="totop"><a href="#summary">back to summary</a></p>
<h3 id="m66">com.pageTest.Component_1_Test#setNewValueTest</h3><table class="result"><tr class="param"><th>Parameter #1</th></tr><tr class="param stripe"><td>I am Developepr</td></tr><tr><th>Exception</th></tr><tr><td><div class="stacktrace">org.openqa.selenium.SessionNotCreatedException: session not created: This version of ChromeDriver only supports Chrome version 86
Current browser version is 89.0.4389.128 with binary path /Applications/Google Chrome.app/Contents/MacOS/Google Chrome
Build info: version: &apos;3.141.59&apos;, revision: &apos;e82be7d358&apos;, time: &apos;2018-11-14T08:17:03&apos;
System info: host: &apos;Khosuzs-MBP.lan&apos;, ip: &apos;2603:7000:ac41:dd19:0:0:0:1bbe%en0&apos;, os.name: &apos;Mac OS X&apos;, os.arch: &apos;x86_64&apos;, os.version: &apos;10.16&apos;, java.version: &apos;15.0.1&apos;
Driver info: driver.version: ChromeDriver
remote stacktrace: 0   chromedriver                        0x000000010ae91c29 chromedriver + 2464809
1   chromedriver                        0x000000010b4cc6f3 chromedriver + 8996595
2   chromedriver                        0x000000010acd6d56 chromedriver + 650582
3   chromedriver                        0x000000010ac50f9a chromedriver + 102298
4   chromedriver                        0x000000010ac4d177 chromedriver + 86391
5   chromedriver                        0x000000010ac4a430 chromedriver + 74800
6   chromedriver                        0x000000010ac7c326 chromedriver + 279334
7   chromedriver                        0x000000010ac793f3 chromedriver + 267251
8   chromedriver                        0x000000010ac53230 chromedriver + 111152
9   chromedriver                        0x000000010ac541a7 chromedriver + 115111
10  chromedriver                        0x000000010ae64830 chromedriver + 2279472
11  chromedriver                        0x000000010ae6f83a chromedriver + 2324538
12  chromedriver                        0x000000010ae6f4a7 chromedriver + 2323623
13  chromedriver                        0x000000010ae4b945 chromedriver + 2177349
14  chromedriver                        0x000000010ae6fd41 chromedriver + 2325825
15  chromedriver                        0x000000010ae59bda chromedriver + 2235354
16  chromedriver                        0x000000010ae84c4a chromedriver + 2411594
17  chromedriver                        0x000000010ae96987 chromedriver + 2484615
18  libsystem_pthread.dylib             0x00007fff204ba950 _pthread_start + 224
19  libsystem_pthread.dylib             0x00007fff204b647b thread_start + 15

	at org.openqa.selenium.remote.W3CHandshakeResponse.lambda$errorHandler$0(W3CHandshakeResponse.java:62)
	at org.openqa.selenium.remote.HandshakeResponse.lambda$getResponseFunction$0(HandshakeResponse.java:30)
	at org.openqa.selenium.remote.ProtocolHandshake.lambda$createSession$0(ProtocolHandshake.java:126)
	at java.base/java.util.stream.ReferencePipeline$3$1.accept(ReferencePipeline.java:195)
	at java.base/java.util.Spliterators$ArraySpliterator.tryAdvance(Spliterators.java:958)
	at java.base/java.util.stream.ReferencePipeline.forEachWithCancel(ReferencePipeline.java:127)
	at java.base/java.util.stream.AbstractPipeline.copyIntoWithCancel(AbstractPipeline.java:502)
	at java.base/java.util.stream.AbstractPipeline.copyInto(AbstractPipeline.java:488)
	at java.base/java.util.stream.AbstractPipeline.wrapAndCopyInto(AbstractPipeline.java:474)
	at java.base/java.util.stream.FindOps$FindOp.evaluateSequential(FindOps.java:150)
	at java.base/java.util.stream.AbstractPipeline.evaluate(AbstractPipeline.java:234)
	at java.base/java.util.stream.ReferencePipeline.findFirst(ReferencePipeline.java:543)
	at org.openqa.selenium.remote.ProtocolHandshake.createSession(ProtocolHandshake.java:128)
	at org.openqa.selenium.remote.ProtocolHandshake.createSession(ProtocolHandshake.java:74)
	at org.openqa.selenium.remote.HttpCommandExecutor.execute(HttpCommandExecutor.java:136)
	at org.openqa.selenium.remote.service.DriverCommandExecutor.execute(DriverCommandExecutor.java:83)
	at org.openqa.selenium.remote.RemoteWebDriver.execute(RemoteWebDriver.java:552)
	at org.openqa.selenium.remote.RemoteWebDriver.startSession(RemoteWebDriver.java:213)
	at org.openqa.selenium.remote.RemoteWebDriver.&lt;init&gt;(RemoteWebDriver.java:131)
	at org.openqa.selenium.chrome.ChromeDriver.&lt;init&gt;(ChromeDriver.java:181)
	at org.openqa.selenium.chrome.ChromeDriver.&lt;init&gt;(ChromeDriver.java:168)
	at org.openqa.selenium.chrome.ChromeDriver.&lt;init&gt;(ChromeDriver.java:123)
	at com.base.TestBase.initialization(TestBase.java:45)
	at com.pageTest.Component_1_Test.setUp(Component_1_Test.java:30)
	at java.base/java.util.ArrayList.forEach(ArrayList.java:1511)
... Removed 46 stack frames</div></td></tr></table><p class="totop"><a href="#summary">back to summary</a></p>
<h3 id="m67">com.pageTest.Component_1_Test#setNewValueTest</h3><table class="result"><tr class="param"><th>Parameter #1</th></tr><tr class="param stripe"><td>I love my dream</td></tr><tr><th>Exception</th></tr><tr><td><div class="stacktrace">org.openqa.selenium.SessionNotCreatedException: session not created: This version of ChromeDriver only supports Chrome version 86
Current browser version is 89.0.4389.128 with binary path /Applications/Google Chrome.app/Contents/MacOS/Google Chrome
Build info: version: &apos;3.141.59&apos;, revision: &apos;e82be7d358&apos;, time: &apos;2018-11-14T08:17:03&apos;
System info: host: &apos;Khosuzs-MBP.lan&apos;, ip: &apos;2603:7000:ac41:dd19:0:0:0:1bbe%en0&apos;, os.name: &apos;Mac OS X&apos;, os.arch: &apos;x86_64&apos;, os.version: &apos;10.16&apos;, java.version: &apos;15.0.1&apos;
Driver info: driver.version: ChromeDriver
remote stacktrace: 0   chromedriver                        0x000000010ae91c29 chromedriver + 2464809
1   chromedriver                        0x000000010b4cc6f3 chromedriver + 8996595
2   chromedriver                        0x000000010acd6d56 chromedriver + 650582
3   chromedriver                        0x000000010ac50f9a chromedriver + 102298
4   chromedriver                        0x000000010ac4d177 chromedriver + 86391
5   chromedriver                        0x000000010ac4a430 chromedriver + 74800
6   chromedriver                        0x000000010ac7c326 chromedriver + 279334
7   chromedriver                        0x000000010ac793f3 chromedriver + 267251
8   chromedriver                        0x000000010ac53230 chromedriver + 111152
9   chromedriver                        0x000000010ac541a7 chromedriver + 115111
10  chromedriver                        0x000000010ae64830 chromedriver + 2279472
11  chromedriver                        0x000000010ae6f83a chromedriver + 2324538
12  chromedriver                        0x000000010ae6f4a7 chromedriver + 2323623
13  chromedriver                        0x000000010ae4b945 chromedriver + 2177349
14  chromedriver                        0x000000010ae6fd41 chromedriver + 2325825
15  chromedriver                        0x000000010ae59bda chromedriver + 2235354
16  chromedriver                        0x000000010ae84c4a chromedriver + 2411594
17  chromedriver                        0x000000010ae96987 chromedriver + 2484615
18  libsystem_pthread.dylib             0x00007fff204ba950 _pthread_start + 224
19  libsystem_pthread.dylib             0x00007fff204b647b thread_start + 15

	at org.openqa.selenium.remote.W3CHandshakeResponse.lambda$errorHandler$0(W3CHandshakeResponse.java:62)
	at org.openqa.selenium.remote.HandshakeResponse.lambda$getResponseFunction$0(HandshakeResponse.java:30)
	at org.openqa.selenium.remote.ProtocolHandshake.lambda$createSession$0(ProtocolHandshake.java:126)
	at java.base/java.util.stream.ReferencePipeline$3$1.accept(ReferencePipeline.java:195)
	at java.base/java.util.Spliterators$ArraySpliterator.tryAdvance(Spliterators.java:958)
	at java.base/java.util.stream.ReferencePipeline.forEachWithCancel(ReferencePipeline.java:127)
	at java.base/java.util.stream.AbstractPipeline.copyIntoWithCancel(AbstractPipeline.java:502)
	at java.base/java.util.stream.AbstractPipeline.copyInto(AbstractPipeline.java:488)
	at java.base/java.util.stream.AbstractPipeline.wrapAndCopyInto(AbstractPipeline.java:474)
	at java.base/java.util.stream.FindOps$FindOp.evaluateSequential(FindOps.java:150)
	at java.base/java.util.stream.AbstractPipeline.evaluate(AbstractPipeline.java:234)
	at java.base/java.util.stream.ReferencePipeline.findFirst(ReferencePipeline.java:543)
	at org.openqa.selenium.remote.ProtocolHandshake.createSession(ProtocolHandshake.java:128)
	at org.openqa.selenium.remote.ProtocolHandshake.createSession(ProtocolHandshake.java:74)
	at org.openqa.selenium.remote.HttpCommandExecutor.execute(HttpCommandExecutor.java:136)
	at org.openqa.selenium.remote.service.DriverCommandExecutor.execute(DriverCommandExecutor.java:83)
	at org.openqa.selenium.remote.RemoteWebDriver.execute(RemoteWebDriver.java:552)
	at org.openqa.selenium.remote.RemoteWebDriver.startSession(RemoteWebDriver.java:213)
	at org.openqa.selenium.remote.RemoteWebDriver.&lt;init&gt;(RemoteWebDriver.java:131)
	at org.openqa.selenium.chrome.ChromeDriver.&lt;init&gt;(ChromeDriver.java:181)
	at org.openqa.selenium.chrome.ChromeDriver.&lt;init&gt;(ChromeDriver.java:168)
	at org.openqa.selenium.chrome.ChromeDriver.&lt;init&gt;(ChromeDriver.java:123)
	at com.base.TestBase.initialization(TestBase.java:45)
	at com.pageTest.Component_1_Test.setUp(Component_1_Test.java:30)
	at java.base/java.util.ArrayList.forEach(ArrayList.java:1511)
... Removed 46 stack frames</div></td></tr></table><p class="totop"><a href="#summary">back to summary</a></p>
<h3 id="m68">com.pageTest.Component_1_Test#setNewValueTest</h3><table class="result"><tr class="param"><th>Parameter #1</th></tr><tr class="param stripe"><td>I able to work</td></tr><tr><th>Exception</th></tr><tr><td><div class="stacktrace">org.openqa.selenium.SessionNotCreatedException: session not created: This version of ChromeDriver only supports Chrome version 86
Current browser version is 89.0.4389.128 with binary path /Applications/Google Chrome.app/Contents/MacOS/Google Chrome
Build info: version: &apos;3.141.59&apos;, revision: &apos;e82be7d358&apos;, time: &apos;2018-11-14T08:17:03&apos;
System info: host: &apos;Khosuzs-MBP.lan&apos;, ip: &apos;2603:7000:ac41:dd19:0:0:0:1bbe%en0&apos;, os.name: &apos;Mac OS X&apos;, os.arch: &apos;x86_64&apos;, os.version: &apos;10.16&apos;, java.version: &apos;15.0.1&apos;
Driver info: driver.version: ChromeDriver
remote stacktrace: 0   chromedriver                        0x000000010ae91c29 chromedriver + 2464809
1   chromedriver                        0x000000010b4cc6f3 chromedriver + 8996595
2   chromedriver                        0x000000010acd6d56 chromedriver + 650582
3   chromedriver                        0x000000010ac50f9a chromedriver + 102298
4   chromedriver                        0x000000010ac4d177 chromedriver + 86391
5   chromedriver                        0x000000010ac4a430 chromedriver + 74800
6   chromedriver                        0x000000010ac7c326 chromedriver + 279334
7   chromedriver                        0x000000010ac793f3 chromedriver + 267251
8   chromedriver                        0x000000010ac53230 chromedriver + 111152
9   chromedriver                        0x000000010ac541a7 chromedriver + 115111
10  chromedriver                        0x000000010ae64830 chromedriver + 2279472
11  chromedriver                        0x000000010ae6f83a chromedriver + 2324538
12  chromedriver                        0x000000010ae6f4a7 chromedriver + 2323623
13  chromedriver                        0x000000010ae4b945 chromedriver + 2177349
14  chromedriver                        0x000000010ae6fd41 chromedriver + 2325825
15  chromedriver                        0x000000010ae59bda chromedriver + 2235354
16  chromedriver                        0x000000010ae84c4a chromedriver + 2411594
17  chromedriver                        0x000000010ae96987 chromedriver + 2484615
18  libsystem_pthread.dylib             0x00007fff204ba950 _pthread_start + 224
19  libsystem_pthread.dylib             0x00007fff204b647b thread_start + 15

	at org.openqa.selenium.remote.W3CHandshakeResponse.lambda$errorHandler$0(W3CHandshakeResponse.java:62)
	at org.openqa.selenium.remote.HandshakeResponse.lambda$getResponseFunction$0(HandshakeResponse.java:30)
	at org.openqa.selenium.remote.ProtocolHandshake.lambda$createSession$0(ProtocolHandshake.java:126)
	at java.base/java.util.stream.ReferencePipeline$3$1.accept(ReferencePipeline.java:195)
	at java.base/java.util.Spliterators$ArraySpliterator.tryAdvance(Spliterators.java:958)
	at java.base/java.util.stream.ReferencePipeline.forEachWithCancel(ReferencePipeline.java:127)
	at java.base/java.util.stream.AbstractPipeline.copyIntoWithCancel(AbstractPipeline.java:502)
	at java.base/java.util.stream.AbstractPipeline.copyInto(AbstractPipeline.java:488)
	at java.base/java.util.stream.AbstractPipeline.wrapAndCopyInto(AbstractPipeline.java:474)
	at java.base/java.util.stream.FindOps$FindOp.evaluateSequential(FindOps.java:150)
	at java.base/java.util.stream.AbstractPipeline.evaluate(AbstractPipeline.java:234)
	at java.base/java.util.stream.ReferencePipeline.findFirst(ReferencePipeline.java:543)
	at org.openqa.selenium.remote.ProtocolHandshake.createSession(ProtocolHandshake.java:128)
	at org.openqa.selenium.remote.ProtocolHandshake.createSession(ProtocolHandshake.java:74)
	at org.openqa.selenium.remote.HttpCommandExecutor.execute(HttpCommandExecutor.java:136)
	at org.openqa.selenium.remote.service.DriverCommandExecutor.execute(DriverCommandExecutor.java:83)
	at org.openqa.selenium.remote.RemoteWebDriver.execute(RemoteWebDriver.java:552)
	at org.openqa.selenium.remote.RemoteWebDriver.startSession(RemoteWebDriver.java:213)
	at org.openqa.selenium.remote.RemoteWebDriver.&lt;init&gt;(RemoteWebDriver.java:131)
	at org.openqa.selenium.chrome.ChromeDriver.&lt;init&gt;(ChromeDriver.java:181)
	at org.openqa.selenium.chrome.ChromeDriver.&lt;init&gt;(ChromeDriver.java:168)
	at org.openqa.selenium.chrome.ChromeDriver.&lt;init&gt;(ChromeDriver.java:123)
	at com.base.TestBase.initialization(TestBase.java:45)
	at com.pageTest.Component_1_Test.setUp(Component_1_Test.java:30)
	at java.base/java.util.ArrayList.forEach(ArrayList.java:1511)
... Removed 46 stack frames</div></td></tr></table><p class="totop"><a href="#summary">back to summary</a></p>
<h3 id="m69">com.pageTest.Component_1_Test#setNewValueTest</h3><table class="result"><tr class="param"><th>Parameter #1</th></tr><tr class="param stripe"><td>I am fine with this process</td></tr><tr><th>Exception</th></tr><tr><td><div class="stacktrace">org.openqa.selenium.SessionNotCreatedException: session not created: This version of ChromeDriver only supports Chrome version 86
Current browser version is 89.0.4389.128 with binary path /Applications/Google Chrome.app/Contents/MacOS/Google Chrome
Build info: version: &apos;3.141.59&apos;, revision: &apos;e82be7d358&apos;, time: &apos;2018-11-14T08:17:03&apos;
System info: host: &apos;Khosuzs-MBP.lan&apos;, ip: &apos;2603:7000:ac41:dd19:0:0:0:1bbe%en0&apos;, os.name: &apos;Mac OS X&apos;, os.arch: &apos;x86_64&apos;, os.version: &apos;10.16&apos;, java.version: &apos;15.0.1&apos;
Driver info: driver.version: ChromeDriver
remote stacktrace: 0   chromedriver                        0x000000010ae91c29 chromedriver + 2464809
1   chromedriver                        0x000000010b4cc6f3 chromedriver + 8996595
2   chromedriver                        0x000000010acd6d56 chromedriver + 650582
3   chromedriver                        0x000000010ac50f9a chromedriver + 102298
4   chromedriver                        0x000000010ac4d177 chromedriver + 86391
5   chromedriver                        0x000000010ac4a430 chromedriver + 74800
6   chromedriver                        0x000000010ac7c326 chromedriver + 279334
7   chromedriver                        0x000000010ac793f3 chromedriver + 267251
8   chromedriver                        0x000000010ac53230 chromedriver + 111152
9   chromedriver                        0x000000010ac541a7 chromedriver + 115111
10  chromedriver                        0x000000010ae64830 chromedriver + 2279472
11  chromedriver                        0x000000010ae6f83a chromedriver + 2324538
12  chromedriver                        0x000000010ae6f4a7 chromedriver + 2323623
13  chromedriver                        0x000000010ae4b945 chromedriver + 2177349
14  chromedriver                        0x000000010ae6fd41 chromedriver + 2325825
15  chromedriver                        0x000000010ae59bda chromedriver + 2235354
16  chromedriver                        0x000000010ae84c4a chromedriver + 2411594
17  chromedriver                        0x000000010ae96987 chromedriver + 2484615
18  libsystem_pthread.dylib             0x00007fff204ba950 _pthread_start + 224
19  libsystem_pthread.dylib             0x00007fff204b647b thread_start + 15

	at org.openqa.selenium.remote.W3CHandshakeResponse.lambda$errorHandler$0(W3CHandshakeResponse.java:62)
	at org.openqa.selenium.remote.HandshakeResponse.lambda$getResponseFunction$0(HandshakeResponse.java:30)
	at org.openqa.selenium.remote.ProtocolHandshake.lambda$createSession$0(ProtocolHandshake.java:126)
	at java.base/java.util.stream.ReferencePipeline$3$1.accept(ReferencePipeline.java:195)
	at java.base/java.util.Spliterators$ArraySpliterator.tryAdvance(Spliterators.java:958)
	at java.base/java.util.stream.ReferencePipeline.forEachWithCancel(ReferencePipeline.java:127)
	at java.base/java.util.stream.AbstractPipeline.copyIntoWithCancel(AbstractPipeline.java:502)
	at java.base/java.util.stream.AbstractPipeline.copyInto(AbstractPipeline.java:488)
	at java.base/java.util.stream.AbstractPipeline.wrapAndCopyInto(AbstractPipeline.java:474)
	at java.base/java.util.stream.FindOps$FindOp.evaluateSequential(FindOps.java:150)
	at java.base/java.util.stream.AbstractPipeline.evaluate(AbstractPipeline.java:234)
	at java.base/java.util.stream.ReferencePipeline.findFirst(ReferencePipeline.java:543)
	at org.openqa.selenium.remote.ProtocolHandshake.createSession(ProtocolHandshake.java:128)
	at org.openqa.selenium.remote.ProtocolHandshake.createSession(ProtocolHandshake.java:74)
	at org.openqa.selenium.remote.HttpCommandExecutor.execute(HttpCommandExecutor.java:136)
	at org.openqa.selenium.remote.service.DriverCommandExecutor.execute(DriverCommandExecutor.java:83)
	at org.openqa.selenium.remote.RemoteWebDriver.execute(RemoteWebDriver.java:552)
	at org.openqa.selenium.remote.RemoteWebDriver.startSession(RemoteWebDriver.java:213)
	at org.openqa.selenium.remote.RemoteWebDriver.&lt;init&gt;(RemoteWebDriver.java:131)
	at org.openqa.selenium.chrome.ChromeDriver.&lt;init&gt;(ChromeDriver.java:181)
	at org.openqa.selenium.chrome.ChromeDriver.&lt;init&gt;(ChromeDriver.java:168)
	at org.openqa.selenium.chrome.ChromeDriver.&lt;init&gt;(ChromeDriver.java:123)
	at com.base.TestBase.initialization(TestBase.java:45)
	at com.pageTest.Component_1_Test.setUp(Component_1_Test.java:30)
	at java.base/java.util.ArrayList.forEach(ArrayList.java:1511)
... Removed 46 stack frames</div></td></tr></table><p class="totop"><a href="#summary">back to summary</a></p>
<h3 id="m70">com.pageTest.Component_2_Test#clicToRemoveButtonTest</h3><table class="result"><tr><th>Exception</th></tr><tr><td><div class="stacktrace">org.openqa.selenium.SessionNotCreatedException: session not created: This version of ChromeDriver only supports Chrome version 86
Current browser version is 89.0.4389.128 with binary path /Applications/Google Chrome.app/Contents/MacOS/Google Chrome
Build info: version: &apos;3.141.59&apos;, revision: &apos;e82be7d358&apos;, time: &apos;2018-11-14T08:17:03&apos;
System info: host: &apos;Khosuzs-MBP.lan&apos;, ip: &apos;2603:7000:ac41:dd19:0:0:0:1bbe%en0&apos;, os.name: &apos;Mac OS X&apos;, os.arch: &apos;x86_64&apos;, os.version: &apos;10.16&apos;, java.version: &apos;15.0.1&apos;
Driver info: driver.version: ChromeDriver
remote stacktrace: 0   chromedriver                        0x000000010bebdc29 chromedriver + 2464809
1   chromedriver                        0x000000010c4f86f3 chromedriver + 8996595
2   chromedriver                        0x000000010bd02d56 chromedriver + 650582
3   chromedriver                        0x000000010bc7cf9a chromedriver + 102298
4   chromedriver                        0x000000010bc79177 chromedriver + 86391
5   chromedriver                        0x000000010bc76430 chromedriver + 74800
6   chromedriver                        0x000000010bca8326 chromedriver + 279334
7   chromedriver                        0x000000010bca53f3 chromedriver + 267251
8   chromedriver                        0x000000010bc7f230 chromedriver + 111152
9   chromedriver                        0x000000010bc801a7 chromedriver + 115111
10  chromedriver                        0x000000010be90830 chromedriver + 2279472
11  chromedriver                        0x000000010be9b83a chromedriver + 2324538
12  chromedriver                        0x000000010be9b4a7 chromedriver + 2323623
13  chromedriver                        0x000000010be77945 chromedriver + 2177349
14  chromedriver                        0x000000010be9bd41 chromedriver + 2325825
15  chromedriver                        0x000000010be85bda chromedriver + 2235354
16  chromedriver                        0x000000010beb0c4a chromedriver + 2411594
17  chromedriver                        0x000000010bec2987 chromedriver + 2484615
18  libsystem_pthread.dylib             0x00007fff204ba950 _pthread_start + 224
19  libsystem_pthread.dylib             0x00007fff204b647b thread_start + 15

	at org.openqa.selenium.remote.W3CHandshakeResponse.lambda$errorHandler$0(W3CHandshakeResponse.java:62)
	at org.openqa.selenium.remote.HandshakeResponse.lambda$getResponseFunction$0(HandshakeResponse.java:30)
	at org.openqa.selenium.remote.ProtocolHandshake.lambda$createSession$0(ProtocolHandshake.java:126)
	at java.base/java.util.stream.ReferencePipeline$3$1.accept(ReferencePipeline.java:195)
	at java.base/java.util.Spliterators$ArraySpliterator.tryAdvance(Spliterators.java:958)
	at java.base/java.util.stream.ReferencePipeline.forEachWithCancel(ReferencePipeline.java:127)
	at java.base/java.util.stream.AbstractPipeline.copyIntoWithCancel(AbstractPipeline.java:502)
	at java.base/java.util.stream.AbstractPipeline.copyInto(AbstractPipeline.java:488)
	at java.base/java.util.stream.AbstractPipeline.wrapAndCopyInto(AbstractPipeline.java:474)
	at java.base/java.util.stream.FindOps$FindOp.evaluateSequential(FindOps.java:150)
	at java.base/java.util.stream.AbstractPipeline.evaluate(AbstractPipeline.java:234)
	at java.base/java.util.stream.ReferencePipeline.findFirst(ReferencePipeline.java:543)
	at org.openqa.selenium.remote.ProtocolHandshake.createSession(ProtocolHandshake.java:128)
	at org.openqa.selenium.remote.ProtocolHandshake.createSession(ProtocolHandshake.java:74)
	at org.openqa.selenium.remote.HttpCommandExecutor.execute(HttpCommandExecutor.java:136)
	at org.openqa.selenium.remote.service.DriverCommandExecutor.execute(DriverCommandExecutor.java:83)
	at org.openqa.selenium.remote.RemoteWebDriver.execute(RemoteWebDriver.java:552)
	at org.openqa.selenium.remote.RemoteWebDriver.startSession(RemoteWebDriver.java:213)
	at org.openqa.selenium.remote.RemoteWebDriver.&lt;init&gt;(RemoteWebDriver.java:131)
	at org.openqa.selenium.chrome.ChromeDriver.&lt;init&gt;(ChromeDriver.java:181)
	at org.openqa.selenium.chrome.ChromeDriver.&lt;init&gt;(ChromeDriver.java:168)
	at org.openqa.selenium.chrome.ChromeDriver.&lt;init&gt;(ChromeDriver.java:123)
	at com.base.TestBase.initialization(TestBase.java:45)
	at com.pageTest.Component_2_Test.setUp(Component_2_Test.java:29)
	at java.base/java.util.ArrayList.forEach(ArrayList.java:1511)
... Removed 46 stack frames</div></td></tr></table><p class="totop"><a href="#summary">back to summary</a></p>
<h3 id="m71">com.pageTest.Component_2_Test#clickToAddButtonTest</h3><table class="result"><tr><th>Exception</th></tr><tr><td><div class="stacktrace">org.openqa.selenium.SessionNotCreatedException: session not created: This version of ChromeDriver only supports Chrome version 86
Current browser version is 89.0.4389.128 with binary path /Applications/Google Chrome.app/Contents/MacOS/Google Chrome
Build info: version: &apos;3.141.59&apos;, revision: &apos;e82be7d358&apos;, time: &apos;2018-11-14T08:17:03&apos;
System info: host: &apos;Khosuzs-MBP.lan&apos;, ip: &apos;2603:7000:ac41:dd19:0:0:0:1bbe%en0&apos;, os.name: &apos;Mac OS X&apos;, os.arch: &apos;x86_64&apos;, os.version: &apos;10.16&apos;, java.version: &apos;15.0.1&apos;
Driver info: driver.version: ChromeDriver
remote stacktrace: 0   chromedriver                        0x000000010bebdc29 chromedriver + 2464809
1   chromedriver                        0x000000010c4f86f3 chromedriver + 8996595
2   chromedriver                        0x000000010bd02d56 chromedriver + 650582
3   chromedriver                        0x000000010bc7cf9a chromedriver + 102298
4   chromedriver                        0x000000010bc79177 chromedriver + 86391
5   chromedriver                        0x000000010bc76430 chromedriver + 74800
6   chromedriver                        0x000000010bca8326 chromedriver + 279334
7   chromedriver                        0x000000010bca53f3 chromedriver + 267251
8   chromedriver                        0x000000010bc7f230 chromedriver + 111152
9   chromedriver                        0x000000010bc801a7 chromedriver + 115111
10  chromedriver                        0x000000010be90830 chromedriver + 2279472
11  chromedriver                        0x000000010be9b83a chromedriver + 2324538
12  chromedriver                        0x000000010be9b4a7 chromedriver + 2323623
13  chromedriver                        0x000000010be77945 chromedriver + 2177349
14  chromedriver                        0x000000010be9bd41 chromedriver + 2325825
15  chromedriver                        0x000000010be85bda chromedriver + 2235354
16  chromedriver                        0x000000010beb0c4a chromedriver + 2411594
17  chromedriver                        0x000000010bec2987 chromedriver + 2484615
18  libsystem_pthread.dylib             0x00007fff204ba950 _pthread_start + 224
19  libsystem_pthread.dylib             0x00007fff204b647b thread_start + 15

	at org.openqa.selenium.remote.W3CHandshakeResponse.lambda$errorHandler$0(W3CHandshakeResponse.java:62)
	at org.openqa.selenium.remote.HandshakeResponse.lambda$getResponseFunction$0(HandshakeResponse.java:30)
	at org.openqa.selenium.remote.ProtocolHandshake.lambda$createSession$0(ProtocolHandshake.java:126)
	at java.base/java.util.stream.ReferencePipeline$3$1.accept(ReferencePipeline.java:195)
	at java.base/java.util.Spliterators$ArraySpliterator.tryAdvance(Spliterators.java:958)
	at java.base/java.util.stream.ReferencePipeline.forEachWithCancel(ReferencePipeline.java:127)
	at java.base/java.util.stream.AbstractPipeline.copyIntoWithCancel(AbstractPipeline.java:502)
	at java.base/java.util.stream.AbstractPipeline.copyInto(AbstractPipeline.java:488)
	at java.base/java.util.stream.AbstractPipeline.wrapAndCopyInto(AbstractPipeline.java:474)
	at java.base/java.util.stream.FindOps$FindOp.evaluateSequential(FindOps.java:150)
	at java.base/java.util.stream.AbstractPipeline.evaluate(AbstractPipeline.java:234)
	at java.base/java.util.stream.ReferencePipeline.findFirst(ReferencePipeline.java:543)
	at org.openqa.selenium.remote.ProtocolHandshake.createSession(ProtocolHandshake.java:128)
	at org.openqa.selenium.remote.ProtocolHandshake.createSession(ProtocolHandshake.java:74)
	at org.openqa.selenium.remote.HttpCommandExecutor.execute(HttpCommandExecutor.java:136)
	at org.openqa.selenium.remote.service.DriverCommandExecutor.execute(DriverCommandExecutor.java:83)
	at org.openqa.selenium.remote.RemoteWebDriver.execute(RemoteWebDriver.java:552)
	at org.openqa.selenium.remote.RemoteWebDriver.startSession(RemoteWebDriver.java:213)
	at org.openqa.selenium.remote.RemoteWebDriver.&lt;init&gt;(RemoteWebDriver.java:131)
	at org.openqa.selenium.chrome.ChromeDriver.&lt;init&gt;(ChromeDriver.java:181)
	at org.openqa.selenium.chrome.ChromeDriver.&lt;init&gt;(ChromeDriver.java:168)
	at org.openqa.selenium.chrome.ChromeDriver.&lt;init&gt;(ChromeDriver.java:123)
	at com.base.TestBase.initialization(TestBase.java:45)
	at com.pageTest.Component_2_Test.setUp(Component_2_Test.java:29)
	at java.base/java.util.ArrayList.forEach(ArrayList.java:1511)
... Removed 46 stack frames</div></td></tr></table><p class="totop"><a href="#summary">back to summary</a></p>
<h3 id="m72">com.pageTest.Component_2_Test#displayItemsTest</h3><table class="result"><tr><th>Exception</th></tr><tr><td><div class="stacktrace">org.openqa.selenium.SessionNotCreatedException: session not created: This version of ChromeDriver only supports Chrome version 86
Current browser version is 89.0.4389.128 with binary path /Applications/Google Chrome.app/Contents/MacOS/Google Chrome
Build info: version: &apos;3.141.59&apos;, revision: &apos;e82be7d358&apos;, time: &apos;2018-11-14T08:17:03&apos;
System info: host: &apos;Khosuzs-MBP.lan&apos;, ip: &apos;2603:7000:ac41:dd19:0:0:0:1bbe%en0&apos;, os.name: &apos;Mac OS X&apos;, os.arch: &apos;x86_64&apos;, os.version: &apos;10.16&apos;, java.version: &apos;15.0.1&apos;
Driver info: driver.version: ChromeDriver
remote stacktrace: 0   chromedriver                        0x000000010bebdc29 chromedriver + 2464809
1   chromedriver                        0x000000010c4f86f3 chromedriver + 8996595
2   chromedriver                        0x000000010bd02d56 chromedriver + 650582
3   chromedriver                        0x000000010bc7cf9a chromedriver + 102298
4   chromedriver                        0x000000010bc79177 chromedriver + 86391
5   chromedriver                        0x000000010bc76430 chromedriver + 74800
6   chromedriver                        0x000000010bca8326 chromedriver + 279334
7   chromedriver                        0x000000010bca53f3 chromedriver + 267251
8   chromedriver                        0x000000010bc7f230 chromedriver + 111152
9   chromedriver                        0x000000010bc801a7 chromedriver + 115111
10  chromedriver                        0x000000010be90830 chromedriver + 2279472
11  chromedriver                        0x000000010be9b83a chromedriver + 2324538
12  chromedriver                        0x000000010be9b4a7 chromedriver + 2323623
13  chromedriver                        0x000000010be77945 chromedriver + 2177349
14  chromedriver                        0x000000010be9bd41 chromedriver + 2325825
15  chromedriver                        0x000000010be85bda chromedriver + 2235354
16  chromedriver                        0x000000010beb0c4a chromedriver + 2411594
17  chromedriver                        0x000000010bec2987 chromedriver + 2484615
18  libsystem_pthread.dylib             0x00007fff204ba950 _pthread_start + 224
19  libsystem_pthread.dylib             0x00007fff204b647b thread_start + 15

	at org.openqa.selenium.remote.W3CHandshakeResponse.lambda$errorHandler$0(W3CHandshakeResponse.java:62)
	at org.openqa.selenium.remote.HandshakeResponse.lambda$getResponseFunction$0(HandshakeResponse.java:30)
	at org.openqa.selenium.remote.ProtocolHandshake.lambda$createSession$0(ProtocolHandshake.java:126)
	at java.base/java.util.stream.ReferencePipeline$3$1.accept(ReferencePipeline.java:195)
	at java.base/java.util.Spliterators$ArraySpliterator.tryAdvance(Spliterators.java:958)
	at java.base/java.util.stream.ReferencePipeline.forEachWithCancel(ReferencePipeline.java:127)
	at java.base/java.util.stream.AbstractPipeline.copyIntoWithCancel(AbstractPipeline.java:502)
	at java.base/java.util.stream.AbstractPipeline.copyInto(AbstractPipeline.java:488)
	at java.base/java.util.stream.AbstractPipeline.wrapAndCopyInto(AbstractPipeline.java:474)
	at java.base/java.util.stream.FindOps$FindOp.evaluateSequential(FindOps.java:150)
	at java.base/java.util.stream.AbstractPipeline.evaluate(AbstractPipeline.java:234)
	at java.base/java.util.stream.ReferencePipeline.findFirst(ReferencePipeline.java:543)
	at org.openqa.selenium.remote.ProtocolHandshake.createSession(ProtocolHandshake.java:128)
	at org.openqa.selenium.remote.ProtocolHandshake.createSession(ProtocolHandshake.java:74)
	at org.openqa.selenium.remote.HttpCommandExecutor.execute(HttpCommandExecutor.java:136)
	at org.openqa.selenium.remote.service.DriverCommandExecutor.execute(DriverCommandExecutor.java:83)
	at org.openqa.selenium.remote.RemoteWebDriver.execute(RemoteWebDriver.java:552)
	at org.openqa.selenium.remote.RemoteWebDriver.startSession(RemoteWebDriver.java:213)
	at org.openqa.selenium.remote.RemoteWebDriver.&lt;init&gt;(RemoteWebDriver.java:131)
	at org.openqa.selenium.chrome.ChromeDriver.&lt;init&gt;(ChromeDriver.java:181)
	at org.openqa.selenium.chrome.ChromeDriver.&lt;init&gt;(ChromeDriver.java:168)
	at org.openqa.selenium.chrome.ChromeDriver.&lt;init&gt;(ChromeDriver.java:123)
	at com.base.TestBase.initialization(TestBase.java:45)
	at com.pageTest.Component_2_Test.setUp(Component_2_Test.java:29)
	at java.base/java.util.ArrayList.forEach(ArrayList.java:1511)
... Removed 46 stack frames</div></td></tr></table><p class="totop"><a href="#summary">back to summary</a></p>
<h3 id="m73">com.pageTest.Component_2_Test#pageTitleTest</h3><table class="result"><tr><th>Exception</th></tr><tr><td><div class="stacktrace">org.openqa.selenium.SessionNotCreatedException: session not created: This version of ChromeDriver only supports Chrome version 86
Current browser version is 89.0.4389.128 with binary path /Applications/Google Chrome.app/Contents/MacOS/Google Chrome
Build info: version: &apos;3.141.59&apos;, revision: &apos;e82be7d358&apos;, time: &apos;2018-11-14T08:17:03&apos;
System info: host: &apos;Khosuzs-MBP.lan&apos;, ip: &apos;2603:7000:ac41:dd19:0:0:0:1bbe%en0&apos;, os.name: &apos;Mac OS X&apos;, os.arch: &apos;x86_64&apos;, os.version: &apos;10.16&apos;, java.version: &apos;15.0.1&apos;
Driver info: driver.version: ChromeDriver
remote stacktrace: 0   chromedriver                        0x000000010bebdc29 chromedriver + 2464809
1   chromedriver                        0x000000010c4f86f3 chromedriver + 8996595
2   chromedriver                        0x000000010bd02d56 chromedriver + 650582
3   chromedriver                        0x000000010bc7cf9a chromedriver + 102298
4   chromedriver                        0x000000010bc79177 chromedriver + 86391
5   chromedriver                        0x000000010bc76430 chromedriver + 74800
6   chromedriver                        0x000000010bca8326 chromedriver + 279334
7   chromedriver                        0x000000010bca53f3 chromedriver + 267251
8   chromedriver                        0x000000010bc7f230 chromedriver + 111152
9   chromedriver                        0x000000010bc801a7 chromedriver + 115111
10  chromedriver                        0x000000010be90830 chromedriver + 2279472
11  chromedriver                        0x000000010be9b83a chromedriver + 2324538
12  chromedriver                        0x000000010be9b4a7 chromedriver + 2323623
13  chromedriver                        0x000000010be77945 chromedriver + 2177349
14  chromedriver                        0x000000010be9bd41 chromedriver + 2325825
15  chromedriver                        0x000000010be85bda chromedriver + 2235354
16  chromedriver                        0x000000010beb0c4a chromedriver + 2411594
17  chromedriver                        0x000000010bec2987 chromedriver + 2484615
18  libsystem_pthread.dylib             0x00007fff204ba950 _pthread_start + 224
19  libsystem_pthread.dylib             0x00007fff204b647b thread_start + 15

	at org.openqa.selenium.remote.W3CHandshakeResponse.lambda$errorHandler$0(W3CHandshakeResponse.java:62)
	at org.openqa.selenium.remote.HandshakeResponse.lambda$getResponseFunction$0(HandshakeResponse.java:30)
	at org.openqa.selenium.remote.ProtocolHandshake.lambda$createSession$0(ProtocolHandshake.java:126)
	at java.base/java.util.stream.ReferencePipeline$3$1.accept(ReferencePipeline.java:195)
	at java.base/java.util.Spliterators$ArraySpliterator.tryAdvance(Spliterators.java:958)
	at java.base/java.util.stream.ReferencePipeline.forEachWithCancel(ReferencePipeline.java:127)
	at java.base/java.util.stream.AbstractPipeline.copyIntoWithCancel(AbstractPipeline.java:502)
	at java.base/java.util.stream.AbstractPipeline.copyInto(AbstractPipeline.java:488)
	at java.base/java.util.stream.AbstractPipeline.wrapAndCopyInto(AbstractPipeline.java:474)
	at java.base/java.util.stream.FindOps$FindOp.evaluateSequential(FindOps.java:150)
	at java.base/java.util.stream.AbstractPipeline.evaluate(AbstractPipeline.java:234)
	at java.base/java.util.stream.ReferencePipeline.findFirst(ReferencePipeline.java:543)
	at org.openqa.selenium.remote.ProtocolHandshake.createSession(ProtocolHandshake.java:128)
	at org.openqa.selenium.remote.ProtocolHandshake.createSession(ProtocolHandshake.java:74)
	at org.openqa.selenium.remote.HttpCommandExecutor.execute(HttpCommandExecutor.java:136)
	at org.openqa.selenium.remote.service.DriverCommandExecutor.execute(DriverCommandExecutor.java:83)
	at org.openqa.selenium.remote.RemoteWebDriver.execute(RemoteWebDriver.java:552)
	at org.openqa.selenium.remote.RemoteWebDriver.startSession(RemoteWebDriver.java:213)
	at org.openqa.selenium.remote.RemoteWebDriver.&lt;init&gt;(RemoteWebDriver.java:131)
	at org.openqa.selenium.chrome.ChromeDriver.&lt;init&gt;(ChromeDriver.java:181)
	at org.openqa.selenium.chrome.ChromeDriver.&lt;init&gt;(ChromeDriver.java:168)
	at org.openqa.selenium.chrome.ChromeDriver.&lt;init&gt;(ChromeDriver.java:123)
	at com.base.TestBase.initialization(TestBase.java:45)
	at com.pageTest.Component_2_Test.setUp(Component_2_Test.java:29)
	at java.base/java.util.ArrayList.forEach(ArrayList.java:1511)
... Removed 46 stack frames</div></td></tr></table><p class="totop"><a href="#summary">back to summary</a></p>
<h3 id="m74">com.pageTest.Component_2_Test#selectLisItemtInVisiblilityTest</h3><table class="result"><tr><th>Exception</th></tr><tr><td><div class="stacktrace">org.openqa.selenium.SessionNotCreatedException: session not created: This version of ChromeDriver only supports Chrome version 86
Current browser version is 89.0.4389.128 with binary path /Applications/Google Chrome.app/Contents/MacOS/Google Chrome
Build info: version: &apos;3.141.59&apos;, revision: &apos;e82be7d358&apos;, time: &apos;2018-11-14T08:17:03&apos;
System info: host: &apos;Khosuzs-MBP.lan&apos;, ip: &apos;2603:7000:ac41:dd19:0:0:0:1bbe%en0&apos;, os.name: &apos;Mac OS X&apos;, os.arch: &apos;x86_64&apos;, os.version: &apos;10.16&apos;, java.version: &apos;15.0.1&apos;
Driver info: driver.version: ChromeDriver
remote stacktrace: 0   chromedriver                        0x000000010bebdc29 chromedriver + 2464809
1   chromedriver                        0x000000010c4f86f3 chromedriver + 8996595
2   chromedriver                        0x000000010bd02d56 chromedriver + 650582
3   chromedriver                        0x000000010bc7cf9a chromedriver + 102298
4   chromedriver                        0x000000010bc79177 chromedriver + 86391
5   chromedriver                        0x000000010bc76430 chromedriver + 74800
6   chromedriver                        0x000000010bca8326 chromedriver + 279334
7   chromedriver                        0x000000010bca53f3 chromedriver + 267251
8   chromedriver                        0x000000010bc7f230 chromedriver + 111152
9   chromedriver                        0x000000010bc801a7 chromedriver + 115111
10  chromedriver                        0x000000010be90830 chromedriver + 2279472
11  chromedriver                        0x000000010be9b83a chromedriver + 2324538
12  chromedriver                        0x000000010be9b4a7 chromedriver + 2323623
13  chromedriver                        0x000000010be77945 chromedriver + 2177349
14  chromedriver                        0x000000010be9bd41 chromedriver + 2325825
15  chromedriver                        0x000000010be85bda chromedriver + 2235354
16  chromedriver                        0x000000010beb0c4a chromedriver + 2411594
17  chromedriver                        0x000000010bec2987 chromedriver + 2484615
18  libsystem_pthread.dylib             0x00007fff204ba950 _pthread_start + 224
19  libsystem_pthread.dylib             0x00007fff204b647b thread_start + 15

	at org.openqa.selenium.remote.W3CHandshakeResponse.lambda$errorHandler$0(W3CHandshakeResponse.java:62)
	at org.openqa.selenium.remote.HandshakeResponse.lambda$getResponseFunction$0(HandshakeResponse.java:30)
	at org.openqa.selenium.remote.ProtocolHandshake.lambda$createSession$0(ProtocolHandshake.java:126)
	at java.base/java.util.stream.ReferencePipeline$3$1.accept(ReferencePipeline.java:195)
	at java.base/java.util.Spliterators$ArraySpliterator.tryAdvance(Spliterators.java:958)
	at java.base/java.util.stream.ReferencePipeline.forEachWithCancel(ReferencePipeline.java:127)
	at java.base/java.util.stream.AbstractPipeline.copyIntoWithCancel(AbstractPipeline.java:502)
	at java.base/java.util.stream.AbstractPipeline.copyInto(AbstractPipeline.java:488)
	at java.base/java.util.stream.AbstractPipeline.wrapAndCopyInto(AbstractPipeline.java:474)
	at java.base/java.util.stream.FindOps$FindOp.evaluateSequential(FindOps.java:150)
	at java.base/java.util.stream.AbstractPipeline.evaluate(AbstractPipeline.java:234)
	at java.base/java.util.stream.ReferencePipeline.findFirst(ReferencePipeline.java:543)
	at org.openqa.selenium.remote.ProtocolHandshake.createSession(ProtocolHandshake.java:128)
	at org.openqa.selenium.remote.ProtocolHandshake.createSession(ProtocolHandshake.java:74)
	at org.openqa.selenium.remote.HttpCommandExecutor.execute(HttpCommandExecutor.java:136)
	at org.openqa.selenium.remote.service.DriverCommandExecutor.execute(DriverCommandExecutor.java:83)
	at org.openqa.selenium.remote.RemoteWebDriver.execute(RemoteWebDriver.java:552)
	at org.openqa.selenium.remote.RemoteWebDriver.startSession(RemoteWebDriver.java:213)
	at org.openqa.selenium.remote.RemoteWebDriver.&lt;init&gt;(RemoteWebDriver.java:131)
	at org.openqa.selenium.chrome.ChromeDriver.&lt;init&gt;(ChromeDriver.java:181)
	at org.openqa.selenium.chrome.ChromeDriver.&lt;init&gt;(ChromeDriver.java:168)
	at org.openqa.selenium.chrome.ChromeDriver.&lt;init&gt;(ChromeDriver.java:123)
	at com.base.TestBase.initialization(TestBase.java:45)
	at com.pageTest.Component_2_Test.setUp(Component_2_Test.java:29)
	at java.base/java.util.ArrayList.forEach(ArrayList.java:1511)
... Removed 46 stack frames</div></td></tr></table><p class="totop"><a href="#summary">back to summary</a></p>
<h3 id="m75">com.pageTest.Component_2_Test#selectListVisiblilityTest</h3><table class="result"><tr><th>Exception</th></tr><tr><td><div class="stacktrace">org.openqa.selenium.SessionNotCreatedException: session not created: This version of ChromeDriver only supports Chrome version 86
Current browser version is 89.0.4389.128 with binary path /Applications/Google Chrome.app/Contents/MacOS/Google Chrome
Build info: version: &apos;3.141.59&apos;, revision: &apos;e82be7d358&apos;, time: &apos;2018-11-14T08:17:03&apos;
System info: host: &apos;Khosuzs-MBP.lan&apos;, ip: &apos;2603:7000:ac41:dd19:0:0:0:1bbe%en0&apos;, os.name: &apos;Mac OS X&apos;, os.arch: &apos;x86_64&apos;, os.version: &apos;10.16&apos;, java.version: &apos;15.0.1&apos;
Driver info: driver.version: ChromeDriver
remote stacktrace: 0   chromedriver                        0x000000010bebdc29 chromedriver + 2464809
1   chromedriver                        0x000000010c4f86f3 chromedriver + 8996595
2   chromedriver                        0x000000010bd02d56 chromedriver + 650582
3   chromedriver                        0x000000010bc7cf9a chromedriver + 102298
4   chromedriver                        0x000000010bc79177 chromedriver + 86391
5   chromedriver                        0x000000010bc76430 chromedriver + 74800
6   chromedriver                        0x000000010bca8326 chromedriver + 279334
7   chromedriver                        0x000000010bca53f3 chromedriver + 267251
8   chromedriver                        0x000000010bc7f230 chromedriver + 111152
9   chromedriver                        0x000000010bc801a7 chromedriver + 115111
10  chromedriver                        0x000000010be90830 chromedriver + 2279472
11  chromedriver                        0x000000010be9b83a chromedriver + 2324538
12  chromedriver                        0x000000010be9b4a7 chromedriver + 2323623
13  chromedriver                        0x000000010be77945 chromedriver + 2177349
14  chromedriver                        0x000000010be9bd41 chromedriver + 2325825
15  chromedriver                        0x000000010be85bda chromedriver + 2235354
16  chromedriver                        0x000000010beb0c4a chromedriver + 2411594
17  chromedriver                        0x000000010bec2987 chromedriver + 2484615
18  libsystem_pthread.dylib             0x00007fff204ba950 _pthread_start + 224
19  libsystem_pthread.dylib             0x00007fff204b647b thread_start + 15

	at org.openqa.selenium.remote.W3CHandshakeResponse.lambda$errorHandler$0(W3CHandshakeResponse.java:62)
	at org.openqa.selenium.remote.HandshakeResponse.lambda$getResponseFunction$0(HandshakeResponse.java:30)
	at org.openqa.selenium.remote.ProtocolHandshake.lambda$createSession$0(ProtocolHandshake.java:126)
	at java.base/java.util.stream.ReferencePipeline$3$1.accept(ReferencePipeline.java:195)
	at java.base/java.util.Spliterators$ArraySpliterator.tryAdvance(Spliterators.java:958)
	at java.base/java.util.stream.ReferencePipeline.forEachWithCancel(ReferencePipeline.java:127)
	at java.base/java.util.stream.AbstractPipeline.copyIntoWithCancel(AbstractPipeline.java:502)
	at java.base/java.util.stream.AbstractPipeline.copyInto(AbstractPipeline.java:488)
	at java.base/java.util.stream.AbstractPipeline.wrapAndCopyInto(AbstractPipeline.java:474)
	at java.base/java.util.stream.FindOps$FindOp.evaluateSequential(FindOps.java:150)
	at java.base/java.util.stream.AbstractPipeline.evaluate(AbstractPipeline.java:234)
	at java.base/java.util.stream.ReferencePipeline.findFirst(ReferencePipeline.java:543)
	at org.openqa.selenium.remote.ProtocolHandshake.createSession(ProtocolHandshake.java:128)
	at org.openqa.selenium.remote.ProtocolHandshake.createSession(ProtocolHandshake.java:74)
	at org.openqa.selenium.remote.HttpCommandExecutor.execute(HttpCommandExecutor.java:136)
	at org.openqa.selenium.remote.service.DriverCommandExecutor.execute(DriverCommandExecutor.java:83)
	at org.openqa.selenium.remote.RemoteWebDriver.execute(RemoteWebDriver.java:552)
	at org.openqa.selenium.remote.RemoteWebDriver.startSession(RemoteWebDriver.java:213)
	at org.openqa.selenium.remote.RemoteWebDriver.&lt;init&gt;(RemoteWebDriver.java:131)
	at org.openqa.selenium.chrome.ChromeDriver.&lt;init&gt;(ChromeDriver.java:181)
	at org.openqa.selenium.chrome.ChromeDriver.&lt;init&gt;(ChromeDriver.java:168)
	at org.openqa.selenium.chrome.ChromeDriver.&lt;init&gt;(ChromeDriver.java:123)
	at com.base.TestBase.initialization(TestBase.java:45)
	at com.pageTest.Component_2_Test.setUp(Component_2_Test.java:29)
	at java.base/java.util.ArrayList.forEach(ArrayList.java:1511)
... Removed 46 stack frames</div></td></tr></table><p class="totop"><a href="#summary">back to summary</a></p>
<h3 id="m76">com.pageTest.Component_3_Test#availableDataTest</h3><table class="result"><tr><th>Exception</th></tr><tr><td><div class="stacktrace">org.openqa.selenium.SessionNotCreatedException: session not created: This version of ChromeDriver only supports Chrome version 86
Current browser version is 89.0.4389.128 with binary path /Applications/Google Chrome.app/Contents/MacOS/Google Chrome
Build info: version: &apos;3.141.59&apos;, revision: &apos;e82be7d358&apos;, time: &apos;2018-11-14T08:17:03&apos;
System info: host: &apos;Khosuzs-MBP.lan&apos;, ip: &apos;2603:7000:ac41:dd19:0:0:0:1bbe%en0&apos;, os.name: &apos;Mac OS X&apos;, os.arch: &apos;x86_64&apos;, os.version: &apos;10.16&apos;, java.version: &apos;15.0.1&apos;
Driver info: driver.version: ChromeDriver
remote stacktrace: 0   chromedriver                        0x0000000104184c29 chromedriver + 2464809
1   chromedriver                        0x00000001047bf6f3 chromedriver + 8996595
2   chromedriver                        0x0000000103fc9d56 chromedriver + 650582
3   chromedriver                        0x0000000103f43f9a chromedriver + 102298
4   chromedriver                        0x0000000103f40177 chromedriver + 86391
5   chromedriver                        0x0000000103f3d430 chromedriver + 74800
6   chromedriver                        0x0000000103f6f326 chromedriver + 279334
7   chromedriver                        0x0000000103f6c3f3 chromedriver + 267251
8   chromedriver                        0x0000000103f46230 chromedriver + 111152
9   chromedriver                        0x0000000103f471a7 chromedriver + 115111
10  chromedriver                        0x0000000104157830 chromedriver + 2279472
11  chromedriver                        0x000000010416283a chromedriver + 2324538
12  chromedriver                        0x00000001041624a7 chromedriver + 2323623
13  chromedriver                        0x000000010413e945 chromedriver + 2177349
14  chromedriver                        0x0000000104162d41 chromedriver + 2325825
15  chromedriver                        0x000000010414cbda chromedriver + 2235354
16  chromedriver                        0x0000000104177c4a chromedriver + 2411594
17  chromedriver                        0x0000000104189987 chromedriver + 2484615
18  libsystem_pthread.dylib             0x00007fff204ba950 _pthread_start + 224
19  libsystem_pthread.dylib             0x00007fff204b647b thread_start + 15

	at org.openqa.selenium.remote.W3CHandshakeResponse.lambda$errorHandler$0(W3CHandshakeResponse.java:62)
	at org.openqa.selenium.remote.HandshakeResponse.lambda$getResponseFunction$0(HandshakeResponse.java:30)
	at org.openqa.selenium.remote.ProtocolHandshake.lambda$createSession$0(ProtocolHandshake.java:126)
	at java.base/java.util.stream.ReferencePipeline$3$1.accept(ReferencePipeline.java:195)
	at java.base/java.util.Spliterators$ArraySpliterator.tryAdvance(Spliterators.java:958)
	at java.base/java.util.stream.ReferencePipeline.forEachWithCancel(ReferencePipeline.java:127)
	at java.base/java.util.stream.AbstractPipeline.copyIntoWithCancel(AbstractPipeline.java:502)
	at java.base/java.util.stream.AbstractPipeline.copyInto(AbstractPipeline.java:488)
	at java.base/java.util.stream.AbstractPipeline.wrapAndCopyInto(AbstractPipeline.java:474)
	at java.base/java.util.stream.FindOps$FindOp.evaluateSequential(FindOps.java:150)
	at java.base/java.util.stream.AbstractPipeline.evaluate(AbstractPipeline.java:234)
	at java.base/java.util.stream.ReferencePipeline.findFirst(ReferencePipeline.java:543)
	at org.openqa.selenium.remote.ProtocolHandshake.createSession(ProtocolHandshake.java:128)
	at org.openqa.selenium.remote.ProtocolHandshake.createSession(ProtocolHandshake.java:74)
	at org.openqa.selenium.remote.HttpCommandExecutor.execute(HttpCommandExecutor.java:136)
	at org.openqa.selenium.remote.service.DriverCommandExecutor.execute(DriverCommandExecutor.java:83)
	at org.openqa.selenium.remote.RemoteWebDriver.execute(RemoteWebDriver.java:552)
	at org.openqa.selenium.remote.RemoteWebDriver.startSession(RemoteWebDriver.java:213)
	at org.openqa.selenium.remote.RemoteWebDriver.&lt;init&gt;(RemoteWebDriver.java:131)
	at org.openqa.selenium.chrome.ChromeDriver.&lt;init&gt;(ChromeDriver.java:181)
	at org.openqa.selenium.chrome.ChromeDriver.&lt;init&gt;(ChromeDriver.java:168)
	at org.openqa.selenium.chrome.ChromeDriver.&lt;init&gt;(ChromeDriver.java:123)
	at com.base.TestBase.initialization(TestBase.java:45)
	at com.pageTest.Component_3_Test.setUp(Component_3_Test.java:21)
	at java.base/java.util.ArrayList.forEach(ArrayList.java:1511)
... Removed 46 stack frames</div></td></tr></table><p class="totop"><a href="#summary">back to summary</a></p>
<h3 id="m77">com.pageTest.Component_3_Test#firstRowDataTest</h3><table class="result"><tr><th>Exception</th></tr><tr><td><div class="stacktrace">org.openqa.selenium.SessionNotCreatedException: session not created: This version of ChromeDriver only supports Chrome version 86
Current browser version is 89.0.4389.128 with binary path /Applications/Google Chrome.app/Contents/MacOS/Google Chrome
Build info: version: &apos;3.141.59&apos;, revision: &apos;e82be7d358&apos;, time: &apos;2018-11-14T08:17:03&apos;
System info: host: &apos;Khosuzs-MBP.lan&apos;, ip: &apos;2603:7000:ac41:dd19:0:0:0:1bbe%en0&apos;, os.name: &apos;Mac OS X&apos;, os.arch: &apos;x86_64&apos;, os.version: &apos;10.16&apos;, java.version: &apos;15.0.1&apos;
Driver info: driver.version: ChromeDriver
remote stacktrace: 0   chromedriver                        0x0000000104184c29 chromedriver + 2464809
1   chromedriver                        0x00000001047bf6f3 chromedriver + 8996595
2   chromedriver                        0x0000000103fc9d56 chromedriver + 650582
3   chromedriver                        0x0000000103f43f9a chromedriver + 102298
4   chromedriver                        0x0000000103f40177 chromedriver + 86391
5   chromedriver                        0x0000000103f3d430 chromedriver + 74800
6   chromedriver                        0x0000000103f6f326 chromedriver + 279334
7   chromedriver                        0x0000000103f6c3f3 chromedriver + 267251
8   chromedriver                        0x0000000103f46230 chromedriver + 111152
9   chromedriver                        0x0000000103f471a7 chromedriver + 115111
10  chromedriver                        0x0000000104157830 chromedriver + 2279472
11  chromedriver                        0x000000010416283a chromedriver + 2324538
12  chromedriver                        0x00000001041624a7 chromedriver + 2323623
13  chromedriver                        0x000000010413e945 chromedriver + 2177349
14  chromedriver                        0x0000000104162d41 chromedriver + 2325825
15  chromedriver                        0x000000010414cbda chromedriver + 2235354
16  chromedriver                        0x0000000104177c4a chromedriver + 2411594
17  chromedriver                        0x0000000104189987 chromedriver + 2484615
18  libsystem_pthread.dylib             0x00007fff204ba950 _pthread_start + 224
19  libsystem_pthread.dylib             0x00007fff204b647b thread_start + 15

	at org.openqa.selenium.remote.W3CHandshakeResponse.lambda$errorHandler$0(W3CHandshakeResponse.java:62)
	at org.openqa.selenium.remote.HandshakeResponse.lambda$getResponseFunction$0(HandshakeResponse.java:30)
	at org.openqa.selenium.remote.ProtocolHandshake.lambda$createSession$0(ProtocolHandshake.java:126)
	at java.base/java.util.stream.ReferencePipeline$3$1.accept(ReferencePipeline.java:195)
	at java.base/java.util.Spliterators$ArraySpliterator.tryAdvance(Spliterators.java:958)
	at java.base/java.util.stream.ReferencePipeline.forEachWithCancel(ReferencePipeline.java:127)
	at java.base/java.util.stream.AbstractPipeline.copyIntoWithCancel(AbstractPipeline.java:502)
	at java.base/java.util.stream.AbstractPipeline.copyInto(AbstractPipeline.java:488)
	at java.base/java.util.stream.AbstractPipeline.wrapAndCopyInto(AbstractPipeline.java:474)
	at java.base/java.util.stream.FindOps$FindOp.evaluateSequential(FindOps.java:150)
	at java.base/java.util.stream.AbstractPipeline.evaluate(AbstractPipeline.java:234)
	at java.base/java.util.stream.ReferencePipeline.findFirst(ReferencePipeline.java:543)
	at org.openqa.selenium.remote.ProtocolHandshake.createSession(ProtocolHandshake.java:128)
	at org.openqa.selenium.remote.ProtocolHandshake.createSession(ProtocolHandshake.java:74)
	at org.openqa.selenium.remote.HttpCommandExecutor.execute(HttpCommandExecutor.java:136)
	at org.openqa.selenium.remote.service.DriverCommandExecutor.execute(DriverCommandExecutor.java:83)
	at org.openqa.selenium.remote.RemoteWebDriver.execute(RemoteWebDriver.java:552)
	at org.openqa.selenium.remote.RemoteWebDriver.startSession(RemoteWebDriver.java:213)
	at org.openqa.selenium.remote.RemoteWebDriver.&lt;init&gt;(RemoteWebDriver.java:131)
	at org.openqa.selenium.chrome.ChromeDriver.&lt;init&gt;(ChromeDriver.java:181)
	at org.openqa.selenium.chrome.ChromeDriver.&lt;init&gt;(ChromeDriver.java:168)
	at org.openqa.selenium.chrome.ChromeDriver.&lt;init&gt;(ChromeDriver.java:123)
	at com.base.TestBase.initialization(TestBase.java:45)
	at com.pageTest.Component_3_Test.setUp(Component_3_Test.java:21)
	at java.base/java.util.ArrayList.forEach(ArrayList.java:1511)
... Removed 46 stack frames</div></td></tr></table><p class="totop"><a href="#summary">back to summary</a></p>
<h3 id="m78">com.pageTest.Component_3_Test#getFirstColumnDataTest</h3><table class="result"><tr><th>Exception</th></tr><tr><td><div class="stacktrace">org.openqa.selenium.SessionNotCreatedException: session not created: This version of ChromeDriver only supports Chrome version 86
Current browser version is 89.0.4389.128 with binary path /Applications/Google Chrome.app/Contents/MacOS/Google Chrome
Build info: version: &apos;3.141.59&apos;, revision: &apos;e82be7d358&apos;, time: &apos;2018-11-14T08:17:03&apos;
System info: host: &apos;Khosuzs-MBP.lan&apos;, ip: &apos;2603:7000:ac41:dd19:0:0:0:1bbe%en0&apos;, os.name: &apos;Mac OS X&apos;, os.arch: &apos;x86_64&apos;, os.version: &apos;10.16&apos;, java.version: &apos;15.0.1&apos;
Driver info: driver.version: ChromeDriver
remote stacktrace: 0   chromedriver                        0x0000000104184c29 chromedriver + 2464809
1   chromedriver                        0x00000001047bf6f3 chromedriver + 8996595
2   chromedriver                        0x0000000103fc9d56 chromedriver + 650582
3   chromedriver                        0x0000000103f43f9a chromedriver + 102298
4   chromedriver                        0x0000000103f40177 chromedriver + 86391
5   chromedriver                        0x0000000103f3d430 chromedriver + 74800
6   chromedriver                        0x0000000103f6f326 chromedriver + 279334
7   chromedriver                        0x0000000103f6c3f3 chromedriver + 267251
8   chromedriver                        0x0000000103f46230 chromedriver + 111152
9   chromedriver                        0x0000000103f471a7 chromedriver + 115111
10  chromedriver                        0x0000000104157830 chromedriver + 2279472
11  chromedriver                        0x000000010416283a chromedriver + 2324538
12  chromedriver                        0x00000001041624a7 chromedriver + 2323623
13  chromedriver                        0x000000010413e945 chromedriver + 2177349
14  chromedriver                        0x0000000104162d41 chromedriver + 2325825
15  chromedriver                        0x000000010414cbda chromedriver + 2235354
16  chromedriver                        0x0000000104177c4a chromedriver + 2411594
17  chromedriver                        0x0000000104189987 chromedriver + 2484615
18  libsystem_pthread.dylib             0x00007fff204ba950 _pthread_start + 224
19  libsystem_pthread.dylib             0x00007fff204b647b thread_start + 15

	at org.openqa.selenium.remote.W3CHandshakeResponse.lambda$errorHandler$0(W3CHandshakeResponse.java:62)
	at org.openqa.selenium.remote.HandshakeResponse.lambda$getResponseFunction$0(HandshakeResponse.java:30)
	at org.openqa.selenium.remote.ProtocolHandshake.lambda$createSession$0(ProtocolHandshake.java:126)
	at java.base/java.util.stream.ReferencePipeline$3$1.accept(ReferencePipeline.java:195)
	at java.base/java.util.Spliterators$ArraySpliterator.tryAdvance(Spliterators.java:958)
	at java.base/java.util.stream.ReferencePipeline.forEachWithCancel(ReferencePipeline.java:127)
	at java.base/java.util.stream.AbstractPipeline.copyIntoWithCancel(AbstractPipeline.java:502)
	at java.base/java.util.stream.AbstractPipeline.copyInto(AbstractPipeline.java:488)
	at java.base/java.util.stream.AbstractPipeline.wrapAndCopyInto(AbstractPipeline.java:474)
	at java.base/java.util.stream.FindOps$FindOp.evaluateSequential(FindOps.java:150)
	at java.base/java.util.stream.AbstractPipeline.evaluate(AbstractPipeline.java:234)
	at java.base/java.util.stream.ReferencePipeline.findFirst(ReferencePipeline.java:543)
	at org.openqa.selenium.remote.ProtocolHandshake.createSession(ProtocolHandshake.java:128)
	at org.openqa.selenium.remote.ProtocolHandshake.createSession(ProtocolHandshake.java:74)
	at org.openqa.selenium.remote.HttpCommandExecutor.execute(HttpCommandExecutor.java:136)
	at org.openqa.selenium.remote.service.DriverCommandExecutor.execute(DriverCommandExecutor.java:83)
	at org.openqa.selenium.remote.RemoteWebDriver.execute(RemoteWebDriver.java:552)
	at org.openqa.selenium.remote.RemoteWebDriver.startSession(RemoteWebDriver.java:213)
	at org.openqa.selenium.remote.RemoteWebDriver.&lt;init&gt;(RemoteWebDriver.java:131)
	at org.openqa.selenium.chrome.ChromeDriver.&lt;init&gt;(ChromeDriver.java:181)
	at org.openqa.selenium.chrome.ChromeDriver.&lt;init&gt;(ChromeDriver.java:168)
	at org.openqa.selenium.chrome.ChromeDriver.&lt;init&gt;(ChromeDriver.java:123)
	at com.base.TestBase.initialization(TestBase.java:45)
	at com.pageTest.Component_3_Test.setUp(Component_3_Test.java:21)
	at java.base/java.util.ArrayList.forEach(ArrayList.java:1511)
... Removed 46 stack frames</div></td></tr></table><p class="totop"><a href="#summary">back to summary</a></p>
<h3 id="m79">com.pageTest.Component_3_Test#pageTitleTest</h3><table class="result"><tr><th>Exception</th></tr><tr><td><div class="stacktrace">org.openqa.selenium.SessionNotCreatedException: session not created: This version of ChromeDriver only supports Chrome version 86
Current browser version is 89.0.4389.128 with binary path /Applications/Google Chrome.app/Contents/MacOS/Google Chrome
Build info: version: &apos;3.141.59&apos;, revision: &apos;e82be7d358&apos;, time: &apos;2018-11-14T08:17:03&apos;
System info: host: &apos;Khosuzs-MBP.lan&apos;, ip: &apos;2603:7000:ac41:dd19:0:0:0:1bbe%en0&apos;, os.name: &apos;Mac OS X&apos;, os.arch: &apos;x86_64&apos;, os.version: &apos;10.16&apos;, java.version: &apos;15.0.1&apos;
Driver info: driver.version: ChromeDriver
remote stacktrace: 0   chromedriver                        0x0000000104184c29 chromedriver + 2464809
1   chromedriver                        0x00000001047bf6f3 chromedriver + 8996595
2   chromedriver                        0x0000000103fc9d56 chromedriver + 650582
3   chromedriver                        0x0000000103f43f9a chromedriver + 102298
4   chromedriver                        0x0000000103f40177 chromedriver + 86391
5   chromedriver                        0x0000000103f3d430 chromedriver + 74800
6   chromedriver                        0x0000000103f6f326 chromedriver + 279334
7   chromedriver                        0x0000000103f6c3f3 chromedriver + 267251
8   chromedriver                        0x0000000103f46230 chromedriver + 111152
9   chromedriver                        0x0000000103f471a7 chromedriver + 115111
10  chromedriver                        0x0000000104157830 chromedriver + 2279472
11  chromedriver                        0x000000010416283a chromedriver + 2324538
12  chromedriver                        0x00000001041624a7 chromedriver + 2323623
13  chromedriver                        0x000000010413e945 chromedriver + 2177349
14  chromedriver                        0x0000000104162d41 chromedriver + 2325825
15  chromedriver                        0x000000010414cbda chromedriver + 2235354
16  chromedriver                        0x0000000104177c4a chromedriver + 2411594
17  chromedriver                        0x0000000104189987 chromedriver + 2484615
18  libsystem_pthread.dylib             0x00007fff204ba950 _pthread_start + 224
19  libsystem_pthread.dylib             0x00007fff204b647b thread_start + 15

	at org.openqa.selenium.remote.W3CHandshakeResponse.lambda$errorHandler$0(W3CHandshakeResponse.java:62)
	at org.openqa.selenium.remote.HandshakeResponse.lambda$getResponseFunction$0(HandshakeResponse.java:30)
	at org.openqa.selenium.remote.ProtocolHandshake.lambda$createSession$0(ProtocolHandshake.java:126)
	at java.base/java.util.stream.ReferencePipeline$3$1.accept(ReferencePipeline.java:195)
	at java.base/java.util.Spliterators$ArraySpliterator.tryAdvance(Spliterators.java:958)
	at java.base/java.util.stream.ReferencePipeline.forEachWithCancel(ReferencePipeline.java:127)
	at java.base/java.util.stream.AbstractPipeline.copyIntoWithCancel(AbstractPipeline.java:502)
	at java.base/java.util.stream.AbstractPipeline.copyInto(AbstractPipeline.java:488)
	at java.base/java.util.stream.AbstractPipeline.wrapAndCopyInto(AbstractPipeline.java:474)
	at java.base/java.util.stream.FindOps$FindOp.evaluateSequential(FindOps.java:150)
	at java.base/java.util.stream.AbstractPipeline.evaluate(AbstractPipeline.java:234)
	at java.base/java.util.stream.ReferencePipeline.findFirst(ReferencePipeline.java:543)
	at org.openqa.selenium.remote.ProtocolHandshake.createSession(ProtocolHandshake.java:128)
	at org.openqa.selenium.remote.ProtocolHandshake.createSession(ProtocolHandshake.java:74)
	at org.openqa.selenium.remote.HttpCommandExecutor.execute(HttpCommandExecutor.java:136)
	at org.openqa.selenium.remote.service.DriverCommandExecutor.execute(DriverCommandExecutor.java:83)
	at org.openqa.selenium.remote.RemoteWebDriver.execute(RemoteWebDriver.java:552)
	at org.openqa.selenium.remote.RemoteWebDriver.startSession(RemoteWebDriver.java:213)
	at org.openqa.selenium.remote.RemoteWebDriver.&lt;init&gt;(RemoteWebDriver.java:131)
	at org.openqa.selenium.chrome.ChromeDriver.&lt;init&gt;(ChromeDriver.java:181)
	at org.openqa.selenium.chrome.ChromeDriver.&lt;init&gt;(ChromeDriver.java:168)
	at org.openqa.selenium.chrome.ChromeDriver.&lt;init&gt;(ChromeDriver.java:123)
	at com.base.TestBase.initialization(TestBase.java:45)
	at com.pageTest.Component_3_Test.setUp(Component_3_Test.java:21)
	at java.base/java.util.ArrayList.forEach(ArrayList.java:1511)
... Removed 46 stack frames</div></td></tr></table><p class="totop"><a href="#summary">back to summary</a></p>
<h3 id="m80">com.pageTest.Component_3_Test#totalRowsAndColumnTest</h3><table class="result"><tr><th>Exception</th></tr><tr><td><div class="stacktrace">org.openqa.selenium.SessionNotCreatedException: session not created: This version of ChromeDriver only supports Chrome version 86
Current browser version is 89.0.4389.128 with binary path /Applications/Google Chrome.app/Contents/MacOS/Google Chrome
Build info: version: &apos;3.141.59&apos;, revision: &apos;e82be7d358&apos;, time: &apos;2018-11-14T08:17:03&apos;
System info: host: &apos;Khosuzs-MBP.lan&apos;, ip: &apos;2603:7000:ac41:dd19:0:0:0:1bbe%en0&apos;, os.name: &apos;Mac OS X&apos;, os.arch: &apos;x86_64&apos;, os.version: &apos;10.16&apos;, java.version: &apos;15.0.1&apos;
Driver info: driver.version: ChromeDriver
remote stacktrace: 0   chromedriver                        0x0000000104184c29 chromedriver + 2464809
1   chromedriver                        0x00000001047bf6f3 chromedriver + 8996595
2   chromedriver                        0x0000000103fc9d56 chromedriver + 650582
3   chromedriver                        0x0000000103f43f9a chromedriver + 102298
4   chromedriver                        0x0000000103f40177 chromedriver + 86391
5   chromedriver                        0x0000000103f3d430 chromedriver + 74800
6   chromedriver                        0x0000000103f6f326 chromedriver + 279334
7   chromedriver                        0x0000000103f6c3f3 chromedriver + 267251
8   chromedriver                        0x0000000103f46230 chromedriver + 111152
9   chromedriver                        0x0000000103f471a7 chromedriver + 115111
10  chromedriver                        0x0000000104157830 chromedriver + 2279472
11  chromedriver                        0x000000010416283a chromedriver + 2324538
12  chromedriver                        0x00000001041624a7 chromedriver + 2323623
13  chromedriver                        0x000000010413e945 chromedriver + 2177349
14  chromedriver                        0x0000000104162d41 chromedriver + 2325825
15  chromedriver                        0x000000010414cbda chromedriver + 2235354
16  chromedriver                        0x0000000104177c4a chromedriver + 2411594
17  chromedriver                        0x0000000104189987 chromedriver + 2484615
18  libsystem_pthread.dylib             0x00007fff204ba950 _pthread_start + 224
19  libsystem_pthread.dylib             0x00007fff204b647b thread_start + 15

	at org.openqa.selenium.remote.W3CHandshakeResponse.lambda$errorHandler$0(W3CHandshakeResponse.java:62)
	at org.openqa.selenium.remote.HandshakeResponse.lambda$getResponseFunction$0(HandshakeResponse.java:30)
	at org.openqa.selenium.remote.ProtocolHandshake.lambda$createSession$0(ProtocolHandshake.java:126)
	at java.base/java.util.stream.ReferencePipeline$3$1.accept(ReferencePipeline.java:195)
	at java.base/java.util.Spliterators$ArraySpliterator.tryAdvance(Spliterators.java:958)
	at java.base/java.util.stream.ReferencePipeline.forEachWithCancel(ReferencePipeline.java:127)
	at java.base/java.util.stream.AbstractPipeline.copyIntoWithCancel(AbstractPipeline.java:502)
	at java.base/java.util.stream.AbstractPipeline.copyInto(AbstractPipeline.java:488)
	at java.base/java.util.stream.AbstractPipeline.wrapAndCopyInto(AbstractPipeline.java:474)
	at java.base/java.util.stream.FindOps$FindOp.evaluateSequential(FindOps.java:150)
	at java.base/java.util.stream.AbstractPipeline.evaluate(AbstractPipeline.java:234)
	at java.base/java.util.stream.ReferencePipeline.findFirst(ReferencePipeline.java:543)
	at org.openqa.selenium.remote.ProtocolHandshake.createSession(ProtocolHandshake.java:128)
	at org.openqa.selenium.remote.ProtocolHandshake.createSession(ProtocolHandshake.java:74)
	at org.openqa.selenium.remote.HttpCommandExecutor.execute(HttpCommandExecutor.java:136)
	at org.openqa.selenium.remote.service.DriverCommandExecutor.execute(DriverCommandExecutor.java:83)
	at org.openqa.selenium.remote.RemoteWebDriver.execute(RemoteWebDriver.java:552)
	at org.openqa.selenium.remote.RemoteWebDriver.startSession(RemoteWebDriver.java:213)
	at org.openqa.selenium.remote.RemoteWebDriver.&lt;init&gt;(RemoteWebDriver.java:131)
	at org.openqa.selenium.chrome.ChromeDriver.&lt;init&gt;(ChromeDriver.java:181)
	at org.openqa.selenium.chrome.ChromeDriver.&lt;init&gt;(ChromeDriver.java:168)
	at org.openqa.selenium.chrome.ChromeDriver.&lt;init&gt;(ChromeDriver.java:123)
	at com.base.TestBase.initialization(TestBase.java:45)
	at com.pageTest.Component_3_Test.setUp(Component_3_Test.java:21)
	at java.base/java.util.ArrayList.forEach(ArrayList.java:1511)
... Removed 46 stack frames</div></td></tr></table><p class="totop"><a href="#summary">back to summary</a></p>
</body>
</html>
