<!DOCTYPE html>

<html>
  <head>
  <meta charset='utf-8'>
  <title>TestNG reports</title>

    <link type="text/css" href="testng-reports1.css" rel="stylesheet" id="ultra" />
    <link type="text/css" href="testng-reports.css" rel="stylesheet" id="retro" disabled="false"/>
    <script type="text/javascript" src="jquery-3.4.1.min.js"></script>
    <script type="text/javascript" src="testng-reports.js"></script>
    <script type="text/javascript" src="https://www.google.com/jsapi"></script>
    <script type='text/javascript'>
      google.load('visualization', '1', {packages:['table']});
      google.setOnLoadCallback(drawTable);
      var suiteTableInitFunctions = new Array();
      var suiteTableData = new Array();
    </script>
    <!--
      <script type="text/javascript" src="jquery-ui/js/jquery-ui-1.8.16.custom.min.js"></script>
     -->
  </head>

  <body>
    <div class="top-banner-root">
      <span class="top-banner-title-font">Test results</span>
      <button id="button" class="button">Switch Retro Theme</button> <!-- button -->
      <br/>
      <span class="top-banner-font-1">1 suite</span>
    </div> <!-- top-banner-root -->
    <div class="navigator-root">
      <div class="navigator-suite-header">
        <span>All suites</span>
        <a href="#" title="Collapse/expand all the suites" class="collapse-all-link">
          <img src="collapseall.gif" class="collapse-all-icon">
          </img> <!-- collapse-all-icon -->
        </a> <!-- collapse-all-link -->
      </div> <!-- navigator-suite-header -->
      <div class="suite">
        <div class="rounded-window">
          <div class="suite-header light-rounded-window-top">
            <a href="#" panel-name="suite-Command_line_suite" class="navigator-link">
              <span class="suite-name border-skipped">Command line suite</span>
            </a> <!-- navigator-link -->
          </div> <!-- suite-header light-rounded-window-top -->
          <div class="navigator-suite-content">
            <div class="suite-section-title">
              <span>Info</span>
            </div> <!-- suite-section-title -->
            <div class="suite-section-content">
              <ul>
                <li>
                  <a href="#" panel-name="test-xml-Command_line_suite" class="navigator-link ">
                    <span>[unset file name]</span>
                  </a> <!-- navigator-link  -->
                </li>
                <li>
                  <a href="#" panel-name="testlist-Command_line_suite" class="navigator-link ">
                    <span class="test-stats">1 test</span>
                  </a> <!-- navigator-link  -->
                </li>
                <li>
                  <a href="#" panel-name="group-Command_line_suite" class="navigator-link ">
                    <span>1 group</span>
                  </a> <!-- navigator-link  -->
                </li>
                <li>
                  <a href="#" panel-name="times-Command_line_suite" class="navigator-link ">
                    <span>Times</span>
                  </a> <!-- navigator-link  -->
                </li>
                <li>
                  <a href="#" panel-name="reporter-Command_line_suite" class="navigator-link ">
                    <span>Reporter output</span>
                  </a> <!-- navigator-link  -->
                </li>
                <li>
                  <a href="#" panel-name="ignored-methods-Command_line_suite" class="navigator-link ">
                    <span>Ignored methods</span>
                  </a> <!-- navigator-link  -->
                </li>
                <li>
                  <a href="#" panel-name="chronological-Command_line_suite" class="navigator-link ">
                    <span>Chronological view</span>
                  </a> <!-- navigator-link  -->
                </li>
              </ul>
            </div> <!-- suite-section-content -->
            <div class="result-section">
              <div class="suite-section-title">
                <span>Results</span>
              </div> <!-- suite-section-title -->
              <div class="suite-section-content">
                <ul>
                  <li>
                    <span class="method-stats">27 methods,  27 skipped,  </span>
                  </li>
                  <li>
                    <span class="method-list-title skipped">Skipped methods</span>
                    <span class="show-or-hide-methods skipped">
                      <a href="#" panel-name="suite-Command_line_suite" class="hide-methods skipped suite-Command_line_suite"> (hide)</a> <!-- hide-methods skipped suite-Command_line_suite -->
                      <a href="#" panel-name="suite-Command_line_suite" class="show-methods skipped suite-Command_line_suite"> (show)</a> <!-- show-methods skipped suite-Command_line_suite -->
                    </span>
                    <div class="method-list-content skipped suite-Command_line_suite">
                      <span>
                        <img src="skipped.png" width="3%"/>
                        <a href="#" panel-name="suite-Command_line_suite" title="com.pageTest.Component_3_Test" class="method navigator-link" hash-for-method="availableDataTest">availableDataTest</a> <!-- method navigator-link -->
                      </span>
                      <br/>
                      <span>
                        <img src="skipped.png" width="3%"/>
                        <a href="#" panel-name="suite-Command_line_suite" title="com.pageTest.Component_1_Test" class="method navigator-link" hash-for-method="clearTheBoxTest">clearTheBoxTest</a> <!-- method navigator-link -->
                      </span>
                      <br/>
                      <span>
                        <img src="skipped.png" width="3%"/>
                        <a href="#" panel-name="suite-Command_line_suite" title="com.pageTest.Component_2_Test" class="method navigator-link" hash-for-method="clicToRemoveButtonTest">clicToRemoveButtonTest</a> <!-- method navigator-link -->
                      </span>
                      <br/>
                      <span>
                        <img src="skipped.png" width="3%"/>
                        <a href="#" panel-name="suite-Command_line_suite" title="com.pageTest.Component_2_Test" class="method navigator-link" hash-for-method="clickToAddButtonTest">clickToAddButtonTest</a> <!-- method navigator-link -->
                      </span>
                      <br/>
                      <span>
                        <img src="skipped.png" width="3%"/>
                        <a href="#" panel-name="suite-Command_line_suite" title="com.pageTest.Component_2_Test" class="method navigator-link" hash-for-method="displayItemsTest">displayItemsTest</a> <!-- method navigator-link -->
                      </span>
                      <br/>
                      <span>
                        <img src="skipped.png" width="3%"/>
                        <a href="#" panel-name="suite-Command_line_suite" title="com.pageTest.Component_1_Test" class="method navigator-link" hash-for-method="displayTitleDataTest(I love to be honest with everyone)">displayTitleDataTest(I love to be honest with everyone)</a> <!-- method navigator-link -->
                      </span>
                      <br/>
                      <span>
                        <img src="skipped.png" width="3%"/>
                        <a href="#" panel-name="suite-Command_line_suite" title="com.pageTest.Component_1_Test" class="method navigator-link" hash-for-method="displayTitleDataTest(I am Developepr)">displayTitleDataTest(I am Developepr)</a> <!-- method navigator-link -->
                      </span>
                      <br/>
                      <span>
                        <img src="skipped.png" width="3%"/>
                        <a href="#" panel-name="suite-Command_line_suite" title="com.pageTest.Component_1_Test" class="method navigator-link" hash-for-method="displayTitleDataTest(I able to work)">displayTitleDataTest(I able to work)</a> <!-- method navigator-link -->
                      </span>
                      <br/>
                      <span>
                        <img src="skipped.png" width="3%"/>
                        <a href="#" panel-name="suite-Command_line_suite" title="com.pageTest.Component_1_Test" class="method navigator-link" hash-for-method="displayTitleDataTest(I am a Automation Test Engineer)">displayTitleDataTest(I am a Automation Test Engineer)</a> <!-- method navigator-link -->
                      </span>
                      <br/>
                      <span>
                        <img src="skipped.png" width="3%"/>
                        <a href="#" panel-name="suite-Command_line_suite" title="com.pageTest.Component_1_Test" class="method navigator-link" hash-for-method="displayTitleDataTest(I want to be a good person)">displayTitleDataTest(I want to be a good person)</a> <!-- method navigator-link -->
                      </span>
                      <br/>
                      <span>
                        <img src="skipped.png" width="3%"/>
                        <a href="#" panel-name="suite-Command_line_suite" title="com.pageTest.Component_1_Test" class="method navigator-link" hash-for-method="displayTitleDataTest(I am fine with this process)">displayTitleDataTest(I am fine with this process)</a> <!-- method navigator-link -->
                      </span>
                      <br/>
                      <span>
                        <img src="skipped.png" width="3%"/>
                        <a href="#" panel-name="suite-Command_line_suite" title="com.pageTest.Component_1_Test" class="method navigator-link" hash-for-method="displayTitleDataTest(I love my dream)">displayTitleDataTest(I love my dream)</a> <!-- method navigator-link -->
                      </span>
                      <br/>
                      <span>
                        <img src="skipped.png" width="3%"/>
                        <a href="#" panel-name="suite-Command_line_suite" title="com.pageTest.Component_3_Test" class="method navigator-link" hash-for-method="firstRowDataTest">firstRowDataTest</a> <!-- method navigator-link -->
                      </span>
                      <br/>
                      <span>
                        <img src="skipped.png" width="3%"/>
                        <a href="#" panel-name="suite-Command_line_suite" title="com.pageTest.Component_3_Test" class="method navigator-link" hash-for-method="getFirstColumnDataTest">getFirstColumnDataTest</a> <!-- method navigator-link -->
                      </span>
                      <br/>
                      <span>
                        <img src="skipped.png" width="3%"/>
                        <a href="#" panel-name="suite-Command_line_suite" title="com.pageTest.Component_2_Test" class="method navigator-link" hash-for-method="pageTitleTest">pageTitleTest</a> <!-- method navigator-link -->
                      </span>
                      <br/>
                      <span>
                        <img src="skipped.png" width="3%"/>
                        <a href="#" panel-name="suite-Command_line_suite" title="com.pageTest.Component_3_Test" class="method navigator-link" hash-for-method="pageTitleTest">pageTitleTest</a> <!-- method navigator-link -->
                      </span>
                      <br/>
                      <span>
                        <img src="skipped.png" width="3%"/>
                        <a href="#" panel-name="suite-Command_line_suite" title="com.pageTest.Component_1_Test" class="method navigator-link" hash-for-method="pageTitleTest">pageTitleTest</a> <!-- method navigator-link -->
                      </span>
                      <br/>
                      <span>
                        <img src="skipped.png" width="3%"/>
                        <a href="#" panel-name="suite-Command_line_suite" title="com.pageTest.Component_2_Test" class="method navigator-link" hash-for-method="selectLisItemtInVisiblilityTest">selectLisItemtInVisiblilityTest</a> <!-- method navigator-link -->
                      </span>
                      <br/>
                      <span>
                        <img src="skipped.png" width="3%"/>
                        <a href="#" panel-name="suite-Command_line_suite" title="com.pageTest.Component_2_Test" class="method navigator-link" hash-for-method="selectListVisiblilityTest">selectListVisiblilityTest</a> <!-- method navigator-link -->
                      </span>
                      <br/>
                      <span>
                        <img src="skipped.png" width="3%"/>
                        <a href="#" panel-name="suite-Command_line_suite" title="com.pageTest.Component_1_Test" class="method navigator-link" hash-for-method="setNewValueTest(I am a Automation Test Engineer)">setNewValueTest(I am a Automation Test Engineer)</a> <!-- method navigator-link -->
                      </span>
                      <br/>
                      <span>
                        <img src="skipped.png" width="3%"/>
                        <a href="#" panel-name="suite-Command_line_suite" title="com.pageTest.Component_1_Test" class="method navigator-link" hash-for-method="setNewValueTest(I want to be a good person)">setNewValueTest(I want to be a good person)</a> <!-- method navigator-link -->
                      </span>
                      <br/>
                      <span>
                        <img src="skipped.png" width="3%"/>
                        <a href="#" panel-name="suite-Command_line_suite" title="com.pageTest.Component_1_Test" class="method navigator-link" hash-for-method="setNewValueTest(I love to be honest with everyone)">setNewValueTest(I love to be honest with everyone)</a> <!-- method navigator-link -->
                      </span>
                      <br/>
                      <span>
                        <img src="skipped.png" width="3%"/>
                        <a href="#" panel-name="suite-Command_line_suite" title="com.pageTest.Component_1_Test" class="method navigator-link" hash-for-method="setNewValueTest(I am Developepr)">setNewValueTest(I am Developepr)</a> <!-- method navigator-link -->
                      </span>
                      <br/>
                      <span>
                        <img src="skipped.png" width="3%"/>
                        <a href="#" panel-name="suite-Command_line_suite" title="com.pageTest.Component_1_Test" class="method navigator-link" hash-for-method="setNewValueTest(I love my dream)">setNewValueTest(I love my dream)</a> <!-- method navigator-link -->
                      </span>
                      <br/>
                      <span>
                        <img src="skipped.png" width="3%"/>
                        <a href="#" panel-name="suite-Command_line_suite" title="com.pageTest.Component_1_Test" class="method navigator-link" hash-for-method="setNewValueTest(I able to work)">setNewValueTest(I able to work)</a> <!-- method navigator-link -->
                      </span>
                      <br/>
                      <span>
                        <img src="skipped.png" width="3%"/>
                        <a href="#" panel-name="suite-Command_line_suite" title="com.pageTest.Component_1_Test" class="method navigator-link" hash-for-method="setNewValueTest(I am fine with this process)">setNewValueTest(I am fine with this process)</a> <!-- method navigator-link -->
                      </span>
                      <br/>
                      <span>
                        <img src="skipped.png" width="3%"/>
                        <a href="#" panel-name="suite-Command_line_suite" title="com.pageTest.Component_3_Test" class="method navigator-link" hash-for-method="totalRowsAndColumnTest">totalRowsAndColumnTest</a> <!-- method navigator-link -->
                      </span>
                      <br/>
                    </div> <!-- method-list-content skipped suite-Command_line_suite -->
                  </li>
                </ul>
              </div> <!-- suite-section-content -->
            </div> <!-- result-section -->
          </div> <!-- navigator-suite-content -->
        </div> <!-- rounded-window -->
      </div> <!-- suite -->
    </div> <!-- navigator-root -->
    <div class="wrapper">
      <div class="main-panel-root">
        <div panel-name="suite-Command_line_suite" class="panel Command_line_suite">
          <div class="suite-Command_line_suite-class-skipped">
            <div class="main-panel-header rounded-window-top">
              <img src="skipped.png"/>
              <span class="class-name">com.pageTest.Component_1_Test</span>
            </div> <!-- main-panel-header rounded-window-top -->
            <div class="main-panel-content rounded-window-bottom">
              <div class="method">
                <div class="method-content">
                  <a name="clearTheBoxTest">
                  </a> <!-- clearTheBoxTest -->
                  <span class="method-name">clearTheBoxTest</span>
                  <div class="stack-trace">org.openqa.selenium.SessionNotCreatedException: session not created: This version of ChromeDriver only supports Chrome version 86
Current browser version is 89.0.4389.128 with binary path /Applications/Google Chrome.app/Contents/MacOS/Google Chrome
Build info: version: &apos;3.141.59&apos;, revision: &apos;e82be7d358&apos;, time: &apos;2018-11-14T08:17:03&apos;
System info: host: &apos;Khosuzs-MBP.lan&apos;, ip: &apos;2603:7000:ac41:dd19:0:0:0:1bbe%en0&apos;, os.name: &apos;Mac OS X&apos;, os.arch: &apos;x86_64&apos;, os.version: &apos;10.16&apos;, java.version: &apos;15.0.1&apos;
Driver info: driver.version: ChromeDriver
remote stacktrace: 0   chromedriver                        0x000000010ae91c29 chromedriver + 2464809
1   chromedriver                        0x000000010b4cc6f3 chromedriver + 8996595
2   chromedriver                        0x000000010acd6d56 chromedriver + 650582
3   chromedriver                        0x000000010ac50f9a chromedriver + 102298
4   chromedriver                        0x000000010ac4d177 chromedriver + 86391
5   chromedriver                        0x000000010ac4a430 chromedriver + 74800
6   chromedriver                        0x000000010ac7c326 chromedriver + 279334
7   chromedriver                        0x000000010ac793f3 chromedriver + 267251
8   chromedriver                        0x000000010ac53230 chromedriver + 111152
9   chromedriver                        0x000000010ac541a7 chromedriver + 115111
10  chromedriver                        0x000000010ae64830 chromedriver + 2279472
11  chromedriver                        0x000000010ae6f83a chromedriver + 2324538
12  chromedriver                        0x000000010ae6f4a7 chromedriver + 2323623
13  chromedriver                        0x000000010ae4b945 chromedriver + 2177349
14  chromedriver                        0x000000010ae6fd41 chromedriver + 2325825
15  chromedriver                        0x000000010ae59bda chromedriver + 2235354
16  chromedriver                        0x000000010ae84c4a chromedriver + 2411594
17  chromedriver                        0x000000010ae96987 chromedriver + 2484615
18  libsystem_pthread.dylib             0x00007fff204ba950 _pthread_start + 224
19  libsystem_pthread.dylib             0x00007fff204b647b thread_start + 15

	at org.openqa.selenium.remote.W3CHandshakeResponse.lambda$errorHandler$0(W3CHandshakeResponse.java:62)
	at org.openqa.selenium.remote.HandshakeResponse.lambda$getResponseFunction$0(HandshakeResponse.java:30)
	at org.openqa.selenium.remote.ProtocolHandshake.lambda$createSession$0(ProtocolHandshake.java:126)
	at java.base/java.util.stream.ReferencePipeline$3$1.accept(ReferencePipeline.java:195)
	at java.base/java.util.Spliterators$ArraySpliterator.tryAdvance(Spliterators.java:958)
	at java.base/java.util.stream.ReferencePipeline.forEachWithCancel(ReferencePipeline.java:127)
	at java.base/java.util.stream.AbstractPipeline.copyIntoWithCancel(AbstractPipeline.java:502)
	at java.base/java.util.stream.AbstractPipeline.copyInto(AbstractPipeline.java:488)
	at java.base/java.util.stream.AbstractPipeline.wrapAndCopyInto(AbstractPipeline.java:474)
	at java.base/java.util.stream.FindOps$FindOp.evaluateSequential(FindOps.java:150)
	at java.base/java.util.stream.AbstractPipeline.evaluate(AbstractPipeline.java:234)
	at java.base/java.util.stream.ReferencePipeline.findFirst(ReferencePipeline.java:543)
	at org.openqa.selenium.remote.ProtocolHandshake.createSession(ProtocolHandshake.java:128)
	at org.openqa.selenium.remote.ProtocolHandshake.createSession(ProtocolHandshake.java:74)
	at org.openqa.selenium.remote.HttpCommandExecutor.execute(HttpCommandExecutor.java:136)
	at org.openqa.selenium.remote.service.DriverCommandExecutor.execute(DriverCommandExecutor.java:83)
	at org.openqa.selenium.remote.RemoteWebDriver.execute(RemoteWebDriver.java:552)
	at org.openqa.selenium.remote.RemoteWebDriver.startSession(RemoteWebDriver.java:213)
	at org.openqa.selenium.remote.RemoteWebDriver.&lt;init&gt;(RemoteWebDriver.java:131)
	at org.openqa.selenium.chrome.ChromeDriver.&lt;init&gt;(ChromeDriver.java:181)
	at org.openqa.selenium.chrome.ChromeDriver.&lt;init&gt;(ChromeDriver.java:168)
	at org.openqa.selenium.chrome.ChromeDriver.&lt;init&gt;(ChromeDriver.java:123)
	at com.base.TestBase.initialization(TestBase.java:45)
	at com.pageTest.Component_1_Test.setUp(Component_1_Test.java:30)
	at java.base/java.util.ArrayList.forEach(ArrayList.java:1511)
... Removed 46 stack frames
</div> <!-- stack-trace -->
                </div> <!-- method-content -->
              </div> <!-- method -->
              <div class="method">
                <div class="method-content">
                  <a name="displayTitleDataTest(I love to be honest with everyone)">
                  </a> <!-- displayTitleDataTest(I love to be honest with everyone) -->
                  <span class="method-name">displayTitleDataTest</span>
                  <span class="parameters">(I love to be honest with everyone)</span>
                  <div class="stack-trace">org.openqa.selenium.SessionNotCreatedException: session not created: This version of ChromeDriver only supports Chrome version 86
Current browser version is 89.0.4389.128 with binary path /Applications/Google Chrome.app/Contents/MacOS/Google Chrome
Build info: version: &apos;3.141.59&apos;, revision: &apos;e82be7d358&apos;, time: &apos;2018-11-14T08:17:03&apos;
System info: host: &apos;Khosuzs-MBP.lan&apos;, ip: &apos;2603:7000:ac41:dd19:0:0:0:1bbe%en0&apos;, os.name: &apos;Mac OS X&apos;, os.arch: &apos;x86_64&apos;, os.version: &apos;10.16&apos;, java.version: &apos;15.0.1&apos;
Driver info: driver.version: ChromeDriver
remote stacktrace: 0   chromedriver                        0x000000010ae91c29 chromedriver + 2464809
1   chromedriver                        0x000000010b4cc6f3 chromedriver + 8996595
2   chromedriver                        0x000000010acd6d56 chromedriver + 650582
3   chromedriver                        0x000000010ac50f9a chromedriver + 102298
4   chromedriver                        0x000000010ac4d177 chromedriver + 86391
5   chromedriver                        0x000000010ac4a430 chromedriver + 74800
6   chromedriver                        0x000000010ac7c326 chromedriver + 279334
7   chromedriver                        0x000000010ac793f3 chromedriver + 267251
8   chromedriver                        0x000000010ac53230 chromedriver + 111152
9   chromedriver                        0x000000010ac541a7 chromedriver + 115111
10  chromedriver                        0x000000010ae64830 chromedriver + 2279472
11  chromedriver                        0x000000010ae6f83a chromedriver + 2324538
12  chromedriver                        0x000000010ae6f4a7 chromedriver + 2323623
13  chromedriver                        0x000000010ae4b945 chromedriver + 2177349
14  chromedriver                        0x000000010ae6fd41 chromedriver + 2325825
15  chromedriver                        0x000000010ae59bda chromedriver + 2235354
16  chromedriver                        0x000000010ae84c4a chromedriver + 2411594
17  chromedriver                        0x000000010ae96987 chromedriver + 2484615
18  libsystem_pthread.dylib             0x00007fff204ba950 _pthread_start + 224
19  libsystem_pthread.dylib             0x00007fff204b647b thread_start + 15

	at org.openqa.selenium.remote.W3CHandshakeResponse.lambda$errorHandler$0(W3CHandshakeResponse.java:62)
	at org.openqa.selenium.remote.HandshakeResponse.lambda$getResponseFunction$0(HandshakeResponse.java:30)
	at org.openqa.selenium.remote.ProtocolHandshake.lambda$createSession$0(ProtocolHandshake.java:126)
	at java.base/java.util.stream.ReferencePipeline$3$1.accept(ReferencePipeline.java:195)
	at java.base/java.util.Spliterators$ArraySpliterator.tryAdvance(Spliterators.java:958)
	at java.base/java.util.stream.ReferencePipeline.forEachWithCancel(ReferencePipeline.java:127)
	at java.base/java.util.stream.AbstractPipeline.copyIntoWithCancel(AbstractPipeline.java:502)
	at java.base/java.util.stream.AbstractPipeline.copyInto(AbstractPipeline.java:488)
	at java.base/java.util.stream.AbstractPipeline.wrapAndCopyInto(AbstractPipeline.java:474)
	at java.base/java.util.stream.FindOps$FindOp.evaluateSequential(FindOps.java:150)
	at java.base/java.util.stream.AbstractPipeline.evaluate(AbstractPipeline.java:234)
	at java.base/java.util.stream.ReferencePipeline.findFirst(ReferencePipeline.java:543)
	at org.openqa.selenium.remote.ProtocolHandshake.createSession(ProtocolHandshake.java:128)
	at org.openqa.selenium.remote.ProtocolHandshake.createSession(ProtocolHandshake.java:74)
	at org.openqa.selenium.remote.HttpCommandExecutor.execute(HttpCommandExecutor.java:136)
	at org.openqa.selenium.remote.service.DriverCommandExecutor.execute(DriverCommandExecutor.java:83)
	at org.openqa.selenium.remote.RemoteWebDriver.execute(RemoteWebDriver.java:552)
	at org.openqa.selenium.remote.RemoteWebDriver.startSession(RemoteWebDriver.java:213)
	at org.openqa.selenium.remote.RemoteWebDriver.&lt;init&gt;(RemoteWebDriver.java:131)
	at org.openqa.selenium.chrome.ChromeDriver.&lt;init&gt;(ChromeDriver.java:181)
	at org.openqa.selenium.chrome.ChromeDriver.&lt;init&gt;(ChromeDriver.java:168)
	at org.openqa.selenium.chrome.ChromeDriver.&lt;init&gt;(ChromeDriver.java:123)
	at com.base.TestBase.initialization(TestBase.java:45)
	at com.pageTest.Component_1_Test.setUp(Component_1_Test.java:30)
	at java.base/java.util.ArrayList.forEach(ArrayList.java:1511)
... Removed 46 stack frames
</div> <!-- stack-trace -->
                </div> <!-- method-content -->
              </div> <!-- method -->
              <div class="method">
                <div class="method-content">
                  <a name="displayTitleDataTest(I am Developepr)">
                  </a> <!-- displayTitleDataTest(I am Developepr) -->
                  <span class="method-name">displayTitleDataTest</span>
                  <span class="parameters">(I am Developepr)</span>
                  <div class="stack-trace">org.openqa.selenium.SessionNotCreatedException: session not created: This version of ChromeDriver only supports Chrome version 86
Current browser version is 89.0.4389.128 with binary path /Applications/Google Chrome.app/Contents/MacOS/Google Chrome
Build info: version: &apos;3.141.59&apos;, revision: &apos;e82be7d358&apos;, time: &apos;2018-11-14T08:17:03&apos;
System info: host: &apos;Khosuzs-MBP.lan&apos;, ip: &apos;2603:7000:ac41:dd19:0:0:0:1bbe%en0&apos;, os.name: &apos;Mac OS X&apos;, os.arch: &apos;x86_64&apos;, os.version: &apos;10.16&apos;, java.version: &apos;15.0.1&apos;
Driver info: driver.version: ChromeDriver
remote stacktrace: 0   chromedriver                        0x000000010ae91c29 chromedriver + 2464809
1   chromedriver                        0x000000010b4cc6f3 chromedriver + 8996595
2   chromedriver                        0x000000010acd6d56 chromedriver + 650582
3   chromedriver                        0x000000010ac50f9a chromedriver + 102298
4   chromedriver                        0x000000010ac4d177 chromedriver + 86391
5   chromedriver                        0x000000010ac4a430 chromedriver + 74800
6   chromedriver                        0x000000010ac7c326 chromedriver + 279334
7   chromedriver                        0x000000010ac793f3 chromedriver + 267251
8   chromedriver                        0x000000010ac53230 chromedriver + 111152
9   chromedriver                        0x000000010ac541a7 chromedriver + 115111
10  chromedriver                        0x000000010ae64830 chromedriver + 2279472
11  chromedriver                        0x000000010ae6f83a chromedriver + 2324538
12  chromedriver                        0x000000010ae6f4a7 chromedriver + 2323623
13  chromedriver                        0x000000010ae4b945 chromedriver + 2177349
14  chromedriver                        0x000000010ae6fd41 chromedriver + 2325825
15  chromedriver                        0x000000010ae59bda chromedriver + 2235354
16  chromedriver                        0x000000010ae84c4a chromedriver + 2411594
17  chromedriver                        0x000000010ae96987 chromedriver + 2484615
18  libsystem_pthread.dylib             0x00007fff204ba950 _pthread_start + 224
19  libsystem_pthread.dylib             0x00007fff204b647b thread_start + 15

	at org.openqa.selenium.remote.W3CHandshakeResponse.lambda$errorHandler$0(W3CHandshakeResponse.java:62)
	at org.openqa.selenium.remote.HandshakeResponse.lambda$getResponseFunction$0(HandshakeResponse.java:30)
	at org.openqa.selenium.remote.ProtocolHandshake.lambda$createSession$0(ProtocolHandshake.java:126)
	at java.base/java.util.stream.ReferencePipeline$3$1.accept(ReferencePipeline.java:195)
	at java.base/java.util.Spliterators$ArraySpliterator.tryAdvance(Spliterators.java:958)
	at java.base/java.util.stream.ReferencePipeline.forEachWithCancel(ReferencePipeline.java:127)
	at java.base/java.util.stream.AbstractPipeline.copyIntoWithCancel(AbstractPipeline.java:502)
	at java.base/java.util.stream.AbstractPipeline.copyInto(AbstractPipeline.java:488)
	at java.base/java.util.stream.AbstractPipeline.wrapAndCopyInto(AbstractPipeline.java:474)
	at java.base/java.util.stream.FindOps$FindOp.evaluateSequential(FindOps.java:150)
	at java.base/java.util.stream.AbstractPipeline.evaluate(AbstractPipeline.java:234)
	at java.base/java.util.stream.ReferencePipeline.findFirst(ReferencePipeline.java:543)
	at org.openqa.selenium.remote.ProtocolHandshake.createSession(ProtocolHandshake.java:128)
	at org.openqa.selenium.remote.ProtocolHandshake.createSession(ProtocolHandshake.java:74)
	at org.openqa.selenium.remote.HttpCommandExecutor.execute(HttpCommandExecutor.java:136)
	at org.openqa.selenium.remote.service.DriverCommandExecutor.execute(DriverCommandExecutor.java:83)
	at org.openqa.selenium.remote.RemoteWebDriver.execute(RemoteWebDriver.java:552)
	at org.openqa.selenium.remote.RemoteWebDriver.startSession(RemoteWebDriver.java:213)
	at org.openqa.selenium.remote.RemoteWebDriver.&lt;init&gt;(RemoteWebDriver.java:131)
	at org.openqa.selenium.chrome.ChromeDriver.&lt;init&gt;(ChromeDriver.java:181)
	at org.openqa.selenium.chrome.ChromeDriver.&lt;init&gt;(ChromeDriver.java:168)
	at org.openqa.selenium.chrome.ChromeDriver.&lt;init&gt;(ChromeDriver.java:123)
	at com.base.TestBase.initialization(TestBase.java:45)
	at com.pageTest.Component_1_Test.setUp(Component_1_Test.java:30)
	at java.base/java.util.ArrayList.forEach(ArrayList.java:1511)
... Removed 46 stack frames
</div> <!-- stack-trace -->
                </div> <!-- method-content -->
              </div> <!-- method -->
              <div class="method">
                <div class="method-content">
                  <a name="displayTitleDataTest(I able to work)">
                  </a> <!-- displayTitleDataTest(I able to work) -->
                  <span class="method-name">displayTitleDataTest</span>
                  <span class="parameters">(I able to work)</span>
                  <div class="stack-trace">org.openqa.selenium.SessionNotCreatedException: session not created: This version of ChromeDriver only supports Chrome version 86
Current browser version is 89.0.4389.128 with binary path /Applications/Google Chrome.app/Contents/MacOS/Google Chrome
Build info: version: &apos;3.141.59&apos;, revision: &apos;e82be7d358&apos;, time: &apos;2018-11-14T08:17:03&apos;
System info: host: &apos;Khosuzs-MBP.lan&apos;, ip: &apos;2603:7000:ac41:dd19:0:0:0:1bbe%en0&apos;, os.name: &apos;Mac OS X&apos;, os.arch: &apos;x86_64&apos;, os.version: &apos;10.16&apos;, java.version: &apos;15.0.1&apos;
Driver info: driver.version: ChromeDriver
remote stacktrace: 0   chromedriver                        0x000000010ae91c29 chromedriver + 2464809
1   chromedriver                        0x000000010b4cc6f3 chromedriver + 8996595
2   chromedriver                        0x000000010acd6d56 chromedriver + 650582
3   chromedriver                        0x000000010ac50f9a chromedriver + 102298
4   chromedriver                        0x000000010ac4d177 chromedriver + 86391
5   chromedriver                        0x000000010ac4a430 chromedriver + 74800
6   chromedriver                        0x000000010ac7c326 chromedriver + 279334
7   chromedriver                        0x000000010ac793f3 chromedriver + 267251
8   chromedriver                        0x000000010ac53230 chromedriver + 111152
9   chromedriver                        0x000000010ac541a7 chromedriver + 115111
10  chromedriver                        0x000000010ae64830 chromedriver + 2279472
11  chromedriver                        0x000000010ae6f83a chromedriver + 2324538
12  chromedriver                        0x000000010ae6f4a7 chromedriver + 2323623
13  chromedriver                        0x000000010ae4b945 chromedriver + 2177349
14  chromedriver                        0x000000010ae6fd41 chromedriver + 2325825
15  chromedriver                        0x000000010ae59bda chromedriver + 2235354
16  chromedriver                        0x000000010ae84c4a chromedriver + 2411594
17  chromedriver                        0x000000010ae96987 chromedriver + 2484615
18  libsystem_pthread.dylib             0x00007fff204ba950 _pthread_start + 224
19  libsystem_pthread.dylib             0x00007fff204b647b thread_start + 15

	at org.openqa.selenium.remote.W3CHandshakeResponse.lambda$errorHandler$0(W3CHandshakeResponse.java:62)
	at org.openqa.selenium.remote.HandshakeResponse.lambda$getResponseFunction$0(HandshakeResponse.java:30)
	at org.openqa.selenium.remote.ProtocolHandshake.lambda$createSession$0(ProtocolHandshake.java:126)
	at java.base/java.util.stream.ReferencePipeline$3$1.accept(ReferencePipeline.java:195)
	at java.base/java.util.Spliterators$ArraySpliterator.tryAdvance(Spliterators.java:958)
	at java.base/java.util.stream.ReferencePipeline.forEachWithCancel(ReferencePipeline.java:127)
	at java.base/java.util.stream.AbstractPipeline.copyIntoWithCancel(AbstractPipeline.java:502)
	at java.base/java.util.stream.AbstractPipeline.copyInto(AbstractPipeline.java:488)
	at java.base/java.util.stream.AbstractPipeline.wrapAndCopyInto(AbstractPipeline.java:474)
	at java.base/java.util.stream.FindOps$FindOp.evaluateSequential(FindOps.java:150)
	at java.base/java.util.stream.AbstractPipeline.evaluate(AbstractPipeline.java:234)
	at java.base/java.util.stream.ReferencePipeline.findFirst(ReferencePipeline.java:543)
	at org.openqa.selenium.remote.ProtocolHandshake.createSession(ProtocolHandshake.java:128)
	at org.openqa.selenium.remote.ProtocolHandshake.createSession(ProtocolHandshake.java:74)
	at org.openqa.selenium.remote.HttpCommandExecutor.execute(HttpCommandExecutor.java:136)
	at org.openqa.selenium.remote.service.DriverCommandExecutor.execute(DriverCommandExecutor.java:83)
	at org.openqa.selenium.remote.RemoteWebDriver.execute(RemoteWebDriver.java:552)
	at org.openqa.selenium.remote.RemoteWebDriver.startSession(RemoteWebDriver.java:213)
	at org.openqa.selenium.remote.RemoteWebDriver.&lt;init&gt;(RemoteWebDriver.java:131)
	at org.openqa.selenium.chrome.ChromeDriver.&lt;init&gt;(ChromeDriver.java:181)
	at org.openqa.selenium.chrome.ChromeDriver.&lt;init&gt;(ChromeDriver.java:168)
	at org.openqa.selenium.chrome.ChromeDriver.&lt;init&gt;(ChromeDriver.java:123)
	at com.base.TestBase.initialization(TestBase.java:45)
	at com.pageTest.Component_1_Test.setUp(Component_1_Test.java:30)
	at java.base/java.util.ArrayList.forEach(ArrayList.java:1511)
... Removed 46 stack frames
</div> <!-- stack-trace -->
                </div> <!-- method-content -->
              </div> <!-- method -->
              <div class="method">
                <div class="method-content">
                  <a name="displayTitleDataTest(I am a Automation Test Engineer)">
                  </a> <!-- displayTitleDataTest(I am a Automation Test Engineer) -->
                  <span class="method-name">displayTitleDataTest</span>
                  <span class="parameters">(I am a Automation Test Engineer)</span>
                  <div class="stack-trace">org.openqa.selenium.SessionNotCreatedException: session not created: This version of ChromeDriver only supports Chrome version 86
Current browser version is 89.0.4389.128 with binary path /Applications/Google Chrome.app/Contents/MacOS/Google Chrome
Build info: version: &apos;3.141.59&apos;, revision: &apos;e82be7d358&apos;, time: &apos;2018-11-14T08:17:03&apos;
System info: host: &apos;Khosuzs-MBP.lan&apos;, ip: &apos;2603:7000:ac41:dd19:0:0:0:1bbe%en0&apos;, os.name: &apos;Mac OS X&apos;, os.arch: &apos;x86_64&apos;, os.version: &apos;10.16&apos;, java.version: &apos;15.0.1&apos;
Driver info: driver.version: ChromeDriver
remote stacktrace: 0   chromedriver                        0x000000010ae91c29 chromedriver + 2464809
1   chromedriver                        0x000000010b4cc6f3 chromedriver + 8996595
2   chromedriver                        0x000000010acd6d56 chromedriver + 650582
3   chromedriver                        0x000000010ac50f9a chromedriver + 102298
4   chromedriver                        0x000000010ac4d177 chromedriver + 86391
5   chromedriver                        0x000000010ac4a430 chromedriver + 74800
6   chromedriver                        0x000000010ac7c326 chromedriver + 279334
7   chromedriver                        0x000000010ac793f3 chromedriver + 267251
8   chromedriver                        0x000000010ac53230 chromedriver + 111152
9   chromedriver                        0x000000010ac541a7 chromedriver + 115111
10  chromedriver                        0x000000010ae64830 chromedriver + 2279472
11  chromedriver                        0x000000010ae6f83a chromedriver + 2324538
12  chromedriver                        0x000000010ae6f4a7 chromedriver + 2323623
13  chromedriver                        0x000000010ae4b945 chromedriver + 2177349
14  chromedriver                        0x000000010ae6fd41 chromedriver + 2325825
15  chromedriver                        0x000000010ae59bda chromedriver + 2235354
16  chromedriver                        0x000000010ae84c4a chromedriver + 2411594
17  chromedriver                        0x000000010ae96987 chromedriver + 2484615
18  libsystem_pthread.dylib             0x00007fff204ba950 _pthread_start + 224
19  libsystem_pthread.dylib             0x00007fff204b647b thread_start + 15

	at org.openqa.selenium.remote.W3CHandshakeResponse.lambda$errorHandler$0(W3CHandshakeResponse.java:62)
	at org.openqa.selenium.remote.HandshakeResponse.lambda$getResponseFunction$0(HandshakeResponse.java:30)
	at org.openqa.selenium.remote.ProtocolHandshake.lambda$createSession$0(ProtocolHandshake.java:126)
	at java.base/java.util.stream.ReferencePipeline$3$1.accept(ReferencePipeline.java:195)
	at java.base/java.util.Spliterators$ArraySpliterator.tryAdvance(Spliterators.java:958)
	at java.base/java.util.stream.ReferencePipeline.forEachWithCancel(ReferencePipeline.java:127)
	at java.base/java.util.stream.AbstractPipeline.copyIntoWithCancel(AbstractPipeline.java:502)
	at java.base/java.util.stream.AbstractPipeline.copyInto(AbstractPipeline.java:488)
	at java.base/java.util.stream.AbstractPipeline.wrapAndCopyInto(AbstractPipeline.java:474)
	at java.base/java.util.stream.FindOps$FindOp.evaluateSequential(FindOps.java:150)
	at java.base/java.util.stream.AbstractPipeline.evaluate(AbstractPipeline.java:234)
	at java.base/java.util.stream.ReferencePipeline.findFirst(ReferencePipeline.java:543)
	at org.openqa.selenium.remote.ProtocolHandshake.createSession(ProtocolHandshake.java:128)
	at org.openqa.selenium.remote.ProtocolHandshake.createSession(ProtocolHandshake.java:74)
	at org.openqa.selenium.remote.HttpCommandExecutor.execute(HttpCommandExecutor.java:136)
	at org.openqa.selenium.remote.service.DriverCommandExecutor.execute(DriverCommandExecutor.java:83)
	at org.openqa.selenium.remote.RemoteWebDriver.execute(RemoteWebDriver.java:552)
	at org.openqa.selenium.remote.RemoteWebDriver.startSession(RemoteWebDriver.java:213)
	at org.openqa.selenium.remote.RemoteWebDriver.&lt;init&gt;(RemoteWebDriver.java:131)
	at org.openqa.selenium.chrome.ChromeDriver.&lt;init&gt;(ChromeDriver.java:181)
	at org.openqa.selenium.chrome.ChromeDriver.&lt;init&gt;(ChromeDriver.java:168)
	at org.openqa.selenium.chrome.ChromeDriver.&lt;init&gt;(ChromeDriver.java:123)
	at com.base.TestBase.initialization(TestBase.java:45)
	at com.pageTest.Component_1_Test.setUp(Component_1_Test.java:30)
	at java.base/java.util.ArrayList.forEach(ArrayList.java:1511)
... Removed 46 stack frames
</div> <!-- stack-trace -->
                </div> <!-- method-content -->
              </div> <!-- method -->
              <div class="method">
                <div class="method-content">
                  <a name="displayTitleDataTest(I want to be a good person)">
                  </a> <!-- displayTitleDataTest(I want to be a good person) -->
                  <span class="method-name">displayTitleDataTest</span>
                  <span class="parameters">(I want to be a good person)</span>
                  <div class="stack-trace">org.openqa.selenium.SessionNotCreatedException: session not created: This version of ChromeDriver only supports Chrome version 86
Current browser version is 89.0.4389.128 with binary path /Applications/Google Chrome.app/Contents/MacOS/Google Chrome
Build info: version: &apos;3.141.59&apos;, revision: &apos;e82be7d358&apos;, time: &apos;2018-11-14T08:17:03&apos;
System info: host: &apos;Khosuzs-MBP.lan&apos;, ip: &apos;2603:7000:ac41:dd19:0:0:0:1bbe%en0&apos;, os.name: &apos;Mac OS X&apos;, os.arch: &apos;x86_64&apos;, os.version: &apos;10.16&apos;, java.version: &apos;15.0.1&apos;
Driver info: driver.version: ChromeDriver
remote stacktrace: 0   chromedriver                        0x000000010ae91c29 chromedriver + 2464809
1   chromedriver                        0x000000010b4cc6f3 chromedriver + 8996595
2   chromedriver                        0x000000010acd6d56 chromedriver + 650582
3   chromedriver                        0x000000010ac50f9a chromedriver + 102298
4   chromedriver                        0x000000010ac4d177 chromedriver + 86391
5   chromedriver                        0x000000010ac4a430 chromedriver + 74800
6   chromedriver                        0x000000010ac7c326 chromedriver + 279334
7   chromedriver                        0x000000010ac793f3 chromedriver + 267251
8   chromedriver                        0x000000010ac53230 chromedriver + 111152
9   chromedriver                        0x000000010ac541a7 chromedriver + 115111
10  chromedriver                        0x000000010ae64830 chromedriver + 2279472
11  chromedriver                        0x000000010ae6f83a chromedriver + 2324538
12  chromedriver                        0x000000010ae6f4a7 chromedriver + 2323623
13  chromedriver                        0x000000010ae4b945 chromedriver + 2177349
14  chromedriver                        0x000000010ae6fd41 chromedriver + 2325825
15  chromedriver                        0x000000010ae59bda chromedriver + 2235354
16  chromedriver                        0x000000010ae84c4a chromedriver + 2411594
17  chromedriver                        0x000000010ae96987 chromedriver + 2484615
18  libsystem_pthread.dylib             0x00007fff204ba950 _pthread_start + 224
19  libsystem_pthread.dylib             0x00007fff204b647b thread_start + 15

	at org.openqa.selenium.remote.W3CHandshakeResponse.lambda$errorHandler$0(W3CHandshakeResponse.java:62)
	at org.openqa.selenium.remote.HandshakeResponse.lambda$getResponseFunction$0(HandshakeResponse.java:30)
	at org.openqa.selenium.remote.ProtocolHandshake.lambda$createSession$0(ProtocolHandshake.java:126)
	at java.base/java.util.stream.ReferencePipeline$3$1.accept(ReferencePipeline.java:195)
	at java.base/java.util.Spliterators$ArraySpliterator.tryAdvance(Spliterators.java:958)
	at java.base/java.util.stream.ReferencePipeline.forEachWithCancel(ReferencePipeline.java:127)
	at java.base/java.util.stream.AbstractPipeline.copyIntoWithCancel(AbstractPipeline.java:502)
	at java.base/java.util.stream.AbstractPipeline.copyInto(AbstractPipeline.java:488)
	at java.base/java.util.stream.AbstractPipeline.wrapAndCopyInto(AbstractPipeline.java:474)
	at java.base/java.util.stream.FindOps$FindOp.evaluateSequential(FindOps.java:150)
	at java.base/java.util.stream.AbstractPipeline.evaluate(AbstractPipeline.java:234)
	at java.base/java.util.stream.ReferencePipeline.findFirst(ReferencePipeline.java:543)
	at org.openqa.selenium.remote.ProtocolHandshake.createSession(ProtocolHandshake.java:128)
	at org.openqa.selenium.remote.ProtocolHandshake.createSession(ProtocolHandshake.java:74)
	at org.openqa.selenium.remote.HttpCommandExecutor.execute(HttpCommandExecutor.java:136)
	at org.openqa.selenium.remote.service.DriverCommandExecutor.execute(DriverCommandExecutor.java:83)
	at org.openqa.selenium.remote.RemoteWebDriver.execute(RemoteWebDriver.java:552)
	at org.openqa.selenium.remote.RemoteWebDriver.startSession(RemoteWebDriver.java:213)
	at org.openqa.selenium.remote.RemoteWebDriver.&lt;init&gt;(RemoteWebDriver.java:131)
	at org.openqa.selenium.chrome.ChromeDriver.&lt;init&gt;(ChromeDriver.java:181)
	at org.openqa.selenium.chrome.ChromeDriver.&lt;init&gt;(ChromeDriver.java:168)
	at org.openqa.selenium.chrome.ChromeDriver.&lt;init&gt;(ChromeDriver.java:123)
	at com.base.TestBase.initialization(TestBase.java:45)
	at com.pageTest.Component_1_Test.setUp(Component_1_Test.java:30)
	at java.base/java.util.ArrayList.forEach(ArrayList.java:1511)
... Removed 46 stack frames
</div> <!-- stack-trace -->
                </div> <!-- method-content -->
              </div> <!-- method -->
              <div class="method">
                <div class="method-content">
                  <a name="displayTitleDataTest(I am fine with this process)">
                  </a> <!-- displayTitleDataTest(I am fine with this process) -->
                  <span class="method-name">displayTitleDataTest</span>
                  <span class="parameters">(I am fine with this process)</span>
                  <div class="stack-trace">org.openqa.selenium.SessionNotCreatedException: session not created: This version of ChromeDriver only supports Chrome version 86
Current browser version is 89.0.4389.128 with binary path /Applications/Google Chrome.app/Contents/MacOS/Google Chrome
Build info: version: &apos;3.141.59&apos;, revision: &apos;e82be7d358&apos;, time: &apos;2018-11-14T08:17:03&apos;
System info: host: &apos;Khosuzs-MBP.lan&apos;, ip: &apos;2603:7000:ac41:dd19:0:0:0:1bbe%en0&apos;, os.name: &apos;Mac OS X&apos;, os.arch: &apos;x86_64&apos;, os.version: &apos;10.16&apos;, java.version: &apos;15.0.1&apos;
Driver info: driver.version: ChromeDriver
remote stacktrace: 0   chromedriver                        0x000000010ae91c29 chromedriver + 2464809
1   chromedriver                        0x000000010b4cc6f3 chromedriver + 8996595
2   chromedriver                        0x000000010acd6d56 chromedriver + 650582
3   chromedriver                        0x000000010ac50f9a chromedriver + 102298
4   chromedriver                        0x000000010ac4d177 chromedriver + 86391
5   chromedriver                        0x000000010ac4a430 chromedriver + 74800
6   chromedriver                        0x000000010ac7c326 chromedriver + 279334
7   chromedriver                        0x000000010ac793f3 chromedriver + 267251
8   chromedriver                        0x000000010ac53230 chromedriver + 111152
9   chromedriver                        0x000000010ac541a7 chromedriver + 115111
10  chromedriver                        0x000000010ae64830 chromedriver + 2279472
11  chromedriver                        0x000000010ae6f83a chromedriver + 2324538
12  chromedriver                        0x000000010ae6f4a7 chromedriver + 2323623
13  chromedriver                        0x000000010ae4b945 chromedriver + 2177349
14  chromedriver                        0x000000010ae6fd41 chromedriver + 2325825
15  chromedriver                        0x000000010ae59bda chromedriver + 2235354
16  chromedriver                        0x000000010ae84c4a chromedriver + 2411594
17  chromedriver                        0x000000010ae96987 chromedriver + 2484615
18  libsystem_pthread.dylib             0x00007fff204ba950 _pthread_start + 224
19  libsystem_pthread.dylib             0x00007fff204b647b thread_start + 15

	at org.openqa.selenium.remote.W3CHandshakeResponse.lambda$errorHandler$0(W3CHandshakeResponse.java:62)
	at org.openqa.selenium.remote.HandshakeResponse.lambda$getResponseFunction$0(HandshakeResponse.java:30)
	at org.openqa.selenium.remote.ProtocolHandshake.lambda$createSession$0(ProtocolHandshake.java:126)
	at java.base/java.util.stream.ReferencePipeline$3$1.accept(ReferencePipeline.java:195)
	at java.base/java.util.Spliterators$ArraySpliterator.tryAdvance(Spliterators.java:958)
	at java.base/java.util.stream.ReferencePipeline.forEachWithCancel(ReferencePipeline.java:127)
	at java.base/java.util.stream.AbstractPipeline.copyIntoWithCancel(AbstractPipeline.java:502)
	at java.base/java.util.stream.AbstractPipeline.copyInto(AbstractPipeline.java:488)
	at java.base/java.util.stream.AbstractPipeline.wrapAndCopyInto(AbstractPipeline.java:474)
	at java.base/java.util.stream.FindOps$FindOp.evaluateSequential(FindOps.java:150)
	at java.base/java.util.stream.AbstractPipeline.evaluate(AbstractPipeline.java:234)
	at java.base/java.util.stream.ReferencePipeline.findFirst(ReferencePipeline.java:543)
	at org.openqa.selenium.remote.ProtocolHandshake.createSession(ProtocolHandshake.java:128)
	at org.openqa.selenium.remote.ProtocolHandshake.createSession(ProtocolHandshake.java:74)
	at org.openqa.selenium.remote.HttpCommandExecutor.execute(HttpCommandExecutor.java:136)
	at org.openqa.selenium.remote.service.DriverCommandExecutor.execute(DriverCommandExecutor.java:83)
	at org.openqa.selenium.remote.RemoteWebDriver.execute(RemoteWebDriver.java:552)
	at org.openqa.selenium.remote.RemoteWebDriver.startSession(RemoteWebDriver.java:213)
	at org.openqa.selenium.remote.RemoteWebDriver.&lt;init&gt;(RemoteWebDriver.java:131)
	at org.openqa.selenium.chrome.ChromeDriver.&lt;init&gt;(ChromeDriver.java:181)
	at org.openqa.selenium.chrome.ChromeDriver.&lt;init&gt;(ChromeDriver.java:168)
	at org.openqa.selenium.chrome.ChromeDriver.&lt;init&gt;(ChromeDriver.java:123)
	at com.base.TestBase.initialization(TestBase.java:45)
	at com.pageTest.Component_1_Test.setUp(Component_1_Test.java:30)
	at java.base/java.util.ArrayList.forEach(ArrayList.java:1511)
... Removed 46 stack frames
</div> <!-- stack-trace -->
                </div> <!-- method-content -->
              </div> <!-- method -->
              <div class="method">
                <div class="method-content">
                  <a name="displayTitleDataTest(I love my dream)">
                  </a> <!-- displayTitleDataTest(I love my dream) -->
                  <span class="method-name">displayTitleDataTest</span>
                  <span class="parameters">(I love my dream)</span>
                  <div class="stack-trace">org.openqa.selenium.SessionNotCreatedException: session not created: This version of ChromeDriver only supports Chrome version 86
Current browser version is 89.0.4389.128 with binary path /Applications/Google Chrome.app/Contents/MacOS/Google Chrome
Build info: version: &apos;3.141.59&apos;, revision: &apos;e82be7d358&apos;, time: &apos;2018-11-14T08:17:03&apos;
System info: host: &apos;Khosuzs-MBP.lan&apos;, ip: &apos;2603:7000:ac41:dd19:0:0:0:1bbe%en0&apos;, os.name: &apos;Mac OS X&apos;, os.arch: &apos;x86_64&apos;, os.version: &apos;10.16&apos;, java.version: &apos;15.0.1&apos;
Driver info: driver.version: ChromeDriver
remote stacktrace: 0   chromedriver                        0x000000010ae91c29 chromedriver + 2464809
1   chromedriver                        0x000000010b4cc6f3 chromedriver + 8996595
2   chromedriver                        0x000000010acd6d56 chromedriver + 650582
3   chromedriver                        0x000000010ac50f9a chromedriver + 102298
4   chromedriver                        0x000000010ac4d177 chromedriver + 86391
5   chromedriver                        0x000000010ac4a430 chromedriver + 74800
6   chromedriver                        0x000000010ac7c326 chromedriver + 279334
7   chromedriver                        0x000000010ac793f3 chromedriver + 267251
8   chromedriver                        0x000000010ac53230 chromedriver + 111152
9   chromedriver                        0x000000010ac541a7 chromedriver + 115111
10  chromedriver                        0x000000010ae64830 chromedriver + 2279472
11  chromedriver                        0x000000010ae6f83a chromedriver + 2324538
12  chromedriver                        0x000000010ae6f4a7 chromedriver + 2323623
13  chromedriver                        0x000000010ae4b945 chromedriver + 2177349
14  chromedriver                        0x000000010ae6fd41 chromedriver + 2325825
15  chromedriver                        0x000000010ae59bda chromedriver + 2235354
16  chromedriver                        0x000000010ae84c4a chromedriver + 2411594
17  chromedriver                        0x000000010ae96987 chromedriver + 2484615
18  libsystem_pthread.dylib             0x00007fff204ba950 _pthread_start + 224
19  libsystem_pthread.dylib             0x00007fff204b647b thread_start + 15

	at org.openqa.selenium.remote.W3CHandshakeResponse.lambda$errorHandler$0(W3CHandshakeResponse.java:62)
	at org.openqa.selenium.remote.HandshakeResponse.lambda$getResponseFunction$0(HandshakeResponse.java:30)
	at org.openqa.selenium.remote.ProtocolHandshake.lambda$createSession$0(ProtocolHandshake.java:126)
	at java.base/java.util.stream.ReferencePipeline$3$1.accept(ReferencePipeline.java:195)
	at java.base/java.util.Spliterators$ArraySpliterator.tryAdvance(Spliterators.java:958)
	at java.base/java.util.stream.ReferencePipeline.forEachWithCancel(ReferencePipeline.java:127)
	at java.base/java.util.stream.AbstractPipeline.copyIntoWithCancel(AbstractPipeline.java:502)
	at java.base/java.util.stream.AbstractPipeline.copyInto(AbstractPipeline.java:488)
	at java.base/java.util.stream.AbstractPipeline.wrapAndCopyInto(AbstractPipeline.java:474)
	at java.base/java.util.stream.FindOps$FindOp.evaluateSequential(FindOps.java:150)
	at java.base/java.util.stream.AbstractPipeline.evaluate(AbstractPipeline.java:234)
	at java.base/java.util.stream.ReferencePipeline.findFirst(ReferencePipeline.java:543)
	at org.openqa.selenium.remote.ProtocolHandshake.createSession(ProtocolHandshake.java:128)
	at org.openqa.selenium.remote.ProtocolHandshake.createSession(ProtocolHandshake.java:74)
	at org.openqa.selenium.remote.HttpCommandExecutor.execute(HttpCommandExecutor.java:136)
	at org.openqa.selenium.remote.service.DriverCommandExecutor.execute(DriverCommandExecutor.java:83)
	at org.openqa.selenium.remote.RemoteWebDriver.execute(RemoteWebDriver.java:552)
	at org.openqa.selenium.remote.RemoteWebDriver.startSession(RemoteWebDriver.java:213)
	at org.openqa.selenium.remote.RemoteWebDriver.&lt;init&gt;(RemoteWebDriver.java:131)
	at org.openqa.selenium.chrome.ChromeDriver.&lt;init&gt;(ChromeDriver.java:181)
	at org.openqa.selenium.chrome.ChromeDriver.&lt;init&gt;(ChromeDriver.java:168)
	at org.openqa.selenium.chrome.ChromeDriver.&lt;init&gt;(ChromeDriver.java:123)
	at com.base.TestBase.initialization(TestBase.java:45)
	at com.pageTest.Component_1_Test.setUp(Component_1_Test.java:30)
	at java.base/java.util.ArrayList.forEach(ArrayList.java:1511)
... Removed 46 stack frames
</div> <!-- stack-trace -->
                </div> <!-- method-content -->
              </div> <!-- method -->
              <div class="method">
                <div class="method-content">
                  <a name="pageTitleTest">
                  </a> <!-- pageTitleTest -->
                  <span class="method-name">pageTitleTest</span>
                  <div class="stack-trace">org.openqa.selenium.SessionNotCreatedException: session not created: This version of ChromeDriver only supports Chrome version 86
Current browser version is 89.0.4389.128 with binary path /Applications/Google Chrome.app/Contents/MacOS/Google Chrome
Build info: version: &apos;3.141.59&apos;, revision: &apos;e82be7d358&apos;, time: &apos;2018-11-14T08:17:03&apos;
System info: host: &apos;Khosuzs-MBP.lan&apos;, ip: &apos;2603:7000:ac41:dd19:0:0:0:1bbe%en0&apos;, os.name: &apos;Mac OS X&apos;, os.arch: &apos;x86_64&apos;, os.version: &apos;10.16&apos;, java.version: &apos;15.0.1&apos;
Driver info: driver.version: ChromeDriver
remote stacktrace: 0   chromedriver                        0x000000010ae91c29 chromedriver + 2464809
1   chromedriver                        0x000000010b4cc6f3 chromedriver + 8996595
2   chromedriver                        0x000000010acd6d56 chromedriver + 650582
3   chromedriver                        0x000000010ac50f9a chromedriver + 102298
4   chromedriver                        0x000000010ac4d177 chromedriver + 86391
5   chromedriver                        0x000000010ac4a430 chromedriver + 74800
6   chromedriver                        0x000000010ac7c326 chromedriver + 279334
7   chromedriver                        0x000000010ac793f3 chromedriver + 267251
8   chromedriver                        0x000000010ac53230 chromedriver + 111152
9   chromedriver                        0x000000010ac541a7 chromedriver + 115111
10  chromedriver                        0x000000010ae64830 chromedriver + 2279472
11  chromedriver                        0x000000010ae6f83a chromedriver + 2324538
12  chromedriver                        0x000000010ae6f4a7 chromedriver + 2323623
13  chromedriver                        0x000000010ae4b945 chromedriver + 2177349
14  chromedriver                        0x000000010ae6fd41 chromedriver + 2325825
15  chromedriver                        0x000000010ae59bda chromedriver + 2235354
16  chromedriver                        0x000000010ae84c4a chromedriver + 2411594
17  chromedriver                        0x000000010ae96987 chromedriver + 2484615
18  libsystem_pthread.dylib             0x00007fff204ba950 _pthread_start + 224
19  libsystem_pthread.dylib             0x00007fff204b647b thread_start + 15

	at org.openqa.selenium.remote.W3CHandshakeResponse.lambda$errorHandler$0(W3CHandshakeResponse.java:62)
	at org.openqa.selenium.remote.HandshakeResponse.lambda$getResponseFunction$0(HandshakeResponse.java:30)
	at org.openqa.selenium.remote.ProtocolHandshake.lambda$createSession$0(ProtocolHandshake.java:126)
	at java.base/java.util.stream.ReferencePipeline$3$1.accept(ReferencePipeline.java:195)
	at java.base/java.util.Spliterators$ArraySpliterator.tryAdvance(Spliterators.java:958)
	at java.base/java.util.stream.ReferencePipeline.forEachWithCancel(ReferencePipeline.java:127)
	at java.base/java.util.stream.AbstractPipeline.copyIntoWithCancel(AbstractPipeline.java:502)
	at java.base/java.util.stream.AbstractPipeline.copyInto(AbstractPipeline.java:488)
	at java.base/java.util.stream.AbstractPipeline.wrapAndCopyInto(AbstractPipeline.java:474)
	at java.base/java.util.stream.FindOps$FindOp.evaluateSequential(FindOps.java:150)
	at java.base/java.util.stream.AbstractPipeline.evaluate(AbstractPipeline.java:234)
	at java.base/java.util.stream.ReferencePipeline.findFirst(ReferencePipeline.java:543)
	at org.openqa.selenium.remote.ProtocolHandshake.createSession(ProtocolHandshake.java:128)
	at org.openqa.selenium.remote.ProtocolHandshake.createSession(ProtocolHandshake.java:74)
	at org.openqa.selenium.remote.HttpCommandExecutor.execute(HttpCommandExecutor.java:136)
	at org.openqa.selenium.remote.service.DriverCommandExecutor.execute(DriverCommandExecutor.java:83)
	at org.openqa.selenium.remote.RemoteWebDriver.execute(RemoteWebDriver.java:552)
	at org.openqa.selenium.remote.RemoteWebDriver.startSession(RemoteWebDriver.java:213)
	at org.openqa.selenium.remote.RemoteWebDriver.&lt;init&gt;(RemoteWebDriver.java:131)
	at org.openqa.selenium.chrome.ChromeDriver.&lt;init&gt;(ChromeDriver.java:181)
	at org.openqa.selenium.chrome.ChromeDriver.&lt;init&gt;(ChromeDriver.java:168)
	at org.openqa.selenium.chrome.ChromeDriver.&lt;init&gt;(ChromeDriver.java:123)
	at com.base.TestBase.initialization(TestBase.java:45)
	at com.pageTest.Component_1_Test.setUp(Component_1_Test.java:30)
	at java.base/java.util.ArrayList.forEach(ArrayList.java:1511)
... Removed 46 stack frames
</div> <!-- stack-trace -->
                </div> <!-- method-content -->
              </div> <!-- method -->
              <div class="method">
                <div class="method-content">
                  <a name="setNewValueTest(I am a Automation Test Engineer)">
                  </a> <!-- setNewValueTest(I am a Automation Test Engineer) -->
                  <span class="method-name">setNewValueTest</span>
                  <span class="parameters">(I am a Automation Test Engineer)</span>
                  <div class="stack-trace">org.openqa.selenium.SessionNotCreatedException: session not created: This version of ChromeDriver only supports Chrome version 86
Current browser version is 89.0.4389.128 with binary path /Applications/Google Chrome.app/Contents/MacOS/Google Chrome
Build info: version: &apos;3.141.59&apos;, revision: &apos;e82be7d358&apos;, time: &apos;2018-11-14T08:17:03&apos;
System info: host: &apos;Khosuzs-MBP.lan&apos;, ip: &apos;2603:7000:ac41:dd19:0:0:0:1bbe%en0&apos;, os.name: &apos;Mac OS X&apos;, os.arch: &apos;x86_64&apos;, os.version: &apos;10.16&apos;, java.version: &apos;15.0.1&apos;
Driver info: driver.version: ChromeDriver
remote stacktrace: 0   chromedriver                        0x000000010ae91c29 chromedriver + 2464809
1   chromedriver                        0x000000010b4cc6f3 chromedriver + 8996595
2   chromedriver                        0x000000010acd6d56 chromedriver + 650582
3   chromedriver                        0x000000010ac50f9a chromedriver + 102298
4   chromedriver                        0x000000010ac4d177 chromedriver + 86391
5   chromedriver                        0x000000010ac4a430 chromedriver + 74800
6   chromedriver                        0x000000010ac7c326 chromedriver + 279334
7   chromedriver                        0x000000010ac793f3 chromedriver + 267251
8   chromedriver                        0x000000010ac53230 chromedriver + 111152
9   chromedriver                        0x000000010ac541a7 chromedriver + 115111
10  chromedriver                        0x000000010ae64830 chromedriver + 2279472
11  chromedriver                        0x000000010ae6f83a chromedriver + 2324538
12  chromedriver                        0x000000010ae6f4a7 chromedriver + 2323623
13  chromedriver                        0x000000010ae4b945 chromedriver + 2177349
14  chromedriver                        0x000000010ae6fd41 chromedriver + 2325825
15  chromedriver                        0x000000010ae59bda chromedriver + 2235354
16  chromedriver                        0x000000010ae84c4a chromedriver + 2411594
17  chromedriver                        0x000000010ae96987 chromedriver + 2484615
18  libsystem_pthread.dylib             0x00007fff204ba950 _pthread_start + 224
19  libsystem_pthread.dylib             0x00007fff204b647b thread_start + 15

	at org.openqa.selenium.remote.W3CHandshakeResponse.lambda$errorHandler$0(W3CHandshakeResponse.java:62)
	at org.openqa.selenium.remote.HandshakeResponse.lambda$getResponseFunction$0(HandshakeResponse.java:30)
	at org.openqa.selenium.remote.ProtocolHandshake.lambda$createSession$0(ProtocolHandshake.java:126)
	at java.base/java.util.stream.ReferencePipeline$3$1.accept(ReferencePipeline.java:195)
	at java.base/java.util.Spliterators$ArraySpliterator.tryAdvance(Spliterators.java:958)
	at java.base/java.util.stream.ReferencePipeline.forEachWithCancel(ReferencePipeline.java:127)
	at java.base/java.util.stream.AbstractPipeline.copyIntoWithCancel(AbstractPipeline.java:502)
	at java.base/java.util.stream.AbstractPipeline.copyInto(AbstractPipeline.java:488)
	at java.base/java.util.stream.AbstractPipeline.wrapAndCopyInto(AbstractPipeline.java:474)
	at java.base/java.util.stream.FindOps$FindOp.evaluateSequential(FindOps.java:150)
	at java.base/java.util.stream.AbstractPipeline.evaluate(AbstractPipeline.java:234)
	at java.base/java.util.stream.ReferencePipeline.findFirst(ReferencePipeline.java:543)
	at org.openqa.selenium.remote.ProtocolHandshake.createSession(ProtocolHandshake.java:128)
	at org.openqa.selenium.remote.ProtocolHandshake.createSession(ProtocolHandshake.java:74)
	at org.openqa.selenium.remote.HttpCommandExecutor.execute(HttpCommandExecutor.java:136)
	at org.openqa.selenium.remote.service.DriverCommandExecutor.execute(DriverCommandExecutor.java:83)
	at org.openqa.selenium.remote.RemoteWebDriver.execute(RemoteWebDriver.java:552)
	at org.openqa.selenium.remote.RemoteWebDriver.startSession(RemoteWebDriver.java:213)
	at org.openqa.selenium.remote.RemoteWebDriver.&lt;init&gt;(RemoteWebDriver.java:131)
	at org.openqa.selenium.chrome.ChromeDriver.&lt;init&gt;(ChromeDriver.java:181)
	at org.openqa.selenium.chrome.ChromeDriver.&lt;init&gt;(ChromeDriver.java:168)
	at org.openqa.selenium.chrome.ChromeDriver.&lt;init&gt;(ChromeDriver.java:123)
	at com.base.TestBase.initialization(TestBase.java:45)
	at com.pageTest.Component_1_Test.setUp(Component_1_Test.java:30)
	at java.base/java.util.ArrayList.forEach(ArrayList.java:1511)
... Removed 46 stack frames
</div> <!-- stack-trace -->
                </div> <!-- method-content -->
              </div> <!-- method -->
              <div class="method">
                <div class="method-content">
                  <a name="setNewValueTest(I want to be a good person)">
                  </a> <!-- setNewValueTest(I want to be a good person) -->
                  <span class="method-name">setNewValueTest</span>
                  <span class="parameters">(I want to be a good person)</span>
                  <div class="stack-trace">org.openqa.selenium.SessionNotCreatedException: session not created: This version of ChromeDriver only supports Chrome version 86
Current browser version is 89.0.4389.128 with binary path /Applications/Google Chrome.app/Contents/MacOS/Google Chrome
Build info: version: &apos;3.141.59&apos;, revision: &apos;e82be7d358&apos;, time: &apos;2018-11-14T08:17:03&apos;
System info: host: &apos;Khosuzs-MBP.lan&apos;, ip: &apos;2603:7000:ac41:dd19:0:0:0:1bbe%en0&apos;, os.name: &apos;Mac OS X&apos;, os.arch: &apos;x86_64&apos;, os.version: &apos;10.16&apos;, java.version: &apos;15.0.1&apos;
Driver info: driver.version: ChromeDriver
remote stacktrace: 0   chromedriver                        0x000000010ae91c29 chromedriver + 2464809
1   chromedriver                        0x000000010b4cc6f3 chromedriver + 8996595
2   chromedriver                        0x000000010acd6d56 chromedriver + 650582
3   chromedriver                        0x000000010ac50f9a chromedriver + 102298
4   chromedriver                        0x000000010ac4d177 chromedriver + 86391
5   chromedriver                        0x000000010ac4a430 chromedriver + 74800
6   chromedriver                        0x000000010ac7c326 chromedriver + 279334
7   chromedriver                        0x000000010ac793f3 chromedriver + 267251
8   chromedriver                        0x000000010ac53230 chromedriver + 111152
9   chromedriver                        0x000000010ac541a7 chromedriver + 115111
10  chromedriver                        0x000000010ae64830 chromedriver + 2279472
11  chromedriver                        0x000000010ae6f83a chromedriver + 2324538
12  chromedriver                        0x000000010ae6f4a7 chromedriver + 2323623
13  chromedriver                        0x000000010ae4b945 chromedriver + 2177349
14  chromedriver                        0x000000010ae6fd41 chromedriver + 2325825
15  chromedriver                        0x000000010ae59bda chromedriver + 2235354
16  chromedriver                        0x000000010ae84c4a chromedriver + 2411594
17  chromedriver                        0x000000010ae96987 chromedriver + 2484615
18  libsystem_pthread.dylib             0x00007fff204ba950 _pthread_start + 224
19  libsystem_pthread.dylib             0x00007fff204b647b thread_start + 15

	at org.openqa.selenium.remote.W3CHandshakeResponse.lambda$errorHandler$0(W3CHandshakeResponse.java:62)
	at org.openqa.selenium.remote.HandshakeResponse.lambda$getResponseFunction$0(HandshakeResponse.java:30)
	at org.openqa.selenium.remote.ProtocolHandshake.lambda$createSession$0(ProtocolHandshake.java:126)
	at java.base/java.util.stream.ReferencePipeline$3$1.accept(ReferencePipeline.java:195)
	at java.base/java.util.Spliterators$ArraySpliterator.tryAdvance(Spliterators.java:958)
	at java.base/java.util.stream.ReferencePipeline.forEachWithCancel(ReferencePipeline.java:127)
	at java.base/java.util.stream.AbstractPipeline.copyIntoWithCancel(AbstractPipeline.java:502)
	at java.base/java.util.stream.AbstractPipeline.copyInto(AbstractPipeline.java:488)
	at java.base/java.util.stream.AbstractPipeline.wrapAndCopyInto(AbstractPipeline.java:474)
	at java.base/java.util.stream.FindOps$FindOp.evaluateSequential(FindOps.java:150)
	at java.base/java.util.stream.AbstractPipeline.evaluate(AbstractPipeline.java:234)
	at java.base/java.util.stream.ReferencePipeline.findFirst(ReferencePipeline.java:543)
	at org.openqa.selenium.remote.ProtocolHandshake.createSession(ProtocolHandshake.java:128)
	at org.openqa.selenium.remote.ProtocolHandshake.createSession(ProtocolHandshake.java:74)
	at org.openqa.selenium.remote.HttpCommandExecutor.execute(HttpCommandExecutor.java:136)
	at org.openqa.selenium.remote.service.DriverCommandExecutor.execute(DriverCommandExecutor.java:83)
	at org.openqa.selenium.remote.RemoteWebDriver.execute(RemoteWebDriver.java:552)
	at org.openqa.selenium.remote.RemoteWebDriver.startSession(RemoteWebDriver.java:213)
	at org.openqa.selenium.remote.RemoteWebDriver.&lt;init&gt;(RemoteWebDriver.java:131)
	at org.openqa.selenium.chrome.ChromeDriver.&lt;init&gt;(ChromeDriver.java:181)
	at org.openqa.selenium.chrome.ChromeDriver.&lt;init&gt;(ChromeDriver.java:168)
	at org.openqa.selenium.chrome.ChromeDriver.&lt;init&gt;(ChromeDriver.java:123)
	at com.base.TestBase.initialization(TestBase.java:45)
	at com.pageTest.Component_1_Test.setUp(Component_1_Test.java:30)
	at java.base/java.util.ArrayList.forEach(ArrayList.java:1511)
... Removed 46 stack frames
</div> <!-- stack-trace -->
                </div> <!-- method-content -->
              </div> <!-- method -->
              <div class="method">
                <div class="method-content">
                  <a name="setNewValueTest(I love to be honest with everyone)">
                  </a> <!-- setNewValueTest(I love to be honest with everyone) -->
                  <span class="method-name">setNewValueTest</span>
                  <span class="parameters">(I love to be honest with everyone)</span>
                  <div class="stack-trace">org.openqa.selenium.SessionNotCreatedException: session not created: This version of ChromeDriver only supports Chrome version 86
Current browser version is 89.0.4389.128 with binary path /Applications/Google Chrome.app/Contents/MacOS/Google Chrome
Build info: version: &apos;3.141.59&apos;, revision: &apos;e82be7d358&apos;, time: &apos;2018-11-14T08:17:03&apos;
System info: host: &apos;Khosuzs-MBP.lan&apos;, ip: &apos;2603:7000:ac41:dd19:0:0:0:1bbe%en0&apos;, os.name: &apos;Mac OS X&apos;, os.arch: &apos;x86_64&apos;, os.version: &apos;10.16&apos;, java.version: &apos;15.0.1&apos;
Driver info: driver.version: ChromeDriver
remote stacktrace: 0   chromedriver                        0x000000010ae91c29 chromedriver + 2464809
1   chromedriver                        0x000000010b4cc6f3 chromedriver + 8996595
2   chromedriver                        0x000000010acd6d56 chromedriver + 650582
3   chromedriver                        0x000000010ac50f9a chromedriver + 102298
4   chromedriver                        0x000000010ac4d177 chromedriver + 86391
5   chromedriver                        0x000000010ac4a430 chromedriver + 74800
6   chromedriver                        0x000000010ac7c326 chromedriver + 279334
7   chromedriver                        0x000000010ac793f3 chromedriver + 267251
8   chromedriver                        0x000000010ac53230 chromedriver + 111152
9   chromedriver                        0x000000010ac541a7 chromedriver + 115111
10  chromedriver                        0x000000010ae64830 chromedriver + 2279472
11  chromedriver                        0x000000010ae6f83a chromedriver + 2324538
12  chromedriver                        0x000000010ae6f4a7 chromedriver + 2323623
13  chromedriver                        0x000000010ae4b945 chromedriver + 2177349
14  chromedriver                        0x000000010ae6fd41 chromedriver + 2325825
15  chromedriver                        0x000000010ae59bda chromedriver + 2235354
16  chromedriver                        0x000000010ae84c4a chromedriver + 2411594
17  chromedriver                        0x000000010ae96987 chromedriver + 2484615
18  libsystem_pthread.dylib             0x00007fff204ba950 _pthread_start + 224
19  libsystem_pthread.dylib             0x00007fff204b647b thread_start + 15

	at org.openqa.selenium.remote.W3CHandshakeResponse.lambda$errorHandler$0(W3CHandshakeResponse.java:62)
	at org.openqa.selenium.remote.HandshakeResponse.lambda$getResponseFunction$0(HandshakeResponse.java:30)
	at org.openqa.selenium.remote.ProtocolHandshake.lambda$createSession$0(ProtocolHandshake.java:126)
	at java.base/java.util.stream.ReferencePipeline$3$1.accept(ReferencePipeline.java:195)
	at java.base/java.util.Spliterators$ArraySpliterator.tryAdvance(Spliterators.java:958)
	at java.base/java.util.stream.ReferencePipeline.forEachWithCancel(ReferencePipeline.java:127)
	at java.base/java.util.stream.AbstractPipeline.copyIntoWithCancel(AbstractPipeline.java:502)
	at java.base/java.util.stream.AbstractPipeline.copyInto(AbstractPipeline.java:488)
	at java.base/java.util.stream.AbstractPipeline.wrapAndCopyInto(AbstractPipeline.java:474)
	at java.base/java.util.stream.FindOps$FindOp.evaluateSequential(FindOps.java:150)
	at java.base/java.util.stream.AbstractPipeline.evaluate(AbstractPipeline.java:234)
	at java.base/java.util.stream.ReferencePipeline.findFirst(ReferencePipeline.java:543)
	at org.openqa.selenium.remote.ProtocolHandshake.createSession(ProtocolHandshake.java:128)
	at org.openqa.selenium.remote.ProtocolHandshake.createSession(ProtocolHandshake.java:74)
	at org.openqa.selenium.remote.HttpCommandExecutor.execute(HttpCommandExecutor.java:136)
	at org.openqa.selenium.remote.service.DriverCommandExecutor.execute(DriverCommandExecutor.java:83)
	at org.openqa.selenium.remote.RemoteWebDriver.execute(RemoteWebDriver.java:552)
	at org.openqa.selenium.remote.RemoteWebDriver.startSession(RemoteWebDriver.java:213)
	at org.openqa.selenium.remote.RemoteWebDriver.&lt;init&gt;(RemoteWebDriver.java:131)
	at org.openqa.selenium.chrome.ChromeDriver.&lt;init&gt;(ChromeDriver.java:181)
	at org.openqa.selenium.chrome.ChromeDriver.&lt;init&gt;(ChromeDriver.java:168)
	at org.openqa.selenium.chrome.ChromeDriver.&lt;init&gt;(ChromeDriver.java:123)
	at com.base.TestBase.initialization(TestBase.java:45)
	at com.pageTest.Component_1_Test.setUp(Component_1_Test.java:30)
	at java.base/java.util.ArrayList.forEach(ArrayList.java:1511)
... Removed 46 stack frames
</div> <!-- stack-trace -->
                </div> <!-- method-content -->
              </div> <!-- method -->
              <div class="method">
                <div class="method-content">
                  <a name="setNewValueTest(I am Developepr)">
                  </a> <!-- setNewValueTest(I am Developepr) -->
                  <span class="method-name">setNewValueTest</span>
                  <span class="parameters">(I am Developepr)</span>
                  <div class="stack-trace">org.openqa.selenium.SessionNotCreatedException: session not created: This version of ChromeDriver only supports Chrome version 86
Current browser version is 89.0.4389.128 with binary path /Applications/Google Chrome.app/Contents/MacOS/Google Chrome
Build info: version: &apos;3.141.59&apos;, revision: &apos;e82be7d358&apos;, time: &apos;2018-11-14T08:17:03&apos;
System info: host: &apos;Khosuzs-MBP.lan&apos;, ip: &apos;2603:7000:ac41:dd19:0:0:0:1bbe%en0&apos;, os.name: &apos;Mac OS X&apos;, os.arch: &apos;x86_64&apos;, os.version: &apos;10.16&apos;, java.version: &apos;15.0.1&apos;
Driver info: driver.version: ChromeDriver
remote stacktrace: 0   chromedriver                        0x000000010ae91c29 chromedriver + 2464809
1   chromedriver                        0x000000010b4cc6f3 chromedriver + 8996595
2   chromedriver                        0x000000010acd6d56 chromedriver + 650582
3   chromedriver                        0x000000010ac50f9a chromedriver + 102298
4   chromedriver                        0x000000010ac4d177 chromedriver + 86391
5   chromedriver                        0x000000010ac4a430 chromedriver + 74800
6   chromedriver                        0x000000010ac7c326 chromedriver + 279334
7   chromedriver                        0x000000010ac793f3 chromedriver + 267251
8   chromedriver                        0x000000010ac53230 chromedriver + 111152
9   chromedriver                        0x000000010ac541a7 chromedriver + 115111
10  chromedriver                        0x000000010ae64830 chromedriver + 2279472
11  chromedriver                        0x000000010ae6f83a chromedriver + 2324538
12  chromedriver                        0x000000010ae6f4a7 chromedriver + 2323623
13  chromedriver                        0x000000010ae4b945 chromedriver + 2177349
14  chromedriver                        0x000000010ae6fd41 chromedriver + 2325825
15  chromedriver                        0x000000010ae59bda chromedriver + 2235354
16  chromedriver                        0x000000010ae84c4a chromedriver + 2411594
17  chromedriver                        0x000000010ae96987 chromedriver + 2484615
18  libsystem_pthread.dylib             0x00007fff204ba950 _pthread_start + 224
19  libsystem_pthread.dylib             0x00007fff204b647b thread_start + 15

	at org.openqa.selenium.remote.W3CHandshakeResponse.lambda$errorHandler$0(W3CHandshakeResponse.java:62)
	at org.openqa.selenium.remote.HandshakeResponse.lambda$getResponseFunction$0(HandshakeResponse.java:30)
	at org.openqa.selenium.remote.ProtocolHandshake.lambda$createSession$0(ProtocolHandshake.java:126)
	at java.base/java.util.stream.ReferencePipeline$3$1.accept(ReferencePipeline.java:195)
	at java.base/java.util.Spliterators$ArraySpliterator.tryAdvance(Spliterators.java:958)
	at java.base/java.util.stream.ReferencePipeline.forEachWithCancel(ReferencePipeline.java:127)
	at java.base/java.util.stream.AbstractPipeline.copyIntoWithCancel(AbstractPipeline.java:502)
	at java.base/java.util.stream.AbstractPipeline.copyInto(AbstractPipeline.java:488)
	at java.base/java.util.stream.AbstractPipeline.wrapAndCopyInto(AbstractPipeline.java:474)
	at java.base/java.util.stream.FindOps$FindOp.evaluateSequential(FindOps.java:150)
	at java.base/java.util.stream.AbstractPipeline.evaluate(AbstractPipeline.java:234)
	at java.base/java.util.stream.ReferencePipeline.findFirst(ReferencePipeline.java:543)
	at org.openqa.selenium.remote.ProtocolHandshake.createSession(ProtocolHandshake.java:128)
	at org.openqa.selenium.remote.ProtocolHandshake.createSession(ProtocolHandshake.java:74)
	at org.openqa.selenium.remote.HttpCommandExecutor.execute(HttpCommandExecutor.java:136)
	at org.openqa.selenium.remote.service.DriverCommandExecutor.execute(DriverCommandExecutor.java:83)
	at org.openqa.selenium.remote.RemoteWebDriver.execute(RemoteWebDriver.java:552)
	at org.openqa.selenium.remote.RemoteWebDriver.startSession(RemoteWebDriver.java:213)
	at org.openqa.selenium.remote.RemoteWebDriver.&lt;init&gt;(RemoteWebDriver.java:131)
	at org.openqa.selenium.chrome.ChromeDriver.&lt;init&gt;(ChromeDriver.java:181)
	at org.openqa.selenium.chrome.ChromeDriver.&lt;init&gt;(ChromeDriver.java:168)
	at org.openqa.selenium.chrome.ChromeDriver.&lt;init&gt;(ChromeDriver.java:123)
	at com.base.TestBase.initialization(TestBase.java:45)
	at com.pageTest.Component_1_Test.setUp(Component_1_Test.java:30)
	at java.base/java.util.ArrayList.forEach(ArrayList.java:1511)
... Removed 46 stack frames
</div> <!-- stack-trace -->
                </div> <!-- method-content -->
              </div> <!-- method -->
              <div class="method">
                <div class="method-content">
                  <a name="setNewValueTest(I love my dream)">
                  </a> <!-- setNewValueTest(I love my dream) -->
                  <span class="method-name">setNewValueTest</span>
                  <span class="parameters">(I love my dream)</span>
                  <div class="stack-trace">org.openqa.selenium.SessionNotCreatedException: session not created: This version of ChromeDriver only supports Chrome version 86
Current browser version is 89.0.4389.128 with binary path /Applications/Google Chrome.app/Contents/MacOS/Google Chrome
Build info: version: &apos;3.141.59&apos;, revision: &apos;e82be7d358&apos;, time: &apos;2018-11-14T08:17:03&apos;
System info: host: &apos;Khosuzs-MBP.lan&apos;, ip: &apos;2603:7000:ac41:dd19:0:0:0:1bbe%en0&apos;, os.name: &apos;Mac OS X&apos;, os.arch: &apos;x86_64&apos;, os.version: &apos;10.16&apos;, java.version: &apos;15.0.1&apos;
Driver info: driver.version: ChromeDriver
remote stacktrace: 0   chromedriver                        0x000000010ae91c29 chromedriver + 2464809
1   chromedriver                        0x000000010b4cc6f3 chromedriver + 8996595
2   chromedriver                        0x000000010acd6d56 chromedriver + 650582
3   chromedriver                        0x000000010ac50f9a chromedriver + 102298
4   chromedriver                        0x000000010ac4d177 chromedriver + 86391
5   chromedriver                        0x000000010ac4a430 chromedriver + 74800
6   chromedriver                        0x000000010ac7c326 chromedriver + 279334
7   chromedriver                        0x000000010ac793f3 chromedriver + 267251
8   chromedriver                        0x000000010ac53230 chromedriver + 111152
9   chromedriver                        0x000000010ac541a7 chromedriver + 115111
10  chromedriver                        0x000000010ae64830 chromedriver + 2279472
11  chromedriver                        0x000000010ae6f83a chromedriver + 2324538
12  chromedriver                        0x000000010ae6f4a7 chromedriver + 2323623
13  chromedriver                        0x000000010ae4b945 chromedriver + 2177349
14  chromedriver                        0x000000010ae6fd41 chromedriver + 2325825
15  chromedriver                        0x000000010ae59bda chromedriver + 2235354
16  chromedriver                        0x000000010ae84c4a chromedriver + 2411594
17  chromedriver                        0x000000010ae96987 chromedriver + 2484615
18  libsystem_pthread.dylib             0x00007fff204ba950 _pthread_start + 224
19  libsystem_pthread.dylib             0x00007fff204b647b thread_start + 15

	at org.openqa.selenium.remote.W3CHandshakeResponse.lambda$errorHandler$0(W3CHandshakeResponse.java:62)
	at org.openqa.selenium.remote.HandshakeResponse.lambda$getResponseFunction$0(HandshakeResponse.java:30)
	at org.openqa.selenium.remote.ProtocolHandshake.lambda$createSession$0(ProtocolHandshake.java:126)
	at java.base/java.util.stream.ReferencePipeline$3$1.accept(ReferencePipeline.java:195)
	at java.base/java.util.Spliterators$ArraySpliterator.tryAdvance(Spliterators.java:958)
	at java.base/java.util.stream.ReferencePipeline.forEachWithCancel(ReferencePipeline.java:127)
	at java.base/java.util.stream.AbstractPipeline.copyIntoWithCancel(AbstractPipeline.java:502)
	at java.base/java.util.stream.AbstractPipeline.copyInto(AbstractPipeline.java:488)
	at java.base/java.util.stream.AbstractPipeline.wrapAndCopyInto(AbstractPipeline.java:474)
	at java.base/java.util.stream.FindOps$FindOp.evaluateSequential(FindOps.java:150)
	at java.base/java.util.stream.AbstractPipeline.evaluate(AbstractPipeline.java:234)
	at java.base/java.util.stream.ReferencePipeline.findFirst(ReferencePipeline.java:543)
	at org.openqa.selenium.remote.ProtocolHandshake.createSession(ProtocolHandshake.java:128)
	at org.openqa.selenium.remote.ProtocolHandshake.createSession(ProtocolHandshake.java:74)
	at org.openqa.selenium.remote.HttpCommandExecutor.execute(HttpCommandExecutor.java:136)
	at org.openqa.selenium.remote.service.DriverCommandExecutor.execute(DriverCommandExecutor.java:83)
	at org.openqa.selenium.remote.RemoteWebDriver.execute(RemoteWebDriver.java:552)
	at org.openqa.selenium.remote.RemoteWebDriver.startSession(RemoteWebDriver.java:213)
	at org.openqa.selenium.remote.RemoteWebDriver.&lt;init&gt;(RemoteWebDriver.java:131)
	at org.openqa.selenium.chrome.ChromeDriver.&lt;init&gt;(ChromeDriver.java:181)
	at org.openqa.selenium.chrome.ChromeDriver.&lt;init&gt;(ChromeDriver.java:168)
	at org.openqa.selenium.chrome.ChromeDriver.&lt;init&gt;(ChromeDriver.java:123)
	at com.base.TestBase.initialization(TestBase.java:45)
	at com.pageTest.Component_1_Test.setUp(Component_1_Test.java:30)
	at java.base/java.util.ArrayList.forEach(ArrayList.java:1511)
... Removed 46 stack frames
</div> <!-- stack-trace -->
                </div> <!-- method-content -->
              </div> <!-- method -->
              <div class="method">
                <div class="method-content">
                  <a name="setNewValueTest(I able to work)">
                  </a> <!-- setNewValueTest(I able to work) -->
                  <span class="method-name">setNewValueTest</span>
                  <span class="parameters">(I able to work)</span>
                  <div class="stack-trace">org.openqa.selenium.SessionNotCreatedException: session not created: This version of ChromeDriver only supports Chrome version 86
Current browser version is 89.0.4389.128 with binary path /Applications/Google Chrome.app/Contents/MacOS/Google Chrome
Build info: version: &apos;3.141.59&apos;, revision: &apos;e82be7d358&apos;, time: &apos;2018-11-14T08:17:03&apos;
System info: host: &apos;Khosuzs-MBP.lan&apos;, ip: &apos;2603:7000:ac41:dd19:0:0:0:1bbe%en0&apos;, os.name: &apos;Mac OS X&apos;, os.arch: &apos;x86_64&apos;, os.version: &apos;10.16&apos;, java.version: &apos;15.0.1&apos;
Driver info: driver.version: ChromeDriver
remote stacktrace: 0   chromedriver                        0x000000010ae91c29 chromedriver + 2464809
1   chromedriver                        0x000000010b4cc6f3 chromedriver + 8996595
2   chromedriver                        0x000000010acd6d56 chromedriver + 650582
3   chromedriver                        0x000000010ac50f9a chromedriver + 102298
4   chromedriver                        0x000000010ac4d177 chromedriver + 86391
5   chromedriver                        0x000000010ac4a430 chromedriver + 74800
6   chromedriver                        0x000000010ac7c326 chromedriver + 279334
7   chromedriver                        0x000000010ac793f3 chromedriver + 267251
8   chromedriver                        0x000000010ac53230 chromedriver + 111152
9   chromedriver                        0x000000010ac541a7 chromedriver + 115111
10  chromedriver                        0x000000010ae64830 chromedriver + 2279472
11  chromedriver                        0x000000010ae6f83a chromedriver + 2324538
12  chromedriver                        0x000000010ae6f4a7 chromedriver + 2323623
13  chromedriver                        0x000000010ae4b945 chromedriver + 2177349
14  chromedriver                        0x000000010ae6fd41 chromedriver + 2325825
15  chromedriver                        0x000000010ae59bda chromedriver + 2235354
16  chromedriver                        0x000000010ae84c4a chromedriver + 2411594
17  chromedriver                        0x000000010ae96987 chromedriver + 2484615
18  libsystem_pthread.dylib             0x00007fff204ba950 _pthread_start + 224
19  libsystem_pthread.dylib             0x00007fff204b647b thread_start + 15

	at org.openqa.selenium.remote.W3CHandshakeResponse.lambda$errorHandler$0(W3CHandshakeResponse.java:62)
	at org.openqa.selenium.remote.HandshakeResponse.lambda$getResponseFunction$0(HandshakeResponse.java:30)
	at org.openqa.selenium.remote.ProtocolHandshake.lambda$createSession$0(ProtocolHandshake.java:126)
	at java.base/java.util.stream.ReferencePipeline$3$1.accept(ReferencePipeline.java:195)
	at java.base/java.util.Spliterators$ArraySpliterator.tryAdvance(Spliterators.java:958)
	at java.base/java.util.stream.ReferencePipeline.forEachWithCancel(ReferencePipeline.java:127)
	at java.base/java.util.stream.AbstractPipeline.copyIntoWithCancel(AbstractPipeline.java:502)
	at java.base/java.util.stream.AbstractPipeline.copyInto(AbstractPipeline.java:488)
	at java.base/java.util.stream.AbstractPipeline.wrapAndCopyInto(AbstractPipeline.java:474)
	at java.base/java.util.stream.FindOps$FindOp.evaluateSequential(FindOps.java:150)
	at java.base/java.util.stream.AbstractPipeline.evaluate(AbstractPipeline.java:234)
	at java.base/java.util.stream.ReferencePipeline.findFirst(ReferencePipeline.java:543)
	at org.openqa.selenium.remote.ProtocolHandshake.createSession(ProtocolHandshake.java:128)
	at org.openqa.selenium.remote.ProtocolHandshake.createSession(ProtocolHandshake.java:74)
	at org.openqa.selenium.remote.HttpCommandExecutor.execute(HttpCommandExecutor.java:136)
	at org.openqa.selenium.remote.service.DriverCommandExecutor.execute(DriverCommandExecutor.java:83)
	at org.openqa.selenium.remote.RemoteWebDriver.execute(RemoteWebDriver.java:552)
	at org.openqa.selenium.remote.RemoteWebDriver.startSession(RemoteWebDriver.java:213)
	at org.openqa.selenium.remote.RemoteWebDriver.&lt;init&gt;(RemoteWebDriver.java:131)
	at org.openqa.selenium.chrome.ChromeDriver.&lt;init&gt;(ChromeDriver.java:181)
	at org.openqa.selenium.chrome.ChromeDriver.&lt;init&gt;(ChromeDriver.java:168)
	at org.openqa.selenium.chrome.ChromeDriver.&lt;init&gt;(ChromeDriver.java:123)
	at com.base.TestBase.initialization(TestBase.java:45)
	at com.pageTest.Component_1_Test.setUp(Component_1_Test.java:30)
	at java.base/java.util.ArrayList.forEach(ArrayList.java:1511)
... Removed 46 stack frames
</div> <!-- stack-trace -->
                </div> <!-- method-content -->
              </div> <!-- method -->
              <div class="method">
                <div class="method-content">
                  <a name="setNewValueTest(I am fine with this process)">
                  </a> <!-- setNewValueTest(I am fine with this process) -->
                  <span class="method-name">setNewValueTest</span>
                  <span class="parameters">(I am fine with this process)</span>
                  <div class="stack-trace">org.openqa.selenium.SessionNotCreatedException: session not created: This version of ChromeDriver only supports Chrome version 86
Current browser version is 89.0.4389.128 with binary path /Applications/Google Chrome.app/Contents/MacOS/Google Chrome
Build info: version: &apos;3.141.59&apos;, revision: &apos;e82be7d358&apos;, time: &apos;2018-11-14T08:17:03&apos;
System info: host: &apos;Khosuzs-MBP.lan&apos;, ip: &apos;2603:7000:ac41:dd19:0:0:0:1bbe%en0&apos;, os.name: &apos;Mac OS X&apos;, os.arch: &apos;x86_64&apos;, os.version: &apos;10.16&apos;, java.version: &apos;15.0.1&apos;
Driver info: driver.version: ChromeDriver
remote stacktrace: 0   chromedriver                        0x000000010ae91c29 chromedriver + 2464809
1   chromedriver                        0x000000010b4cc6f3 chromedriver + 8996595
2   chromedriver                        0x000000010acd6d56 chromedriver + 650582
3   chromedriver                        0x000000010ac50f9a chromedriver + 102298
4   chromedriver                        0x000000010ac4d177 chromedriver + 86391
5   chromedriver                        0x000000010ac4a430 chromedriver + 74800
6   chromedriver                        0x000000010ac7c326 chromedriver + 279334
7   chromedriver                        0x000000010ac793f3 chromedriver + 267251
8   chromedriver                        0x000000010ac53230 chromedriver + 111152
9   chromedriver                        0x000000010ac541a7 chromedriver + 115111
10  chromedriver                        0x000000010ae64830 chromedriver + 2279472
11  chromedriver                        0x000000010ae6f83a chromedriver + 2324538
12  chromedriver                        0x000000010ae6f4a7 chromedriver + 2323623
13  chromedriver                        0x000000010ae4b945 chromedriver + 2177349
14  chromedriver                        0x000000010ae6fd41 chromedriver + 2325825
15  chromedriver                        0x000000010ae59bda chromedriver + 2235354
16  chromedriver                        0x000000010ae84c4a chromedriver + 2411594
17  chromedriver                        0x000000010ae96987 chromedriver + 2484615
18  libsystem_pthread.dylib             0x00007fff204ba950 _pthread_start + 224
19  libsystem_pthread.dylib             0x00007fff204b647b thread_start + 15

	at org.openqa.selenium.remote.W3CHandshakeResponse.lambda$errorHandler$0(W3CHandshakeResponse.java:62)
	at org.openqa.selenium.remote.HandshakeResponse.lambda$getResponseFunction$0(HandshakeResponse.java:30)
	at org.openqa.selenium.remote.ProtocolHandshake.lambda$createSession$0(ProtocolHandshake.java:126)
	at java.base/java.util.stream.ReferencePipeline$3$1.accept(ReferencePipeline.java:195)
	at java.base/java.util.Spliterators$ArraySpliterator.tryAdvance(Spliterators.java:958)
	at java.base/java.util.stream.ReferencePipeline.forEachWithCancel(ReferencePipeline.java:127)
	at java.base/java.util.stream.AbstractPipeline.copyIntoWithCancel(AbstractPipeline.java:502)
	at java.base/java.util.stream.AbstractPipeline.copyInto(AbstractPipeline.java:488)
	at java.base/java.util.stream.AbstractPipeline.wrapAndCopyInto(AbstractPipeline.java:474)
	at java.base/java.util.stream.FindOps$FindOp.evaluateSequential(FindOps.java:150)
	at java.base/java.util.stream.AbstractPipeline.evaluate(AbstractPipeline.java:234)
	at java.base/java.util.stream.ReferencePipeline.findFirst(ReferencePipeline.java:543)
	at org.openqa.selenium.remote.ProtocolHandshake.createSession(ProtocolHandshake.java:128)
	at org.openqa.selenium.remote.ProtocolHandshake.createSession(ProtocolHandshake.java:74)
	at org.openqa.selenium.remote.HttpCommandExecutor.execute(HttpCommandExecutor.java:136)
	at org.openqa.selenium.remote.service.DriverCommandExecutor.execute(DriverCommandExecutor.java:83)
	at org.openqa.selenium.remote.RemoteWebDriver.execute(RemoteWebDriver.java:552)
	at org.openqa.selenium.remote.RemoteWebDriver.startSession(RemoteWebDriver.java:213)
	at org.openqa.selenium.remote.RemoteWebDriver.&lt;init&gt;(RemoteWebDriver.java:131)
	at org.openqa.selenium.chrome.ChromeDriver.&lt;init&gt;(ChromeDriver.java:181)
	at org.openqa.selenium.chrome.ChromeDriver.&lt;init&gt;(ChromeDriver.java:168)
	at org.openqa.selenium.chrome.ChromeDriver.&lt;init&gt;(ChromeDriver.java:123)
	at com.base.TestBase.initialization(TestBase.java:45)
	at com.pageTest.Component_1_Test.setUp(Component_1_Test.java:30)
	at java.base/java.util.ArrayList.forEach(ArrayList.java:1511)
... Removed 46 stack frames
</div> <!-- stack-trace -->
                </div> <!-- method-content -->
              </div> <!-- method -->
            </div> <!-- main-panel-content rounded-window-bottom -->
          </div> <!-- suite-Command_line_suite-class-skipped -->
          <div class="suite-Command_line_suite-class-skipped">
            <div class="main-panel-header rounded-window-top">
              <img src="skipped.png"/>
              <span class="class-name">com.pageTest.Component_2_Test</span>
            </div> <!-- main-panel-header rounded-window-top -->
            <div class="main-panel-content rounded-window-bottom">
              <div class="method">
                <div class="method-content">
                  <a name="clicToRemoveButtonTest">
                  </a> <!-- clicToRemoveButtonTest -->
                  <span class="method-name">clicToRemoveButtonTest</span>
                  <div class="stack-trace">org.openqa.selenium.SessionNotCreatedException: session not created: This version of ChromeDriver only supports Chrome version 86
Current browser version is 89.0.4389.128 with binary path /Applications/Google Chrome.app/Contents/MacOS/Google Chrome
Build info: version: &apos;3.141.59&apos;, revision: &apos;e82be7d358&apos;, time: &apos;2018-11-14T08:17:03&apos;
System info: host: &apos;Khosuzs-MBP.lan&apos;, ip: &apos;2603:7000:ac41:dd19:0:0:0:1bbe%en0&apos;, os.name: &apos;Mac OS X&apos;, os.arch: &apos;x86_64&apos;, os.version: &apos;10.16&apos;, java.version: &apos;15.0.1&apos;
Driver info: driver.version: ChromeDriver
remote stacktrace: 0   chromedriver                        0x000000010bebdc29 chromedriver + 2464809
1   chromedriver                        0x000000010c4f86f3 chromedriver + 8996595
2   chromedriver                        0x000000010bd02d56 chromedriver + 650582
3   chromedriver                        0x000000010bc7cf9a chromedriver + 102298
4   chromedriver                        0x000000010bc79177 chromedriver + 86391
5   chromedriver                        0x000000010bc76430 chromedriver + 74800
6   chromedriver                        0x000000010bca8326 chromedriver + 279334
7   chromedriver                        0x000000010bca53f3 chromedriver + 267251
8   chromedriver                        0x000000010bc7f230 chromedriver + 111152
9   chromedriver                        0x000000010bc801a7 chromedriver + 115111
10  chromedriver                        0x000000010be90830 chromedriver + 2279472
11  chromedriver                        0x000000010be9b83a chromedriver + 2324538
12  chromedriver                        0x000000010be9b4a7 chromedriver + 2323623
13  chromedriver                        0x000000010be77945 chromedriver + 2177349
14  chromedriver                        0x000000010be9bd41 chromedriver + 2325825
15  chromedriver                        0x000000010be85bda chromedriver + 2235354
16  chromedriver                        0x000000010beb0c4a chromedriver + 2411594
17  chromedriver                        0x000000010bec2987 chromedriver + 2484615
18  libsystem_pthread.dylib             0x00007fff204ba950 _pthread_start + 224
19  libsystem_pthread.dylib             0x00007fff204b647b thread_start + 15

	at org.openqa.selenium.remote.W3CHandshakeResponse.lambda$errorHandler$0(W3CHandshakeResponse.java:62)
	at org.openqa.selenium.remote.HandshakeResponse.lambda$getResponseFunction$0(HandshakeResponse.java:30)
	at org.openqa.selenium.remote.ProtocolHandshake.lambda$createSession$0(ProtocolHandshake.java:126)
	at java.base/java.util.stream.ReferencePipeline$3$1.accept(ReferencePipeline.java:195)
	at java.base/java.util.Spliterators$ArraySpliterator.tryAdvance(Spliterators.java:958)
	at java.base/java.util.stream.ReferencePipeline.forEachWithCancel(ReferencePipeline.java:127)
	at java.base/java.util.stream.AbstractPipeline.copyIntoWithCancel(AbstractPipeline.java:502)
	at java.base/java.util.stream.AbstractPipeline.copyInto(AbstractPipeline.java:488)
	at java.base/java.util.stream.AbstractPipeline.wrapAndCopyInto(AbstractPipeline.java:474)
	at java.base/java.util.stream.FindOps$FindOp.evaluateSequential(FindOps.java:150)
	at java.base/java.util.stream.AbstractPipeline.evaluate(AbstractPipeline.java:234)
	at java.base/java.util.stream.ReferencePipeline.findFirst(ReferencePipeline.java:543)
	at org.openqa.selenium.remote.ProtocolHandshake.createSession(ProtocolHandshake.java:128)
	at org.openqa.selenium.remote.ProtocolHandshake.createSession(ProtocolHandshake.java:74)
	at org.openqa.selenium.remote.HttpCommandExecutor.execute(HttpCommandExecutor.java:136)
	at org.openqa.selenium.remote.service.DriverCommandExecutor.execute(DriverCommandExecutor.java:83)
	at org.openqa.selenium.remote.RemoteWebDriver.execute(RemoteWebDriver.java:552)
	at org.openqa.selenium.remote.RemoteWebDriver.startSession(RemoteWebDriver.java:213)
	at org.openqa.selenium.remote.RemoteWebDriver.&lt;init&gt;(RemoteWebDriver.java:131)
	at org.openqa.selenium.chrome.ChromeDriver.&lt;init&gt;(ChromeDriver.java:181)
	at org.openqa.selenium.chrome.ChromeDriver.&lt;init&gt;(ChromeDriver.java:168)
	at org.openqa.selenium.chrome.ChromeDriver.&lt;init&gt;(ChromeDriver.java:123)
	at com.base.TestBase.initialization(TestBase.java:45)
	at com.pageTest.Component_2_Test.setUp(Component_2_Test.java:29)
	at java.base/java.util.ArrayList.forEach(ArrayList.java:1511)
... Removed 46 stack frames
</div> <!-- stack-trace -->
                </div> <!-- method-content -->
              </div> <!-- method -->
              <div class="method">
                <div class="method-content">
                  <a name="clickToAddButtonTest">
                  </a> <!-- clickToAddButtonTest -->
                  <span class="method-name">clickToAddButtonTest</span>
                  <div class="stack-trace">org.openqa.selenium.SessionNotCreatedException: session not created: This version of ChromeDriver only supports Chrome version 86
Current browser version is 89.0.4389.128 with binary path /Applications/Google Chrome.app/Contents/MacOS/Google Chrome
Build info: version: &apos;3.141.59&apos;, revision: &apos;e82be7d358&apos;, time: &apos;2018-11-14T08:17:03&apos;
System info: host: &apos;Khosuzs-MBP.lan&apos;, ip: &apos;2603:7000:ac41:dd19:0:0:0:1bbe%en0&apos;, os.name: &apos;Mac OS X&apos;, os.arch: &apos;x86_64&apos;, os.version: &apos;10.16&apos;, java.version: &apos;15.0.1&apos;
Driver info: driver.version: ChromeDriver
remote stacktrace: 0   chromedriver                        0x000000010bebdc29 chromedriver + 2464809
1   chromedriver                        0x000000010c4f86f3 chromedriver + 8996595
2   chromedriver                        0x000000010bd02d56 chromedriver + 650582
3   chromedriver                        0x000000010bc7cf9a chromedriver + 102298
4   chromedriver                        0x000000010bc79177 chromedriver + 86391
5   chromedriver                        0x000000010bc76430 chromedriver + 74800
6   chromedriver                        0x000000010bca8326 chromedriver + 279334
7   chromedriver                        0x000000010bca53f3 chromedriver + 267251
8   chromedriver                        0x000000010bc7f230 chromedriver + 111152
9   chromedriver                        0x000000010bc801a7 chromedriver + 115111
10  chromedriver                        0x000000010be90830 chromedriver + 2279472
11  chromedriver                        0x000000010be9b83a chromedriver + 2324538
12  chromedriver                        0x000000010be9b4a7 chromedriver + 2323623
13  chromedriver                        0x000000010be77945 chromedriver + 2177349
14  chromedriver                        0x000000010be9bd41 chromedriver + 2325825
15  chromedriver                        0x000000010be85bda chromedriver + 2235354
16  chromedriver                        0x000000010beb0c4a chromedriver + 2411594
17  chromedriver                        0x000000010bec2987 chromedriver + 2484615
18  libsystem_pthread.dylib             0x00007fff204ba950 _pthread_start + 224
19  libsystem_pthread.dylib             0x00007fff204b647b thread_start + 15

	at org.openqa.selenium.remote.W3CHandshakeResponse.lambda$errorHandler$0(W3CHandshakeResponse.java:62)
	at org.openqa.selenium.remote.HandshakeResponse.lambda$getResponseFunction$0(HandshakeResponse.java:30)
	at org.openqa.selenium.remote.ProtocolHandshake.lambda$createSession$0(ProtocolHandshake.java:126)
	at java.base/java.util.stream.ReferencePipeline$3$1.accept(ReferencePipeline.java:195)
	at java.base/java.util.Spliterators$ArraySpliterator.tryAdvance(Spliterators.java:958)
	at java.base/java.util.stream.ReferencePipeline.forEachWithCancel(ReferencePipeline.java:127)
	at java.base/java.util.stream.AbstractPipeline.copyIntoWithCancel(AbstractPipeline.java:502)
	at java.base/java.util.stream.AbstractPipeline.copyInto(AbstractPipeline.java:488)
	at java.base/java.util.stream.AbstractPipeline.wrapAndCopyInto(AbstractPipeline.java:474)
	at java.base/java.util.stream.FindOps$FindOp.evaluateSequential(FindOps.java:150)
	at java.base/java.util.stream.AbstractPipeline.evaluate(AbstractPipeline.java:234)
	at java.base/java.util.stream.ReferencePipeline.findFirst(ReferencePipeline.java:543)
	at org.openqa.selenium.remote.ProtocolHandshake.createSession(ProtocolHandshake.java:128)
	at org.openqa.selenium.remote.ProtocolHandshake.createSession(ProtocolHandshake.java:74)
	at org.openqa.selenium.remote.HttpCommandExecutor.execute(HttpCommandExecutor.java:136)
	at org.openqa.selenium.remote.service.DriverCommandExecutor.execute(DriverCommandExecutor.java:83)
	at org.openqa.selenium.remote.RemoteWebDriver.execute(RemoteWebDriver.java:552)
	at org.openqa.selenium.remote.RemoteWebDriver.startSession(RemoteWebDriver.java:213)
	at org.openqa.selenium.remote.RemoteWebDriver.&lt;init&gt;(RemoteWebDriver.java:131)
	at org.openqa.selenium.chrome.ChromeDriver.&lt;init&gt;(ChromeDriver.java:181)
	at org.openqa.selenium.chrome.ChromeDriver.&lt;init&gt;(ChromeDriver.java:168)
	at org.openqa.selenium.chrome.ChromeDriver.&lt;init&gt;(ChromeDriver.java:123)
	at com.base.TestBase.initialization(TestBase.java:45)
	at com.pageTest.Component_2_Test.setUp(Component_2_Test.java:29)
	at java.base/java.util.ArrayList.forEach(ArrayList.java:1511)
... Removed 46 stack frames
</div> <!-- stack-trace -->
                </div> <!-- method-content -->
              </div> <!-- method -->
              <div class="method">
                <div class="method-content">
                  <a name="displayItemsTest">
                  </a> <!-- displayItemsTest -->
                  <span class="method-name">displayItemsTest</span>
                  <div class="stack-trace">org.openqa.selenium.SessionNotCreatedException: session not created: This version of ChromeDriver only supports Chrome version 86
Current browser version is 89.0.4389.128 with binary path /Applications/Google Chrome.app/Contents/MacOS/Google Chrome
Build info: version: &apos;3.141.59&apos;, revision: &apos;e82be7d358&apos;, time: &apos;2018-11-14T08:17:03&apos;
System info: host: &apos;Khosuzs-MBP.lan&apos;, ip: &apos;2603:7000:ac41:dd19:0:0:0:1bbe%en0&apos;, os.name: &apos;Mac OS X&apos;, os.arch: &apos;x86_64&apos;, os.version: &apos;10.16&apos;, java.version: &apos;15.0.1&apos;
Driver info: driver.version: ChromeDriver
remote stacktrace: 0   chromedriver                        0x000000010bebdc29 chromedriver + 2464809
1   chromedriver                        0x000000010c4f86f3 chromedriver + 8996595
2   chromedriver                        0x000000010bd02d56 chromedriver + 650582
3   chromedriver                        0x000000010bc7cf9a chromedriver + 102298
4   chromedriver                        0x000000010bc79177 chromedriver + 86391
5   chromedriver                        0x000000010bc76430 chromedriver + 74800
6   chromedriver                        0x000000010bca8326 chromedriver + 279334
7   chromedriver                        0x000000010bca53f3 chromedriver + 267251
8   chromedriver                        0x000000010bc7f230 chromedriver + 111152
9   chromedriver                        0x000000010bc801a7 chromedriver + 115111
10  chromedriver                        0x000000010be90830 chromedriver + 2279472
11  chromedriver                        0x000000010be9b83a chromedriver + 2324538
12  chromedriver                        0x000000010be9b4a7 chromedriver + 2323623
13  chromedriver                        0x000000010be77945 chromedriver + 2177349
14  chromedriver                        0x000000010be9bd41 chromedriver + 2325825
15  chromedriver                        0x000000010be85bda chromedriver + 2235354
16  chromedriver                        0x000000010beb0c4a chromedriver + 2411594
17  chromedriver                        0x000000010bec2987 chromedriver + 2484615
18  libsystem_pthread.dylib             0x00007fff204ba950 _pthread_start + 224
19  libsystem_pthread.dylib             0x00007fff204b647b thread_start + 15

	at org.openqa.selenium.remote.W3CHandshakeResponse.lambda$errorHandler$0(W3CHandshakeResponse.java:62)
	at org.openqa.selenium.remote.HandshakeResponse.lambda$getResponseFunction$0(HandshakeResponse.java:30)
	at org.openqa.selenium.remote.ProtocolHandshake.lambda$createSession$0(ProtocolHandshake.java:126)
	at java.base/java.util.stream.ReferencePipeline$3$1.accept(ReferencePipeline.java:195)
	at java.base/java.util.Spliterators$ArraySpliterator.tryAdvance(Spliterators.java:958)
	at java.base/java.util.stream.ReferencePipeline.forEachWithCancel(ReferencePipeline.java:127)
	at java.base/java.util.stream.AbstractPipeline.copyIntoWithCancel(AbstractPipeline.java:502)
	at java.base/java.util.stream.AbstractPipeline.copyInto(AbstractPipeline.java:488)
	at java.base/java.util.stream.AbstractPipeline.wrapAndCopyInto(AbstractPipeline.java:474)
	at java.base/java.util.stream.FindOps$FindOp.evaluateSequential(FindOps.java:150)
	at java.base/java.util.stream.AbstractPipeline.evaluate(AbstractPipeline.java:234)
	at java.base/java.util.stream.ReferencePipeline.findFirst(ReferencePipeline.java:543)
	at org.openqa.selenium.remote.ProtocolHandshake.createSession(ProtocolHandshake.java:128)
	at org.openqa.selenium.remote.ProtocolHandshake.createSession(ProtocolHandshake.java:74)
	at org.openqa.selenium.remote.HttpCommandExecutor.execute(HttpCommandExecutor.java:136)
	at org.openqa.selenium.remote.service.DriverCommandExecutor.execute(DriverCommandExecutor.java:83)
	at org.openqa.selenium.remote.RemoteWebDriver.execute(RemoteWebDriver.java:552)
	at org.openqa.selenium.remote.RemoteWebDriver.startSession(RemoteWebDriver.java:213)
	at org.openqa.selenium.remote.RemoteWebDriver.&lt;init&gt;(RemoteWebDriver.java:131)
	at org.openqa.selenium.chrome.ChromeDriver.&lt;init&gt;(ChromeDriver.java:181)
	at org.openqa.selenium.chrome.ChromeDriver.&lt;init&gt;(ChromeDriver.java:168)
	at org.openqa.selenium.chrome.ChromeDriver.&lt;init&gt;(ChromeDriver.java:123)
	at com.base.TestBase.initialization(TestBase.java:45)
	at com.pageTest.Component_2_Test.setUp(Component_2_Test.java:29)
	at java.base/java.util.ArrayList.forEach(ArrayList.java:1511)
... Removed 46 stack frames
</div> <!-- stack-trace -->
                </div> <!-- method-content -->
              </div> <!-- method -->
              <div class="method">
                <div class="method-content">
                  <a name="pageTitleTest">
                  </a> <!-- pageTitleTest -->
                  <span class="method-name">pageTitleTest</span>
                  <div class="stack-trace">org.openqa.selenium.SessionNotCreatedException: session not created: This version of ChromeDriver only supports Chrome version 86
Current browser version is 89.0.4389.128 with binary path /Applications/Google Chrome.app/Contents/MacOS/Google Chrome
Build info: version: &apos;3.141.59&apos;, revision: &apos;e82be7d358&apos;, time: &apos;2018-11-14T08:17:03&apos;
System info: host: &apos;Khosuzs-MBP.lan&apos;, ip: &apos;2603:7000:ac41:dd19:0:0:0:1bbe%en0&apos;, os.name: &apos;Mac OS X&apos;, os.arch: &apos;x86_64&apos;, os.version: &apos;10.16&apos;, java.version: &apos;15.0.1&apos;
Driver info: driver.version: ChromeDriver
remote stacktrace: 0   chromedriver                        0x000000010bebdc29 chromedriver + 2464809
1   chromedriver                        0x000000010c4f86f3 chromedriver + 8996595
2   chromedriver                        0x000000010bd02d56 chromedriver + 650582
3   chromedriver                        0x000000010bc7cf9a chromedriver + 102298
4   chromedriver                        0x000000010bc79177 chromedriver + 86391
5   chromedriver                        0x000000010bc76430 chromedriver + 74800
6   chromedriver                        0x000000010bca8326 chromedriver + 279334
7   chromedriver                        0x000000010bca53f3 chromedriver + 267251
8   chromedriver                        0x000000010bc7f230 chromedriver + 111152
9   chromedriver                        0x000000010bc801a7 chromedriver + 115111
10  chromedriver                        0x000000010be90830 chromedriver + 2279472
11  chromedriver                        0x000000010be9b83a chromedriver + 2324538
12  chromedriver                        0x000000010be9b4a7 chromedriver + 2323623
13  chromedriver                        0x000000010be77945 chromedriver + 2177349
14  chromedriver                        0x000000010be9bd41 chromedriver + 2325825
15  chromedriver                        0x000000010be85bda chromedriver + 2235354
16  chromedriver                        0x000000010beb0c4a chromedriver + 2411594
17  chromedriver                        0x000000010bec2987 chromedriver + 2484615
18  libsystem_pthread.dylib             0x00007fff204ba950 _pthread_start + 224
19  libsystem_pthread.dylib             0x00007fff204b647b thread_start + 15

	at org.openqa.selenium.remote.W3CHandshakeResponse.lambda$errorHandler$0(W3CHandshakeResponse.java:62)
	at org.openqa.selenium.remote.HandshakeResponse.lambda$getResponseFunction$0(HandshakeResponse.java:30)
	at org.openqa.selenium.remote.ProtocolHandshake.lambda$createSession$0(ProtocolHandshake.java:126)
	at java.base/java.util.stream.ReferencePipeline$3$1.accept(ReferencePipeline.java:195)
	at java.base/java.util.Spliterators$ArraySpliterator.tryAdvance(Spliterators.java:958)
	at java.base/java.util.stream.ReferencePipeline.forEachWithCancel(ReferencePipeline.java:127)
	at java.base/java.util.stream.AbstractPipeline.copyIntoWithCancel(AbstractPipeline.java:502)
	at java.base/java.util.stream.AbstractPipeline.copyInto(AbstractPipeline.java:488)
	at java.base/java.util.stream.AbstractPipeline.wrapAndCopyInto(AbstractPipeline.java:474)
	at java.base/java.util.stream.FindOps$FindOp.evaluateSequential(FindOps.java:150)
	at java.base/java.util.stream.AbstractPipeline.evaluate(AbstractPipeline.java:234)
	at java.base/java.util.stream.ReferencePipeline.findFirst(ReferencePipeline.java:543)
	at org.openqa.selenium.remote.ProtocolHandshake.createSession(ProtocolHandshake.java:128)
	at org.openqa.selenium.remote.ProtocolHandshake.createSession(ProtocolHandshake.java:74)
	at org.openqa.selenium.remote.HttpCommandExecutor.execute(HttpCommandExecutor.java:136)
	at org.openqa.selenium.remote.service.DriverCommandExecutor.execute(DriverCommandExecutor.java:83)
	at org.openqa.selenium.remote.RemoteWebDriver.execute(RemoteWebDriver.java:552)
	at org.openqa.selenium.remote.RemoteWebDriver.startSession(RemoteWebDriver.java:213)
	at org.openqa.selenium.remote.RemoteWebDriver.&lt;init&gt;(RemoteWebDriver.java:131)
	at org.openqa.selenium.chrome.ChromeDriver.&lt;init&gt;(ChromeDriver.java:181)
	at org.openqa.selenium.chrome.ChromeDriver.&lt;init&gt;(ChromeDriver.java:168)
	at org.openqa.selenium.chrome.ChromeDriver.&lt;init&gt;(ChromeDriver.java:123)
	at com.base.TestBase.initialization(TestBase.java:45)
	at com.pageTest.Component_2_Test.setUp(Component_2_Test.java:29)
	at java.base/java.util.ArrayList.forEach(ArrayList.java:1511)
... Removed 46 stack frames
</div> <!-- stack-trace -->
                </div> <!-- method-content -->
              </div> <!-- method -->
              <div class="method">
                <div class="method-content">
                  <a name="selectLisItemtInVisiblilityTest">
                  </a> <!-- selectLisItemtInVisiblilityTest -->
                  <span class="method-name">selectLisItemtInVisiblilityTest</span>
                  <div class="stack-trace">org.openqa.selenium.SessionNotCreatedException: session not created: This version of ChromeDriver only supports Chrome version 86
Current browser version is 89.0.4389.128 with binary path /Applications/Google Chrome.app/Contents/MacOS/Google Chrome
Build info: version: &apos;3.141.59&apos;, revision: &apos;e82be7d358&apos;, time: &apos;2018-11-14T08:17:03&apos;
System info: host: &apos;Khosuzs-MBP.lan&apos;, ip: &apos;2603:7000:ac41:dd19:0:0:0:1bbe%en0&apos;, os.name: &apos;Mac OS X&apos;, os.arch: &apos;x86_64&apos;, os.version: &apos;10.16&apos;, java.version: &apos;15.0.1&apos;
Driver info: driver.version: ChromeDriver
remote stacktrace: 0   chromedriver                        0x000000010bebdc29 chromedriver + 2464809
1   chromedriver                        0x000000010c4f86f3 chromedriver + 8996595
2   chromedriver                        0x000000010bd02d56 chromedriver + 650582
3   chromedriver                        0x000000010bc7cf9a chromedriver + 102298
4   chromedriver                        0x000000010bc79177 chromedriver + 86391
5   chromedriver                        0x000000010bc76430 chromedriver + 74800
6   chromedriver                        0x000000010bca8326 chromedriver + 279334
7   chromedriver                        0x000000010bca53f3 chromedriver + 267251
8   chromedriver                        0x000000010bc7f230 chromedriver + 111152
9   chromedriver                        0x000000010bc801a7 chromedriver + 115111
10  chromedriver                        0x000000010be90830 chromedriver + 2279472
11  chromedriver                        0x000000010be9b83a chromedriver + 2324538
12  chromedriver                        0x000000010be9b4a7 chromedriver + 2323623
13  chromedriver                        0x000000010be77945 chromedriver + 2177349
14  chromedriver                        0x000000010be9bd41 chromedriver + 2325825
15  chromedriver                        0x000000010be85bda chromedriver + 2235354
16  chromedriver                        0x000000010beb0c4a chromedriver + 2411594
17  chromedriver                        0x000000010bec2987 chromedriver + 2484615
18  libsystem_pthread.dylib             0x00007fff204ba950 _pthread_start + 224
19  libsystem_pthread.dylib             0x00007fff204b647b thread_start + 15

	at org.openqa.selenium.remote.W3CHandshakeResponse.lambda$errorHandler$0(W3CHandshakeResponse.java:62)
	at org.openqa.selenium.remote.HandshakeResponse.lambda$getResponseFunction$0(HandshakeResponse.java:30)
	at org.openqa.selenium.remote.ProtocolHandshake.lambda$createSession$0(ProtocolHandshake.java:126)
	at java.base/java.util.stream.ReferencePipeline$3$1.accept(ReferencePipeline.java:195)
	at java.base/java.util.Spliterators$ArraySpliterator.tryAdvance(Spliterators.java:958)
	at java.base/java.util.stream.ReferencePipeline.forEachWithCancel(ReferencePipeline.java:127)
	at java.base/java.util.stream.AbstractPipeline.copyIntoWithCancel(AbstractPipeline.java:502)
	at java.base/java.util.stream.AbstractPipeline.copyInto(AbstractPipeline.java:488)
	at java.base/java.util.stream.AbstractPipeline.wrapAndCopyInto(AbstractPipeline.java:474)
	at java.base/java.util.stream.FindOps$FindOp.evaluateSequential(FindOps.java:150)
	at java.base/java.util.stream.AbstractPipeline.evaluate(AbstractPipeline.java:234)
	at java.base/java.util.stream.ReferencePipeline.findFirst(ReferencePipeline.java:543)
	at org.openqa.selenium.remote.ProtocolHandshake.createSession(ProtocolHandshake.java:128)
	at org.openqa.selenium.remote.ProtocolHandshake.createSession(ProtocolHandshake.java:74)
	at org.openqa.selenium.remote.HttpCommandExecutor.execute(HttpCommandExecutor.java:136)
	at org.openqa.selenium.remote.service.DriverCommandExecutor.execute(DriverCommandExecutor.java:83)
	at org.openqa.selenium.remote.RemoteWebDriver.execute(RemoteWebDriver.java:552)
	at org.openqa.selenium.remote.RemoteWebDriver.startSession(RemoteWebDriver.java:213)
	at org.openqa.selenium.remote.RemoteWebDriver.&lt;init&gt;(RemoteWebDriver.java:131)
	at org.openqa.selenium.chrome.ChromeDriver.&lt;init&gt;(ChromeDriver.java:181)
	at org.openqa.selenium.chrome.ChromeDriver.&lt;init&gt;(ChromeDriver.java:168)
	at org.openqa.selenium.chrome.ChromeDriver.&lt;init&gt;(ChromeDriver.java:123)
	at com.base.TestBase.initialization(TestBase.java:45)
	at com.pageTest.Component_2_Test.setUp(Component_2_Test.java:29)
	at java.base/java.util.ArrayList.forEach(ArrayList.java:1511)
... Removed 46 stack frames
</div> <!-- stack-trace -->
                </div> <!-- method-content -->
              </div> <!-- method -->
              <div class="method">
                <div class="method-content">
                  <a name="selectListVisiblilityTest">
                  </a> <!-- selectListVisiblilityTest -->
                  <span class="method-name">selectListVisiblilityTest</span>
                  <div class="stack-trace">org.openqa.selenium.SessionNotCreatedException: session not created: This version of ChromeDriver only supports Chrome version 86
Current browser version is 89.0.4389.128 with binary path /Applications/Google Chrome.app/Contents/MacOS/Google Chrome
Build info: version: &apos;3.141.59&apos;, revision: &apos;e82be7d358&apos;, time: &apos;2018-11-14T08:17:03&apos;
System info: host: &apos;Khosuzs-MBP.lan&apos;, ip: &apos;2603:7000:ac41:dd19:0:0:0:1bbe%en0&apos;, os.name: &apos;Mac OS X&apos;, os.arch: &apos;x86_64&apos;, os.version: &apos;10.16&apos;, java.version: &apos;15.0.1&apos;
Driver info: driver.version: ChromeDriver
remote stacktrace: 0   chromedriver                        0x000000010bebdc29 chromedriver + 2464809
1   chromedriver                        0x000000010c4f86f3 chromedriver + 8996595
2   chromedriver                        0x000000010bd02d56 chromedriver + 650582
3   chromedriver                        0x000000010bc7cf9a chromedriver + 102298
4   chromedriver                        0x000000010bc79177 chromedriver + 86391
5   chromedriver                        0x000000010bc76430 chromedriver + 74800
6   chromedriver                        0x000000010bca8326 chromedriver + 279334
7   chromedriver                        0x000000010bca53f3 chromedriver + 267251
8   chromedriver                        0x000000010bc7f230 chromedriver + 111152
9   chromedriver                        0x000000010bc801a7 chromedriver + 115111
10  chromedriver                        0x000000010be90830 chromedriver + 2279472
11  chromedriver                        0x000000010be9b83a chromedriver + 2324538
12  chromedriver                        0x000000010be9b4a7 chromedriver + 2323623
13  chromedriver                        0x000000010be77945 chromedriver + 2177349
14  chromedriver                        0x000000010be9bd41 chromedriver + 2325825
15  chromedriver                        0x000000010be85bda chromedriver + 2235354
16  chromedriver                        0x000000010beb0c4a chromedriver + 2411594
17  chromedriver                        0x000000010bec2987 chromedriver + 2484615
18  libsystem_pthread.dylib             0x00007fff204ba950 _pthread_start + 224
19  libsystem_pthread.dylib             0x00007fff204b647b thread_start + 15

	at org.openqa.selenium.remote.W3CHandshakeResponse.lambda$errorHandler$0(W3CHandshakeResponse.java:62)
	at org.openqa.selenium.remote.HandshakeResponse.lambda$getResponseFunction$0(HandshakeResponse.java:30)
	at org.openqa.selenium.remote.ProtocolHandshake.lambda$createSession$0(ProtocolHandshake.java:126)
	at java.base/java.util.stream.ReferencePipeline$3$1.accept(ReferencePipeline.java:195)
	at java.base/java.util.Spliterators$ArraySpliterator.tryAdvance(Spliterators.java:958)
	at java.base/java.util.stream.ReferencePipeline.forEachWithCancel(ReferencePipeline.java:127)
	at java.base/java.util.stream.AbstractPipeline.copyIntoWithCancel(AbstractPipeline.java:502)
	at java.base/java.util.stream.AbstractPipeline.copyInto(AbstractPipeline.java:488)
	at java.base/java.util.stream.AbstractPipeline.wrapAndCopyInto(AbstractPipeline.java:474)
	at java.base/java.util.stream.FindOps$FindOp.evaluateSequential(FindOps.java:150)
	at java.base/java.util.stream.AbstractPipeline.evaluate(AbstractPipeline.java:234)
	at java.base/java.util.stream.ReferencePipeline.findFirst(ReferencePipeline.java:543)
	at org.openqa.selenium.remote.ProtocolHandshake.createSession(ProtocolHandshake.java:128)
	at org.openqa.selenium.remote.ProtocolHandshake.createSession(ProtocolHandshake.java:74)
	at org.openqa.selenium.remote.HttpCommandExecutor.execute(HttpCommandExecutor.java:136)
	at org.openqa.selenium.remote.service.DriverCommandExecutor.execute(DriverCommandExecutor.java:83)
	at org.openqa.selenium.remote.RemoteWebDriver.execute(RemoteWebDriver.java:552)
	at org.openqa.selenium.remote.RemoteWebDriver.startSession(RemoteWebDriver.java:213)
	at org.openqa.selenium.remote.RemoteWebDriver.&lt;init&gt;(RemoteWebDriver.java:131)
	at org.openqa.selenium.chrome.ChromeDriver.&lt;init&gt;(ChromeDriver.java:181)
	at org.openqa.selenium.chrome.ChromeDriver.&lt;init&gt;(ChromeDriver.java:168)
	at org.openqa.selenium.chrome.ChromeDriver.&lt;init&gt;(ChromeDriver.java:123)
	at com.base.TestBase.initialization(TestBase.java:45)
	at com.pageTest.Component_2_Test.setUp(Component_2_Test.java:29)
	at java.base/java.util.ArrayList.forEach(ArrayList.java:1511)
... Removed 46 stack frames
</div> <!-- stack-trace -->
                </div> <!-- method-content -->
              </div> <!-- method -->
            </div> <!-- main-panel-content rounded-window-bottom -->
          </div> <!-- suite-Command_line_suite-class-skipped -->
          <div class="suite-Command_line_suite-class-skipped">
            <div class="main-panel-header rounded-window-top">
              <img src="skipped.png"/>
              <span class="class-name">com.pageTest.Component_3_Test</span>
            </div> <!-- main-panel-header rounded-window-top -->
            <div class="main-panel-content rounded-window-bottom">
              <div class="method">
                <div class="method-content">
                  <a name="availableDataTest">
                  </a> <!-- availableDataTest -->
                  <span class="method-name">availableDataTest</span>
                  <div class="stack-trace">org.openqa.selenium.SessionNotCreatedException: session not created: This version of ChromeDriver only supports Chrome version 86
Current browser version is 89.0.4389.128 with binary path /Applications/Google Chrome.app/Contents/MacOS/Google Chrome
Build info: version: &apos;3.141.59&apos;, revision: &apos;e82be7d358&apos;, time: &apos;2018-11-14T08:17:03&apos;
System info: host: &apos;Khosuzs-MBP.lan&apos;, ip: &apos;2603:7000:ac41:dd19:0:0:0:1bbe%en0&apos;, os.name: &apos;Mac OS X&apos;, os.arch: &apos;x86_64&apos;, os.version: &apos;10.16&apos;, java.version: &apos;15.0.1&apos;
Driver info: driver.version: ChromeDriver
remote stacktrace: 0   chromedriver                        0x0000000104184c29 chromedriver + 2464809
1   chromedriver                        0x00000001047bf6f3 chromedriver + 8996595
2   chromedriver                        0x0000000103fc9d56 chromedriver + 650582
3   chromedriver                        0x0000000103f43f9a chromedriver + 102298
4   chromedriver                        0x0000000103f40177 chromedriver + 86391
5   chromedriver                        0x0000000103f3d430 chromedriver + 74800
6   chromedriver                        0x0000000103f6f326 chromedriver + 279334
7   chromedriver                        0x0000000103f6c3f3 chromedriver + 267251
8   chromedriver                        0x0000000103f46230 chromedriver + 111152
9   chromedriver                        0x0000000103f471a7 chromedriver + 115111
10  chromedriver                        0x0000000104157830 chromedriver + 2279472
11  chromedriver                        0x000000010416283a chromedriver + 2324538
12  chromedriver                        0x00000001041624a7 chromedriver + 2323623
13  chromedriver                        0x000000010413e945 chromedriver + 2177349
14  chromedriver                        0x0000000104162d41 chromedriver + 2325825
15  chromedriver                        0x000000010414cbda chromedriver + 2235354
16  chromedriver                        0x0000000104177c4a chromedriver + 2411594
17  chromedriver                        0x0000000104189987 chromedriver + 2484615
18  libsystem_pthread.dylib             0x00007fff204ba950 _pthread_start + 224
19  libsystem_pthread.dylib             0x00007fff204b647b thread_start + 15

	at org.openqa.selenium.remote.W3CHandshakeResponse.lambda$errorHandler$0(W3CHandshakeResponse.java:62)
	at org.openqa.selenium.remote.HandshakeResponse.lambda$getResponseFunction$0(HandshakeResponse.java:30)
	at org.openqa.selenium.remote.ProtocolHandshake.lambda$createSession$0(ProtocolHandshake.java:126)
	at java.base/java.util.stream.ReferencePipeline$3$1.accept(ReferencePipeline.java:195)
	at java.base/java.util.Spliterators$ArraySpliterator.tryAdvance(Spliterators.java:958)
	at java.base/java.util.stream.ReferencePipeline.forEachWithCancel(ReferencePipeline.java:127)
	at java.base/java.util.stream.AbstractPipeline.copyIntoWithCancel(AbstractPipeline.java:502)
	at java.base/java.util.stream.AbstractPipeline.copyInto(AbstractPipeline.java:488)
	at java.base/java.util.stream.AbstractPipeline.wrapAndCopyInto(AbstractPipeline.java:474)
	at java.base/java.util.stream.FindOps$FindOp.evaluateSequential(FindOps.java:150)
	at java.base/java.util.stream.AbstractPipeline.evaluate(AbstractPipeline.java:234)
	at java.base/java.util.stream.ReferencePipeline.findFirst(ReferencePipeline.java:543)
	at org.openqa.selenium.remote.ProtocolHandshake.createSession(ProtocolHandshake.java:128)
	at org.openqa.selenium.remote.ProtocolHandshake.createSession(ProtocolHandshake.java:74)
	at org.openqa.selenium.remote.HttpCommandExecutor.execute(HttpCommandExecutor.java:136)
	at org.openqa.selenium.remote.service.DriverCommandExecutor.execute(DriverCommandExecutor.java:83)
	at org.openqa.selenium.remote.RemoteWebDriver.execute(RemoteWebDriver.java:552)
	at org.openqa.selenium.remote.RemoteWebDriver.startSession(RemoteWebDriver.java:213)
	at org.openqa.selenium.remote.RemoteWebDriver.&lt;init&gt;(RemoteWebDriver.java:131)
	at org.openqa.selenium.chrome.ChromeDriver.&lt;init&gt;(ChromeDriver.java:181)
	at org.openqa.selenium.chrome.ChromeDriver.&lt;init&gt;(ChromeDriver.java:168)
	at org.openqa.selenium.chrome.ChromeDriver.&lt;init&gt;(ChromeDriver.java:123)
	at com.base.TestBase.initialization(TestBase.java:45)
	at com.pageTest.Component_3_Test.setUp(Component_3_Test.java:21)
	at java.base/java.util.ArrayList.forEach(ArrayList.java:1511)
... Removed 46 stack frames
</div> <!-- stack-trace -->
                </div> <!-- method-content -->
              </div> <!-- method -->
              <div class="method">
                <div class="method-content">
                  <a name="firstRowDataTest">
                  </a> <!-- firstRowDataTest -->
                  <span class="method-name">firstRowDataTest</span>
                  <div class="stack-trace">org.openqa.selenium.SessionNotCreatedException: session not created: This version of ChromeDriver only supports Chrome version 86
Current browser version is 89.0.4389.128 with binary path /Applications/Google Chrome.app/Contents/MacOS/Google Chrome
Build info: version: &apos;3.141.59&apos;, revision: &apos;e82be7d358&apos;, time: &apos;2018-11-14T08:17:03&apos;
System info: host: &apos;Khosuzs-MBP.lan&apos;, ip: &apos;2603:7000:ac41:dd19:0:0:0:1bbe%en0&apos;, os.name: &apos;Mac OS X&apos;, os.arch: &apos;x86_64&apos;, os.version: &apos;10.16&apos;, java.version: &apos;15.0.1&apos;
Driver info: driver.version: ChromeDriver
remote stacktrace: 0   chromedriver                        0x0000000104184c29 chromedriver + 2464809
1   chromedriver                        0x00000001047bf6f3 chromedriver + 8996595
2   chromedriver                        0x0000000103fc9d56 chromedriver + 650582
3   chromedriver                        0x0000000103f43f9a chromedriver + 102298
4   chromedriver                        0x0000000103f40177 chromedriver + 86391
5   chromedriver                        0x0000000103f3d430 chromedriver + 74800
6   chromedriver                        0x0000000103f6f326 chromedriver + 279334
7   chromedriver                        0x0000000103f6c3f3 chromedriver + 267251
8   chromedriver                        0x0000000103f46230 chromedriver + 111152
9   chromedriver                        0x0000000103f471a7 chromedriver + 115111
10  chromedriver                        0x0000000104157830 chromedriver + 2279472
11  chromedriver                        0x000000010416283a chromedriver + 2324538
12  chromedriver                        0x00000001041624a7 chromedriver + 2323623
13  chromedriver                        0x000000010413e945 chromedriver + 2177349
14  chromedriver                        0x0000000104162d41 chromedriver + 2325825
15  chromedriver                        0x000000010414cbda chromedriver + 2235354
16  chromedriver                        0x0000000104177c4a chromedriver + 2411594
17  chromedriver                        0x0000000104189987 chromedriver + 2484615
18  libsystem_pthread.dylib             0x00007fff204ba950 _pthread_start + 224
19  libsystem_pthread.dylib             0x00007fff204b647b thread_start + 15

	at org.openqa.selenium.remote.W3CHandshakeResponse.lambda$errorHandler$0(W3CHandshakeResponse.java:62)
	at org.openqa.selenium.remote.HandshakeResponse.lambda$getResponseFunction$0(HandshakeResponse.java:30)
	at org.openqa.selenium.remote.ProtocolHandshake.lambda$createSession$0(ProtocolHandshake.java:126)
	at java.base/java.util.stream.ReferencePipeline$3$1.accept(ReferencePipeline.java:195)
	at java.base/java.util.Spliterators$ArraySpliterator.tryAdvance(Spliterators.java:958)
	at java.base/java.util.stream.ReferencePipeline.forEachWithCancel(ReferencePipeline.java:127)
	at java.base/java.util.stream.AbstractPipeline.copyIntoWithCancel(AbstractPipeline.java:502)
	at java.base/java.util.stream.AbstractPipeline.copyInto(AbstractPipeline.java:488)
	at java.base/java.util.stream.AbstractPipeline.wrapAndCopyInto(AbstractPipeline.java:474)
	at java.base/java.util.stream.FindOps$FindOp.evaluateSequential(FindOps.java:150)
	at java.base/java.util.stream.AbstractPipeline.evaluate(AbstractPipeline.java:234)
	at java.base/java.util.stream.ReferencePipeline.findFirst(ReferencePipeline.java:543)
	at org.openqa.selenium.remote.ProtocolHandshake.createSession(ProtocolHandshake.java:128)
	at org.openqa.selenium.remote.ProtocolHandshake.createSession(ProtocolHandshake.java:74)
	at org.openqa.selenium.remote.HttpCommandExecutor.execute(HttpCommandExecutor.java:136)
	at org.openqa.selenium.remote.service.DriverCommandExecutor.execute(DriverCommandExecutor.java:83)
	at org.openqa.selenium.remote.RemoteWebDriver.execute(RemoteWebDriver.java:552)
	at org.openqa.selenium.remote.RemoteWebDriver.startSession(RemoteWebDriver.java:213)
	at org.openqa.selenium.remote.RemoteWebDriver.&lt;init&gt;(RemoteWebDriver.java:131)
	at org.openqa.selenium.chrome.ChromeDriver.&lt;init&gt;(ChromeDriver.java:181)
	at org.openqa.selenium.chrome.ChromeDriver.&lt;init&gt;(ChromeDriver.java:168)
	at org.openqa.selenium.chrome.ChromeDriver.&lt;init&gt;(ChromeDriver.java:123)
	at com.base.TestBase.initialization(TestBase.java:45)
	at com.pageTest.Component_3_Test.setUp(Component_3_Test.java:21)
	at java.base/java.util.ArrayList.forEach(ArrayList.java:1511)
... Removed 46 stack frames
</div> <!-- stack-trace -->
                </div> <!-- method-content -->
              </div> <!-- method -->
              <div class="method">
                <div class="method-content">
                  <a name="getFirstColumnDataTest">
                  </a> <!-- getFirstColumnDataTest -->
                  <span class="method-name">getFirstColumnDataTest</span>
                  <div class="stack-trace">org.openqa.selenium.SessionNotCreatedException: session not created: This version of ChromeDriver only supports Chrome version 86
Current browser version is 89.0.4389.128 with binary path /Applications/Google Chrome.app/Contents/MacOS/Google Chrome
Build info: version: &apos;3.141.59&apos;, revision: &apos;e82be7d358&apos;, time: &apos;2018-11-14T08:17:03&apos;
System info: host: &apos;Khosuzs-MBP.lan&apos;, ip: &apos;2603:7000:ac41:dd19:0:0:0:1bbe%en0&apos;, os.name: &apos;Mac OS X&apos;, os.arch: &apos;x86_64&apos;, os.version: &apos;10.16&apos;, java.version: &apos;15.0.1&apos;
Driver info: driver.version: ChromeDriver
remote stacktrace: 0   chromedriver                        0x0000000104184c29 chromedriver + 2464809
1   chromedriver                        0x00000001047bf6f3 chromedriver + 8996595
2   chromedriver                        0x0000000103fc9d56 chromedriver + 650582
3   chromedriver                        0x0000000103f43f9a chromedriver + 102298
4   chromedriver                        0x0000000103f40177 chromedriver + 86391
5   chromedriver                        0x0000000103f3d430 chromedriver + 74800
6   chromedriver                        0x0000000103f6f326 chromedriver + 279334
7   chromedriver                        0x0000000103f6c3f3 chromedriver + 267251
8   chromedriver                        0x0000000103f46230 chromedriver + 111152
9   chromedriver                        0x0000000103f471a7 chromedriver + 115111
10  chromedriver                        0x0000000104157830 chromedriver + 2279472
11  chromedriver                        0x000000010416283a chromedriver + 2324538
12  chromedriver                        0x00000001041624a7 chromedriver + 2323623
13  chromedriver                        0x000000010413e945 chromedriver + 2177349
14  chromedriver                        0x0000000104162d41 chromedriver + 2325825
15  chromedriver                        0x000000010414cbda chromedriver + 2235354
16  chromedriver                        0x0000000104177c4a chromedriver + 2411594
17  chromedriver                        0x0000000104189987 chromedriver + 2484615
18  libsystem_pthread.dylib             0x00007fff204ba950 _pthread_start + 224
19  libsystem_pthread.dylib             0x00007fff204b647b thread_start + 15

	at org.openqa.selenium.remote.W3CHandshakeResponse.lambda$errorHandler$0(W3CHandshakeResponse.java:62)
	at org.openqa.selenium.remote.HandshakeResponse.lambda$getResponseFunction$0(HandshakeResponse.java:30)
	at org.openqa.selenium.remote.ProtocolHandshake.lambda$createSession$0(ProtocolHandshake.java:126)
	at java.base/java.util.stream.ReferencePipeline$3$1.accept(ReferencePipeline.java:195)
	at java.base/java.util.Spliterators$ArraySpliterator.tryAdvance(Spliterators.java:958)
	at java.base/java.util.stream.ReferencePipeline.forEachWithCancel(ReferencePipeline.java:127)
	at java.base/java.util.stream.AbstractPipeline.copyIntoWithCancel(AbstractPipeline.java:502)
	at java.base/java.util.stream.AbstractPipeline.copyInto(AbstractPipeline.java:488)
	at java.base/java.util.stream.AbstractPipeline.wrapAndCopyInto(AbstractPipeline.java:474)
	at java.base/java.util.stream.FindOps$FindOp.evaluateSequential(FindOps.java:150)
	at java.base/java.util.stream.AbstractPipeline.evaluate(AbstractPipeline.java:234)
	at java.base/java.util.stream.ReferencePipeline.findFirst(ReferencePipeline.java:543)
	at org.openqa.selenium.remote.ProtocolHandshake.createSession(ProtocolHandshake.java:128)
	at org.openqa.selenium.remote.ProtocolHandshake.createSession(ProtocolHandshake.java:74)
	at org.openqa.selenium.remote.HttpCommandExecutor.execute(HttpCommandExecutor.java:136)
	at org.openqa.selenium.remote.service.DriverCommandExecutor.execute(DriverCommandExecutor.java:83)
	at org.openqa.selenium.remote.RemoteWebDriver.execute(RemoteWebDriver.java:552)
	at org.openqa.selenium.remote.RemoteWebDriver.startSession(RemoteWebDriver.java:213)
	at org.openqa.selenium.remote.RemoteWebDriver.&lt;init&gt;(RemoteWebDriver.java:131)
	at org.openqa.selenium.chrome.ChromeDriver.&lt;init&gt;(ChromeDriver.java:181)
	at org.openqa.selenium.chrome.ChromeDriver.&lt;init&gt;(ChromeDriver.java:168)
	at org.openqa.selenium.chrome.ChromeDriver.&lt;init&gt;(ChromeDriver.java:123)
	at com.base.TestBase.initialization(TestBase.java:45)
	at com.pageTest.Component_3_Test.setUp(Component_3_Test.java:21)
	at java.base/java.util.ArrayList.forEach(ArrayList.java:1511)
... Removed 46 stack frames
</div> <!-- stack-trace -->
                </div> <!-- method-content -->
              </div> <!-- method -->
              <div class="method">
                <div class="method-content">
                  <a name="pageTitleTest">
                  </a> <!-- pageTitleTest -->
                  <span class="method-name">pageTitleTest</span>
                  <div class="stack-trace">org.openqa.selenium.SessionNotCreatedException: session not created: This version of ChromeDriver only supports Chrome version 86
Current browser version is 89.0.4389.128 with binary path /Applications/Google Chrome.app/Contents/MacOS/Google Chrome
Build info: version: &apos;3.141.59&apos;, revision: &apos;e82be7d358&apos;, time: &apos;2018-11-14T08:17:03&apos;
System info: host: &apos;Khosuzs-MBP.lan&apos;, ip: &apos;2603:7000:ac41:dd19:0:0:0:1bbe%en0&apos;, os.name: &apos;Mac OS X&apos;, os.arch: &apos;x86_64&apos;, os.version: &apos;10.16&apos;, java.version: &apos;15.0.1&apos;
Driver info: driver.version: ChromeDriver
remote stacktrace: 0   chromedriver                        0x0000000104184c29 chromedriver + 2464809
1   chromedriver                        0x00000001047bf6f3 chromedriver + 8996595
2   chromedriver                        0x0000000103fc9d56 chromedriver + 650582
3   chromedriver                        0x0000000103f43f9a chromedriver + 102298
4   chromedriver                        0x0000000103f40177 chromedriver + 86391
5   chromedriver                        0x0000000103f3d430 chromedriver + 74800
6   chromedriver                        0x0000000103f6f326 chromedriver + 279334
7   chromedriver                        0x0000000103f6c3f3 chromedriver + 267251
8   chromedriver                        0x0000000103f46230 chromedriver + 111152
9   chromedriver                        0x0000000103f471a7 chromedriver + 115111
10  chromedriver                        0x0000000104157830 chromedriver + 2279472
11  chromedriver                        0x000000010416283a chromedriver + 2324538
12  chromedriver                        0x00000001041624a7 chromedriver + 2323623
13  chromedriver                        0x000000010413e945 chromedriver + 2177349
14  chromedriver                        0x0000000104162d41 chromedriver + 2325825
15  chromedriver                        0x000000010414cbda chromedriver + 2235354
16  chromedriver                        0x0000000104177c4a chromedriver + 2411594
17  chromedriver                        0x0000000104189987 chromedriver + 2484615
18  libsystem_pthread.dylib             0x00007fff204ba950 _pthread_start + 224
19  libsystem_pthread.dylib             0x00007fff204b647b thread_start + 15

	at org.openqa.selenium.remote.W3CHandshakeResponse.lambda$errorHandler$0(W3CHandshakeResponse.java:62)
	at org.openqa.selenium.remote.HandshakeResponse.lambda$getResponseFunction$0(HandshakeResponse.java:30)
	at org.openqa.selenium.remote.ProtocolHandshake.lambda$createSession$0(ProtocolHandshake.java:126)
	at java.base/java.util.stream.ReferencePipeline$3$1.accept(ReferencePipeline.java:195)
	at java.base/java.util.Spliterators$ArraySpliterator.tryAdvance(Spliterators.java:958)
	at java.base/java.util.stream.ReferencePipeline.forEachWithCancel(ReferencePipeline.java:127)
	at java.base/java.util.stream.AbstractPipeline.copyIntoWithCancel(AbstractPipeline.java:502)
	at java.base/java.util.stream.AbstractPipeline.copyInto(AbstractPipeline.java:488)
	at java.base/java.util.stream.AbstractPipeline.wrapAndCopyInto(AbstractPipeline.java:474)
	at java.base/java.util.stream.FindOps$FindOp.evaluateSequential(FindOps.java:150)
	at java.base/java.util.stream.AbstractPipeline.evaluate(AbstractPipeline.java:234)
	at java.base/java.util.stream.ReferencePipeline.findFirst(ReferencePipeline.java:543)
	at org.openqa.selenium.remote.ProtocolHandshake.createSession(ProtocolHandshake.java:128)
	at org.openqa.selenium.remote.ProtocolHandshake.createSession(ProtocolHandshake.java:74)
	at org.openqa.selenium.remote.HttpCommandExecutor.execute(HttpCommandExecutor.java:136)
	at org.openqa.selenium.remote.service.DriverCommandExecutor.execute(DriverCommandExecutor.java:83)
	at org.openqa.selenium.remote.RemoteWebDriver.execute(RemoteWebDriver.java:552)
	at org.openqa.selenium.remote.RemoteWebDriver.startSession(RemoteWebDriver.java:213)
	at org.openqa.selenium.remote.RemoteWebDriver.&lt;init&gt;(RemoteWebDriver.java:131)
	at org.openqa.selenium.chrome.ChromeDriver.&lt;init&gt;(ChromeDriver.java:181)
	at org.openqa.selenium.chrome.ChromeDriver.&lt;init&gt;(ChromeDriver.java:168)
	at org.openqa.selenium.chrome.ChromeDriver.&lt;init&gt;(ChromeDriver.java:123)
	at com.base.TestBase.initialization(TestBase.java:45)
	at com.pageTest.Component_3_Test.setUp(Component_3_Test.java:21)
	at java.base/java.util.ArrayList.forEach(ArrayList.java:1511)
... Removed 46 stack frames
</div> <!-- stack-trace -->
                </div> <!-- method-content -->
              </div> <!-- method -->
              <div class="method">
                <div class="method-content">
                  <a name="totalRowsAndColumnTest">
                  </a> <!-- totalRowsAndColumnTest -->
                  <span class="method-name">totalRowsAndColumnTest</span>
                  <div class="stack-trace">org.openqa.selenium.SessionNotCreatedException: session not created: This version of ChromeDriver only supports Chrome version 86
Current browser version is 89.0.4389.128 with binary path /Applications/Google Chrome.app/Contents/MacOS/Google Chrome
Build info: version: &apos;3.141.59&apos;, revision: &apos;e82be7d358&apos;, time: &apos;2018-11-14T08:17:03&apos;
System info: host: &apos;Khosuzs-MBP.lan&apos;, ip: &apos;2603:7000:ac41:dd19:0:0:0:1bbe%en0&apos;, os.name: &apos;Mac OS X&apos;, os.arch: &apos;x86_64&apos;, os.version: &apos;10.16&apos;, java.version: &apos;15.0.1&apos;
Driver info: driver.version: ChromeDriver
remote stacktrace: 0   chromedriver                        0x0000000104184c29 chromedriver + 2464809
1   chromedriver                        0x00000001047bf6f3 chromedriver + 8996595
2   chromedriver                        0x0000000103fc9d56 chromedriver + 650582
3   chromedriver                        0x0000000103f43f9a chromedriver + 102298
4   chromedriver                        0x0000000103f40177 chromedriver + 86391
5   chromedriver                        0x0000000103f3d430 chromedriver + 74800
6   chromedriver                        0x0000000103f6f326 chromedriver + 279334
7   chromedriver                        0x0000000103f6c3f3 chromedriver + 267251
8   chromedriver                        0x0000000103f46230 chromedriver + 111152
9   chromedriver                        0x0000000103f471a7 chromedriver + 115111
10  chromedriver                        0x0000000104157830 chromedriver + 2279472
11  chromedriver                        0x000000010416283a chromedriver + 2324538
12  chromedriver                        0x00000001041624a7 chromedriver + 2323623
13  chromedriver                        0x000000010413e945 chromedriver + 2177349
14  chromedriver                        0x0000000104162d41 chromedriver + 2325825
15  chromedriver                        0x000000010414cbda chromedriver + 2235354
16  chromedriver                        0x0000000104177c4a chromedriver + 2411594
17  chromedriver                        0x0000000104189987 chromedriver + 2484615
18  libsystem_pthread.dylib             0x00007fff204ba950 _pthread_start + 224
19  libsystem_pthread.dylib             0x00007fff204b647b thread_start + 15

	at org.openqa.selenium.remote.W3CHandshakeResponse.lambda$errorHandler$0(W3CHandshakeResponse.java:62)
	at org.openqa.selenium.remote.HandshakeResponse.lambda$getResponseFunction$0(HandshakeResponse.java:30)
	at org.openqa.selenium.remote.ProtocolHandshake.lambda$createSession$0(ProtocolHandshake.java:126)
	at java.base/java.util.stream.ReferencePipeline$3$1.accept(ReferencePipeline.java:195)
	at java.base/java.util.Spliterators$ArraySpliterator.tryAdvance(Spliterators.java:958)
	at java.base/java.util.stream.ReferencePipeline.forEachWithCancel(ReferencePipeline.java:127)
	at java.base/java.util.stream.AbstractPipeline.copyIntoWithCancel(AbstractPipeline.java:502)
	at java.base/java.util.stream.AbstractPipeline.copyInto(AbstractPipeline.java:488)
	at java.base/java.util.stream.AbstractPipeline.wrapAndCopyInto(AbstractPipeline.java:474)
	at java.base/java.util.stream.FindOps$FindOp.evaluateSequential(FindOps.java:150)
	at java.base/java.util.stream.AbstractPipeline.evaluate(AbstractPipeline.java:234)
	at java.base/java.util.stream.ReferencePipeline.findFirst(ReferencePipeline.java:543)
	at org.openqa.selenium.remote.ProtocolHandshake.createSession(ProtocolHandshake.java:128)
	at org.openqa.selenium.remote.ProtocolHandshake.createSession(ProtocolHandshake.java:74)
	at org.openqa.selenium.remote.HttpCommandExecutor.execute(HttpCommandExecutor.java:136)
	at org.openqa.selenium.remote.service.DriverCommandExecutor.execute(DriverCommandExecutor.java:83)
	at org.openqa.selenium.remote.RemoteWebDriver.execute(RemoteWebDriver.java:552)
	at org.openqa.selenium.remote.RemoteWebDriver.startSession(RemoteWebDriver.java:213)
	at org.openqa.selenium.remote.RemoteWebDriver.&lt;init&gt;(RemoteWebDriver.java:131)
	at org.openqa.selenium.chrome.ChromeDriver.&lt;init&gt;(ChromeDriver.java:181)
	at org.openqa.selenium.chrome.ChromeDriver.&lt;init&gt;(ChromeDriver.java:168)
	at org.openqa.selenium.chrome.ChromeDriver.&lt;init&gt;(ChromeDriver.java:123)
	at com.base.TestBase.initialization(TestBase.java:45)
	at com.pageTest.Component_3_Test.setUp(Component_3_Test.java:21)
	at java.base/java.util.ArrayList.forEach(ArrayList.java:1511)
... Removed 46 stack frames
</div> <!-- stack-trace -->
                </div> <!-- method-content -->
              </div> <!-- method -->
            </div> <!-- main-panel-content rounded-window-bottom -->
          </div> <!-- suite-Command_line_suite-class-skipped -->
        </div> <!-- panel Command_line_suite -->
        <div panel-name="test-xml-Command_line_suite" class="panel">
          <div class="main-panel-header rounded-window-top">
          </div> <!-- main-panel-header rounded-window-top -->
          <div class="main-panel-content rounded-window-bottom">
            <pre>
&lt;?xml version=&quot;1.0&quot; encoding=&quot;UTF-8&quot;?&gt;
&lt;!DOCTYPE suite SYSTEM &quot;https://testng.org/testng-1.0.dtd&quot;&gt;
&lt;suite name=&quot;Command line suite&quot; verbose=&quot;0&quot;&gt;
  &lt;test thread-count=&quot;5&quot; name=&quot;Command line test&quot; verbose=&quot;0&quot;&gt;
    &lt;classes&gt;
      &lt;class name=&quot;com.runner.component.TestRunner&quot;/&gt;
      &lt;class name=&quot;com.pageTest.Component_2_Test&quot;/&gt;
      &lt;class name=&quot;com.pageTest.Component_1_Test&quot;/&gt;
      &lt;class name=&quot;com.pageTest.Component_3_Test&quot;/&gt;
    &lt;/classes&gt;
  &lt;/test&gt; &lt;!-- Command line test --&gt;
&lt;/suite&gt; &lt;!-- Command line suite --&gt;
            </pre>
          </div> <!-- main-panel-content rounded-window-bottom -->
        </div> <!-- panel -->
        <div panel-name="testlist-Command_line_suite" class="panel">
          <div class="main-panel-header rounded-window-top">
            <span class="header-content">Tests for Command line suite</span>
          </div> <!-- main-panel-header rounded-window-top -->
          <div class="main-panel-content rounded-window-bottom">
            <ul>
              <li>
                <span class="test-name">Command line test (4 classes)</span>
              </li>
            </ul>
          </div> <!-- main-panel-content rounded-window-bottom -->
        </div> <!-- panel -->
        <div panel-name="group-Command_line_suite" class="panel">
          <div class="main-panel-header rounded-window-top">
            <span class="header-content">Groups for Command line suite</span>
          </div> <!-- main-panel-header rounded-window-top -->
          <div class="main-panel-content rounded-window-bottom">
            <div class="test-group">
              <span class="test-group-name">UI Functionality</span>
              <br/>
              <div class="method-in-group">
                <span class="method-in-group-name">clearTheBoxTest</span>
                <br/>
              </div> <!-- method-in-group -->
              <div class="method-in-group">
                <span class="method-in-group-name">clickToAddButtonTest</span>
                <br/>
              </div> <!-- method-in-group -->
              <div class="method-in-group">
                <span class="method-in-group-name">displayTitleDataTest</span>
                <br/>
              </div> <!-- method-in-group -->
              <div class="method-in-group">
                <span class="method-in-group-name">pageTitleTest</span>
                <br/>
              </div> <!-- method-in-group -->
              <div class="method-in-group">
                <span class="method-in-group-name">setNewValueTest</span>
                <br/>
              </div> <!-- method-in-group -->
            </div> <!-- test-group -->
          </div> <!-- main-panel-content rounded-window-bottom -->
        </div> <!-- panel -->
        <div panel-name="times-Command_line_suite" class="panel">
          <div class="main-panel-header rounded-window-top">
            <span class="header-content">Times for Command line suite</span>
          </div> <!-- main-panel-header rounded-window-top -->
          <div class="main-panel-content rounded-window-bottom">
            <div class="times-div">
              <script type="text/javascript">
suiteTableInitFunctions.push('tableData_Command_line_suite');
function tableData_Command_line_suite() {
var data = new google.visualization.DataTable();
data.addColumn('number', 'Number');
data.addColumn('string', 'Method');
data.addColumn('string', 'Class');
data.addColumn('number', 'Time (ms)');
data.addRows(27);
data.setCell(0, 0, 0)
data.setCell(0, 1, 'setNewValueTest')
data.setCell(0, 2, 'com.pageTest.Component_1_Test')
data.setCell(0, 3, 0);
data.setCell(1, 0, 1)
data.setCell(1, 1, 'pageTitleTest')
data.setCell(1, 2, 'com.pageTest.Component_2_Test')
data.setCell(1, 3, 0);
data.setCell(2, 0, 2)
data.setCell(2, 1, 'displayTitleDataTest')
data.setCell(2, 2, 'com.pageTest.Component_1_Test')
data.setCell(2, 3, 0);
data.setCell(3, 0, 3)
data.setCell(3, 1, 'clicToRemoveButtonTest')
data.setCell(3, 2, 'com.pageTest.Component_2_Test')
data.setCell(3, 3, 0);
data.setCell(4, 0, 4)
data.setCell(4, 1, 'clickToAddButtonTest')
data.setCell(4, 2, 'com.pageTest.Component_2_Test')
data.setCell(4, 3, 0);
data.setCell(5, 0, 5)
data.setCell(5, 1, 'clearTheBoxTest')
data.setCell(5, 2, 'com.pageTest.Component_1_Test')
data.setCell(5, 3, 0);
data.setCell(6, 0, 6)
data.setCell(6, 1, 'displayTitleDataTest')
data.setCell(6, 2, 'com.pageTest.Component_1_Test')
data.setCell(6, 3, 0);
data.setCell(7, 0, 7)
data.setCell(7, 1, 'setNewValueTest')
data.setCell(7, 2, 'com.pageTest.Component_1_Test')
data.setCell(7, 3, 0);
data.setCell(8, 0, 8)
data.setCell(8, 1, 'displayTitleDataTest')
data.setCell(8, 2, 'com.pageTest.Component_1_Test')
data.setCell(8, 3, 0);
data.setCell(9, 0, 9)
data.setCell(9, 1, 'displayTitleDataTest')
data.setCell(9, 2, 'com.pageTest.Component_1_Test')
data.setCell(9, 3, 0);
data.setCell(10, 0, 10)
data.setCell(10, 1, 'firstRowDataTest')
data.setCell(10, 2, 'com.pageTest.Component_3_Test')
data.setCell(10, 3, 0);
data.setCell(11, 0, 11)
data.setCell(11, 1, 'displayTitleDataTest')
data.setCell(11, 2, 'com.pageTest.Component_1_Test')
data.setCell(11, 3, 0);
data.setCell(12, 0, 12)
data.setCell(12, 1, 'getFirstColumnDataTest')
data.setCell(12, 2, 'com.pageTest.Component_3_Test')
data.setCell(12, 3, 0);
data.setCell(13, 0, 13)
data.setCell(13, 1, 'setNewValueTest')
data.setCell(13, 2, 'com.pageTest.Component_1_Test')
data.setCell(13, 3, 0);
data.setCell(14, 0, 14)
data.setCell(14, 1, 'availableDataTest')
data.setCell(14, 2, 'com.pageTest.Component_3_Test')
data.setCell(14, 3, 0);
data.setCell(15, 0, 15)
data.setCell(15, 1, 'totalRowsAndColumnTest')
data.setCell(15, 2, 'com.pageTest.Component_3_Test')
data.setCell(15, 3, 0);
data.setCell(16, 0, 16)
data.setCell(16, 1, 'setNewValueTest')
data.setCell(16, 2, 'com.pageTest.Component_1_Test')
data.setCell(16, 3, 0);
data.setCell(17, 0, 17)
data.setCell(17, 1, 'setNewValueTest')
data.setCell(17, 2, 'com.pageTest.Component_1_Test')
data.setCell(17, 3, 0);
data.setCell(18, 0, 18)
data.setCell(18, 1, 'setNewValueTest')
data.setCell(18, 2, 'com.pageTest.Component_1_Test')
data.setCell(18, 3, 0);
data.setCell(19, 0, 19)
data.setCell(19, 1, 'displayItemsTest')
data.setCell(19, 2, 'com.pageTest.Component_2_Test')
data.setCell(19, 3, 0);
data.setCell(20, 0, 20)
data.setCell(20, 1, 'selectLisItemtInVisiblilityTest')
data.setCell(20, 2, 'com.pageTest.Component_2_Test')
data.setCell(20, 3, 0);
data.setCell(21, 0, 21)
data.setCell(21, 1, 'selectListVisiblilityTest')
data.setCell(21, 2, 'com.pageTest.Component_2_Test')
data.setCell(21, 3, 0);
data.setCell(22, 0, 22)
data.setCell(22, 1, 'setNewValueTest')
data.setCell(22, 2, 'com.pageTest.Component_1_Test')
data.setCell(22, 3, 0);
data.setCell(23, 0, 23)
data.setCell(23, 1, 'pageTitleTest')
data.setCell(23, 2, 'com.pageTest.Component_3_Test')
data.setCell(23, 3, 0);
data.setCell(24, 0, 24)
data.setCell(24, 1, 'displayTitleDataTest')
data.setCell(24, 2, 'com.pageTest.Component_1_Test')
data.setCell(24, 3, 0);
data.setCell(25, 0, 25)
data.setCell(25, 1, 'displayTitleDataTest')
data.setCell(25, 2, 'com.pageTest.Component_1_Test')
data.setCell(25, 3, 0);
data.setCell(26, 0, 26)
data.setCell(26, 1, 'pageTitleTest')
data.setCell(26, 2, 'com.pageTest.Component_1_Test')
data.setCell(26, 3, 0);
window.suiteTableData['Command_line_suite']= { tableData: data, tableDiv: 'times-div-Command_line_suite'}
return data;
}
              </script>
              <span class="suite-total-time">Total running time: 0 ms</span>
              <div id="times-div-Command_line_suite">
              </div> <!-- times-div-Command_line_suite -->
            </div> <!-- times-div -->
          </div> <!-- main-panel-content rounded-window-bottom -->
        </div> <!-- panel -->
        <div panel-name="reporter-Command_line_suite" class="panel">
          <div class="main-panel-header rounded-window-top">
            <span class="header-content">Reporter output for Command line suite</span>
          </div> <!-- main-panel-header rounded-window-top -->
          <div class="main-panel-content rounded-window-bottom">
          </div> <!-- main-panel-content rounded-window-bottom -->
        </div> <!-- panel -->
        <div panel-name="ignored-methods-Command_line_suite" class="panel">
          <div class="main-panel-header rounded-window-top">
            <span class="header-content">0 ignored methods</span>
          </div> <!-- main-panel-header rounded-window-top -->
          <div class="main-panel-content rounded-window-bottom">
          </div> <!-- main-panel-content rounded-window-bottom -->
        </div> <!-- panel -->
        <div panel-name="chronological-Command_line_suite" class="panel">
          <div class="main-panel-header rounded-window-top">
            <span class="header-content">Methods in chronological order</span>
          </div> <!-- main-panel-header rounded-window-top -->
          <div class="main-panel-content rounded-window-bottom">
            <div class="chronological-class">
              <div class="chronological-class-name">com.pageTest.Component_2_Test</div> <!-- chronological-class-name -->
              <div class="configuration-method before">
                <img src="failed.png">
                </img>
                <span class="method-name">setUp</span>
                <span class="method-start">0 ms</span>
              </div> <!-- configuration-method before -->
              <div class="test-method">
                <span class="method-name">clicToRemoveButtonTest</span>
                <span class="method-start">3648 ms</span>
              </div> <!-- test-method -->
              <div class="configuration-method after">
                <span class="method-name">tearDown</span>
                <span class="method-start">3651 ms</span>
              </div> <!-- configuration-method after -->
              <div class="configuration-method before">
                <span class="method-name">setUp</span>
                <span class="method-start">3654 ms</span>
              </div> <!-- configuration-method before -->
              <div class="test-method">
                <span class="method-name">displayItemsTest</span>
                <span class="method-start">3654 ms</span>
              </div> <!-- test-method -->
              <div class="configuration-method after">
                <span class="method-name">tearDown</span>
                <span class="method-start">3654 ms</span>
              </div> <!-- configuration-method after -->
              <div class="configuration-method before">
                <span class="method-name">setUp</span>
                <span class="method-start">3657 ms</span>
              </div> <!-- configuration-method before -->
              <div class="test-method">
                <span class="method-name">selectLisItemtInVisiblilityTest</span>
                <span class="method-start">3657 ms</span>
              </div> <!-- test-method -->
              <div class="configuration-method after">
                <span class="method-name">tearDown</span>
                <span class="method-start">3658 ms</span>
              </div> <!-- configuration-method after -->
              <div class="configuration-method before">
                <span class="method-name">setUp</span>
                <span class="method-start">3659 ms</span>
              </div> <!-- configuration-method before -->
              <div class="test-method">
                <span class="method-name">selectListVisiblilityTest</span>
                <span class="method-start">3659 ms</span>
              </div> <!-- test-method -->
              <div class="configuration-method after">
                <span class="method-name">tearDown</span>
                <span class="method-start">3659 ms</span>
              </div> <!-- configuration-method after -->
              <div class="configuration-method before">
                <span class="method-name">setUp</span>
                <span class="method-start">3660 ms</span>
              </div> <!-- configuration-method before -->
              <div class="test-method">
                <span class="method-name">pageTitleTest</span>
                <span class="method-start">3660 ms</span>
              </div> <!-- test-method -->
              <div class="configuration-method after">
                <span class="method-name">tearDown</span>
                <span class="method-start">3660 ms</span>
              </div> <!-- configuration-method after -->
              <div class="configuration-method before">
                <span class="method-name">setUp</span>
                <span class="method-start">3662 ms</span>
              </div> <!-- configuration-method before -->
              <div class="test-method">
                <span class="method-name">clickToAddButtonTest</span>
                <span class="method-start">3662 ms</span>
              </div> <!-- test-method -->
              <div class="configuration-method after">
                <span class="method-name">tearDown</span>
                <span class="method-start">3663 ms</span>
              </div> <!-- configuration-method after -->
            </div> <!-- chronological-class -->
            <div class="chronological-class">
              <div class="chronological-class-name">com.pageTest.Component_1_Test</div> <!-- chronological-class-name -->
              <div class="configuration-method before">
                <img src="failed.png">
                </img>
                <span class="method-name">setUp</span>
                <span class="method-start">3664 ms</span>
              </div> <!-- configuration-method before -->
              <div class="test-method">
                <span class="method-name">pageTitleTest</span>
                <span class="method-start">5952 ms</span>
              </div> <!-- test-method -->
              <div class="configuration-method after">
                <span class="method-name">tearDown</span>
                <span class="method-start">5953 ms</span>
              </div> <!-- configuration-method after -->
              <div class="configuration-method before">
                <span class="method-name">setUp</span>
                <span class="method-start">5953 ms</span>
              </div> <!-- configuration-method before -->
              <div class="test-method">
                <span class="method-name">clearTheBoxTest</span>
                <span class="method-start">5954 ms</span>
              </div> <!-- test-method -->
              <div class="configuration-method after">
                <span class="method-name">tearDown</span>
                <span class="method-start">5954 ms</span>
              </div> <!-- configuration-method after -->
              <div class="configuration-method before">
                <span class="method-name">setUp</span>
                <span class="method-start">6622 ms</span>
              </div> <!-- configuration-method before -->
              <div class="test-method">
                <span class="method-name">setNewValueTest(I am fine with this process)</span>
                <span class="method-start">6622 ms</span>
              </div> <!-- test-method -->
              <div class="configuration-method after">
                <span class="method-name">tearDown</span>
                <span class="method-start">6622 ms</span>
              </div> <!-- configuration-method after -->
              <div class="configuration-method before">
                <span class="method-name">setUp</span>
                <span class="method-start">6622 ms</span>
              </div> <!-- configuration-method before -->
              <div class="test-method">
                <span class="method-name">setNewValueTest(I able to work)</span>
                <span class="method-start">6623 ms</span>
              </div> <!-- test-method -->
              <div class="configuration-method after">
                <span class="method-name">tearDown</span>
                <span class="method-start">6623 ms</span>
              </div> <!-- configuration-method after -->
              <div class="configuration-method before">
                <span class="method-name">setUp</span>
                <span class="method-start">6623 ms</span>
              </div> <!-- configuration-method before -->
              <div class="test-method">
                <span class="method-name">setNewValueTest(I am Developepr)</span>
                <span class="method-start">6623 ms</span>
              </div> <!-- test-method -->
              <div class="configuration-method after">
                <span class="method-name">tearDown</span>
                <span class="method-start">6624 ms</span>
              </div> <!-- configuration-method after -->
              <div class="configuration-method before">
                <span class="method-name">setUp</span>
                <span class="method-start">6624 ms</span>
              </div> <!-- configuration-method before -->
              <div class="test-method">
                <span class="method-name">setNewValueTest(I am a Automation Test Engineer)</span>
                <span class="method-start">6624 ms</span>
              </div> <!-- test-method -->
              <div class="configuration-method after">
                <span class="method-name">tearDown</span>
                <span class="method-start">6624 ms</span>
              </div> <!-- configuration-method after -->
              <div class="configuration-method before">
                <span class="method-name">setUp</span>
                <span class="method-start">6625 ms</span>
              </div> <!-- configuration-method before -->
              <div class="test-method">
                <span class="method-name">setNewValueTest(I love my dream)</span>
                <span class="method-start">6625 ms</span>
              </div> <!-- test-method -->
              <div class="configuration-method after">
                <span class="method-name">tearDown</span>
                <span class="method-start">6625 ms</span>
              </div> <!-- configuration-method after -->
              <div class="configuration-method before">
                <span class="method-name">setUp</span>
                <span class="method-start">6625 ms</span>
              </div> <!-- configuration-method before -->
              <div class="test-method">
                <span class="method-name">setNewValueTest(I want to be a good person)</span>
                <span class="method-start">6626 ms</span>
              </div> <!-- test-method -->
              <div class="configuration-method after">
                <span class="method-name">tearDown</span>
                <span class="method-start">6626 ms</span>
              </div> <!-- configuration-method after -->
              <div class="configuration-method before">
                <span class="method-name">setUp</span>
                <span class="method-start">6626 ms</span>
              </div> <!-- configuration-method before -->
              <div class="test-method">
                <span class="method-name">setNewValueTest(I love to be honest with everyone)</span>
                <span class="method-start">6626 ms</span>
              </div> <!-- test-method -->
              <div class="configuration-method after">
                <span class="method-name">tearDown</span>
                <span class="method-start">6626 ms</span>
              </div> <!-- configuration-method after -->
              <div class="configuration-method before">
                <span class="method-name">setUp</span>
                <span class="method-start">6668 ms</span>
              </div> <!-- configuration-method before -->
              <div class="test-method">
                <span class="method-name">displayTitleDataTest(I am fine with this process)</span>
                <span class="method-start">6668 ms</span>
              </div> <!-- test-method -->
              <div class="configuration-method after">
                <span class="method-name">tearDown</span>
                <span class="method-start">6668 ms</span>
              </div> <!-- configuration-method after -->
              <div class="configuration-method before">
                <span class="method-name">setUp</span>
                <span class="method-start">6669 ms</span>
              </div> <!-- configuration-method before -->
              <div class="test-method">
                <span class="method-name">displayTitleDataTest(I able to work)</span>
                <span class="method-start">6669 ms</span>
              </div> <!-- test-method -->
              <div class="configuration-method after">
                <span class="method-name">tearDown</span>
                <span class="method-start">6669 ms</span>
              </div> <!-- configuration-method after -->
              <div class="configuration-method before">
                <span class="method-name">setUp</span>
                <span class="method-start">6669 ms</span>
              </div> <!-- configuration-method before -->
              <div class="test-method">
                <span class="method-name">displayTitleDataTest(I am Developepr)</span>
                <span class="method-start">6669 ms</span>
              </div> <!-- test-method -->
              <div class="configuration-method after">
                <span class="method-name">tearDown</span>
                <span class="method-start">6670 ms</span>
              </div> <!-- configuration-method after -->
              <div class="configuration-method before">
                <span class="method-name">setUp</span>
                <span class="method-start">6670 ms</span>
              </div> <!-- configuration-method before -->
              <div class="test-method">
                <span class="method-name">displayTitleDataTest(I am a Automation Test Engineer)</span>
                <span class="method-start">6670 ms</span>
              </div> <!-- test-method -->
              <div class="configuration-method after">
                <span class="method-name">tearDown</span>
                <span class="method-start">6670 ms</span>
              </div> <!-- configuration-method after -->
              <div class="configuration-method before">
                <span class="method-name">setUp</span>
                <span class="method-start">6671 ms</span>
              </div> <!-- configuration-method before -->
              <div class="test-method">
                <span class="method-name">displayTitleDataTest(I love my dream)</span>
                <span class="method-start">6671 ms</span>
              </div> <!-- test-method -->
              <div class="configuration-method after">
                <span class="method-name">tearDown</span>
                <span class="method-start">6671 ms</span>
              </div> <!-- configuration-method after -->
              <div class="configuration-method before">
                <span class="method-name">setUp</span>
                <span class="method-start">6671 ms</span>
              </div> <!-- configuration-method before -->
              <div class="test-method">
                <span class="method-name">displayTitleDataTest(I want to be a good person)</span>
                <span class="method-start">6671 ms</span>
              </div> <!-- test-method -->
              <div class="configuration-method after">
                <span class="method-name">tearDown</span>
                <span class="method-start">6672 ms</span>
              </div> <!-- configuration-method after -->
              <div class="configuration-method before">
                <span class="method-name">setUp</span>
                <span class="method-start">6672 ms</span>
              </div> <!-- configuration-method before -->
              <div class="test-method">
                <span class="method-name">displayTitleDataTest(I love to be honest with everyone)</span>
                <span class="method-start">6672 ms</span>
              </div> <!-- test-method -->
              <div class="configuration-method after">
                <span class="method-name">tearDown</span>
                <span class="method-start">6672 ms</span>
              </div> <!-- configuration-method after -->
            </div> <!-- chronological-class -->
            <div class="chronological-class">
              <div class="chronological-class-name">com.pageTest.Component_3_Test</div> <!-- chronological-class-name -->
              <div class="configuration-method before">
                <img src="failed.png">
                </img>
                <span class="method-name">setUp</span>
                <span class="method-start">6673 ms</span>
              </div> <!-- configuration-method before -->
              <div class="test-method">
                <span class="method-name">availableDataTest</span>
                <span class="method-start">8518 ms</span>
              </div> <!-- test-method -->
              <div class="configuration-method after">
                <span class="method-name">tearDown</span>
                <span class="method-start">8518 ms</span>
              </div> <!-- configuration-method after -->
              <div class="configuration-method before">
                <span class="method-name">setUp</span>
                <span class="method-start">8519 ms</span>
              </div> <!-- configuration-method before -->
              <div class="test-method">
                <span class="method-name">firstRowDataTest</span>
                <span class="method-start">8520 ms</span>
              </div> <!-- test-method -->
              <div class="configuration-method after">
                <span class="method-name">tearDown</span>
                <span class="method-start">8520 ms</span>
              </div> <!-- configuration-method after -->
              <div class="configuration-method before">
                <span class="method-name">setUp</span>
                <span class="method-start">8520 ms</span>
              </div> <!-- configuration-method before -->
              <div class="test-method">
                <span class="method-name">getFirstColumnDataTest</span>
                <span class="method-start">8521 ms</span>
              </div> <!-- test-method -->
              <div class="configuration-method after">
                <span class="method-name">tearDown</span>
                <span class="method-start">8521 ms</span>
              </div> <!-- configuration-method after -->
              <div class="configuration-method before">
                <span class="method-name">setUp</span>
                <span class="method-start">8521 ms</span>
              </div> <!-- configuration-method before -->
              <div class="test-method">
                <span class="method-name">totalRowsAndColumnTest</span>
                <span class="method-start">8522 ms</span>
              </div> <!-- test-method -->
              <div class="configuration-method after">
                <span class="method-name">tearDown</span>
                <span class="method-start">8522 ms</span>
              </div> <!-- configuration-method after -->
              <div class="configuration-method before">
                <span class="method-name">setUp</span>
                <span class="method-start">8522 ms</span>
              </div> <!-- configuration-method before -->
              <div class="test-method">
                <span class="method-name">pageTitleTest</span>
                <span class="method-start">8522 ms</span>
              </div> <!-- test-method -->
              <div class="configuration-method after">
                <span class="method-name">tearDown</span>
                <span class="method-start">8523 ms</span>
              </div> <!-- configuration-method after -->
          </div> <!-- main-panel-content rounded-window-bottom -->
        </div> <!-- panel -->
      </div> <!-- main-panel-root -->
    </div> <!-- wrapper -->
  </body>
<script type="text/javascript" src="testng-reports2.js"></script>
</html>
