<?xml version="1.0" encoding="UTF-8" ?>
<testsuite tests="81" failures="3" name="TestSuite" time="9.068" errors="0" skipped="78">
  <properties>
    <property name="java.runtime.name" value="OpenJDK Runtime Environment"/>
    <property name="java.vm.version" value="15.0.1+9-18"/>
    <property name="sun.boot.library.path" value="/Applications/Eclipse.app/Contents/Eclipse/plugins/org.eclipse.justj.openjdk.hotspot.jre.full.macosx.x86_64_15.0.1.v20201027-0507/jre/lib"/>
    <property name="maven.multiModuleProjectDirectory" value="/Users/khosuzzaman/Desktop/AutomationSuit/Khosurz_Automation/AutomationSuitOfIndex"/>
    <property name="java.vm.vendor" value="Oracle Corporation"/>
    <property name="java.vendor.url" value="https://java.oracle.com/"/>
    <property name="guice.disable.misplaced.annotation.check" value="true"/>
    <property name="path.separator" value=":"/>
    <property name="java.vm.name" value="OpenJDK 64-Bit Server VM"/>
    <property name="user.country" value="US"/>
    <property name="sun.java.launcher" value="SUN_STANDARD"/>
    <property name="java.vm.specification.name" value="Java Virtual Machine Specification"/>
    <property name="user.dir" value="/Users/khosuzzaman/Desktop/AutomationSuit/Khosurz_Automation/AutomationSuitOfIndex"/>
    <property name="java.vm.compressedOopsMode" value="Zero based"/>
    <property name="java.runtime.version" value="15.0.1+9-18"/>
    <property name="os.arch" value="x86_64"/>
    <property name="java.io.tmpdir" value="/var/folders/yr/pwq3y93j4ps338lks0yjrqvc0000gn/T/"/>
    <property name="line.separator" value="
"/>
    <property name="java.vm.specification.vendor" value="Oracle Corporation"/>
    <property name="os.name" value="Mac OS X"/>
    <property name="classworlds.conf" value="/Users/khosuzzaman/Desktop/AutomationSuit/.metadata/.plugins/org.eclipse.m2e.launching/launches/m2conf9403383011238683813.tmp"/>
    <property name="sun.jnu.encoding" value="UTF-8"/>
    <property name="java.library.path" value="/Users/khosuzzaman/Library/Java/Extensions:/Library/Java/Extensions:/Network/Library/Java/Extensions:/System/Library/Java/Extensions:/usr/lib/java:."/>
    <property name="jdk.debug" value="release"/>
    <property name="java.class.version" value="59.0"/>
    <property name="java.specification.name" value="Java Platform API Specification"/>
    <property name="sun.management.compiler" value="HotSpot 64-Bit Tiered Compilers"/>
    <property name="os.version" value="10.16"/>
    <property name="http.nonProxyHosts" value="local|*.local|169.254/16|*.169.254/16"/>
    <property name="user.home" value="/Users/khosuzzaman"/>
    <property name="user.timezone" value="America/New_York"/>
    <property name="file.encoding" value="UTF-8"/>
    <property name="java.specification.version" value="15"/>
    <property name="user.name" value="khosuzzaman"/>
    <property name="java.class.path" value="/Applications/Eclipse.app/Contents/Eclipse/plugins/org.eclipse.m2e.maven.runtime_1.16.0.20200610-1735/jars/plexus-classworlds-2.6.0.jar"/>
    <property name="java.vm.specification.version" value="15"/>
    <property name="sun.arch.data.model" value="64"/>
    <property name="sun.java.command" value="org.codehaus.plexus.classworlds.launcher.Launcher -B test"/>
    <property name="java.home" value="/Applications/Eclipse.app/Contents/Eclipse/plugins/org.eclipse.justj.openjdk.hotspot.jre.full.macosx.x86_64_15.0.1.v20201027-0507/jre"/>
    <property name="user.language" value="en"/>
    <property name="java.specification.vendor" value="Oracle Corporation"/>
    <property name="java.vm.info" value="mixed mode"/>
    <property name="java.version" value="15.0.1"/>
    <property name="java.vendor" value="Oracle Corporation"/>
    <property name="maven.home" value="/Users/khosuzzaman/Desktop/AutomationSuit/Khosurz_Automation/AutomationSuitOfIndex/EMBEDDED"/>
    <property name="file.separator" value="/"/>
    <property name="java.version.date" value="2020-10-20"/>
    <property name="java.vendor.url.bug" value="https://bugreport.java.com/bugreport/"/>
    <property name="sun.io.unicode.encoding" value="UnicodeBig"/>
    <property name="sun.cpu.endian" value="little"/>
    <property name="socksNonProxyHosts" value="local|*.local|169.254/16|*.169.254/16"/>
    <property name="ftp.nonProxyHosts" value="local|*.local|169.254/16|*.169.254/16"/>
  </properties>
  <testcase classname="com.pageTest.Component_2_Test" name="setUp" time="4.188">
    <failure message="session not created: This version of ChromeDriver only supports Chrome version 86
Current browser version is 89.0.4389.128 with binary path /Applications/Google Chrome.app/Contents/MacOS/Google Chrome
Build info: version: &apos;3.141.59&apos;, revision: &apos;e82be7d358&apos;, time: &apos;2018-11-14T08:17:03&apos;
System info: host: &apos;Khosuzs-MBP.lan&apos;, ip: &apos;2603:7000:ac41:dd19:0:0:0:1bbe%en0&apos;, os.name: &apos;Mac OS X&apos;, os.arch: &apos;x86_64&apos;, os.version: &apos;10.16&apos;, java.version: &apos;15.0.1&apos;
Driver info: driver.version: ChromeDriver
remote stacktrace: 0   chromedriver                        0x000000010bebdc29 chromedriver + 2464809
1   chromedriver                        0x000000010c4f86f3 chromedriver + 8996595
2   chromedriver                        0x000000010bd02d56 chromedriver + 650582
3   chromedriver                        0x000000010bc7cf9a chromedriver + 102298
4   chromedriver                        0x000000010bc79177 chromedriver + 86391
5   chromedriver                        0x000000010bc76430 chromedriver + 74800
6   chromedriver                        0x000000010bca8326 chromedriver + 279334
7   chromedriver                        0x000000010bca53f3 chromedriver + 267251
8   chromedriver                        0x000000010bc7f230 chromedriver + 111152
9   chromedriver                        0x000000010bc801a7 chromedriver + 115111
10  chromedriver                        0x000000010be90830 chromedriver + 2279472
11  chromedriver                        0x000000010be9b83a chromedriver + 2324538
12  chromedriver                        0x000000010be9b4a7 chromedriver + 2323623
13  chromedriver                        0x000000010be77945 chromedriver + 2177349
14  chromedriver                        0x000000010be9bd41 chromedriver + 2325825
15  chromedriver                        0x000000010be85bda chromedriver + 2235354
16  chromedriver                        0x000000010beb0c4a chromedriver + 2411594
17  chromedriver                        0x000000010bec2987 chromedriver + 2484615
18  libsystem_pthread.dylib             0x00007fff204ba950 _pthread_start + 224
19  libsystem_pthread.dylib             0x00007fff204b647b thread_start + 15
" type="org.openqa.selenium.SessionNotCreatedException">org.openqa.selenium.SessionNotCreatedException: session not created: This version of ChromeDriver only supports Chrome version 86
Current browser version is 89.0.4389.128 with binary path /Applications/Google Chrome.app/Contents/MacOS/Google Chrome
Build info: version: &apos;3.141.59&apos;, revision: &apos;e82be7d358&apos;, time: &apos;2018-11-14T08:17:03&apos;
System info: host: &apos;Khosuzs-MBP.lan&apos;, ip: &apos;2603:7000:ac41:dd19:0:0:0:1bbe%en0&apos;, os.name: &apos;Mac OS X&apos;, os.arch: &apos;x86_64&apos;, os.version: &apos;10.16&apos;, java.version: &apos;15.0.1&apos;
Driver info: driver.version: ChromeDriver
remote stacktrace: 0   chromedriver                        0x000000010bebdc29 chromedriver + 2464809
1   chromedriver                        0x000000010c4f86f3 chromedriver + 8996595
2   chromedriver                        0x000000010bd02d56 chromedriver + 650582
3   chromedriver                        0x000000010bc7cf9a chromedriver + 102298
4   chromedriver                        0x000000010bc79177 chromedriver + 86391
5   chromedriver                        0x000000010bc76430 chromedriver + 74800
6   chromedriver                        0x000000010bca8326 chromedriver + 279334
7   chromedriver                        0x000000010bca53f3 chromedriver + 267251
8   chromedriver                        0x000000010bc7f230 chromedriver + 111152
9   chromedriver                        0x000000010bc801a7 chromedriver + 115111
10  chromedriver                        0x000000010be90830 chromedriver + 2279472
11  chromedriver                        0x000000010be9b83a chromedriver + 2324538
12  chromedriver                        0x000000010be9b4a7 chromedriver + 2323623
13  chromedriver                        0x000000010be77945 chromedriver + 2177349
14  chromedriver                        0x000000010be9bd41 chromedriver + 2325825
15  chromedriver                        0x000000010be85bda chromedriver + 2235354
16  chromedriver                        0x000000010beb0c4a chromedriver + 2411594
17  chromedriver                        0x000000010bec2987 chromedriver + 2484615
18  libsystem_pthread.dylib             0x00007fff204ba950 _pthread_start + 224
19  libsystem_pthread.dylib             0x00007fff204b647b thread_start + 15
	at java.base/jdk.internal.reflect.NativeConstructorAccessorImpl.newInstance0(Native Method)
	at java.base/jdk.internal.reflect.NativeConstructorAccessorImpl.newInstance(NativeConstructorAccessorImpl.java:64)
	at java.base/jdk.internal.reflect.DelegatingConstructorAccessorImpl.newInstance(DelegatingConstructorAccessorImpl.java:45)
	at java.base/java.lang.reflect.Constructor.newInstanceWithCaller(Constructor.java:500)
	at java.base/java.lang.reflect.Constructor.newInstance(Constructor.java:481)
	at org.openqa.selenium.remote.W3CHandshakeResponse.lambda$errorHandler$0(W3CHandshakeResponse.java:62)
	at org.openqa.selenium.remote.HandshakeResponse.lambda$getResponseFunction$0(HandshakeResponse.java:30)
	at org.openqa.selenium.remote.ProtocolHandshake.lambda$createSession$0(ProtocolHandshake.java:126)
	at java.base/java.util.stream.ReferencePipeline$3$1.accept(ReferencePipeline.java:195)
	at java.base/java.util.Spliterators$ArraySpliterator.tryAdvance(Spliterators.java:958)
	at java.base/java.util.stream.ReferencePipeline.forEachWithCancel(ReferencePipeline.java:127)
	at java.base/java.util.stream.AbstractPipeline.copyIntoWithCancel(AbstractPipeline.java:502)
	at java.base/java.util.stream.AbstractPipeline.copyInto(AbstractPipeline.java:488)
	at java.base/java.util.stream.AbstractPipeline.wrapAndCopyInto(AbstractPipeline.java:474)
	at java.base/java.util.stream.FindOps$FindOp.evaluateSequential(FindOps.java:150)
	at java.base/java.util.stream.AbstractPipeline.evaluate(AbstractPipeline.java:234)
	at java.base/java.util.stream.ReferencePipeline.findFirst(ReferencePipeline.java:543)
	at org.openqa.selenium.remote.ProtocolHandshake.createSession(ProtocolHandshake.java:128)
	at org.openqa.selenium.remote.ProtocolHandshake.createSession(ProtocolHandshake.java:74)
	at org.openqa.selenium.remote.HttpCommandExecutor.execute(HttpCommandExecutor.java:136)
	at org.openqa.selenium.remote.service.DriverCommandExecutor.execute(DriverCommandExecutor.java:83)
	at org.openqa.selenium.remote.RemoteWebDriver.execute(RemoteWebDriver.java:552)
	at org.openqa.selenium.remote.RemoteWebDriver.startSession(RemoteWebDriver.java:213)
	at org.openqa.selenium.remote.RemoteWebDriver.&lt;init&gt;(RemoteWebDriver.java:131)
	at org.openqa.selenium.chrome.ChromeDriver.&lt;init&gt;(ChromeDriver.java:181)
	at org.openqa.selenium.chrome.ChromeDriver.&lt;init&gt;(ChromeDriver.java:168)
	at org.openqa.selenium.chrome.ChromeDriver.&lt;init&gt;(ChromeDriver.java:123)
	at com.base.TestBase.initialization(TestBase.java:45)
	at com.pageTest.Component_2_Test.setUp(Component_2_Test.java:29)
</failure>
    <system-out>Configuring TestNG with: org.apache.maven.surefire.testng.conf.TestNG652Configurator@528931cf
</system-out>
    <system-err>Starting ChromeDriver 86.0.4240.22 (398b0743353ff36fb1b82468f63a3a93b4e2e89e-refs/branch-heads/4240@{#378}) on port 31608
Only local connections are allowed.
Please see https://chromedriver.chromium.org/security-considerations for suggestions on keeping ChromeDriver safe.
ChromeDriver was started successfully.
</system-err>
  </testcase>
  <testcase classname="com.pageTest.Component_2_Test" name="clicToRemoveButtonTest" time="0.001">
    <skipped/>
  </testcase>
  <testcase classname="com.pageTest.Component_2_Test" name="tearDown" time="0.001">
    <skipped/>
  </testcase>
  <testcase classname="com.pageTest.Component_2_Test" name="setUp" time="0.003">
    <skipped/>
  </testcase>
  <testcase classname="com.pageTest.Component_2_Test" name="displayItemsTest" time="0">
    <skipped/>
  </testcase>
  <testcase classname="com.pageTest.Component_2_Test" name="tearDown" time="0">
    <skipped/>
  </testcase>
  <testcase classname="com.pageTest.Component_2_Test" name="setUp" time="0.004">
    <skipped/>
  </testcase>
  <testcase classname="com.pageTest.Component_2_Test" name="selectLisItemtInVisiblilityTest" time="0">
    <skipped/>
  </testcase>
  <testcase classname="com.pageTest.Component_2_Test" name="tearDown" time="0.002">
    <skipped/>
  </testcase>
  <testcase classname="com.pageTest.Component_2_Test" name="setUp" time="0.002">
    <skipped/>
  </testcase>
  <testcase classname="com.pageTest.Component_2_Test" name="selectListVisiblilityTest" time="0">
    <skipped/>
  </testcase>
  <testcase classname="com.pageTest.Component_2_Test" name="tearDown" time="0">
    <skipped/>
  </testcase>
  <testcase classname="com.pageTest.Component_2_Test" name="setUp" time="0">
    <skipped/>
  </testcase>
  <testcase classname="com.pageTest.Component_2_Test" name="pageTitleTest" time="0.004">
    <skipped/>
  </testcase>
  <testcase classname="com.pageTest.Component_2_Test" name="tearDown" time="0.005">
    <skipped/>
  </testcase>
  <testcase classname="com.pageTest.Component_2_Test" name="setUp" time="0.005">
    <skipped/>
  </testcase>
  <testcase classname="com.pageTest.Component_2_Test" name="clickToAddButtonTest" time="0">
    <skipped/>
  </testcase>
  <testcase classname="com.pageTest.Component_2_Test" name="tearDown" time="0">
    <skipped/>
  </testcase>
  <testcase classname="com.pageTest.Component_1_Test" name="setUp" time="2.288">
    <failure message="session not created: This version of ChromeDriver only supports Chrome version 86
Current browser version is 89.0.4389.128 with binary path /Applications/Google Chrome.app/Contents/MacOS/Google Chrome
Build info: version: &apos;3.141.59&apos;, revision: &apos;e82be7d358&apos;, time: &apos;2018-11-14T08:17:03&apos;
System info: host: &apos;Khosuzs-MBP.lan&apos;, ip: &apos;2603:7000:ac41:dd19:0:0:0:1bbe%en0&apos;, os.name: &apos;Mac OS X&apos;, os.arch: &apos;x86_64&apos;, os.version: &apos;10.16&apos;, java.version: &apos;15.0.1&apos;
Driver info: driver.version: ChromeDriver
remote stacktrace: 0   chromedriver                        0x000000010ae91c29 chromedriver + 2464809
1   chromedriver                        0x000000010b4cc6f3 chromedriver + 8996595
2   chromedriver                        0x000000010acd6d56 chromedriver + 650582
3   chromedriver                        0x000000010ac50f9a chromedriver + 102298
4   chromedriver                        0x000000010ac4d177 chromedriver + 86391
5   chromedriver                        0x000000010ac4a430 chromedriver + 74800
6   chromedriver                        0x000000010ac7c326 chromedriver + 279334
7   chromedriver                        0x000000010ac793f3 chromedriver + 267251
8   chromedriver                        0x000000010ac53230 chromedriver + 111152
9   chromedriver                        0x000000010ac541a7 chromedriver + 115111
10  chromedriver                        0x000000010ae64830 chromedriver + 2279472
11  chromedriver                        0x000000010ae6f83a chromedriver + 2324538
12  chromedriver                        0x000000010ae6f4a7 chromedriver + 2323623
13  chromedriver                        0x000000010ae4b945 chromedriver + 2177349
14  chromedriver                        0x000000010ae6fd41 chromedriver + 2325825
15  chromedriver                        0x000000010ae59bda chromedriver + 2235354
16  chromedriver                        0x000000010ae84c4a chromedriver + 2411594
17  chromedriver                        0x000000010ae96987 chromedriver + 2484615
18  libsystem_pthread.dylib             0x00007fff204ba950 _pthread_start + 224
19  libsystem_pthread.dylib             0x00007fff204b647b thread_start + 15
" type="org.openqa.selenium.SessionNotCreatedException">org.openqa.selenium.SessionNotCreatedException: session not created: This version of ChromeDriver only supports Chrome version 86
Current browser version is 89.0.4389.128 with binary path /Applications/Google Chrome.app/Contents/MacOS/Google Chrome
Build info: version: &apos;3.141.59&apos;, revision: &apos;e82be7d358&apos;, time: &apos;2018-11-14T08:17:03&apos;
System info: host: &apos;Khosuzs-MBP.lan&apos;, ip: &apos;2603:7000:ac41:dd19:0:0:0:1bbe%en0&apos;, os.name: &apos;Mac OS X&apos;, os.arch: &apos;x86_64&apos;, os.version: &apos;10.16&apos;, java.version: &apos;15.0.1&apos;
Driver info: driver.version: ChromeDriver
remote stacktrace: 0   chromedriver                        0x000000010ae91c29 chromedriver + 2464809
1   chromedriver                        0x000000010b4cc6f3 chromedriver + 8996595
2   chromedriver                        0x000000010acd6d56 chromedriver + 650582
3   chromedriver                        0x000000010ac50f9a chromedriver + 102298
4   chromedriver                        0x000000010ac4d177 chromedriver + 86391
5   chromedriver                        0x000000010ac4a430 chromedriver + 74800
6   chromedriver                        0x000000010ac7c326 chromedriver + 279334
7   chromedriver                        0x000000010ac793f3 chromedriver + 267251
8   chromedriver                        0x000000010ac53230 chromedriver + 111152
9   chromedriver                        0x000000010ac541a7 chromedriver + 115111
10  chromedriver                        0x000000010ae64830 chromedriver + 2279472
11  chromedriver                        0x000000010ae6f83a chromedriver + 2324538
12  chromedriver                        0x000000010ae6f4a7 chromedriver + 2323623
13  chromedriver                        0x000000010ae4b945 chromedriver + 2177349
14  chromedriver                        0x000000010ae6fd41 chromedriver + 2325825
15  chromedriver                        0x000000010ae59bda chromedriver + 2235354
16  chromedriver                        0x000000010ae84c4a chromedriver + 2411594
17  chromedriver                        0x000000010ae96987 chromedriver + 2484615
18  libsystem_pthread.dylib             0x00007fff204ba950 _pthread_start + 224
19  libsystem_pthread.dylib             0x00007fff204b647b thread_start + 15
	at java.base/jdk.internal.reflect.NativeConstructorAccessorImpl.newInstance0(Native Method)
	at java.base/jdk.internal.reflect.NativeConstructorAccessorImpl.newInstance(NativeConstructorAccessorImpl.java:64)
	at java.base/jdk.internal.reflect.DelegatingConstructorAccessorImpl.newInstance(DelegatingConstructorAccessorImpl.java:45)
	at java.base/java.lang.reflect.Constructor.newInstanceWithCaller(Constructor.java:500)
	at java.base/java.lang.reflect.Constructor.newInstance(Constructor.java:481)
	at org.openqa.selenium.remote.W3CHandshakeResponse.lambda$errorHandler$0(W3CHandshakeResponse.java:62)
	at org.openqa.selenium.remote.HandshakeResponse.lambda$getResponseFunction$0(HandshakeResponse.java:30)
	at org.openqa.selenium.remote.ProtocolHandshake.lambda$createSession$0(ProtocolHandshake.java:126)
	at java.base/java.util.stream.ReferencePipeline$3$1.accept(ReferencePipeline.java:195)
	at java.base/java.util.Spliterators$ArraySpliterator.tryAdvance(Spliterators.java:958)
	at java.base/java.util.stream.ReferencePipeline.forEachWithCancel(ReferencePipeline.java:127)
	at java.base/java.util.stream.AbstractPipeline.copyIntoWithCancel(AbstractPipeline.java:502)
	at java.base/java.util.stream.AbstractPipeline.copyInto(AbstractPipeline.java:488)
	at java.base/java.util.stream.AbstractPipeline.wrapAndCopyInto(AbstractPipeline.java:474)
	at java.base/java.util.stream.FindOps$FindOp.evaluateSequential(FindOps.java:150)
	at java.base/java.util.stream.AbstractPipeline.evaluate(AbstractPipeline.java:234)
	at java.base/java.util.stream.ReferencePipeline.findFirst(ReferencePipeline.java:543)
	at org.openqa.selenium.remote.ProtocolHandshake.createSession(ProtocolHandshake.java:128)
	at org.openqa.selenium.remote.ProtocolHandshake.createSession(ProtocolHandshake.java:74)
	at org.openqa.selenium.remote.HttpCommandExecutor.execute(HttpCommandExecutor.java:136)
	at org.openqa.selenium.remote.service.DriverCommandExecutor.execute(DriverCommandExecutor.java:83)
	at org.openqa.selenium.remote.RemoteWebDriver.execute(RemoteWebDriver.java:552)
	at org.openqa.selenium.remote.RemoteWebDriver.startSession(RemoteWebDriver.java:213)
	at org.openqa.selenium.remote.RemoteWebDriver.&lt;init&gt;(RemoteWebDriver.java:131)
	at org.openqa.selenium.chrome.ChromeDriver.&lt;init&gt;(ChromeDriver.java:181)
	at org.openqa.selenium.chrome.ChromeDriver.&lt;init&gt;(ChromeDriver.java:168)
	at org.openqa.selenium.chrome.ChromeDriver.&lt;init&gt;(ChromeDriver.java:123)
	at com.base.TestBase.initialization(TestBase.java:45)
	at com.pageTest.Component_1_Test.setUp(Component_1_Test.java:30)
</failure>
    <system-err>Starting ChromeDriver 86.0.4240.22 (398b0743353ff36fb1b82468f63a3a93b4e2e89e-refs/branch-heads/4240@{#378}) on port 36826
Only local connections are allowed.
Please see https://chromedriver.chromium.org/security-considerations for suggestions on keeping ChromeDriver safe.
ChromeDriver was started successfully.
</system-err>
  </testcase>
  <testcase classname="com.pageTest.Component_1_Test" name="pageTitleTest" time="0">
    <skipped/>
  </testcase>
  <testcase classname="com.pageTest.Component_1_Test" name="tearDown" time="0">
    <skipped/>
  </testcase>
  <testcase classname="com.pageTest.Component_1_Test" name="setUp" time="0">
    <skipped/>
  </testcase>
  <testcase classname="com.pageTest.Component_1_Test" name="clearTheBoxTest" time="0">
    <skipped/>
  </testcase>
  <testcase classname="com.pageTest.Component_1_Test" name="tearDown" time="0.001">
    <skipped/>
  </testcase>
  <testcase classname="com.pageTest.Component_1_Test" name="setUp" time="0.668">
    <skipped/>
    <system-out>From : 1 ======  TO  ===== 7
I am fine with this process 
I able to work 
I am Developepr 
I am a Automation Test Engineer 
I love my dream 
I want to be a good person 
I love to be honest with everyone 
</system-out>
  </testcase>
  <testcase classname="com.pageTest.Component_1_Test" name="setNewValueTest" time="0">
    <skipped/>
  </testcase>
  <testcase classname="com.pageTest.Component_1_Test" name="tearDown" time="0.001">
    <skipped/>
  </testcase>
  <testcase classname="com.pageTest.Component_1_Test" name="setUp" time="0.001">
    <skipped/>
  </testcase>
  <testcase classname="com.pageTest.Component_1_Test" name="setNewValueTest" time="0">
    <skipped/>
  </testcase>
  <testcase classname="com.pageTest.Component_1_Test" name="tearDown" time="0">
    <skipped/>
  </testcase>
  <testcase classname="com.pageTest.Component_1_Test" name="setUp" time="0">
    <skipped/>
  </testcase>
  <testcase classname="com.pageTest.Component_1_Test" name="setNewValueTest" time="0">
    <skipped/>
  </testcase>
  <testcase classname="com.pageTest.Component_1_Test" name="tearDown" time="0">
    <skipped/>
  </testcase>
  <testcase classname="com.pageTest.Component_1_Test" name="setUp" time="0.001">
    <skipped/>
  </testcase>
  <testcase classname="com.pageTest.Component_1_Test" name="setNewValueTest" time="0">
    <skipped/>
  </testcase>
  <testcase classname="com.pageTest.Component_1_Test" name="tearDown" time="0">
    <skipped/>
  </testcase>
  <testcase classname="com.pageTest.Component_1_Test" name="setUp" time="0">
    <skipped/>
  </testcase>
  <testcase classname="com.pageTest.Component_1_Test" name="setNewValueTest" time="0">
    <skipped/>
  </testcase>
  <testcase classname="com.pageTest.Component_1_Test" name="tearDown" time="0.001">
    <skipped/>
  </testcase>
  <testcase classname="com.pageTest.Component_1_Test" name="setUp" time="0.001">
    <skipped/>
  </testcase>
  <testcase classname="com.pageTest.Component_1_Test" name="setNewValueTest" time="0">
    <skipped/>
  </testcase>
  <testcase classname="com.pageTest.Component_1_Test" name="tearDown" time="0">
    <skipped/>
  </testcase>
  <testcase classname="com.pageTest.Component_1_Test" name="setUp" time="0">
    <skipped/>
  </testcase>
  <testcase classname="com.pageTest.Component_1_Test" name="setNewValueTest" time="0">
    <skipped/>
  </testcase>
  <testcase classname="com.pageTest.Component_1_Test" name="tearDown" time="0">
    <skipped/>
  </testcase>
  <testcase classname="com.pageTest.Component_1_Test" name="setUp" time="0.045">
    <skipped/>
    <system-out>From : 1 ======  TO  ===== 7
I am fine with this process 
I able to work 
I am Developepr 
I am a Automation Test Engineer 
I love my dream 
I want to be a good person 
I love to be honest with everyone 
</system-out>
  </testcase>
  <testcase classname="com.pageTest.Component_1_Test" name="displayTitleDataTest" time="0">
    <skipped/>
  </testcase>
  <testcase classname="com.pageTest.Component_1_Test" name="tearDown" time="0">
    <skipped/>
  </testcase>
  <testcase classname="com.pageTest.Component_1_Test" name="setUp" time="0">
    <skipped/>
  </testcase>
  <testcase classname="com.pageTest.Component_1_Test" name="displayTitleDataTest" time="0">
    <skipped/>
  </testcase>
  <testcase classname="com.pageTest.Component_1_Test" name="tearDown" time="0">
    <skipped/>
  </testcase>
  <testcase classname="com.pageTest.Component_1_Test" name="setUp" time="0">
    <skipped/>
  </testcase>
  <testcase classname="com.pageTest.Component_1_Test" name="displayTitleDataTest" time="0">
    <skipped/>
  </testcase>
  <testcase classname="com.pageTest.Component_1_Test" name="tearDown" time="0">
    <skipped/>
  </testcase>
  <testcase classname="com.pageTest.Component_1_Test" name="setUp" time="0">
    <skipped/>
  </testcase>
  <testcase classname="com.pageTest.Component_1_Test" name="displayTitleDataTest" time="0">
    <skipped/>
  </testcase>
  <testcase classname="com.pageTest.Component_1_Test" name="tearDown" time="0">
    <skipped/>
  </testcase>
  <testcase classname="com.pageTest.Component_1_Test" name="setUp" time="0">
    <skipped/>
  </testcase>
  <testcase classname="com.pageTest.Component_1_Test" name="displayTitleDataTest" time="0">
    <skipped/>
  </testcase>
  <testcase classname="com.pageTest.Component_1_Test" name="tearDown" time="0">
    <skipped/>
  </testcase>
  <testcase classname="com.pageTest.Component_1_Test" name="setUp" time="0">
    <skipped/>
  </testcase>
  <testcase classname="com.pageTest.Component_1_Test" name="displayTitleDataTest" time="0">
    <skipped/>
  </testcase>
  <testcase classname="com.pageTest.Component_1_Test" name="tearDown" time="0.001">
    <skipped/>
  </testcase>
  <testcase classname="com.pageTest.Component_1_Test" name="setUp" time="0.001">
    <skipped/>
  </testcase>
  <testcase classname="com.pageTest.Component_1_Test" name="displayTitleDataTest" time="0">
    <skipped/>
  </testcase>
  <testcase classname="com.pageTest.Component_1_Test" name="tearDown" time="0">
    <skipped/>
  </testcase>
  <testcase classname="com.pageTest.Component_3_Test" name="setUp" time="1.842">
    <failure message="session not created: This version of ChromeDriver only supports Chrome version 86
Current browser version is 89.0.4389.128 with binary path /Applications/Google Chrome.app/Contents/MacOS/Google Chrome
Build info: version: &apos;3.141.59&apos;, revision: &apos;e82be7d358&apos;, time: &apos;2018-11-14T08:17:03&apos;
System info: host: &apos;Khosuzs-MBP.lan&apos;, ip: &apos;2603:7000:ac41:dd19:0:0:0:1bbe%en0&apos;, os.name: &apos;Mac OS X&apos;, os.arch: &apos;x86_64&apos;, os.version: &apos;10.16&apos;, java.version: &apos;15.0.1&apos;
Driver info: driver.version: ChromeDriver
remote stacktrace: 0   chromedriver                        0x0000000104184c29 chromedriver + 2464809
1   chromedriver                        0x00000001047bf6f3 chromedriver + 8996595
2   chromedriver                        0x0000000103fc9d56 chromedriver + 650582
3   chromedriver                        0x0000000103f43f9a chromedriver + 102298
4   chromedriver                        0x0000000103f40177 chromedriver + 86391
5   chromedriver                        0x0000000103f3d430 chromedriver + 74800
6   chromedriver                        0x0000000103f6f326 chromedriver + 279334
7   chromedriver                        0x0000000103f6c3f3 chromedriver + 267251
8   chromedriver                        0x0000000103f46230 chromedriver + 111152
9   chromedriver                        0x0000000103f471a7 chromedriver + 115111
10  chromedriver                        0x0000000104157830 chromedriver + 2279472
11  chromedriver                        0x000000010416283a chromedriver + 2324538
12  chromedriver                        0x00000001041624a7 chromedriver + 2323623
13  chromedriver                        0x000000010413e945 chromedriver + 2177349
14  chromedriver                        0x0000000104162d41 chromedriver + 2325825
15  chromedriver                        0x000000010414cbda chromedriver + 2235354
16  chromedriver                        0x0000000104177c4a chromedriver + 2411594
17  chromedriver                        0x0000000104189987 chromedriver + 2484615
18  libsystem_pthread.dylib             0x00007fff204ba950 _pthread_start + 224
19  libsystem_pthread.dylib             0x00007fff204b647b thread_start + 15
" type="org.openqa.selenium.SessionNotCreatedException">org.openqa.selenium.SessionNotCreatedException: session not created: This version of ChromeDriver only supports Chrome version 86
Current browser version is 89.0.4389.128 with binary path /Applications/Google Chrome.app/Contents/MacOS/Google Chrome
Build info: version: &apos;3.141.59&apos;, revision: &apos;e82be7d358&apos;, time: &apos;2018-11-14T08:17:03&apos;
System info: host: &apos;Khosuzs-MBP.lan&apos;, ip: &apos;2603:7000:ac41:dd19:0:0:0:1bbe%en0&apos;, os.name: &apos;Mac OS X&apos;, os.arch: &apos;x86_64&apos;, os.version: &apos;10.16&apos;, java.version: &apos;15.0.1&apos;
Driver info: driver.version: ChromeDriver
remote stacktrace: 0   chromedriver                        0x0000000104184c29 chromedriver + 2464809
1   chromedriver                        0x00000001047bf6f3 chromedriver + 8996595
2   chromedriver                        0x0000000103fc9d56 chromedriver + 650582
3   chromedriver                        0x0000000103f43f9a chromedriver + 102298
4   chromedriver                        0x0000000103f40177 chromedriver + 86391
5   chromedriver                        0x0000000103f3d430 chromedriver + 74800
6   chromedriver                        0x0000000103f6f326 chromedriver + 279334
7   chromedriver                        0x0000000103f6c3f3 chromedriver + 267251
8   chromedriver                        0x0000000103f46230 chromedriver + 111152
9   chromedriver                        0x0000000103f471a7 chromedriver + 115111
10  chromedriver                        0x0000000104157830 chromedriver + 2279472
11  chromedriver                        0x000000010416283a chromedriver + 2324538
12  chromedriver                        0x00000001041624a7 chromedriver + 2323623
13  chromedriver                        0x000000010413e945 chromedriver + 2177349
14  chromedriver                        0x0000000104162d41 chromedriver + 2325825
15  chromedriver                        0x000000010414cbda chromedriver + 2235354
16  chromedriver                        0x0000000104177c4a chromedriver + 2411594
17  chromedriver                        0x0000000104189987 chromedriver + 2484615
18  libsystem_pthread.dylib             0x00007fff204ba950 _pthread_start + 224
19  libsystem_pthread.dylib             0x00007fff204b647b thread_start + 15
	at java.base/jdk.internal.reflect.NativeConstructorAccessorImpl.newInstance0(Native Method)
	at java.base/jdk.internal.reflect.NativeConstructorAccessorImpl.newInstance(NativeConstructorAccessorImpl.java:64)
	at java.base/jdk.internal.reflect.DelegatingConstructorAccessorImpl.newInstance(DelegatingConstructorAccessorImpl.java:45)
	at java.base/java.lang.reflect.Constructor.newInstanceWithCaller(Constructor.java:500)
	at java.base/java.lang.reflect.Constructor.newInstance(Constructor.java:481)
	at org.openqa.selenium.remote.W3CHandshakeResponse.lambda$errorHandler$0(W3CHandshakeResponse.java:62)
	at org.openqa.selenium.remote.HandshakeResponse.lambda$getResponseFunction$0(HandshakeResponse.java:30)
	at org.openqa.selenium.remote.ProtocolHandshake.lambda$createSession$0(ProtocolHandshake.java:126)
	at java.base/java.util.stream.ReferencePipeline$3$1.accept(ReferencePipeline.java:195)
	at java.base/java.util.Spliterators$ArraySpliterator.tryAdvance(Spliterators.java:958)
	at java.base/java.util.stream.ReferencePipeline.forEachWithCancel(ReferencePipeline.java:127)
	at java.base/java.util.stream.AbstractPipeline.copyIntoWithCancel(AbstractPipeline.java:502)
	at java.base/java.util.stream.AbstractPipeline.copyInto(AbstractPipeline.java:488)
	at java.base/java.util.stream.AbstractPipeline.wrapAndCopyInto(AbstractPipeline.java:474)
	at java.base/java.util.stream.FindOps$FindOp.evaluateSequential(FindOps.java:150)
	at java.base/java.util.stream.AbstractPipeline.evaluate(AbstractPipeline.java:234)
	at java.base/java.util.stream.ReferencePipeline.findFirst(ReferencePipeline.java:543)
	at org.openqa.selenium.remote.ProtocolHandshake.createSession(ProtocolHandshake.java:128)
	at org.openqa.selenium.remote.ProtocolHandshake.createSession(ProtocolHandshake.java:74)
	at org.openqa.selenium.remote.HttpCommandExecutor.execute(HttpCommandExecutor.java:136)
	at org.openqa.selenium.remote.service.DriverCommandExecutor.execute(DriverCommandExecutor.java:83)
	at org.openqa.selenium.remote.RemoteWebDriver.execute(RemoteWebDriver.java:552)
	at org.openqa.selenium.remote.RemoteWebDriver.startSession(RemoteWebDriver.java:213)
	at org.openqa.selenium.remote.RemoteWebDriver.&lt;init&gt;(RemoteWebDriver.java:131)
	at org.openqa.selenium.chrome.ChromeDriver.&lt;init&gt;(ChromeDriver.java:181)
	at org.openqa.selenium.chrome.ChromeDriver.&lt;init&gt;(ChromeDriver.java:168)
	at org.openqa.selenium.chrome.ChromeDriver.&lt;init&gt;(ChromeDriver.java:123)
	at com.base.TestBase.initialization(TestBase.java:45)
	at com.pageTest.Component_3_Test.setUp(Component_3_Test.java:21)
</failure>
    <system-err>Starting ChromeDriver 86.0.4240.22 (398b0743353ff36fb1b82468f63a3a93b4e2e89e-refs/branch-heads/4240@{#378}) on port 47584
Only local connections are allowed.
Please see https://chromedriver.chromium.org/security-considerations for suggestions on keeping ChromeDriver safe.
ChromeDriver was started successfully.
</system-err>
  </testcase>
  <testcase classname="com.pageTest.Component_3_Test" name="availableDataTest" time="0">
    <skipped/>
  </testcase>
  <testcase classname="com.pageTest.Component_3_Test" name="tearDown" time="0">
    <skipped/>
  </testcase>
  <testcase classname="com.pageTest.Component_3_Test" name="setUp" time="0.001">
    <skipped/>
  </testcase>
  <testcase classname="com.pageTest.Component_3_Test" name="firstRowDataTest" time="0">
    <skipped/>
  </testcase>
  <testcase classname="com.pageTest.Component_3_Test" name="tearDown" time="0">
    <skipped/>
  </testcase>
  <testcase classname="com.pageTest.Component_3_Test" name="setUp" time="0">
    <skipped/>
  </testcase>
  <testcase classname="com.pageTest.Component_3_Test" name="getFirstColumnDataTest" time="0">
    <skipped/>
  </testcase>
  <testcase classname="com.pageTest.Component_3_Test" name="tearDown" time="0">
    <skipped/>
  </testcase>
  <testcase classname="com.pageTest.Component_3_Test" name="setUp" time="0">
    <skipped/>
  </testcase>
  <testcase classname="com.pageTest.Component_3_Test" name="totalRowsAndColumnTest" time="0">
    <skipped/>
  </testcase>
  <testcase classname="com.pageTest.Component_3_Test" name="tearDown" time="0">
    <skipped/>
  </testcase>
  <testcase classname="com.pageTest.Component_3_Test" name="setUp" time="0.001">
    <skipped/>
  </testcase>
  <testcase classname="com.pageTest.Component_3_Test" name="pageTitleTest" time="0">
    <skipped/>
  </testcase>
  <testcase classname="com.pageTest.Component_3_Test" name="tearDown" time="0">
    <skipped/>
  </testcase>
</testsuite>